<?xml version="1.0" encoding="utf-8"?>
<TestRun id="5cc96868-1eaf-4b63-bca5-744088983c1a" name="neta@DESKTOP-CFTHQRQ 2026-03-16 16:16:23" runUser="DESKTOP-CFTHQRQ\neta" xmlns="http://microsoft.com/schemas/VisualStudio/TeamTest/2010">
  <Times creation="2026-03-16T16:16:23.6559523+02:00" queuing="2026-03-16T16:16:23.6559526+02:00" start="2026-03-16T16:16:23.1164223+02:00" finish="2026-03-16T16:16:23.6985186+02:00" />
  <TestSettings name="default" id="9524520b-73c6-4314-a8f4-72d0755bc332">
    <Deployment runDeploymentRoot="neta_DESKTOP-CFTHQRQ_2026-03-16_16_16_23" />
  </TestSettings>
  <Results>
    <UnitTestResult executionId="738e6796-0b1c-401e-aff0-7c97acf6b9a4" testId="d6a4f2d8-1e20-30eb-128e-4d7efd4166c5" testName="ReactiveUITK.SourceGenerator.Tests.FormatterSnapshotTests.RoslynIdempotency_SampleFile_IsUnchanged(filePath: &quot;C:\\Yanivs\\GameDev\\UnityComponents\\Assets\\Reac&quot;···, relativePath: &quot;Components\\ShowcaseDemoPage\\ShowcaseDemoPage.uit&quot;···)" computerName="DESKTOP-CFTHQRQ" duration="00:00:00.0005049" startTime="2026-03-16T16:16:23.6449624+02:00" endTime="2026-03-16T16:16:23.6449624+02:00" testType="13cdc9d9-ddb5-4fa4-a97d-d965ccfc6d4b" outcome="Passed" testListId="8c84fa94-04c1-424b-9868-57a2d4851a1d" relativeResultsDirectory="738e6796-0b1c-401e-aff0-7c97acf6b9a4" />
    <UnitTestResult executionId="c95cb24f-3bc5-4359-90b6-4967871d152f" testId="c980164b-10e0-7e58-7773-f72f5f5a1df6" testName="ReactiveUITK.SourceGenerator.Tests.FormatterSnapshotTests.Idempotency_SampleFile_IsUnchanged(filePath: &quot;C:\\Yanivs\\GameDev\\UnityComponents\\Assets\\Reac&quot;···, relativePath: &quot;Components\\RouterDemoFunc\\RouterLocationBanner.u&quot;···)" computerName="DESKTOP-CFTHQRQ" duration="00:00:00.0001377" startTime="2026-03-16T16:16:23.6499998+02:00" endTime="2026-03-16T16:16:23.6499998+02:00" testType="13cdc9d9-ddb5-4fa4-a97d-d965ccfc6d4b" outcome="Passed" testListId="8c84fa94-04c1-424b-9868-57a2d4851a1d" relativeResultsDirectory="c95cb24f-3bc5-4359-90b6-4967871d152f" />
    <UnitTestResult executionId="2791c52c-bc3b-4036-92b0-e3e057f6f3d1" testId="d2bdc824-921f-23c1-018d-93684086e723" testName="ReactiveUITK.SourceGenerator.Tests.FormatterSnapshotTests.RoslynIdempotency_SampleFile_IsUnchanged(filePath: &quot;C:\\Yanivs\\GameDev\\UnityComponents\\Assets\\Reac&quot;···, relativePath: &quot;Components\\EventBatchingDemoFunc\\EventBatchingDe&quot;···)" computerName="DESKTOP-CFTHQRQ" duration="00:00:00.0002543" startTime="2026-03-16T16:16:23.6449364+02:00" endTime="2026-03-16T16:16:23.6449364+02:00" testType="13cdc9d9-ddb5-4fa4-a97d-d965ccfc6d4b" outcome="Passed" testListId="8c84fa94-04c1-424b-9868-57a2d4851a1d" relativeResultsDirectory="2791c52c-bc3b-4036-92b0-e3e057f6f3d1" />
    <UnitTestResult executionId="60f8615f-aaf8-4ad8-985d-ed95194296dd" testId="6af1a65d-76cd-9b3a-658c-ce9144e87f7d" testName="ReactiveUITK.SourceGenerator.Tests.FormatterSnapshotTests.RoslynIdempotency_SampleFile_IsUnchanged(filePath: &quot;C:\\Yanivs\\GameDev\\UnityComponents\\Assets\\Reac&quot;···, relativePath: &quot;Components\\ToggleButtonGroupDemoFunc\\ToggleButto&quot;···)" computerName="DESKTOP-CFTHQRQ" duration="00:00:00.0003248" startTime="2026-03-16T16:16:23.6198505+02:00" endTime="2026-03-16T16:16:23.6198506+02:00" testType="13cdc9d9-ddb5-4fa4-a97d-d965ccfc6d4b" outcome="Passed" testListId="8c84fa94-04c1-424b-9868-57a2d4851a1d" relativeResultsDirectory="60f8615f-aaf8-4ad8-985d-ed95194296dd" />
    <UnitTestResult executionId="18ea7523-3a71-4ca6-89a2-10170e66c61b" testId="9e2bce01-5a31-8698-974e-3d6cad0860ac" testName="ReactiveUITK.SourceGenerator.Tests.FormatterSnapshotTests.RoslynIdempotency_SampleFile_IsUnchanged(filePath: &quot;C:\\Yanivs\\GameDev\\UnityComponents\\Assets\\Reac&quot;···, relativePath: &quot;Components\\ContextBailoutDemoFunc\\ContextBailout&quot;···)" computerName="DESKTOP-CFTHQRQ" duration="00:00:00.0002111" startTime="2026-03-16T16:16:23.6445976+02:00" endTime="2026-03-16T16:16:23.6445977+02:00" testType="13cdc9d9-ddb5-4fa4-a97d-d965ccfc6d4b" outcome="Passed" testListId="8c84fa94-04c1-424b-9868-57a2d4851a1d" relativeResultsDirectory="18ea7523-3a71-4ca6-89a2-10170e66c61b" />
    <UnitTestResult executionId="56041eda-4992-4bb5-9980-17e6841cfbe7" testId="972f6e7c-a590-7410-8739-d1f8519985ab" testName="ReactiveUITK.SourceGenerator.Tests.FormatterSnapshotTests.Idempotency_SampleFile_IsUnchanged(filePath: &quot;C:\\Yanivs\\GameDev\\UnityComponents\\Assets\\Reac&quot;···, relativePath: &quot;Components\\RouterDemoFunc\\RouterHistoryPanel.uit&quot;···)" computerName="DESKTOP-CFTHQRQ" duration="00:00:00.0001154" startTime="2026-03-16T16:16:23.6593238+02:00" endTime="2026-03-16T16:16:23.6593238+02:00" testType="13cdc9d9-ddb5-4fa4-a97d-d965ccfc6d4b" outcome="Passed" testListId="8c84fa94-04c1-424b-9868-57a2d4851a1d" relativeResultsDirectory="56041eda-4992-4bb5-9980-17e6841cfbe7" />
    <UnitTestResult executionId="599117f4-64b3-4d32-8587-4a189547c005" testId="143ebe12-551d-644f-a7ef-b500aa05a166" testName="ReactiveUITK.SourceGenerator.Tests.FormatterSnapshotTests.Idempotency_SampleFile_IsUnchanged(filePath: &quot;C:\\Yanivs\\GameDev\\UnityComponents\\Assets\\Reac&quot;···, relativePath: &quot;Components\\ShowcaseDemoPage\\components\\Showcase&quot;···)" computerName="DESKTOP-CFTHQRQ" duration="00:00:00.0002547" startTime="2026-03-16T16:16:23.6473713+02:00" endTime="2026-03-16T16:16:23.6473713+02:00" testType="13cdc9d9-ddb5-4fa4-a97d-d965ccfc6d4b" outcome="Passed" testListId="8c84fa94-04c1-424b-9868-57a2d4851a1d" relativeResultsDirectory="599117f4-64b3-4d32-8587-4a189547c005" />
    <UnitTestResult executionId="40f8435f-b171-485c-8542-735b9d8863e4" testId="182db3d2-2f44-a724-e838-2ca7faa0a393" testName="ReactiveUITK.SourceGenerator.Tests.FormatterSnapshotTests.Idempotency_SampleFile_IsUnchanged(filePath: &quot;C:\\Yanivs\\GameDev\\UnityComponents\\Assets\\Reac&quot;···, relativePath: &quot;Components\\ShowcaseDemoPage\\components\\Showcase&quot;···)" computerName="DESKTOP-CFTHQRQ" duration="00:00:00.0008978" startTime="2026-03-16T16:16:23.6519545+02:00" endTime="2026-03-16T16:16:23.6519545+02:00" testType="13cdc9d9-ddb5-4fa4-a97d-d965ccfc6d4b" outcome="Passed" testListId="8c84fa94-04c1-424b-9868-57a2d4851a1d" relativeResultsDirectory="40f8435f-b171-485c-8542-735b9d8863e4" />
    <UnitTestResult executionId="65146998-f6b3-4bdb-8052-70f1f2e8c40f" testId="01cb5dae-1d7b-8c6e-4733-0722987cc46d" testName="ReactiveUITK.SourceGenerator.Tests.FormatterSnapshotTests.RoslynIdempotency_SampleFile_IsUnchanged(filePath: &quot;C:\\Yanivs\\GameDev\\UnityComponents\\Assets\\Reac&quot;···, relativePath: &quot;Components\\ContextDemoFunc\\ContextConsumer.uitkx&quot;)" computerName="DESKTOP-CFTHQRQ" duration="00:00:00.0001295" startTime="2026-03-16T16:16:23.6193592+02:00" endTime="2026-03-16T16:16:23.6193592+02:00" testType="13cdc9d9-ddb5-4fa4-a97d-d965ccfc6d4b" outcome="Passed" testListId="8c84fa94-04c1-424b-9868-57a2d4851a1d" relativeResultsDirectory="65146998-f6b3-4bdb-8052-70f1f2e8c40f" />
    <UnitTestResult executionId="7d2a305e-b7f5-4596-878a-86570cba12b7" testId="25305036-8fb9-c367-c02c-d845251f8db4" testName="ReactiveUITK.SourceGenerator.Tests.FormatterSnapshotTests.Idempotency_SampleFile_IsUnchanged(filePath: &quot;C:\\Yanivs\\GameDev\\UnityComponents\\Assets\\Reac&quot;···, relativePath: &quot;Components\\ExceptionFlowDemoFunc\\UnstableChild.u&quot;···)" computerName="DESKTOP-CFTHQRQ" duration="00:00:00.0001329" startTime="2026-03-16T16:16:23.6543123+02:00" endTime="2026-03-16T16:16:23.6543124+02:00" testType="13cdc9d9-ddb5-4fa4-a97d-d965ccfc6d4b" outcome="Passed" testListId="8c84fa94-04c1-424b-9868-57a2d4851a1d" relativeResultsDirectory="7d2a305e-b7f5-4596-878a-86570cba12b7" />
    <UnitTestResult executionId="0c8b503d-e127-470e-a1f2-630da6d99e08" testId="faa325d6-1ce8-a667-e331-1ebbb5eeecca" testName="ReactiveUITK.SourceGenerator.Tests.FormatterSnapshotTests.Idempotency_SampleFile_IsUnchanged(filePath: &quot;C:\\Yanivs\\GameDev\\UnityComponents\\Assets\\Reac&quot;···, relativePath: &quot;Components\\ToggleButtonGroupDemoFunc\\ToggleButto&quot;···)" computerName="DESKTOP-CFTHQRQ" duration="00:00:00.0001245" startTime="2026-03-16T16:16:23.6596723+02:00" endTime="2026-03-16T16:16:23.6596723+02:00" testType="13cdc9d9-ddb5-4fa4-a97d-d965ccfc6d4b" outcome="Passed" testListId="8c84fa94-04c1-424b-9868-57a2d4851a1d" relativeResultsDirectory="0c8b503d-e127-470e-a1f2-630da6d99e08" />
    <UnitTestResult executionId="89df47c6-fc36-492d-9c77-aa0aab7a7291" testId="a330b5d6-cf78-bc35-6c66-4e65d0a5189a" testName="ReactiveUITK.SourceGenerator.Tests.FormatterSnapshotTests.RoslynIdempotency_SampleFile_IsUnchanged(filePath: &quot;C:\\Yanivs\\GameDev\\UnityComponents\\Assets\\Reac&quot;···, relativePath: &quot;Components\\RenderDepthGuardDemoFunc\\RenderDepthG&quot;···)" computerName="DESKTOP-CFTHQRQ" duration="00:00:00.0002311" startTime="2026-03-16T16:16:23.6452353+02:00" endTime="2026-03-16T16:16:23.6452353+02:00" testType="13cdc9d9-ddb5-4fa4-a97d-d965ccfc6d4b" outcome="Passed" testListId="8c84fa94-04c1-424b-9868-57a2d4851a1d" relativeResultsDirectory="89df47c6-fc36-492d-9c77-aa0aab7a7291" />
    <UnitTestResult executionId="d7690d9d-fbab-4868-b768-ce1de2a8e56f" testId="99b159f8-1d01-3cfe-6b77-80c782a4e587" testName="ReactiveUITK.SourceGenerator.Tests.FormatterSnapshotTests.RoslynIdempotency_SampleFile_IsUnchanged(filePath: &quot;C:\\Yanivs\\GameDev\\UnityComponents\\Assets\\Reac&quot;···, relativePath: &quot;Components\\ShowcaseDemoPage\\components\\Showcase&quot;···)" computerName="DESKTOP-CFTHQRQ" duration="00:00:00.0005609" startTime="2026-03-16T16:16:23.6446158+02:00" endTime="2026-03-16T16:16:23.6446158+02:00" testType="13cdc9d9-ddb5-4fa4-a97d-d965ccfc6d4b" outcome="Passed" testListId="8c84fa94-04c1-424b-9868-57a2d4851a1d" relativeResultsDirectory="d7690d9d-fbab-4868-b768-ce1de2a8e56f" />
    <UnitTestResult executionId="3149d1a9-97fe-468a-a249-f153a78b55de" testId="c5ff2795-adb2-197b-3399-4c702c99bf9d" testName="ReactiveUITK.SourceGenerator.Tests.FormatterSnapshotTests.RoslynIdempotency_SampleFile_IsUnchanged(filePath: &quot;C:\\Yanivs\\GameDev\\UnityComponents\\Assets\\Reac&quot;···, relativePath: &quot;Components\\MainMenuRouterDemoFunc\\MainMenuNaviga&quot;···)" computerName="DESKTOP-CFTHQRQ" duration="00:00:00.0001074" startTime="2026-03-16T16:16:23.6457018+02:00" endTime="2026-03-16T16:16:23.6457018+02:00" testType="13cdc9d9-ddb5-4fa4-a97d-d965ccfc6d4b" outcome="Passed" testListId="8c84fa94-04c1-424b-9868-57a2d4851a1d" relativeResultsDirectory="3149d1a9-97fe-468a-a249-f153a78b55de" />
    <UnitTestResult executionId="ba421392-5308-41e3-8150-65032c347101" testId="5aa107c8-c3e8-d062-5ef8-3f85387b88b3" testName="ReactiveUITK.SourceGenerator.Tests.FormatterSnapshotTests.Idempotency_SampleFile_IsUnchanged(filePath: &quot;C:\\Yanivs\\GameDev\\UnityComponents\\Assets\\Reac&quot;···, relativePath: &quot;Components\\RouterDemoFunc\\RouterQuickAccessPanel&quot;···)" computerName="DESKTOP-CFTHQRQ" duration="00:00:00.0001307" startTime="2026-03-16T16:16:23.6509981+02:00" endTime="2026-03-16T16:16:23.6509982+02:00" testType="13cdc9d9-ddb5-4fa4-a97d-d965ccfc6d4b" outcome="Passed" testListId="8c84fa94-04c1-424b-9868-57a2d4851a1d" relativeResultsDirectory="ba421392-5308-41e3-8150-65032c347101" />
    <UnitTestResult executionId="831983f3-84e3-4503-934c-9a393e01c3fb" testId="9a8cd3cd-6e1c-eadf-a10b-3bbbe8e76162" testName="ReactiveUITK.SourceGenerator.Tests.FormatterSnapshotTests.Idempotency_SampleFile_IsUnchanged(filePath: &quot;C:\\Yanivs\\GameDev\\UnityComponents\\Assets\\Reac&quot;···, relativePath: &quot;Components\\ShowcaseDemoPage\\components\\Showcase&quot;···)" computerName="DESKTOP-CFTHQRQ" duration="00:00:00.0001795" startTime="2026-03-16T16:16:23.6508488+02:00" endTime="2026-03-16T16:16:23.6508489+02:00" testType="13cdc9d9-ddb5-4fa4-a97d-d965ccfc6d4b" outcome="Passed" testListId="8c84fa94-04c1-424b-9868-57a2d4851a1d" relativeResultsDirectory="831983f3-84e3-4503-934c-9a393e01c3fb" />
    <UnitTestResult executionId="9a262fb9-97e6-491f-8310-e6c324fe0243" testId="71d4595d-c98b-72c8-4a4f-60d8150d749f" testName="ReactiveUITK.SourceGenerator.Tests.FormatterSnapshotTests.Idempotency_SampleFile_IsUnchanged(filePath: &quot;C:\\Yanivs\\GameDev\\UnityComponents\\Assets\\Reac&quot;···, relativePath: &quot;Components\\SignalCounterDemoFunc\\SignalCounterDe&quot;···)" computerName="DESKTOP-CFTHQRQ" duration="00:00:00.0001941" startTime="2026-03-16T16:16:23.6544887+02:00" endTime="2026-03-16T16:16:23.6544888+02:00" testType="13cdc9d9-ddb5-4fa4-a97d-d965ccfc6d4b" outcome="Passed" testListId="8c84fa94-04c1-424b-9868-57a2d4851a1d" relativeResultsDirectory="9a262fb9-97e6-491f-8310-e6c324fe0243" />
    <UnitTestResult executionId="64bc4f47-75fb-4031-9ed9-32064d2135c9" testId="e600ae0d-3c7f-791d-69cc-39c7172e3a00" testName="ReactiveUITK.SourceGenerator.Tests.FormatterSnapshotTests.RoslynIdempotency_SampleFile_IsUnchanged(filePath: &quot;C:\\Yanivs\\GameDev\\UnityComponents\\Assets\\Reac&quot;···, relativePath: &quot;Components\\RouterDemoFunc\\RouterUserDetails.uitk&quot;···)" computerName="DESKTOP-CFTHQRQ" duration="00:00:00.0001517" startTime="2026-03-16T16:16:23.6408932+02:00" endTime="2026-03-16T16:16:23.6408932+02:00" testType="13cdc9d9-ddb5-4fa4-a97d-d965ccfc6d4b" outcome="Passed" testListId="8c84fa94-04c1-424b-9868-57a2d4851a1d" relativeResultsDirectory="64bc4f47-75fb-4031-9ed9-32064d2135c9" />
    <UnitTestResult executionId="4ef1eee7-2c08-46ad-bae9-36fac1d3b42e" testId="99b52f4c-57c0-f646-9f98-8fd1f4e91872" testName="ReactiveUITK.SourceGenerator.Tests.FormatterSnapshotTests.Idempotency_SampleFile_IsUnchanged(filePath: &quot;C:\\Yanivs\\GameDev\\UnityComponents\\Assets\\Reac&quot;···, relativePath: &quot;Components\\SimpleTextFieldFunc\\SimpleTextFieldFu&quot;···)" computerName="DESKTOP-CFTHQRQ" duration="00:00:00.0000694" startTime="2026-03-16T16:16:23.6588299+02:00" endTime="2026-03-16T16:16:23.6588299+02:00" testType="13cdc9d9-ddb5-4fa4-a97d-d965ccfc6d4b" outcome="Passed" testListId="8c84fa94-04c1-424b-9868-57a2d4851a1d" relativeResultsDirectory="4ef1eee7-2c08-46ad-bae9-36fac1d3b42e" />
    <UnitTestResult executionId="03ae1e02-7741-4c33-af8c-dc7e3ee308ca" testId="de7c5ebb-ec46-a978-3126-2502ccce8a29" testName="ReactiveUITK.SourceGenerator.Tests.FormatterSnapshotTests.RoslynIdempotency_SampleFile_IsUnchanged(filePath: &quot;C:\\Yanivs\\GameDev\\UnityComponents\\Assets\\Reac&quot;···, relativePath: &quot;Components\\UitkxCounterFunc\\CounterFooter.uitkx&quot;)" computerName="DESKTOP-CFTHQRQ" duration="00:00:00.0000949" startTime="2026-03-16T16:16:23.6449453+02:00" endTime="2026-03-16T16:16:23.6449453+02:00" testType="13cdc9d9-ddb5-4fa4-a97d-d965ccfc6d4b" outcome="Passed" testListId="8c84fa94-04c1-424b-9868-57a2d4851a1d" relativeResultsDirectory="03ae1e02-7741-4c33-af8c-dc7e3ee308ca" />
    <UnitTestResult executionId="ee4144fd-0a55-4ba1-8772-7b1d54d91fd0" testId="7404b10e-d0fd-9a02-e0ea-951bbadacfa0" testName="ReactiveUITK.SourceGenerator.Tests.FormatterSnapshotTests.Idempotency_SampleFile_IsUnchanged(filePath: &quot;C:\\Yanivs\\GameDev\\UnityComponents\\Assets\\Reac&quot;···, relativePath: &quot;Components\\KeyedDiffLisDemoFunc\\KeyedDiffLisDemo&quot;···)" computerName="DESKTOP-CFTHQRQ" duration="00:00:00.0003656" startTime="2026-03-16T16:16:23.6503844+02:00" endTime="2026-03-16T16:16:23.6503844+02:00" testType="13cdc9d9-ddb5-4fa4-a97d-d965ccfc6d4b" outcome="Passed" testListId="8c84fa94-04c1-424b-9868-57a2d4851a1d" relativeResultsDirectory="ee4144fd-0a55-4ba1-8772-7b1d54d91fd0" />
    <UnitTestResult executionId="57b9c430-03e8-4a23-809e-f0a958386147" testId="edc0868e-d6f1-b10b-9b08-9f811d090c61" testName="ReactiveUITK.SourceGenerator.Tests.FormatterSnapshotTests.Idempotency_SampleFile_IsUnchanged(filePath: &quot;C:\\Yanivs\\GameDev\\UnityComponents\\Assets\\Reac&quot;···, relativePath: &quot;Components\\EditorControlsDemoFunc\\EditorControls&quot;···)" computerName="DESKTOP-CFTHQRQ" duration="00:00:00.0001911" startTime="2026-03-16T16:16:23.6521286+02:00" endTime="2026-03-16T16:16:23.6521287+02:00" testType="13cdc9d9-ddb5-4fa4-a97d-d965ccfc6d4b" outcome="Passed" testListId="8c84fa94-04c1-424b-9868-57a2d4851a1d" relativeResultsDirectory="57b9c430-03e8-4a23-809e-f0a958386147" />
    <UnitTestResult executionId="5e18be88-67db-41c0-b2ba-f2d5b3c98271" testId="c80a9935-1824-d8be-bbdd-977281b780e6" testName="ReactiveUITK.SourceGenerator.Tests.FormatterSnapshotTests.Idempotency_SampleFile_IsUnchanged(filePath: &quot;C:\\Yanivs\\GameDev\\UnityComponents\\Assets\\Reac&quot;···, relativePath: &quot;Components\\HookStateQueueDemoFunc\\HookStateQueue&quot;···)" computerName="DESKTOP-CFTHQRQ" duration="00:00:00.0003066" startTime="2026-03-16T16:16:23.6564050+02:00" endTime="2026-03-16T16:16:23.6564051+02:00" testType="13cdc9d9-ddb5-4fa4-a97d-d965ccfc6d4b" outcome="Passed" testListId="8c84fa94-04c1-424b-9868-57a2d4851a1d" relativeResultsDirectory="5e18be88-67db-41c0-b2ba-f2d5b3c98271" />
    <UnitTestResult executionId="242ddd56-9f18-4afe-960e-1989dad88ad1" testId="22e51792-6d51-e663-ff69-f58040df18f8" testName="ReactiveUITK.SourceGenerator.Tests.FormatterSnapshotTests.Idempotency_SampleFile_IsUnchanged(filePath: &quot;C:\\Yanivs\\GameDev\\UnityComponents\\Assets\\Reac&quot;···, relativePath: &quot;Components\\MainMenuRouterDemoFunc\\MainMenuNaviga&quot;···)" computerName="DESKTOP-CFTHQRQ" duration="00:00:00.0001249" startTime="2026-03-16T16:16:23.6540724+02:00" endTime="2026-03-16T16:16:23.6540725+02:00" testType="13cdc9d9-ddb5-4fa4-a97d-d965ccfc6d4b" outcome="Passed" testListId="8c84fa94-04c1-424b-9868-57a2d4851a1d" relativeResultsDirectory="242ddd56-9f18-4afe-960e-1989dad88ad1" />
    <UnitTestResult executionId="79281171-be6e-4440-98fe-90ef5f0b6b95" testId="8a46db98-945e-1d74-219a-a5ed405c9e7f" testName="ReactiveUITK.SourceGenerator.Tests.FormatterSnapshotTests.RoslynIdempotency_SampleFile_IsUnchanged(filePath: &quot;C:\\Yanivs\\GameDev\\UnityComponents\\Assets\\Reac&quot;···, relativePath: &quot;Components\\RouterDemoFunc\\RouterNavLink.uitkx&quot;)" computerName="DESKTOP-CFTHQRQ" duration="00:00:00.0009717" startTime="2026-03-16T16:16:23.6189616+02:00" endTime="2026-03-16T16:16:23.6189616+02:00" testType="13cdc9d9-ddb5-4fa4-a97d-d965ccfc6d4b" outcome="Passed" testListId="8c84fa94-04c1-424b-9868-57a2d4851a1d" relativeResultsDirectory="79281171-be6e-4440-98fe-90ef5f0b6b95" />
    <UnitTestResult executionId="6547b510-8666-4c7e-a36a-54b59556e613" testId="3318dd7d-9aaa-1dee-d404-612b8f90bbf3" testName="ReactiveUITK.SourceGenerator.Tests.FormatterSnapshotTests.RoslynIdempotency_SampleFile_IsUnchanged(filePath: &quot;C:\\Yanivs\\GameDev\\UnityComponents\\Assets\\Reac&quot;···, relativePath: &quot;Components\\RouterDemoFunc\\RouterQuickAccessPanel&quot;···)" computerName="DESKTOP-CFTHQRQ" duration="00:00:00.0001342" startTime="2026-03-16T16:16:23.6455070+02:00" endTime="2026-03-16T16:16:23.6455071+02:00" testType="13cdc9d9-ddb5-4fa4-a97d-d965ccfc6d4b" outcome="Passed" testListId="8c84fa94-04c1-424b-9868-57a2d4851a1d" relativeResultsDirectory="6547b510-8666-4c7e-a36a-54b59556e613" />
    <UnitTestResult executionId="cb6de324-0e14-4723-88b4-b92d0049bc45" testId="8687ba4c-e7cc-df3e-0f90-3eccec5eac1c" testName="ReactiveUITK.SourceGenerator.Tests.FormatterSnapshotTests.Idempotency_SampleFile_IsUnchanged(filePath: &quot;C:\\Yanivs\\GameDev\\UnityComponents\\Assets\\Reac&quot;···, relativePath: &quot;Components\\RouterDemoFunc\\RouterNavigationGuardP&quot;···)" computerName="DESKTOP-CFTHQRQ" duration="00:00:00.0002982" startTime="2026-03-16T16:16:23.6548069+02:00" endTime="2026-03-16T16:16:23.6548070+02:00" testType="13cdc9d9-ddb5-4fa4-a97d-d965ccfc6d4b" outcome="Passed" testListId="8c84fa94-04c1-424b-9868-57a2d4851a1d" relativeResultsDirectory="cb6de324-0e14-4723-88b4-b92d0049bc45" />
    <UnitTestResult executionId="97da9141-c43d-4667-b6a1-5f9239a104a6" testId="4f682c18-8aaf-d96c-dbd0-c7fb09816ae1" testName="ReactiveUITK.SourceGenerator.Tests.FormatterSnapshotTests.RoslynIdempotency_SampleFile_IsUnchanged(filePath: &quot;C:\\Yanivs\\GameDev\\UnityComponents\\Assets\\Reac&quot;···, relativePath: &quot;Components\\SimpleCounterFunc\\SimpleCounterFunc.u&quot;···)" computerName="DESKTOP-CFTHQRQ" duration="00:00:00.0001080" startTime="2026-03-16T16:16:23.6408660+02:00" endTime="2026-03-16T16:16:23.6408660+02:00" testType="13cdc9d9-ddb5-4fa4-a97d-d965ccfc6d4b" outcome="Passed" testListId="8c84fa94-04c1-424b-9868-57a2d4851a1d" relativeResultsDirectory="97da9141-c43d-4667-b6a1-5f9239a104a6" />
    <UnitTestResult executionId="ab3c8fe8-f7b9-4cc8-a7f6-23dbec908acc" testId="db2ad885-e873-f6d8-ea20-9af80ff920be" testName="ReactiveUITK.SourceGenerator.Tests.FormatterSnapshotTests.Idempotency_SampleFile_IsUnchanged(filePath: &quot;C:\\Yanivs\\GameDev\\UnityComponents\\Assets\\Reac&quot;···, relativePath: &quot;Components\\EffectCleanupOrderDemoFunc\\EffectPane&quot;···)" computerName="DESKTOP-CFTHQRQ" duration="00:00:00.0001216" startTime="2026-03-16T16:16:23.6600601+02:00" endTime="2026-03-16T16:16:23.6600602+02:00" testType="13cdc9d9-ddb5-4fa4-a97d-d965ccfc6d4b" outcome="Passed" testListId="8c84fa94-04c1-424b-9868-57a2d4851a1d" relativeResultsDirectory="ab3c8fe8-f7b9-4cc8-a7f6-23dbec908acc" />
    <UnitTestResult executionId="00945d33-2c1b-4ef1-9cc5-2d4cc20e4e5d" testId="f159b20e-083c-820e-c751-580cccf679c9" testName="ReactiveUITK.SourceGenerator.Tests.FormatterSnapshotTests.RoslynIdempotency_SampleFile_IsUnchanged(filePath: &quot;C:\\Yanivs\\GameDev\\UnityComponents\\Assets\\Reac&quot;···, relativePath: &quot;Components\\SimpleUseEffectFunc\\SimpleUseEffectFu&quot;···)" computerName="DESKTOP-CFTHQRQ" duration="00:00:00.0000877" startTime="2026-03-16T16:16:23.6449537+02:00" endTime="2026-03-16T16:16:23.6449537+02:00" testType="13cdc9d9-ddb5-4fa4-a97d-d965ccfc6d4b" outcome="Passed" testListId="8c84fa94-04c1-424b-9868-57a2d4851a1d" relativeResultsDirectory="00945d33-2c1b-4ef1-9cc5-2d4cc20e4e5d" />
    <UnitTestResult executionId="b32bbe53-9106-42dd-a0e0-df0b5b096746" testId="f640b95c-c080-8ca8-5161-789a80ee044a" testName="ReactiveUITK.SourceGenerator.Tests.FormatterSnapshotTests.RoslynIdempotency_SampleFile_IsUnchanged(filePath: &quot;C:\\Yanivs\\GameDev\\UnityComponents\\Assets\\Reac&quot;···, relativePath: &quot;Components\\ProgressBarDemoFunc\\ProgressBarDemoFu&quot;···)" computerName="DESKTOP-CFTHQRQ" duration="00:00:00.0002509" startTime="2026-03-16T16:16:23.6452614+02:00" endTime="2026-03-16T16:16:23.6452614+02:00" testType="13cdc9d9-ddb5-4fa4-a97d-d965ccfc6d4b" outcome="Passed" testListId="8c84fa94-04c1-424b-9868-57a2d4851a1d" relativeResultsDirectory="b32bbe53-9106-42dd-a0e0-df0b5b096746" />
    <UnitTestResult executionId="83cef6c3-f895-440f-b08d-540795f6055b" testId="65681499-665f-1af4-86f0-857b71ffa404" testName="ReactiveUITK.SourceGenerator.Tests.FormatterSnapshotTests.Idempotency_SampleFile_IsUnchanged(filePath: &quot;C:\\Yanivs\\GameDev\\UnityComponents\\Assets\\Reac&quot;···, relativePath: &quot;Components\\DeferredEffectDemoFunc\\DeferredEffect&quot;···)" computerName="DESKTOP-CFTHQRQ" duration="00:00:00.0002728" startTime="2026-03-16T16:16:23.6585005+02:00" endTime="2026-03-16T16:16:23.6585005+02:00" testType="13cdc9d9-ddb5-4fa4-a97d-d965ccfc6d4b" outcome="Passed" testListId="8c84fa94-04c1-424b-9868-57a2d4851a1d" relativeResultsDirectory="83cef6c3-f895-440f-b08d-540795f6055b" />
    <UnitTestResult executionId="d879d1a6-56a9-420a-a29d-d94866e36fd2" testId="854597b0-3dae-8d50-bd2d-73ba7fd95d1b" testName="ReactiveUITK.SourceGenerator.Tests.FormatterSnapshotTests.RoslynIdempotency_SampleFile_IsUnchanged(filePath: &quot;C:\\Yanivs\\GameDev\\UnityComponents\\Assets\\Reac&quot;···, relativePath: &quot;Components\\PortalEventScopeDemoFunc\\PortalEventS&quot;···)" computerName="DESKTOP-CFTHQRQ" duration="00:00:00.0043421" startTime="2026-03-16T16:16:23.6121581+02:00" endTime="2026-03-16T16:16:23.6121582+02:00" testType="13cdc9d9-ddb5-4fa4-a97d-d965ccfc6d4b" outcome="Passed" testListId="8c84fa94-04c1-424b-9868-57a2d4851a1d" relativeResultsDirectory="d879d1a6-56a9-420a-a29d-d94866e36fd2" />
    <UnitTestResult executionId="6ed881d1-ff05-4f98-8693-b02bf7dbee51" testId="fb9b2334-84d8-8bee-8013-081edb7bb235" testName="ReactiveUITK.SourceGenerator.Tests.FormatterSnapshotTests.RoslynIdempotency_SampleFile_IsUnchanged(filePath: &quot;C:\\Yanivs\\GameDev\\UnityComponents\\Assets\\Reac&quot;···, relativePath: &quot;Components\\EffectCleanupOrderDemoFunc\\EffectClea&quot;···)" computerName="DESKTOP-CFTHQRQ" duration="00:00:00.0002504" startTime="2026-03-16T16:16:23.6452952+02:00" endTime="2026-03-16T16:16:23.6452952+02:00" testType="13cdc9d9-ddb5-4fa4-a97d-d965ccfc6d4b" outcome="Passed" testListId="8c84fa94-04c1-424b-9868-57a2d4851a1d" relativeResultsDirectory="6ed881d1-ff05-4f98-8693-b02bf7dbee51" />
    <UnitTestResult executionId="ed0902ff-c14e-40a6-91e7-0957f05b222e" testId="98815f87-03e0-817a-0441-853a94640589" testName="ReactiveUITK.SourceGenerator.Tests.FormatterSnapshotTests.Idempotency_SampleFile_IsUnchanged(filePath: &quot;C:\\Yanivs\\GameDev\\UnityComponents\\Assets\\Reac&quot;···, relativePath: &quot;Components\\ContextBailoutDemoFunc\\ContextBailout&quot;···)" computerName="DESKTOP-CFTHQRQ" duration="00:00:00.0001377" startTime="2026-03-16T16:16:23.6582095+02:00" endTime="2026-03-16T16:16:23.6582095+02:00" testType="13cdc9d9-ddb5-4fa4-a97d-d965ccfc6d4b" outcome="Passed" testListId="8c84fa94-04c1-424b-9868-57a2d4851a1d" relativeResultsDirectory="ed0902ff-c14e-40a6-91e7-0957f05b222e" />
    <UnitTestResult executionId="f160cd0d-43e4-4856-9949-9476e7ad6662" testId="5e8afc72-3631-d4ac-9e01-602f09e94106" testName="ReactiveUITK.SourceGenerator.Tests.FormatterSnapshotTests.RoslynIdempotency_SampleFile_IsUnchanged(filePath: &quot;C:\\Yanivs\\GameDev\\UnityComponents\\Assets\\Reac&quot;···, relativePath: &quot;Components\\RouterDemoFunc\\RouterNavigationGuardP&quot;···)" computerName="DESKTOP-CFTHQRQ" duration="00:00:00.0003661" startTime="2026-03-16T16:16:23.6408540+02:00" endTime="2026-03-16T16:16:23.6408540+02:00" testType="13cdc9d9-ddb5-4fa4-a97d-d965ccfc6d4b" outcome="Passed" testListId="8c84fa94-04c1-424b-9868-57a2d4851a1d" relativeResultsDirectory="f160cd0d-43e4-4856-9949-9476e7ad6662" />
    <UnitTestResult executionId="d5c2d5ff-6182-4a03-9e57-c46d852ef108" testId="c8b106f0-32de-69b8-8d8e-8b5c1f9f88dd" testName="ReactiveUITK.SourceGenerator.Tests.FormatterSnapshotTests.Idempotency_SampleFile_IsUnchanged(filePath: &quot;C:\\Yanivs\\GameDev\\UnityComponents\\Assets\\Reac&quot;···, relativePath: &quot;Components\\UitkxCounterFunc\\CounterFooter.uitkx&quot;)" computerName="DESKTOP-CFTHQRQ" duration="00:00:00.0000844" startTime="2026-03-16T16:16:23.6594242+02:00" endTime="2026-03-16T16:16:23.6594243+02:00" testType="13cdc9d9-ddb5-4fa4-a97d-d965ccfc6d4b" outcome="Passed" testListId="8c84fa94-04c1-424b-9868-57a2d4851a1d" relativeResultsDirectory="d5c2d5ff-6182-4a03-9e57-c46d852ef108" />
    <UnitTestResult executionId="0ebb62e9-3d9c-4c12-9f5d-3042940bef24" testId="aa01e329-64aa-106f-a197-dfffc4b00652" testName="ReactiveUITK.SourceGenerator.Tests.FormatterSnapshotTests.Idempotency_SampleFile_IsUnchanged(filePath: &quot;C:\\Yanivs\\GameDev\\UnityComponents\\Assets\\Reac&quot;···, relativePath: &quot;Components\\RouterDemoFunc\\RouterDemoFunc.uitkx&quot;)" computerName="DESKTOP-CFTHQRQ" duration="00:00:00.0002492" startTime="2026-03-16T16:16:23.6506509+02:00" endTime="2026-03-16T16:16:23.6506510+02:00" testType="13cdc9d9-ddb5-4fa4-a97d-d965ccfc6d4b" outcome="Passed" testListId="8c84fa94-04c1-424b-9868-57a2d4851a1d" relativeResultsDirectory="0ebb62e9-3d9c-4c12-9f5d-3042940bef24" />
    <UnitTestResult executionId="8d869719-1cba-4957-ae68-0d32f26e5ae0" testId="1fdbb394-a4fc-0df7-2404-70135e3d695c" testName="ReactiveUITK.SourceGenerator.Tests.FormatterSnapshotTests.RoslynIdempotency_SampleFile_IsUnchanged(filePath: &quot;C:\\Yanivs\\GameDev\\UnityComponents\\Assets\\Reac&quot;···, relativePath: &quot;Components\\ExceptionFlowDemoFunc\\UnstableChild.u&quot;···)" computerName="DESKTOP-CFTHQRQ" duration="00:00:00.0000875" startTime="2026-03-16T16:16:23.6408743+02:00" endTime="2026-03-16T16:16:23.6408743+02:00" testType="13cdc9d9-ddb5-4fa4-a97d-d965ccfc6d4b" outcome="Passed" testListId="8c84fa94-04c1-424b-9868-57a2d4851a1d" relativeResultsDirectory="8d869719-1cba-4957-ae68-0d32f26e5ae0" />
    <UnitTestResult executionId="875692fc-e871-4020-a0f9-a721fc99b25a" testId="96b6266e-f9f0-6e1f-e67a-f5c7673bca25" testName="ReactiveUITK.SourceGenerator.Tests.FormatterSnapshotTests.RoslynIdempotency_SampleFile_IsUnchanged(filePath: &quot;C:\\Yanivs\\GameDev\\UnityComponents\\Assets\\Reac&quot;···, relativePath: &quot;Components\\TabTreeDemoFunc\\TabTreeDemoFunc.uitkx&quot;)" computerName="DESKTOP-CFTHQRQ" duration="00:00:00.0008582" startTime="2026-03-16T16:16:23.6407228+02:00" endTime="2026-03-16T16:16:23.6407228+02:00" testType="13cdc9d9-ddb5-4fa4-a97d-d965ccfc6d4b" outcome="Passed" testListId="8c84fa94-04c1-424b-9868-57a2d4851a1d" relativeResultsDirectory="875692fc-e871-4020-a0f9-a721fc99b25a" />
    <UnitTestResult executionId="f3d35e18-5c33-4af0-bf35-401b3a81fd7a" testId="84f36409-6db5-a04d-791e-404283910100" testName="ReactiveUITK.SourceGenerator.Tests.FormatterSnapshotTests.Idempotency_SampleFile_IsUnchanged(filePath: &quot;C:\\Yanivs\\GameDev\\UnityComponents\\Assets\\Reac&quot;···, relativePath: &quot;Shared\\AnimationsDemoPage.uitkx&quot;)" computerName="DESKTOP-CFTHQRQ" duration="00:00:00.0002970" startTime="2026-03-16T16:16:23.6496788+02:00" endTime="2026-03-16T16:16:23.6496788+02:00" testType="13cdc9d9-ddb5-4fa4-a97d-d965ccfc6d4b" outcome="Passed" testListId="8c84fa94-04c1-424b-9868-57a2d4851a1d" relativeResultsDirectory="f3d35e18-5c33-4af0-bf35-401b3a81fd7a" />
    <UnitTestResult executionId="dfd588f5-4ed7-4e41-82e5-1f9e83c00e79" testId="0e8466c1-20db-e84c-35ed-e7ee45a7406c" testName="ReactiveUITK.SourceGenerator.Tests.FormatterSnapshotTests.RoslynIdempotency_SampleFile_IsUnchanged(filePath: &quot;C:\\Yanivs\\GameDev\\UnityComponents\\Assets\\Reac&quot;···, relativePath: &quot;Components\\ContextDemoFunc\\ContextDemoFunc.uitkx&quot;)" computerName="DESKTOP-CFTHQRQ" duration="00:00:00.0001362" startTime="2026-03-16T16:16:23.6452445+02:00" endTime="2026-03-16T16:16:23.6452445+02:00" testType="13cdc9d9-ddb5-4fa4-a97d-d965ccfc6d4b" outcome="Passed" testListId="8c84fa94-04c1-424b-9868-57a2d4851a1d" relativeResultsDirectory="dfd588f5-4ed7-4e41-82e5-1f9e83c00e79" />
    <UnitTestResult executionId="4bced8ed-3506-419b-9176-7b00b39eac38" testId="9044740b-1abc-6029-721e-4babac658775" testName="ReactiveUITK.SourceGenerator.Tests.FormatterSnapshotTests.RoslynIdempotency_SampleFile_IsUnchanged(filePath: &quot;C:\\Yanivs\\GameDev\\UnityComponents\\Assets\\Reac&quot;···, relativePath: &quot;Components\\ShowcaseDemoPage\\components\\Showcase&quot;···)" computerName="DESKTOP-CFTHQRQ" duration="00:00:00.0009562" startTime="2026-03-16T16:16:23.6446070+02:00" endTime="2026-03-16T16:16:23.6446070+02:00" testType="13cdc9d9-ddb5-4fa4-a97d-d965ccfc6d4b" outcome="Passed" testListId="8c84fa94-04c1-424b-9868-57a2d4851a1d" relativeResultsDirectory="4bced8ed-3506-419b-9176-7b00b39eac38" />
    <UnitTestResult executionId="b45fcf74-7c58-497a-a963-81c2291a6cbe" testId="6f67c451-dd39-d6dc-2a94-cde78da9203f" testName="ReactiveUITK.SourceGenerator.Tests.FormatterSnapshotTests.RoslynIdempotency_SampleFile_IsUnchanged(filePath: &quot;C:\\Yanivs\\GameDev\\UnityComponents\\Assets\\Reac&quot;···, relativePath: &quot;Components\\SignalCounterDemoFunc\\SignalCounterDe&quot;···)" computerName="DESKTOP-CFTHQRQ" duration="00:00:00.0001700" startTime="2026-03-16T16:16:23.6449713+02:00" endTime="2026-03-16T16:16:23.6449713+02:00" testType="13cdc9d9-ddb5-4fa4-a97d-d965ccfc6d4b" outcome="Passed" testListId="8c84fa94-04c1-424b-9868-57a2d4851a1d" relativeResultsDirectory="b45fcf74-7c58-497a-a963-81c2291a6cbe" />
    <UnitTestResult executionId="90b401be-a412-43dd-b9ec-85d8658727fe" testId="e700b243-aad9-ccf6-32b1-7f7a115c7156" testName="ReactiveUITK.SourceGenerator.Tests.FormatterSnapshotTests.RoslynIdempotency_SampleFile_IsUnchanged(filePath: &quot;C:\\Yanivs\\GameDev\\UnityComponents\\Assets\\Reac&quot;···, relativePath: &quot;Components\\SyntheticEventDemoFunc\\SyntheticEvent&quot;···)" computerName="DESKTOP-CFTHQRQ" duration="00:00:00.0002052" startTime="2026-03-16T16:16:23.6455333+02:00" endTime="2026-03-16T16:16:23.6455333+02:00" testType="13cdc9d9-ddb5-4fa4-a97d-d965ccfc6d4b" outcome="Passed" testListId="8c84fa94-04c1-424b-9868-57a2d4851a1d" relativeResultsDirectory="90b401be-a412-43dd-b9ec-85d8658727fe" />
    <UnitTestResult executionId="ef62ea0a-7484-4190-a0b6-d2077f8daede" testId="82669be3-4b6c-8c23-a6d0-fb11820c9e57" testName="ReactiveUITK.SourceGenerator.Tests.FormatterSnapshotTests.RoslynIdempotency_SampleFile_IsUnchanged(filePath: &quot;C:\\Yanivs\\GameDev\\UnityComponents\\Assets\\Reac&quot;···, relativePath: &quot;Components\\EffectCleanupOrderDemoFunc\\EffectPane&quot;···)" computerName="DESKTOP-CFTHQRQ" duration="00:00:00.0001141" startTime="2026-03-16T16:16:23.6455418+02:00" endTime="2026-03-16T16:16:23.6455419+02:00" testType="13cdc9d9-ddb5-4fa4-a97d-d965ccfc6d4b" outcome="Passed" testListId="8c84fa94-04c1-424b-9868-57a2d4851a1d" relativeResultsDirectory="ef62ea0a-7484-4190-a0b6-d2077f8daede" />
    <UnitTestResult executionId="83b9d0ee-b694-4140-bb38-d9fffd19f428" testId="077caaa5-d776-9282-1ac0-8059d030ef3c" testName="ReactiveUITK.SourceGenerator.Tests.FormatterSnapshotTests.RoslynIdempotency_SampleFile_IsUnchanged(filePath: &quot;C:\\Yanivs\\GameDev\\UnityComponents\\Assets\\Reac&quot;···, relativePath: &quot;Components\\ShowcaseDemoPage\\components\\Showcase&quot;···)" computerName="DESKTOP-CFTHQRQ" duration="00:00:00.0002317" startTime="2026-03-16T16:16:23.6452867+02:00" endTime="2026-03-16T16:16:23.6452867+02:00" testType="13cdc9d9-ddb5-4fa4-a97d-d965ccfc6d4b" outcome="Passed" testListId="8c84fa94-04c1-424b-9868-57a2d4851a1d" relativeResultsDirectory="83b9d0ee-b694-4140-bb38-d9fffd19f428" />
    <UnitTestResult executionId="d9180d06-1982-4306-ac55-511ecae2b4fa" testId="af00d698-7dfc-ac53-cc27-2b38c42703a7" testName="ReactiveUITK.SourceGenerator.Tests.FormatterSnapshotTests.Idempotency_SampleFile_IsUnchanged(filePath: &quot;C:\\Yanivs\\GameDev\\UnityComponents\\Assets\\Reac&quot;···, relativePath: &quot;Components\\ContextDemoFunc\\ContextDemoFunc.uitkx&quot;)" computerName="DESKTOP-CFTHQRQ" duration="00:00:00.0001354" startTime="2026-03-16T16:16:23.6549647+02:00" endTime="2026-03-16T16:16:23.6549648+02:00" testType="13cdc9d9-ddb5-4fa4-a97d-d965ccfc6d4b" outcome="Passed" testListId="8c84fa94-04c1-424b-9868-57a2d4851a1d" relativeResultsDirectory="d9180d06-1982-4306-ac55-511ecae2b4fa" />
    <UnitTestResult executionId="afd76cfe-02f7-40d5-9493-4a3c4ea2ccfb" testId="510facf2-166b-cc03-1f23-088dc04d5eea" testName="ReactiveUITK.SourceGenerator.Tests.FormatterSnapshotTests.Idempotency_SampleFile_IsUnchanged(filePath: &quot;C:\\Yanivs\\GameDev\\UnityComponents\\Assets\\Reac&quot;···, relativePath: &quot;Components\\EventBatchingDemoFunc\\EventBatchingDe&quot;···)" computerName="DESKTOP-CFTHQRQ" duration="00:00:00.0002391" startTime="2026-03-16T16:16:23.6559595+02:00" endTime="2026-03-16T16:16:23.6559596+02:00" testType="13cdc9d9-ddb5-4fa4-a97d-d965ccfc6d4b" outcome="Passed" testListId="8c84fa94-04c1-424b-9868-57a2d4851a1d" relativeResultsDirectory="afd76cfe-02f7-40d5-9493-4a3c4ea2ccfb" />
    <UnitTestResult executionId="e055c6b6-f639-4996-be41-1ada8e2e0783" testId="37bcedf8-75d1-be00-c7c2-46e91d962847" testName="ReactiveUITK.SourceGenerator.Tests.FormatterSnapshotTests.RoslynIdempotency_SampleFile_IsUnchanged(filePath: &quot;C:\\Yanivs\\GameDev\\UnityComponents\\Assets\\Reac&quot;···, relativePath: &quot;Components\\RouterDemoFunc\\RouterHistoryPanel.uit&quot;···)" computerName="DESKTOP-CFTHQRQ" duration="00:00:00.0001247" startTime="2026-03-16T16:16:23.6449886+02:00" endTime="2026-03-16T16:16:23.6449886+02:00" testType="13cdc9d9-ddb5-4fa4-a97d-d965ccfc6d4b" outcome="Passed" testListId="8c84fa94-04c1-424b-9868-57a2d4851a1d" relativeResultsDirectory="e055c6b6-f639-4996-be41-1ada8e2e0783" />
    <UnitTestResult executionId="3800436d-4b55-40f1-860f-8a34ad2a3c4f" testId="65f7d486-face-8b96-72b2-d87d8295c65f" testName="ReactiveUITK.SourceGenerator.Tests.FormatterSnapshotTests.RoslynIdempotency_SampleFile_IsUnchanged(filePath: &quot;C:\\Yanivs\\GameDev\\UnityComponents\\Assets\\Reac&quot;···, relativePath: &quot;Shared\\AnimationsDemoPage.uitkx&quot;)" computerName="DESKTOP-CFTHQRQ" duration="00:00:00.0045078" startTime="2026-03-16T16:16:23.6177915+02:00" endTime="2026-03-16T16:16:23.6177916+02:00" testType="13cdc9d9-ddb5-4fa4-a97d-d965ccfc6d4b" outcome="Passed" testListId="8c84fa94-04c1-424b-9868-57a2d4851a1d" relativeResultsDirectory="3800436d-4b55-40f1-860f-8a34ad2a3c4f" />
    <UnitTestResult executionId="9948c2b9-9102-470b-a068-ba4789167c9d" testId="555d93db-5fcb-d371-e845-66e6ec449ac3" testName="ReactiveUITK.SourceGenerator.Tests.FormatterSnapshotTests.RoslynIdempotency_SampleFile_IsUnchanged(filePath: &quot;C:\\Yanivs\\GameDev\\UnityComponents\\Assets\\Reac&quot;···, relativePath: &quot;Components\\SimpleTextFieldFunc\\SimpleTextFieldFu&quot;···)" computerName="DESKTOP-CFTHQRQ" duration="00:00:00.0001539" startTime="2026-03-16T16:16:23.6179282+02:00" endTime="2026-03-16T16:16:23.6179283+02:00" testType="13cdc9d9-ddb5-4fa4-a97d-d965ccfc6d4b" outcome="Passed" testListId="8c84fa94-04c1-424b-9868-57a2d4851a1d" relativeResultsDirectory="9948c2b9-9102-470b-a068-ba4789167c9d" />
    <UnitTestResult executionId="1e0576dd-125b-47c9-b4df-5662f636c5fb" testId="25656842-0409-3993-6bd7-ab327e107ca0" testName="ReactiveUITK.SourceGenerator.Tests.FormatterSnapshotTests.Idempotency_SampleFile_IsUnchanged(filePath: &quot;C:\\Yanivs\\GameDev\\UnityComponents\\Assets\\Reac&quot;···, relativePath: &quot;Components\\RouterDemoFunc\\RouterNavigatePanel.ui&quot;···)" computerName="DESKTOP-CFTHQRQ" duration="00:00:00.0001755" startTime="2026-03-16T16:16:23.6579068+02:00" endTime="2026-03-16T16:16:23.6579068+02:00" testType="13cdc9d9-ddb5-4fa4-a97d-d965ccfc6d4b" outcome="Passed" testListId="8c84fa94-04c1-424b-9868-57a2d4851a1d" relativeResultsDirectory="1e0576dd-125b-47c9-b4df-5662f636c5fb" />
    <UnitTestResult executionId="89351d94-710f-4a5f-94fd-de90f8b3b931" testId="e754534b-d2f9-4b9d-50b4-0a47f25accb2" testName="ReactiveUITK.SourceGenerator.Tests.FormatterSnapshotTests.Idempotency_SampleFile_IsUnchanged(filePath: &quot;C:\\Yanivs\\GameDev\\UnityComponents\\Assets\\Reac&quot;···, relativePath: &quot;Components\\UitkxCounterFunc\\UitkxCounterFunc.uit&quot;···)" computerName="DESKTOP-CFTHQRQ" duration="00:00:00.0015698" startTime="2026-03-16T16:16:23.6496099+02:00" endTime="2026-03-16T16:16:23.6496100+02:00" testType="13cdc9d9-ddb5-4fa4-a97d-d965ccfc6d4b" outcome="Failed" testListId="8c84fa94-04c1-424b-9868-57a2d4851a1d" relativeResultsDirectory="89351d94-710f-4a5f-94fd-de90f8b3b931">
      <Output>
        <ErrorInfo>
          <Message>Assert.Equal() Failure: Strings differ&#xD;
                                   ↓ (pos 16577)&#xD;
Expected: ···"uter&gt;\n        &lt;Route\n          path="/"\n "···&#xD;
Actual:   ···"uter&gt;\n        &lt;Route path="/" exact eleme"···&#xD;
                                   ↑ (pos 16577)</Message>
          <StackTrace>   at ReactiveUITK.SourceGenerator.Tests.FormatterSnapshotTests.Idempotency_SampleFile_IsUnchanged(String filePath, String relativePath) in C:\Yanivs\GameDev\UnityComponents\Assets\ReactiveUIToolKit\SourceGenerator~\Tests\FormatterSnapshotTests.cs:line 97&#xD;
   at InvokeStub_FormatterSnapshotTests.Idempotency_SampleFile_IsUnchanged(Object, Span`1)&#xD;
   at System.Reflection.MethodBaseInvoker.InvokeWithFewArgs(Object obj, BindingFlags invokeAttr, Binder binder, Object[] parameters, CultureInfo culture)</StackTrace>
        </ErrorInfo>
      </Output>
    </UnitTestResult>
    <UnitTestResult executionId="7b5b45ce-fcf6-455a-9784-b1d31e0f2fd0" testId="f9296ab5-f9be-fe2f-a9d2-d8fa86cc2db7" testName="ReactiveUITK.SourceGenerator.Tests.FormatterSnapshotTests.Idempotency_SampleFile_IsUnchanged(filePath: &quot;C:\\Yanivs\\GameDev\\UnityComponents\\Assets\\Reac&quot;···, relativePath: &quot;Components\\RouterDemoFunc\\RouterSettingsPanel.ui&quot;···)" computerName="DESKTOP-CFTHQRQ" duration="00:00:00.0001216" startTime="2026-03-16T16:16:23.6590483+02:00" endTime="2026-03-16T16:16:23.6590484+02:00" testType="13cdc9d9-ddb5-4fa4-a97d-d965ccfc6d4b" outcome="Passed" testListId="8c84fa94-04c1-424b-9868-57a2d4851a1d" relativeResultsDirectory="7b5b45ce-fcf6-455a-9784-b1d31e0f2fd0" />
    <UnitTestResult executionId="d3a3f237-331f-47a4-a2b4-0b7b70dff319" testId="626b0ebf-2a73-fd69-5f2b-da16e5c8f8e6" testName="ReactiveUITK.SourceGenerator.Tests.FormatterSnapshotTests.RoslynIdempotency_SampleFile_IsUnchanged(filePath: &quot;C:\\Yanivs\\GameDev\\UnityComponents\\Assets\\Reac&quot;···, relativePath: &quot;Components\\PropTypesDemoFunc\\PropTypesDemoFunc.u&quot;···)" computerName="DESKTOP-CFTHQRQ" duration="00:00:00.0002618" startTime="2026-03-16T16:16:23.6445673+02:00" endTime="2026-03-16T16:16:23.6445673+02:00" testType="13cdc9d9-ddb5-4fa4-a97d-d965ccfc6d4b" outcome="Passed" testListId="8c84fa94-04c1-424b-9868-57a2d4851a1d" relativeResultsDirectory="d3a3f237-331f-47a4-a2b4-0b7b70dff319" />
    <UnitTestResult executionId="d8d29885-fb91-48e6-818d-50370a5c263f" testId="5c14f5c4-68f2-b5e7-fce7-74dce38ff23f" testName="ReactiveUITK.SourceGenerator.Tests.FormatterSnapshotTests.Idempotency_SampleFile_IsUnchanged(filePath: &quot;C:\\Yanivs\\GameDev\\UnityComponents\\Assets\\Reac&quot;···, relativePath: &quot;Components\\RenderDepthGuardDemoFunc\\RenderDepthG&quot;···)" computerName="DESKTOP-CFTHQRQ" duration="00:00:00.0002072" startTime="2026-03-16T16:16:23.6591905+02:00" endTime="2026-03-16T16:16:23.6591906+02:00" testType="13cdc9d9-ddb5-4fa4-a97d-d965ccfc6d4b" outcome="Passed" testListId="8c84fa94-04c1-424b-9868-57a2d4851a1d" relativeResultsDirectory="d8d29885-fb91-48e6-818d-50370a5c263f" />
    <UnitTestResult executionId="0cc707d0-c053-4b9b-9538-a7d5d208e51e" testId="52ff0370-e42e-2353-6733-ba138f6b2ab4" testName="ReactiveUITK.SourceGenerator.Tests.FormatterSnapshotTests.Idempotency_SampleFile_IsUnchanged(filePath: &quot;C:\\Yanivs\\GameDev\\UnityComponents\\Assets\\Reac&quot;···, relativePath: &quot;Components\\ProgressBarDemoFunc\\ProgressBarDemoFu&quot;···)" computerName="DESKTOP-CFTHQRQ" duration="00:00:00.0003592" startTime="2026-03-16T16:16:23.6464596+02:00" endTime="2026-03-16T16:16:23.6464596+02:00" testType="13cdc9d9-ddb5-4fa4-a97d-d965ccfc6d4b" outcome="Passed" testListId="8c84fa94-04c1-424b-9868-57a2d4851a1d" relativeResultsDirectory="0cc707d0-c053-4b9b-9538-a7d5d208e51e" />
    <UnitTestResult executionId="30035fb8-4f24-47a9-aa7b-0a941511aaca" testId="c6672f54-ba6a-34a7-56e3-1f0d07b8491e" testName="ReactiveUITK.SourceGenerator.Tests.FormatterSnapshotTests.RoslynIdempotency_SampleFile_IsUnchanged(filePath: &quot;C:\\Yanivs\\GameDev\\UnityComponents\\Assets\\Reac&quot;···, relativePath: &quot;Components\\MainMenuRouterDemoFunc\\MainMenuRouter&quot;···)" computerName="DESKTOP-CFTHQRQ" duration="00:00:00.0001654" startTime="2026-03-16T16:16:23.6408452+02:00" endTime="2026-03-16T16:16:23.6408453+02:00" testType="13cdc9d9-ddb5-4fa4-a97d-d965ccfc6d4b" outcome="Passed" testListId="8c84fa94-04c1-424b-9868-57a2d4851a1d" relativeResultsDirectory="30035fb8-4f24-47a9-aa7b-0a941511aaca" />
    <UnitTestResult executionId="6a8f16c2-7052-4c56-8388-8406bb6b3b40" testId="e069af6a-572a-6e0c-d78b-531a2e62379d" testName="ReactiveUITK.SourceGenerator.Tests.FormatterSnapshotTests.Idempotency_SampleFile_IsUnchanged(filePath: &quot;C:\\Yanivs\\GameDev\\UnityComponents\\Assets\\Reac&quot;···, relativePath: &quot;Components\\EffectCleanupOrderDemoFunc\\EffectClea&quot;···)" computerName="DESKTOP-CFTHQRQ" duration="00:00:00.0003788" startTime="2026-03-16T16:16:23.6534271+02:00" endTime="2026-03-16T16:16:23.6534271+02:00" testType="13cdc9d9-ddb5-4fa4-a97d-d965ccfc6d4b" outcome="Passed" testListId="8c84fa94-04c1-424b-9868-57a2d4851a1d" relativeResultsDirectory="6a8f16c2-7052-4c56-8388-8406bb6b3b40" />
    <UnitTestResult executionId="e8285d0d-9b89-4756-93c1-1bfd44e017ac" testId="1148b964-f6da-ee8b-b416-cfb753bb7202" testName="ReactiveUITK.SourceGenerator.Tests.FormatterSnapshotTests.Idempotency_SampleFile_IsUnchanged(filePath: &quot;C:\\Yanivs\\GameDev\\UnityComponents\\Assets\\Reac&quot;···, relativePath: &quot;Components\\SimpleCounterFunc\\SimpleCounterFunc.u&quot;···)" computerName="DESKTOP-CFTHQRQ" duration="00:00:00.0002133" startTime="2026-03-16T16:16:23.6461133+02:00" endTime="2026-03-16T16:16:23.6461133+02:00" testType="13cdc9d9-ddb5-4fa4-a97d-d965ccfc6d4b" outcome="Passed" testListId="8c84fa94-04c1-424b-9868-57a2d4851a1d" relativeResultsDirectory="e8285d0d-9b89-4756-93c1-1bfd44e017ac" />
    <UnitTestResult executionId="46e877d0-616c-49f4-9222-5ef7a83bd51f" testId="b38913ef-d938-2d7e-bb26-95f22462fe11" testName="ReactiveUITK.SourceGenerator.Tests.FormatterSnapshotTests.RoslynIdempotency_SampleFile_IsUnchanged(filePath: &quot;C:\\Yanivs\\GameDev\\UnityComponents\\Assets\\Reac&quot;···, relativePath: &quot;Components\\UitkxCounterFunc\\UitkxCounterFunc.uit&quot;···)" computerName="DESKTOP-CFTHQRQ" duration="00:00:00.0085141" startTime="2026-03-16T16:16:23.6444725+02:00" endTime="2026-03-16T16:16:23.6444727+02:00" testType="13cdc9d9-ddb5-4fa4-a97d-d965ccfc6d4b" outcome="Failed" testListId="8c84fa94-04c1-424b-9868-57a2d4851a1d" relativeResultsDirectory="46e877d0-616c-49f4-9222-5ef7a83bd51f">
      <Output>
        <ErrorInfo>
          <Message>Assert.Equal() Failure: Strings differ&#xD;
                                   ↓ (pos 16577)&#xD;
Expected: ···"uter&gt;\n        &lt;Route\n          path="/"\n "···&#xD;
Actual:   ···"uter&gt;\n        &lt;Route path="/" exact eleme"···&#xD;
                                   ↑ (pos 16577)</Message>
          <StackTrace>   at ReactiveUITK.SourceGenerator.Tests.FormatterSnapshotTests.RoslynIdempotency_SampleFile_IsUnchanged(String filePath, String relativePath) in C:\Yanivs\GameDev\UnityComponents\Assets\ReactiveUIToolKit\SourceGenerator~\Tests\FormatterSnapshotTests.cs:line 7719&#xD;
   at InvokeStub_FormatterSnapshotTests.RoslynIdempotency_SampleFile_IsUnchanged(Object, Span`1)&#xD;
   at System.Reflection.MethodBaseInvoker.InvokeWithFewArgs(Object obj, BindingFlags invokeAttr, Binder binder, Object[] parameters, CultureInfo culture)</StackTrace>
        </ErrorInfo>
      </Output>
    </UnitTestResult>
    <UnitTestResult executionId="a38ada17-d05a-4452-9c27-6ac1d36273c5" testId="c699f066-73a3-636f-6d65-66360fe97962" testName="ReactiveUITK.SourceGenerator.Tests.FormatterSnapshotTests.RoslynIdempotency_SampleFile_IsUnchanged(filePath: &quot;C:\\Yanivs\\GameDev\\UnityComponents\\Assets\\Reac&quot;···, relativePath: &quot;Components\\RefForwardingDemoFunc\\RefChild\\RefCh&quot;···)" computerName="DESKTOP-CFTHQRQ" duration="00:00:00.0001529" startTime="2026-03-16T16:16:23.6408363+02:00" endTime="2026-03-16T16:16:23.6408363+02:00" testType="13cdc9d9-ddb5-4fa4-a97d-d965ccfc6d4b" outcome="Passed" testListId="8c84fa94-04c1-424b-9868-57a2d4851a1d" relativeResultsDirectory="a38ada17-d05a-4452-9c27-6ac1d36273c5" />
    <UnitTestResult executionId="800f7aa2-268d-49e2-9de7-b68f3a8de19d" testId="49330571-a072-be4e-8f0d-e224fe7348bd" testName="ReactiveUITK.SourceGenerator.Tests.FormatterSnapshotTests.RoslynIdempotency_SampleFile_IsUnchanged(filePath: &quot;C:\\Yanivs\\GameDev\\UnityComponents\\Assets\\Reac&quot;···, relativePath: &quot;Components\\DeferredEffectDemoFunc\\DeferredEffect&quot;···)" computerName="DESKTOP-CFTHQRQ" duration="00:00:00.1176528" startTime="2026-03-16T16:16:23.6082501+02:00" endTime="2026-03-16T16:16:23.6082688+02:00" testType="13cdc9d9-ddb5-4fa4-a97d-d965ccfc6d4b" outcome="Passed" testListId="8c84fa94-04c1-424b-9868-57a2d4851a1d" relativeResultsDirectory="800f7aa2-268d-49e2-9de7-b68f3a8de19d" />
    <UnitTestResult executionId="6d495a6d-3233-4db7-8591-9cbade8fe991" testId="c7a7f8b7-a4d0-8944-2187-bc396f6e9d0e" testName="ReactiveUITK.SourceGenerator.Tests.FormatterSnapshotTests.RoslynIdempotency_SampleFile_IsUnchanged(filePath: &quot;C:\\Yanivs\\GameDev\\UnityComponents\\Assets\\Reac&quot;···, relativePath: &quot;Components\\ExceptionFlowDemoFunc\\ExceptionFlowDe&quot;···)" computerName="DESKTOP-CFTHQRQ" duration="00:00:00.0003685" startTime="2026-03-16T16:16:23.6449971+02:00" endTime="2026-03-16T16:16:23.6449972+02:00" testType="13cdc9d9-ddb5-4fa4-a97d-d965ccfc6d4b" outcome="Passed" testListId="8c84fa94-04c1-424b-9868-57a2d4851a1d" relativeResultsDirectory="6d495a6d-3233-4db7-8591-9cbade8fe991" />
    <UnitTestResult executionId="1337b384-6118-492e-a9c7-c312638edb27" testId="aa3004af-f124-2397-f72b-ebb8d2aa9a8d" testName="ReactiveUITK.SourceGenerator.Tests.FormatterSnapshotTests.RoslynIdempotency_SampleFile_IsUnchanged(filePath: &quot;C:\\Yanivs\\GameDev\\UnityComponents\\Assets\\Reac&quot;···, relativePath: &quot;Components\\RouterDemoFunc\\RouterNavigatePanel.ui&quot;···)" computerName="DESKTOP-CFTHQRQ" duration="00:00:00.0001855" startTime="2026-03-16T16:16:23.6455156+02:00" endTime="2026-03-16T16:16:23.6455156+02:00" testType="13cdc9d9-ddb5-4fa4-a97d-d965ccfc6d4b" outcome="Passed" testListId="8c84fa94-04c1-424b-9868-57a2d4851a1d" relativeResultsDirectory="1337b384-6118-492e-a9c7-c312638edb27" />
    <UnitTestResult executionId="794b8da6-1d30-4265-b2d5-b7d1960a1843" testId="a034396b-6cbf-0730-bd63-31e0b1c55cbb" testName="ReactiveUITK.SourceGenerator.Tests.FormatterSnapshotTests.RoslynIdempotency_SampleFile_IsUnchanged(filePath: &quot;C:\\Yanivs\\GameDev\\UnityComponents\\Assets\\Reac&quot;···, relativePath: &quot;Components\\ContextBailoutDemoFunc\\MiddleLayer.ui&quot;···)" computerName="DESKTOP-CFTHQRQ" duration="00:00:00.0001275" startTime="2026-03-16T16:16:23.6454981+02:00" endTime="2026-03-16T16:16:23.6454981+02:00" testType="13cdc9d9-ddb5-4fa4-a97d-d965ccfc6d4b" outcome="Passed" testListId="8c84fa94-04c1-424b-9868-57a2d4851a1d" relativeResultsDirectory="794b8da6-1d30-4265-b2d5-b7d1960a1843" />
    <UnitTestResult executionId="9b8f1267-8e49-4ac8-b231-191af94bd556" testId="26469cf1-c03d-cca1-d1ab-6436a08c28c6" testName="ReactiveUITK.SourceGenerator.Tests.FormatterSnapshotTests.Idempotency_SampleFile_IsUnchanged(filePath: &quot;C:\\Yanivs\\GameDev\\UnityComponents\\Assets\\Reac&quot;···, relativePath: &quot;Components\\SimpleUseEffectFunc\\SimpleUseEffectFu&quot;···)" computerName="DESKTOP-CFTHQRQ" duration="00:00:00.0001003" startTime="2026-03-16T16:16:23.6557587+02:00" endTime="2026-03-16T16:16:23.6557589+02:00" testType="13cdc9d9-ddb5-4fa4-a97d-d965ccfc6d4b" outcome="Passed" testListId="8c84fa94-04c1-424b-9868-57a2d4851a1d" relativeResultsDirectory="9b8f1267-8e49-4ac8-b231-191af94bd556" />
    <UnitTestResult executionId="db981f57-5f8b-4378-8a21-166999126cf8" testId="67aec67a-db5b-753d-6244-704edd074246" testName="ReactiveUITK.SourceGenerator.Tests.FormatterSnapshotTests.Idempotency_SampleFile_IsUnchanged(filePath: &quot;C:\\Yanivs\\GameDev\\UnityComponents\\Assets\\Reac&quot;···, relativePath: &quot;Components\\RefForwardingDemoFunc\\RefChild\\RefCh&quot;···)" computerName="DESKTOP-CFTHQRQ" duration="00:00:00.0001226" startTime="2026-03-16T16:16:23.6554253+02:00" endTime="2026-03-16T16:16:23.6554253+02:00" testType="13cdc9d9-ddb5-4fa4-a97d-d965ccfc6d4b" outcome="Passed" testListId="8c84fa94-04c1-424b-9868-57a2d4851a1d" relativeResultsDirectory="db981f57-5f8b-4378-8a21-166999126cf8" />
    <UnitTestResult executionId="21879fa9-4caa-4ef0-bf87-11849c11fd00" testId="c6bd424f-87f3-c473-f36f-c853d89b72a1" testName="ReactiveUITK.SourceGenerator.Tests.FormatterSnapshotTests.RoslynIdempotency_SampleFile_IsUnchanged(filePath: &quot;C:\\Yanivs\\GameDev\\UnityComponents\\Assets\\Reac&quot;···, relativePath: &quot;Components\\EditorControlsDemoFunc\\EditorControls&quot;···)" computerName="DESKTOP-CFTHQRQ" duration="00:00:00.0002537" startTime="2026-03-16T16:16:23.6408232+02:00" endTime="2026-03-16T16:16:23.6408232+02:00" testType="13cdc9d9-ddb5-4fa4-a97d-d965ccfc6d4b" outcome="Passed" testListId="8c84fa94-04c1-424b-9868-57a2d4851a1d" relativeResultsDirectory="21879fa9-4caa-4ef0-bf87-11849c11fd00" />
    <UnitTestResult executionId="7493d749-c07c-4a9f-9d0a-6cb5c0e41416" testId="19d14d64-6974-3cf7-5cd1-9f601474226b" testName="ReactiveUITK.SourceGenerator.Tests.FormatterSnapshotTests.Idempotency_SampleFile_IsUnchanged(filePath: &quot;C:\\Yanivs\\GameDev\\UnityComponents\\Assets\\Reac&quot;···, relativePath: &quot;Components\\ShowcaseDemoPage\\components\\Showcase&quot;···)" computerName="DESKTOP-CFTHQRQ" duration="00:00:00.0005275" startTime="2026-03-16T16:16:23.6530945+02:00" endTime="2026-03-16T16:16:23.6530946+02:00" testType="13cdc9d9-ddb5-4fa4-a97d-d965ccfc6d4b" outcome="Passed" testListId="8c84fa94-04c1-424b-9868-57a2d4851a1d" relativeResultsDirectory="7493d749-c07c-4a9f-9d0a-6cb5c0e41416" />
    <UnitTestResult executionId="5fbc0706-2af6-4f02-baff-57faf17d9f00" testId="56fc2819-68a5-5eec-1fdf-7cf1746d388e" testName="ReactiveUITK.SourceGenerator.Tests.FormatterSnapshotTests.Idempotency_SampleFile_IsUnchanged(filePath: &quot;C:\\Yanivs\\GameDev\\UnityComponents\\Assets\\Reac&quot;···, relativePath: &quot;Components\\TabTreeDemoFunc\\TabTreeDemoFunc.uitkx&quot;)" computerName="DESKTOP-CFTHQRQ" duration="00:00:00.0007117" startTime="2026-03-16T16:16:23.6608277+02:00" endTime="2026-03-16T16:16:23.6608278+02:00" testType="13cdc9d9-ddb5-4fa4-a97d-d965ccfc6d4b" outcome="Passed" testListId="8c84fa94-04c1-424b-9868-57a2d4851a1d" relativeResultsDirectory="5fbc0706-2af6-4f02-baff-57faf17d9f00" />
    <UnitTestResult executionId="45806b38-17f8-414b-a6c4-2f2354fa835f" testId="af3f37b2-30c0-3548-fa49-fb186baf988f" testName="ReactiveUITK.SourceGenerator.Tests.FormatterSnapshotTests.Idempotency_SampleFile_IsUnchanged(filePath: &quot;C:\\Yanivs\\GameDev\\UnityComponents\\Assets\\Reac&quot;···, relativePath: &quot;Components\\PropTypesDemoFunc\\StatusBadge.uitkx&quot;)" computerName="DESKTOP-CFTHQRQ" duration="00:00:00.0001085" startTime="2026-03-16T16:16:23.6560809+02:00" endTime="2026-03-16T16:16:23.6560809+02:00" testType="13cdc9d9-ddb5-4fa4-a97d-d965ccfc6d4b" outcome="Passed" testListId="8c84fa94-04c1-424b-9868-57a2d4851a1d" relativeResultsDirectory="45806b38-17f8-414b-a6c4-2f2354fa835f" />
    <UnitTestResult executionId="0768e028-ed4d-43e4-849e-a460f4893b8d" testId="ad35ff6b-496b-e833-9f41-a0da96fc50a3" testName="ReactiveUITK.SourceGenerator.Tests.FormatterSnapshotTests.Idempotency_SampleFile_IsUnchanged(filePath: &quot;C:\\Yanivs\\GameDev\\UnityComponents\\Assets\\Reac&quot;···, relativePath: &quot;Components\\ExceptionFlowDemoFunc\\ExceptionFlowDe&quot;···)" computerName="DESKTOP-CFTHQRQ" duration="00:00:00.0003545" startTime="2026-03-16T16:16:23.6577122+02:00" endTime="2026-03-16T16:16:23.6577123+02:00" testType="13cdc9d9-ddb5-4fa4-a97d-d965ccfc6d4b" outcome="Passed" testListId="8c84fa94-04c1-424b-9868-57a2d4851a1d" relativeResultsDirectory="0768e028-ed4d-43e4-849e-a460f4893b8d" />
    <UnitTestResult executionId="673a9de6-35aa-4678-8240-b04bb132ab4d" testId="1eaaaa6b-42f8-7c69-830a-9861ed8428df" testName="ReactiveUITK.SourceGenerator.Tests.FormatterSnapshotTests.RoslynIdempotency_SampleFile_IsUnchanged(filePath: &quot;C:\\Yanivs\\GameDev\\UnityComponents\\Assets\\Reac&quot;···, relativePath: &quot;Components\\RouterDemoFunc\\RouterLocationBanner.u&quot;···)" computerName="DESKTOP-CFTHQRQ" duration="00:00:00.0001569" startTime="2026-03-16T16:16:23.6449230+02:00" endTime="2026-03-16T16:16:23.6449231+02:00" testType="13cdc9d9-ddb5-4fa4-a97d-d965ccfc6d4b" outcome="Passed" testListId="8c84fa94-04c1-424b-9868-57a2d4851a1d" relativeResultsDirectory="673a9de6-35aa-4678-8240-b04bb132ab4d" />
    <UnitTestResult executionId="2971acc8-f6c4-4a92-a905-139545009412" testId="d5017cfa-b505-3ed2-88e6-448ff7714c3d" testName="ReactiveUITK.SourceGenerator.Tests.FormatterSnapshotTests.Idempotency_SampleFile_IsUnchanged(filePath: &quot;C:\\Yanivs\\GameDev\\UnityComponents\\Assets\\Reac&quot;···, relativePath: &quot;Components\\MainMenuRouterDemoFunc\\MainMenuRouter&quot;···)" computerName="DESKTOP-CFTHQRQ" duration="00:00:00.0001049" startTime="2026-03-16T16:16:23.6586219+02:00" endTime="2026-03-16T16:16:23.6586219+02:00" testType="13cdc9d9-ddb5-4fa4-a97d-d965ccfc6d4b" outcome="Passed" testListId="8c84fa94-04c1-424b-9868-57a2d4851a1d" relativeResultsDirectory="2971acc8-f6c4-4a92-a905-139545009412" />
    <UnitTestResult executionId="123f808d-1eaa-4cae-8bc8-74bd61cafa47" testId="e8cfcc73-7529-7ec6-b62f-2440237ed305" testName="ReactiveUITK.SourceGenerator.Tests.FormatterSnapshotTests.RoslynIdempotency_SampleFile_IsUnchanged(filePath: &quot;C:\\Yanivs\\GameDev\\UnityComponents\\Assets\\Reac&quot;···, relativePath: &quot;Components\\RouterDemoFunc\\RouterSettingsPanel.ui&quot;···)" computerName="DESKTOP-CFTHQRQ" duration="00:00:00.0001483" startTime="2026-03-16T16:16:23.6408828+02:00" endTime="2026-03-16T16:16:23.6408828+02:00" testType="13cdc9d9-ddb5-4fa4-a97d-d965ccfc6d4b" outcome="Passed" testListId="8c84fa94-04c1-424b-9868-57a2d4851a1d" relativeResultsDirectory="123f808d-1eaa-4cae-8bc8-74bd61cafa47" />
    <UnitTestResult executionId="8a0bea12-4d99-41ca-a417-98b6598e3b5d" testId="10989861-2fc2-9b7e-ad3e-b43fbbf9ce33" testName="ReactiveUITK.SourceGenerator.Tests.FormatterSnapshotTests.Idempotency_SampleFile_IsUnchanged(filePath: &quot;C:\\Yanivs\\GameDev\\UnityComponents\\Assets\\Reac&quot;···, relativePath: &quot;Components\\ContextBailoutDemoFunc\\ThemeConsumer.&quot;···)" computerName="DESKTOP-CFTHQRQ" duration="00:00:00.0001558" startTime="2026-03-16T16:16:23.6524840+02:00" endTime="2026-03-16T16:16:23.6524840+02:00" testType="13cdc9d9-ddb5-4fa4-a97d-d965ccfc6d4b" outcome="Passed" testListId="8c84fa94-04c1-424b-9868-57a2d4851a1d" relativeResultsDirectory="8a0bea12-4d99-41ca-a417-98b6598e3b5d" />
    <UnitTestResult executionId="7fb10b11-91f6-490b-ba65-44239306bd6d" testId="66015fce-3dd4-69a2-d094-cdf30dd5f7b2" testName="ReactiveUITK.SourceGenerator.Tests.FormatterSnapshotTests.RoslynIdempotency_SampleFile_IsUnchanged(filePath: &quot;C:\\Yanivs\\GameDev\\UnityComponents\\Assets\\Reac&quot;···, relativePath: &quot;Components\\ShowcaseDemoPage\\components\\Showcase&quot;···)" computerName="DESKTOP-CFTHQRQ" duration="00:00:00.0002115" startTime="2026-03-16T16:16:23.6452253+02:00" endTime="2026-03-16T16:16:23.6452253+02:00" testType="13cdc9d9-ddb5-4fa4-a97d-d965ccfc6d4b" outcome="Passed" testListId="8c84fa94-04c1-424b-9868-57a2d4851a1d" relativeResultsDirectory="7fb10b11-91f6-490b-ba65-44239306bd6d" />
    <UnitTestResult executionId="28e5a99f-5750-4895-954f-b0f0b7b4f3d8" testId="3fa3d60f-12e1-7656-1a37-a9804bea4764" testName="ReactiveUITK.SourceGenerator.Tests.FormatterSnapshotTests.Idempotency_SampleFile_IsUnchanged(filePath: &quot;C:\\Yanivs\\GameDev\\UnityComponents\\Assets\\Reac&quot;···, relativePath: &quot;Components\\PropTypesDemoFunc\\PropTypesDemoFunc.u&quot;···)" computerName="DESKTOP-CFTHQRQ" duration="00:00:00.0001530" startTime="2026-03-16T16:16:23.6551389+02:00" endTime="2026-03-16T16:16:23.6551389+02:00" testType="13cdc9d9-ddb5-4fa4-a97d-d965ccfc6d4b" outcome="Passed" testListId="8c84fa94-04c1-424b-9868-57a2d4851a1d" relativeResultsDirectory="28e5a99f-5750-4895-954f-b0f0b7b4f3d8" />
    <UnitTestResult executionId="859d8c30-96fe-4731-934a-7b5bcd4527a4" testId="160a5e45-aa00-0f51-d54b-8f4c4a9eccca" testName="ReactiveUITK.SourceGenerator.Tests.FormatterSnapshotTests.RoslynIdempotency_SampleFile_IsUnchanged(filePath: &quot;C:\\Yanivs\\GameDev\\UnityComponents\\Assets\\Reac&quot;···, relativePath: &quot;Components\\MainMenuRouterDemoFunc\\MainMenuSideba&quot;···)" computerName="DESKTOP-CFTHQRQ" duration="00:00:00.0001729" startTime="2026-03-16T16:16:23.6446249+02:00" endTime="2026-03-16T16:16:23.6446249+02:00" testType="13cdc9d9-ddb5-4fa4-a97d-d965ccfc6d4b" outcome="Passed" testListId="8c84fa94-04c1-424b-9868-57a2d4851a1d" relativeResultsDirectory="859d8c30-96fe-4731-934a-7b5bcd4527a4" />
    <UnitTestResult executionId="8b04e493-72af-42cc-9e15-81db491c1727" testId="2b66cf21-c1ba-f20b-e852-f5de37e8700f" testName="ReactiveUITK.SourceGenerator.Tests.FormatterSnapshotTests.RoslynIdempotency_SampleFile_IsUnchanged(filePath: &quot;C:\\Yanivs\\GameDev\\UnityComponents\\Assets\\Reac&quot;···, relativePath: &quot;Components\\LatestFeaturesDemoFunc\\LatestFeatures&quot;···)" computerName="DESKTOP-CFTHQRQ" duration="00:00:00.0005944" startTime="2026-03-16T16:16:23.6454882+02:00" endTime="2026-03-16T16:16:23.6454882+02:00" testType="13cdc9d9-ddb5-4fa4-a97d-d965ccfc6d4b" outcome="Passed" testListId="8c84fa94-04c1-424b-9868-57a2d4851a1d" relativeResultsDirectory="8b04e493-72af-42cc-9e15-81db491c1727" />
    <UnitTestResult executionId="83c8f890-30cd-4115-8d4e-33d860d1a3c3" testId="9b9cec69-37d2-51be-303a-89df610a9b0e" testName="ReactiveUITK.SourceGenerator.Tests.FormatterSnapshotTests.Idempotency_SampleFile_IsUnchanged(filePath: &quot;C:\\Yanivs\\GameDev\\UnityComponents\\Assets\\Reac&quot;···, relativePath: &quot;Components\\LatestFeaturesDemoFunc\\LatestFeatures&quot;···)" computerName="DESKTOP-CFTHQRQ" duration="00:00:00.0006125" startTime="2026-03-16T16:16:23.6471338+02:00" endTime="2026-03-16T16:16:23.6471339+02:00" testType="13cdc9d9-ddb5-4fa4-a97d-d965ccfc6d4b" outcome="Passed" testListId="8c84fa94-04c1-424b-9868-57a2d4851a1d" relativeResultsDirectory="83c8f890-30cd-4115-8d4e-33d860d1a3c3" />
    <UnitTestResult executionId="635277b4-8785-4d1e-8048-18ddc76f0af9" testId="f72174f2-582a-4630-fee6-44087ab7468e" testName="ReactiveUITK.SourceGenerator.Tests.FormatterSnapshotTests.RoslynIdempotency_SampleFile_IsUnchanged(filePath: &quot;C:\\Yanivs\\GameDev\\UnityComponents\\Assets\\Reac&quot;···, relativePath: &quot;Components\\KeyedDiffLisDemoFunc\\KeyedDiffLisDemo&quot;···)" computerName="DESKTOP-CFTHQRQ" duration="00:00:00.0010676" startTime="2026-03-16T16:16:23.6132476+02:00" endTime="2026-03-16T16:16:23.6132476+02:00" testType="13cdc9d9-ddb5-4fa4-a97d-d965ccfc6d4b" outcome="Passed" testListId="8c84fa94-04c1-424b-9868-57a2d4851a1d" relativeResultsDirectory="635277b4-8785-4d1e-8048-18ddc76f0af9" />
    <UnitTestResult executionId="322a0700-c025-4319-ab4b-5843a7704218" testId="0d1815aa-15f0-5703-f3d5-aab4c78282c1" testName="ReactiveUITK.SourceGenerator.Tests.FormatterSnapshotTests.Idempotency_SampleFile_IsUnchanged(filePath: &quot;C:\\Yanivs\\GameDev\\UnityComponents\\Assets\\Reac&quot;···, relativePath: &quot;Components\\RefForwardingDemoFunc\\RefForwardingDe&quot;···)" computerName="DESKTOP-CFTHQRQ" duration="00:00:00.0002003" startTime="2026-03-16T16:16:23.6566224+02:00" endTime="2026-03-16T16:16:23.6566225+02:00" testType="13cdc9d9-ddb5-4fa4-a97d-d965ccfc6d4b" outcome="Passed" testListId="8c84fa94-04c1-424b-9868-57a2d4851a1d" relativeResultsDirectory="322a0700-c025-4319-ab4b-5843a7704218" />
    <UnitTestResult executionId="94b18a5f-7a0d-4d45-8f86-1af13be8ab58" testId="68b02e67-be76-c80a-a3fa-75f3ef460bbf" testName="ReactiveUITK.SourceGenerator.Tests.FormatterSnapshotTests.Idempotency_SampleFile_IsUnchanged(filePath: &quot;C:\\Yanivs\\GameDev\\UnityComponents\\Assets\\Reac&quot;···, relativePath: &quot;Components\\ContextBailoutDemoFunc\\MiddleLayer.ui&quot;···)" computerName="DESKTOP-CFTHQRQ" duration="00:00:00.0001568" startTime="2026-03-16T16:16:23.6539773+02:00" endTime="2026-03-16T16:16:23.6539774+02:00" testType="13cdc9d9-ddb5-4fa4-a97d-d965ccfc6d4b" outcome="Passed" testListId="8c84fa94-04c1-424b-9868-57a2d4851a1d" relativeResultsDirectory="94b18a5f-7a0d-4d45-8f86-1af13be8ab58" />
    <UnitTestResult executionId="57d3107a-ebed-4375-9361-d1f74f438997" testId="076d17a4-f427-6be9-aa46-c587cdab37af" testName="ReactiveUITK.SourceGenerator.Tests.FormatterSnapshotTests.Idempotency_SampleFile_IsUnchanged(filePath: &quot;C:\\Yanivs\\GameDev\\UnityComponents\\Assets\\Reac&quot;···, relativePath: &quot;Components\\RouterDemoFunc\\RouterUserDetails.uitk&quot;···)" computerName="DESKTOP-CFTHQRQ" duration="00:00:00.0002445" startTime="2026-03-16T16:16:23.6537380+02:00" endTime="2026-03-16T16:16:23.6537381+02:00" testType="13cdc9d9-ddb5-4fa4-a97d-d965ccfc6d4b" outcome="Passed" testListId="8c84fa94-04c1-424b-9868-57a2d4851a1d" relativeResultsDirectory="57d3107a-ebed-4375-9361-d1f74f438997" />
    <UnitTestResult executionId="fb56ea35-e81f-4c82-bd50-6a8975aea872" testId="af42b4e0-c10b-9567-59ff-10e13e9d5dba" testName="ReactiveUITK.SourceGenerator.Tests.FormatterSnapshotTests.Idempotency_SampleFile_IsUnchanged(filePath: &quot;C:\\Yanivs\\GameDev\\UnityComponents\\Assets\\Reac&quot;···, relativePath: &quot;Components\\MainMenuRouterDemoFunc\\MainMenuSideba&quot;···)" computerName="DESKTOP-CFTHQRQ" duration="00:00:00.0001461" startTime="2026-03-16T16:16:23.6498448+02:00" endTime="2026-03-16T16:16:23.6498449+02:00" testType="13cdc9d9-ddb5-4fa4-a97d-d965ccfc6d4b" outcome="Passed" testListId="8c84fa94-04c1-424b-9868-57a2d4851a1d" relativeResultsDirectory="fb56ea35-e81f-4c82-bd50-6a8975aea872" />
    <UnitTestResult executionId="d4466e6f-10bc-417c-b6e1-5c660d5f5d3a" testId="d21e5e3a-a1c6-cd7a-4135-b5dc3c64c49c" testName="ReactiveUITK.SourceGenerator.Tests.FormatterSnapshotTests.RoslynIdempotency_SampleFile_IsUnchanged(filePath: &quot;C:\\Yanivs\\GameDev\\UnityComponents\\Assets\\Reac&quot;···, relativePath: &quot;Components\\HelloWorldFunc\\HelloWorldFunc.uitkx&quot;)" computerName="DESKTOP-CFTHQRQ" duration="00:00:00.0000657" startTime="2026-03-16T16:16:23.6449796+02:00" endTime="2026-03-16T16:16:23.6449796+02:00" testType="13cdc9d9-ddb5-4fa4-a97d-d965ccfc6d4b" outcome="Passed" testListId="8c84fa94-04c1-424b-9868-57a2d4851a1d" relativeResultsDirectory="d4466e6f-10bc-417c-b6e1-5c660d5f5d3a" />
    <UnitTestResult executionId="6c28d3a6-767d-47ec-bce5-e6e81e13e99d" testId="94359973-7cea-0224-2b1e-482afbb6873d" testName="ReactiveUITK.SourceGenerator.Tests.FormatterSnapshotTests.Idempotency_SampleFile_IsUnchanged(filePath: &quot;C:\\Yanivs\\GameDev\\UnityComponents\\Assets\\Reac&quot;···, relativePath: &quot;Components\\ShowcaseDemoPage\\components\\Showcase&quot;···)" computerName="DESKTOP-CFTHQRQ" duration="00:00:00.0003124" startTime="2026-03-16T16:16:23.6477039+02:00" endTime="2026-03-16T16:16:23.6477039+02:00" testType="13cdc9d9-ddb5-4fa4-a97d-d965ccfc6d4b" outcome="Passed" testListId="8c84fa94-04c1-424b-9868-57a2d4851a1d" relativeResultsDirectory="6c28d3a6-767d-47ec-bce5-e6e81e13e99d" />
    <UnitTestResult executionId="d7a2fff0-b9b6-4a4b-b485-73a5cf4a8bbb" testId="fe3de07f-3549-f27b-eca4-9f60873ae85f" testName="ReactiveUITK.SourceGenerator.Tests.FormatterSnapshotTests.RoslynIdempotency_SampleFile_IsUnchanged(filePath: &quot;C:\\Yanivs\\GameDev\\UnityComponents\\Assets\\Reac&quot;···, relativePath: &quot;Components\\HookStateQueueDemoFunc\\HookStateQueue&quot;···)" computerName="DESKTOP-CFTHQRQ" duration="00:00:00.0003170" startTime="2026-03-16T16:16:23.6455244+02:00" endTime="2026-03-16T16:16:23.6455244+02:00" testType="13cdc9d9-ddb5-4fa4-a97d-d965ccfc6d4b" outcome="Passed" testListId="8c84fa94-04c1-424b-9868-57a2d4851a1d" relativeResultsDirectory="d7a2fff0-b9b6-4a4b-b485-73a5cf4a8bbb" />
    <UnitTestResult executionId="5f59c14a-59c1-4883-9fc3-0a17ca03d385" testId="28b4a12a-eab1-b5dc-62d1-8ef540758ee8" testName="ReactiveUITK.SourceGenerator.Tests.FormatterSnapshotTests.RoslynIdempotency_SampleFile_IsUnchanged(filePath: &quot;C:\\Yanivs\\GameDev\\UnityComponents\\Assets\\Reac&quot;···, relativePath: &quot;Components\\RefForwardingDemoFunc\\RefForwardingDe&quot;···)" computerName="DESKTOP-CFTHQRQ" duration="00:00:00.0002568" startTime="2026-03-16T16:16:23.6192077+02:00" endTime="2026-03-16T16:16:23.6192077+02:00" testType="13cdc9d9-ddb5-4fa4-a97d-d965ccfc6d4b" outcome="Passed" testListId="8c84fa94-04c1-424b-9868-57a2d4851a1d" relativeResultsDirectory="5f59c14a-59c1-4883-9fc3-0a17ca03d385" />
    <UnitTestResult executionId="fdefa76d-6758-4639-8bc5-799607f57d76" testId="e434fdde-c2e1-4390-b53f-7be7048ea70c" testName="ReactiveUITK.SourceGenerator.Tests.FormatterSnapshotTests.Idempotency_SampleFile_IsUnchanged(filePath: &quot;C:\\Yanivs\\GameDev\\UnityComponents\\Assets\\Reac&quot;···, relativePath: &quot;Components\\HelloWorldFunc\\HelloWorldFunc.uitkx&quot;)" computerName="DESKTOP-CFTHQRQ" duration="00:00:00.0000607" startTime="2026-03-16T16:16:23.6555795+02:00" endTime="2026-03-16T16:16:23.6555795+02:00" testType="13cdc9d9-ddb5-4fa4-a97d-d965ccfc6d4b" outcome="Passed" testListId="8c84fa94-04c1-424b-9868-57a2d4851a1d" relativeResultsDirectory="fdefa76d-6758-4639-8bc5-799607f57d76" />
    <UnitTestResult executionId="c2c7466c-4d73-470d-a8b6-7568f0d3b829" testId="4720472f-ae21-69c4-d1e7-b99163193790" testName="ReactiveUITK.SourceGenerator.Tests.FormatterSnapshotTests.RoslynIdempotency_SampleFile_IsUnchanged(filePath: &quot;C:\\Yanivs\\GameDev\\UnityComponents\\Assets\\Reac&quot;···, relativePath: &quot;Components\\ShowcaseDemoPage\\components\\Showcase&quot;···)" computerName="DESKTOP-CFTHQRQ" duration="00:00:00.0002525" startTime="2026-03-16T16:16:23.6446338+02:00" endTime="2026-03-16T16:16:23.6446338+02:00" testType="13cdc9d9-ddb5-4fa4-a97d-d965ccfc6d4b" outcome="Passed" testListId="8c84fa94-04c1-424b-9868-57a2d4851a1d" relativeResultsDirectory="c2c7466c-4d73-470d-a8b6-7568f0d3b829" />
    <UnitTestResult executionId="09c8e708-369c-4a7a-9eae-883de03f65e3" testId="d391aba8-154a-72d0-6ce9-2f0b6f8d9964" testName="ReactiveUITK.SourceGenerator.Tests.FormatterSnapshotTests.Idempotency_SampleFile_IsUnchanged(filePath: &quot;C:\\Yanivs\\GameDev\\UnityComponents\\Assets\\Reac&quot;···, relativePath: &quot;Components\\ShowcaseDemoPage\\components\\Showcase&quot;···)" computerName="DESKTOP-CFTHQRQ" duration="00:00:00.0002126" startTime="2026-03-16T16:16:23.6555059+02:00" endTime="2026-03-16T16:16:23.6555059+02:00" testType="13cdc9d9-ddb5-4fa4-a97d-d965ccfc6d4b" outcome="Passed" testListId="8c84fa94-04c1-424b-9868-57a2d4851a1d" relativeResultsDirectory="09c8e708-369c-4a7a-9eae-883de03f65e3" />
    <UnitTestResult executionId="77c7d976-f4f4-470e-86ad-5eaa0d920a73" testId="4f2b6624-71cd-f489-4f89-392b1db8917c" testName="ReactiveUITK.SourceGenerator.Tests.FormatterSnapshotTests.Idempotency_SampleFile_IsUnchanged(filePath: &quot;C:\\Yanivs\\GameDev\\UnityComponents\\Assets\\Reac&quot;···, relativePath: &quot;Components\\ContextDemoFunc\\ContextConsumer.uitkx&quot;)" computerName="DESKTOP-CFTHQRQ" duration="00:00:00.0000924" startTime="2026-03-16T16:16:23.6595314+02:00" endTime="2026-03-16T16:16:23.6595314+02:00" testType="13cdc9d9-ddb5-4fa4-a97d-d965ccfc6d4b" outcome="Passed" testListId="8c84fa94-04c1-424b-9868-57a2d4851a1d" relativeResultsDirectory="77c7d976-f4f4-470e-86ad-5eaa0d920a73" />
    <UnitTestResult executionId="30cca573-8d02-40c3-8792-da6fa901a3e4" testId="1c645950-027f-f3f2-4659-304d92d8d9c0" testName="ReactiveUITK.SourceGenerator.Tests.FormatterSnapshotTests.RoslynIdempotency_SampleFile_IsUnchanged(filePath: &quot;C:\\Yanivs\\GameDev\\UnityComponents\\Assets\\Reac&quot;···, relativePath: &quot;Components\\ContextBailoutDemoFunc\\ThemeConsumer.&quot;···)" computerName="DESKTOP-CFTHQRQ" duration="00:00:00.0002223" startTime="2026-03-16T16:16:23.6445887+02:00" endTime="2026-03-16T16:16:23.6445887+02:00" testType="13cdc9d9-ddb5-4fa4-a97d-d965ccfc6d4b" outcome="Passed" testListId="8c84fa94-04c1-424b-9868-57a2d4851a1d" relativeResultsDirectory="30cca573-8d02-40c3-8792-da6fa901a3e4" />
    <UnitTestResult executionId="94239538-b77f-4d86-885d-96a9a780e8e5" testId="cf5951f2-6fe2-6557-8e6a-7e42460d1417" testName="ReactiveUITK.SourceGenerator.Tests.FormatterSnapshotTests.Idempotency_SampleFile_IsUnchanged(filePath: &quot;C:\\Yanivs\\GameDev\\UnityComponents\\Assets\\Reac&quot;···, relativePath: &quot;Components\\PortalEventScopeDemoFunc\\PortalEventS&quot;···)" computerName="DESKTOP-CFTHQRQ" duration="00:00:00.0002288" startTime="2026-03-16T16:16:23.6599188+02:00" endTime="2026-03-16T16:16:23.6599188+02:00" testType="13cdc9d9-ddb5-4fa4-a97d-d965ccfc6d4b" outcome="Passed" testListId="8c84fa94-04c1-424b-9868-57a2d4851a1d" relativeResultsDirectory="94239538-b77f-4d86-885d-96a9a780e8e5" />
    <UnitTestResult executionId="46af5e26-069c-46da-8444-f91c714a120b" testId="3a6a0527-f40f-dc5b-6803-127e64cac541" testName="ReactiveUITK.SourceGenerator.Tests.FormatterSnapshotTests.RoslynIdempotency_SampleFile_IsUnchanged(filePath: &quot;C:\\Yanivs\\GameDev\\UnityComponents\\Assets\\Reac&quot;···, relativePath: &quot;Components\\PropTypesDemoFunc\\StatusBadge.uitkx&quot;)" computerName="DESKTOP-CFTHQRQ" duration="00:00:00.0001217" startTime="2026-03-16T16:16:23.6452706+02:00" endTime="2026-03-16T16:16:23.6452706+02:00" testType="13cdc9d9-ddb5-4fa4-a97d-d965ccfc6d4b" outcome="Passed" testListId="8c84fa94-04c1-424b-9868-57a2d4851a1d" relativeResultsDirectory="46af5e26-069c-46da-8444-f91c714a120b" />
    <UnitTestResult executionId="11b04a35-0c71-4445-91f7-1f1cd074b5ee" testId="d383c7a9-7442-5ce6-f5b9-a31b2e826a75" testName="ReactiveUITK.SourceGenerator.Tests.FormatterSnapshotTests.Idempotency_SampleFile_IsUnchanged(filePath: &quot;C:\\Yanivs\\GameDev\\UnityComponents\\Assets\\Reac&quot;···, relativePath: &quot;Components\\RouterDemoFunc\\RouterNavLink.uitkx&quot;)" computerName="DESKTOP-CFTHQRQ" duration="00:00:00.0001307" startTime="2026-03-16T16:16:23.6580541+02:00" endTime="2026-03-16T16:16:23.6580542+02:00" testType="13cdc9d9-ddb5-4fa4-a97d-d965ccfc6d4b" outcome="Passed" testListId="8c84fa94-04c1-424b-9868-57a2d4851a1d" relativeResultsDirectory="11b04a35-0c71-4445-91f7-1f1cd074b5ee" />
    <UnitTestResult executionId="5da49a7d-1144-419e-b900-bed4f1a264db" testId="0aa38156-e2c0-c622-c99f-1780d6976136" testName="ReactiveUITK.SourceGenerator.Tests.FormatterSnapshotTests.RoslynIdempotency_SampleFile_IsUnchanged(filePath: &quot;C:\\Yanivs\\GameDev\\UnityComponents\\Assets\\Reac&quot;···, relativePath: &quot;Components\\MainMenuRouterDemoFunc\\MainMenuLayout&quot;···)" computerName="DESKTOP-CFTHQRQ" duration="00:00:00.0003778" startTime="2026-03-16T16:16:23.6445794+02:00" endTime="2026-03-16T16:16:23.6445794+02:00" testType="13cdc9d9-ddb5-4fa4-a97d-d965ccfc6d4b" outcome="Passed" testListId="8c84fa94-04c1-424b-9868-57a2d4851a1d" relativeResultsDirectory="5da49a7d-1144-419e-b900-bed4f1a264db" />
    <UnitTestResult executionId="78c98405-b59c-493c-8ebf-360afd6a8830" testId="bc0692f0-c183-4393-b210-4585f8fb44c4" testName="ReactiveUITK.SourceGenerator.Tests.FormatterSnapshotTests.Idempotency_SampleFile_IsUnchanged(filePath: &quot;C:\\Yanivs\\GameDev\\UnityComponents\\Assets\\Reac&quot;···, relativePath: &quot;Components\\ShowcaseDemoPage\\ShowcaseDemoPage.uit&quot;···)" computerName="DESKTOP-CFTHQRQ" duration="00:00:00.0004842" startTime="2026-03-16T16:16:23.6573393+02:00" endTime="2026-03-16T16:16:23.6573394+02:00" testType="13cdc9d9-ddb5-4fa4-a97d-d965ccfc6d4b" outcome="Passed" testListId="8c84fa94-04c1-424b-9868-57a2d4851a1d" relativeResultsDirectory="78c98405-b59c-493c-8ebf-360afd6a8830" />
    <UnitTestResult executionId="a0f62711-80a3-4e21-a6d9-8aed99b40c7d" testId="467fcb14-6be6-8a96-669f-fd89e48d0cdb" testName="ReactiveUITK.SourceGenerator.Tests.FormatterSnapshotTests.RoslynIdempotency_SampleFile_IsUnchanged(filePath: &quot;C:\\Yanivs\\GameDev\\UnityComponents\\Assets\\Reac&quot;···, relativePath: &quot;Components\\FlushSyncDemoFunc\\FlushSyncDemoFunc.u&quot;···)" computerName="DESKTOP-CFTHQRQ" duration="00:00:00.0001180" startTime="2026-03-16T16:16:23.6452531+02:00" endTime="2026-03-16T16:16:23.6452531+02:00" testType="13cdc9d9-ddb5-4fa4-a97d-d965ccfc6d4b" outcome="Passed" testListId="8c84fa94-04c1-424b-9868-57a2d4851a1d" relativeResultsDirectory="a0f62711-80a3-4e21-a6d9-8aed99b40c7d" />
    <UnitTestResult executionId="6e4c03c6-8d33-47fa-8d58-13505f302b31" testId="445ebcac-6269-60ac-2726-4de866c9edae" testName="ReactiveUITK.SourceGenerator.Tests.FormatterSnapshotTests.Idempotency_SampleFile_IsUnchanged(filePath: &quot;C:\\Yanivs\\GameDev\\UnityComponents\\Assets\\Reac&quot;···, relativePath: &quot;Components\\MainMenuRouterDemoFunc\\MainMenuLayout&quot;···)" computerName="DESKTOP-CFTHQRQ" duration="00:00:00.0001631" startTime="2026-03-16T16:16:23.6523109+02:00" endTime="2026-03-16T16:16:23.6523109+02:00" testType="13cdc9d9-ddb5-4fa4-a97d-d965ccfc6d4b" outcome="Passed" testListId="8c84fa94-04c1-424b-9868-57a2d4851a1d" relativeResultsDirectory="6e4c03c6-8d33-47fa-8d58-13505f302b31" />
    <UnitTestResult executionId="fca63ae2-1875-457d-9a63-bb406dda5866" testId="c57d55bb-dc91-9b1f-56a6-fa120a641051" testName="ReactiveUITK.SourceGenerator.Tests.FormatterSnapshotTests.RoslynIdempotency_SampleFile_IsUnchanged(filePath: &quot;C:\\Yanivs\\GameDev\\UnityComponents\\Assets\\Reac&quot;···, relativePath: &quot;Components\\ShowcaseDemoPage\\components\\Showcase&quot;···)" computerName="DESKTOP-CFTHQRQ" duration="00:00:00.0003303" startTime="2026-03-16T16:16:23.6452787+02:00" endTime="2026-03-16T16:16:23.6452787+02:00" testType="13cdc9d9-ddb5-4fa4-a97d-d965ccfc6d4b" outcome="Passed" testListId="8c84fa94-04c1-424b-9868-57a2d4851a1d" relativeResultsDirectory="fca63ae2-1875-457d-9a63-bb406dda5866" />
    <UnitTestResult executionId="0da544b0-abf4-4873-bdb1-83f628f93f1d" testId="41d660dd-5ff1-63f5-bc70-10e58759e01d" testName="ReactiveUITK.SourceGenerator.Tests.FormatterSnapshotTests.Idempotency_SampleFile_IsUnchanged(filePath: &quot;C:\\Yanivs\\GameDev\\UnityComponents\\Assets\\Reac&quot;···, relativePath: &quot;Components\\SyntheticEventDemoFunc\\SyntheticEvent&quot;···)" computerName="DESKTOP-CFTHQRQ" duration="00:00:00.0001957" startTime="2026-03-16T16:16:23.6568350+02:00" endTime="2026-03-16T16:16:23.6568351+02:00" testType="13cdc9d9-ddb5-4fa4-a97d-d965ccfc6d4b" outcome="Passed" testListId="8c84fa94-04c1-424b-9868-57a2d4851a1d" relativeResultsDirectory="0da544b0-abf4-4873-bdb1-83f628f93f1d" />
    <UnitTestResult executionId="f042e877-2d63-402c-b915-395765dbe0dd" testId="fd8b0bdb-bd9f-a111-fae8-5fd9ff151992" testName="ReactiveUITK.SourceGenerator.Tests.FormatterSnapshotTests.RoslynIdempotency_SampleFile_IsUnchanged(filePath: &quot;C:\\Yanivs\\GameDev\\UnityComponents\\Assets\\Reac&quot;···, relativePath: &quot;Components\\RouterDemoFunc\\RouterDemoFunc.uitkx&quot;)" computerName="DESKTOP-CFTHQRQ" duration="00:00:00.0002393" startTime="2026-03-16T16:16:23.6455849+02:00" endTime="2026-03-16T16:16:23.6455850+02:00" testType="13cdc9d9-ddb5-4fa4-a97d-d965ccfc6d4b" outcome="Passed" testListId="8c84fa94-04c1-424b-9868-57a2d4851a1d" relativeResultsDirectory="f042e877-2d63-402c-b915-395765dbe0dd" />
    <UnitTestResult executionId="936e4969-0ae4-47fa-a581-3bf68f9b00cd" testId="38c0fd91-5830-e3c1-4828-f43fe1fe7190" testName="ReactiveUITK.SourceGenerator.Tests.FormatterSnapshotTests.Idempotency_SampleFile_IsUnchanged(filePath: &quot;C:\\Yanivs\\GameDev\\UnityComponents\\Assets\\Reac&quot;···, relativePath: &quot;Components\\FlushSyncDemoFunc\\FlushSyncDemoFunc.u&quot;···)" computerName="DESKTOP-CFTHQRQ" duration="00:00:00.0001074" startTime="2026-03-16T16:16:23.6587449+02:00" endTime="2026-03-16T16:16:23.6587449+02:00" testType="13cdc9d9-ddb5-4fa4-a97d-d965ccfc6d4b" outcome="Passed" testListId="8c84fa94-04c1-424b-9868-57a2d4851a1d" relativeResultsDirectory="936e4969-0ae4-47fa-a581-3bf68f9b00cd" />
  </Results>
  <TestDefinitions>
    <UnitTest name="ReactiveUITK.SourceGenerator.Tests.FormatterSnapshotTests.Idempotency_SampleFile_IsUnchanged(filePath: &quot;C:\\Yanivs\\GameDev\\UnityComponents\\Assets\\Reac&quot;···, relativePath: &quot;Components\\SimpleCounterFunc\\SimpleCounterFunc.u&quot;···)" storage="c:\yanivs\gamedev\unitycomponents\assets\reactiveuitoolkit\sourcegenerator~\tests\bin\debug\net10.0\reactiveuitk.sourcegenerator.tests.dll" id="1148b964-f6da-ee8b-b416-cfb753bb7202">
      <Execution id="e8285d0d-9b89-4756-93c1-1bfd44e017ac" />
[...]
    <TestEntry testId="99b159f8-1d01-3cfe-6b77-80c782a4e587" executionId="d7690d9d-fbab-4868-b768-ce1de2a8e56f" testListId="8c84fa94-04c1-424b-9868-57a2d4851a1d" />
    <TestEntry testId="c5ff2795-adb2-197b-3399-4c702c99bf9d" executionId="3149d1a9-97fe-468a-a249-f153a78b55de" testListId="8c84fa94-04c1-424b-9868-57a2d4851a1d" />
    <TestEntry testId="5aa107c8-c3e8-d062-5ef8-3f85387b88b3" executionId="ba421392-5308-41e3-8150-65032c347101" testListId="8c84fa94-04c1-424b-9868-57a2d4851a1d" />
    <TestEntry testId="9a8cd3cd-6e1c-eadf-a10b-3bbbe8e76162" executionId="831983f3-84e3-4503-934c-9a393e01c3fb" testListId="8c84fa94-04c1-424b-9868-57a2d4851a1d" />
    <TestEntry testId="71d4595d-c98b-72c8-4a4f-60d8150d749f" executionId="9a262fb9-97e6-491f-8310-e6c324fe0243" testListId="8c84fa94-04c1-424b-9868-57a2d4851a1d" />
    <TestEntry testId="e600ae0d-3c7f-791d-69cc-39c7172e3a00" executionId="64bc4f47-75fb-4031-9ed9-32064d2135c9" testListId="8c84fa94-04c1-424b-9868-57a2d4851a1d" />
    <TestEntry testId="99b52f4c-57c0-f646-9f98-8fd1f4e91872" executionId="4ef1eee7-2c08-46ad-bae9-36fac1d3b42e" testListId="8c84fa94-04c1-424b-9868-57a2d4851a1d" />
    <TestEntry testId="de7c5ebb-ec46-a978-3126-2502ccce8a29" executionId="03ae1e02-7741-4c33-af8c-dc7e3ee308ca" testListId="8c84fa94-04c1-424b-9868-57a2d4851a1d" />
    <TestEntry testId="7404b10e-d0fd-9a02-e0ea-951bbadacfa0" executionId="ee4144fd-0a55-4ba1-8772-7b1d54d91fd0" testListId="8c84fa94-04c1-424b-9868-57a2d4851a1d" />
    <TestEntry testId="edc0868e-d6f1-b10b-9b08-9f811d090c61" executionId="57b9c430-03e8-4a23-809e-f0a958386147" testListId="8c84fa94-04c1-424b-9868-57a2d4851a1d" />
    <TestEntry testId="c80a9935-1824-d8be-bbdd-977281b780e6" executionId="5e18be88-67db-41c0-b2ba-f2d5b3c98271" testListId="8c84fa94-04c1-424b-9868-57a2d4851a1d" />
    <TestEntry testId="22e51792-6d51-e663-ff69-f58040df18f8" executionId="242ddd56-9f18-4afe-960e-1989dad88ad1" testListId="8c84fa94-04c1-424b-9868-57a2d4851a1d" />
    <TestEntry testId="8a46db98-945e-1d74-219a-a5ed405c9e7f" executionId="79281171-be6e-4440-98fe-90ef5f0b6b95" testListId="8c84fa94-04c1-424b-9868-57a2d4851a1d" />
    <TestEntry testId="3318dd7d-9aaa-1dee-d404-612b8f90bbf3" executionId="6547b510-8666-4c7e-a36a-54b59556e613" testListId="8c84fa94-04c1-424b-9868-57a2d4851a1d" />
    <TestEntry testId="8687ba4c-e7cc-df3e-0f90-3eccec5eac1c" executionId="cb6de324-0e14-4723-88b4-b92d0049bc45" testListId="8c84fa94-04c1-424b-9868-57a2d4851a1d" />
    <TestEntry testId="4f682c18-8aaf-d96c-dbd0-c7fb09816ae1" executionId="97da9141-c43d-4667-b6a1-5f9239a104a6" testListId="8c84fa94-04c1-424b-9868-57a2d4851a1d" />
    <TestEntry testId="db2ad885-e873-f6d8-ea20-9af80ff920be" executionId="ab3c8fe8-f7b9-4cc8-a7f6-23dbec908acc" testListId="8c84fa94-04c1-424b-9868-57a2d4851a1d" />
    <TestEntry testId="f159b20e-083c-820e-c751-580cccf679c9" executionId="00945d33-2c1b-4ef1-9cc5-2d4cc20e4e5d" testListId="8c84fa94-04c1-424b-9868-57a2d4851a1d" />
    <TestEntry testId="f640b95c-c080-8ca8-5161-789a80ee044a" executionId="b32bbe53-9106-42dd-a0e0-df0b5b096746" testListId="8c84fa94-04c1-424b-9868-57a2d4851a1d" />
    <TestEntry testId="65681499-665f-1af4-86f0-857b71ffa404" executionId="83cef6c3-f895-440f-b08d-540795f6055b" testListId="8c84fa94-04c1-424b-9868-57a2d4851a1d" />
    <TestEntry testId="854597b0-3dae-8d50-bd2d-73ba7fd95d1b" executionId="d879d1a6-56a9-420a-a29d-d94866e36fd2" testListId="8c84fa94-04c1-424b-9868-57a2d4851a1d" />
    <TestEntry testId="fb9b2334-84d8-8bee-8013-081edb7bb235" executionId="6ed881d1-ff05-4f98-8693-b02bf7dbee51" testListId="8c84fa94-04c1-424b-9868-57a2d4851a1d" />
    <TestEntry testId="98815f87-03e0-817a-0441-853a94640589" executionId="ed0902ff-c14e-40a6-91e7-0957f05b222e" testListId="8c84fa94-04c1-424b-9868-57a2d4851a1d" />
    <TestEntry testId="5e8afc72-3631-d4ac-9e01-602f09e94106" executionId="f160cd0d-43e4-4856-9949-9476e7ad6662" testListId="8c84fa94-04c1-424b-9868-57a2d4851a1d" />
    <TestEntry testId="c8b106f0-32de-69b8-8d8e-8b5c1f9f88dd" executionId="d5c2d5ff-6182-4a03-9e57-c46d852ef108" testListId="8c84fa94-04c1-424b-9868-57a2d4851a1d" />
    <TestEntry testId="aa01e329-64aa-106f-a197-dfffc4b00652" executionId="0ebb62e9-3d9c-4c12-9f5d-3042940bef24" testListId="8c84fa94-04c1-424b-9868-57a2d4851a1d" />
    <TestEntry testId="1fdbb394-a4fc-0df7-2404-70135e3d695c" executionId="8d869719-1cba-4957-ae68-0d32f26e5ae0" testListId="8c84fa94-04c1-424b-9868-57a2d4851a1d" />
    <TestEntry testId="96b6266e-f9f0-6e1f-e67a-f5c7673bca25" executionId="875692fc-e871-4020-a0f9-a721fc99b25a" testListId="8c84fa94-04c1-424b-9868-57a2d4851a1d" />
    <TestEntry testId="84f36409-6db5-a04d-791e-404283910100" executionId="f3d35e18-5c33-4af0-bf35-401b3a81fd7a" testListId="8c84fa94-04c1-424b-9868-57a2d4851a1d" />
    <TestEntry testId="0e8466c1-20db-e84c-35ed-e7ee45a7406c" executionId="dfd588f5-4ed7-4e41-82e5-1f9e83c00e79" testListId="8c84fa94-04c1-424b-9868-57a2d4851a1d" />
    <TestEntry testId="9044740b-1abc-6029-721e-4babac658775" executionId="4bced8ed-3506-419b-9176-7b00b39eac38" testListId="8c84fa94-04c1-424b-9868-57a2d4851a1d" />
    <TestEntry testId="6f67c451-dd39-d6dc-2a94-cde78da9203f" executionId="b45fcf74-7c58-497a-a963-81c2291a6cbe" testListId="8c84fa94-04c1-424b-9868-57a2d4851a1d" />
    <TestEntry testId="e700b243-aad9-ccf6-32b1-7f7a115c7156" executionId="90b401be-a412-43dd-b9ec-85d8658727fe" testListId="8c84fa94-04c1-424b-9868-57a2d4851a1d" />
    <TestEntry testId="82669be3-4b6c-8c23-a6d0-fb11820c9e57" executionId="ef62ea0a-7484-4190-a0b6-d2077f8daede" testListId="8c84fa94-04c1-424b-9868-57a2d4851a1d" />
    <TestEntry testId="077caaa5-d776-9282-1ac0-8059d030ef3c" executionId="83b9d0ee-b694-4140-bb38-d9fffd19f428" testListId="8c84fa94-04c1-424b-9868-57a2d4851a1d" />
    <TestEntry testId="af00d698-7dfc-ac53-cc27-2b38c42703a7" executionId="d9180d06-1982-4306-ac55-511ecae2b4fa" testListId="8c84fa94-04c1-424b-9868-57a2d4851a1d" />
    <TestEntry testId="510facf2-166b-cc03-1f23-088dc04d5eea" executionId="afd76cfe-02f7-40d5-9493-4a3c4ea2ccfb" testListId="8c84fa94-04c1-424b-9868-57a2d4851a1d" />
    <TestEntry testId="37bcedf8-75d1-be00-c7c2-46e91d962847" executionId="e055c6b6-f639-4996-be41-1ada8e2e0783" testListId="8c84fa94-04c1-424b-9868-57a2d4851a1d" />
    <TestEntry testId="65f7d486-face-8b96-72b2-d87d8295c65f" executionId="3800436d-4b55-40f1-860f-8a34ad2a3c4f" testListId="8c84fa94-04c1-424b-9868-57a2d4851a1d" />
    <TestEntry testId="555d93db-5fcb-d371-e845-66e6ec449ac3" executionId="9948c2b9-9102-470b-a068-ba4789167c9d" testListId="8c84fa94-04c1-424b-9868-57a2d4851a1d" />
    <TestEntry testId="25656842-0409-3993-6bd7-ab327e107ca0" executionId="1e0576dd-125b-47c9-b4df-5662f636c5fb" testListId="8c84fa94-04c1-424b-9868-57a2d4851a1d" />
    <TestEntry testId="e754534b-d2f9-4b9d-50b4-0a47f25accb2" executionId="89351d94-710f-4a5f-94fd-de90f8b3b931" testListId="8c84fa94-04c1-424b-9868-57a2d4851a1d" />
    <TestEntry testId="f9296ab5-f9be-fe2f-a9d2-d8fa86cc2db7" executionId="7b5b45ce-fcf6-455a-9784-b1d31e0f2fd0" testListId="8c84fa94-04c1-424b-9868-57a2d4851a1d" />
    <TestEntry testId="626b0ebf-2a73-fd69-5f2b-da16e5c8f8e6" executionId="d3a3f237-331f-47a4-a2b4-0b7b70dff319" testListId="8c84fa94-04c1-424b-9868-57a2d4851a1d" />
    <TestEntry testId="5c14f5c4-68f2-b5e7-fce7-74dce38ff23f" executionId="d8d29885-fb91-48e6-818d-50370a5c263f" testListId="8c84fa94-04c1-424b-9868-57a2d4851a1d" />
    <TestEntry testId="52ff0370-e42e-2353-6733-ba138f6b2ab4" executionId="0cc707d0-c053-4b9b-9538-a7d5d208e51e" testListId="8c84fa94-04c1-424b-9868-57a2d4851a1d" />
    <TestEntry testId="c6672f54-ba6a-34a7-56e3-1f0d07b8491e" executionId="30035fb8-4f24-47a9-aa7b-0a941511aaca" testListId="8c84fa94-04c1-424b-9868-57a2d4851a1d" />
    <TestEntry testId="e069af6a-572a-6e0c-d78b-531a2e62379d" executionId="6a8f16c2-7052-4c56-8388-8406bb6b3b40" testListId="8c84fa94-04c1-424b-9868-57a2d4851a1d" />
    <TestEntry testId="1148b964-f6da-ee8b-b416-cfb753bb7202" executionId="e8285d0d-9b89-4756-93c1-1bfd44e017ac" testListId="8c84fa94-04c1-424b-9868-57a2d4851a1d" />
    <TestEntry testId="b38913ef-d938-2d7e-bb26-95f22462fe11" executionId="46e877d0-616c-49f4-9222-5ef7a83bd51f" testListId="8c84fa94-04c1-424b-9868-57a2d4851a1d" />
    <TestEntry testId="c699f066-73a3-636f-6d65-66360fe97962" executionId="a38ada17-d05a-4452-9c27-6ac1d36273c5" testListId="8c84fa94-04c1-424b-9868-57a2d4851a1d" />
    <TestEntry testId="49330571-a072-be4e-8f0d-e224fe7348bd" executionId="800f7aa2-268d-49e2-9de7-b68f3a8de19d" testListId="8c84fa94-04c1-424b-9868-57a2d4851a1d" />
    <TestEntry testId="c7a7f8b7-a4d0-8944-2187-bc396f6e9d0e" executionId="6d495a6d-3233-4db7-8591-9cbade8fe991" testListId="8c84fa94-04c1-424b-9868-57a2d4851a1d" />
    <TestEntry testId="aa3004af-f124-2397-f72b-ebb8d2aa9a8d" executionId="1337b384-6118-492e-a9c7-c312638edb27" testListId="8c84fa94-04c1-424b-9868-57a2d4851a1d" />
    <TestEntry testId="a034396b-6cbf-0730-bd63-31e0b1c55cbb" executionId="794b8da6-1d30-4265-b2d5-b7d1960a1843" testListId="8c84fa94-04c1-424b-9868-57a2d4851a1d" />
    <TestEntry testId="26469cf1-c03d-cca1-d1ab-6436a08c28c6" executionId="9b8f1267-8e49-4ac8-b231-191af94bd556" testListId="8c84fa94-04c1-424b-9868-57a2d4851a1d" />
    <TestEntry testId="67aec67a-db5b-753d-6244-704edd074246" executionId="db981f57-5f8b-4378-8a21-166999126cf8" testListId="8c84fa94-04c1-424b-9868-57a2d4851a1d" />
    <TestEntry testId="c6bd424f-87f3-c473-f36f-c853d89b72a1" executionId="21879fa9-4caa-4ef0-bf87-11849c11fd00" testListId="8c84fa94-04c1-424b-9868-57a2d4851a1d" />
    <TestEntry testId="19d14d64-6974-3cf7-5cd1-9f601474226b" executionId="7493d749-c07c-4a9f-9d0a-6cb5c0e41416" testListId="8c84fa94-04c1-424b-9868-57a2d4851a1d" />
    <TestEntry testId="56fc2819-68a5-5eec-1fdf-7cf1746d388e" executionId="5fbc0706-2af6-4f02-baff-57faf17d9f00" testListId="8c84fa94-04c1-424b-9868-57a2d4851a1d" />
    <TestEntry testId="af3f37b2-30c0-3548-fa49-fb186baf988f" executionId="45806b38-17f8-414b-a6c4-2f2354fa835f" testListId="8c84fa94-04c1-424b-9868-57a2d4851a1d" />
    <TestEntry testId="ad35ff6b-496b-e833-9f41-a0da96fc50a3" executionId="0768e028-ed4d-43e4-849e-a460f4893b8d" testListId="8c84fa94-04c1-424b-9868-57a2d4851a1d" />
    <TestEntry testId="1eaaaa6b-42f8-7c69-830a-9861ed8428df" executionId="673a9de6-35aa-4678-8240-b04bb132ab4d" testListId="8c84fa94-04c1-424b-9868-57a2d4851a1d" />
    <TestEntry testId="d5017cfa-b505-3ed2-88e6-448ff7714c3d" executionId="2971acc8-f6c4-4a92-a905-139545009412" testListId="8c84fa94-04c1-424b-9868-57a2d4851a1d" />
    <TestEntry testId="e8cfcc73-7529-7ec6-b62f-2440237ed305" executionId="123f808d-1eaa-4cae-8bc8-74bd61cafa47" testListId="8c84fa94-04c1-424b-9868-57a2d4851a1d" />
    <TestEntry testId="10989861-2fc2-9b7e-ad3e-b43fbbf9ce33" executionId="8a0bea12-4d99-41ca-a417-98b6598e3b5d" testListId="8c84fa94-04c1-424b-9868-57a2d4851a1d" />
    <TestEntry testId="66015fce-3dd4-69a2-d094-cdf30dd5f7b2" executionId="7fb10b11-91f6-490b-ba65-44239306bd6d" testListId="8c84fa94-04c1-424b-9868-57a2d4851a1d" />
    <TestEntry testId="3fa3d60f-12e1-7656-1a37-a9804bea4764" executionId="28e5a99f-5750-4895-954f-b0f0b7b4f3d8" testListId="8c84fa94-04c1-424b-9868-57a2d4851a1d" />
    <TestEntry testId="160a5e45-aa00-0f51-d54b-8f4c4a9eccca" executionId="859d8c30-96fe-4731-934a-7b5bcd4527a4" testListId="8c84fa94-04c1-424b-9868-57a2d4851a1d" />
    <TestEntry testId="2b66cf21-c1ba-f20b-e852-f5de37e8700f" executionId="8b04e493-72af-42cc-9e15-81db491c1727" testListId="8c84fa94-04c1-424b-9868-57a2d4851a1d" />
    <TestEntry testId="9b9cec69-37d2-51be-303a-89df610a9b0e" executionId="83c8f890-30cd-4115-8d4e-33d860d1a3c3" testListId="8c84fa94-04c1-424b-9868-57a2d4851a1d" />
    <TestEntry testId="f72174f2-582a-4630-fee6-44087ab7468e" executionId="635277b4-8785-4d1e-8048-18ddc76f0af9" testListId="8c84fa94-04c1-424b-9868-57a2d4851a1d" />
    <TestEntry testId="0d1815aa-15f0-5703-f3d5-aab4c78282c1" executionId="322a0700-c025-4319-ab4b-5843a7704218" testListId="8c84fa94-04c1-424b-9868-57a2d4851a1d" />
    <TestEntry testId="68b02e67-be76-c80a-a3fa-75f3ef460bbf" executionId="94b18a5f-7a0d-4d45-8f86-1af13be8ab58" testListId="8c84fa94-04c1-424b-9868-57a2d4851a1d" />
    <TestEntry testId="076d17a4-f427-6be9-aa46-c587cdab37af" executionId="57d3107a-ebed-4375-9361-d1f74f438997" testListId="8c84fa94-04c1-424b-9868-57a2d4851a1d" />
    <TestEntry testId="af42b4e0-c10b-9567-59ff-10e13e9d5dba" executionId="fb56ea35-e81f-4c82-bd50-6a8975aea872" testListId="8c84fa94-04c1-424b-9868-57a2d4851a1d" />
    <TestEntry testId="d21e5e3a-a1c6-cd7a-4135-b5dc3c64c49c" executionId="d4466e6f-10bc-417c-b6e1-5c660d5f5d3a" testListId="8c84fa94-04c1-424b-9868-57a2d4851a1d" />
    <TestEntry testId="94359973-7cea-0224-2b1e-482afbb6873d" executionId="6c28d3a6-767d-47ec-bce5-e6e81e13e99d" testListId="8c84fa94-04c1-424b-9868-57a2d4851a1d" />
    <TestEntry testId="fe3de07f-3549-f27b-eca4-9f60873ae85f" executionId="d7a2fff0-b9b6-4a4b-b485-73a5cf4a8bbb" testListId="8c84fa94-04c1-424b-9868-57a2d4851a1d" />
    <TestEntry testId="28b4a12a-eab1-b5dc-62d1-8ef540758ee8" executionId="5f59c14a-59c1-4883-9fc3-0a17ca03d385" testListId="8c84fa94-04c1-424b-9868-57a2d4851a1d" />
    <TestEntry testId="e434fdde-c2e1-4390-b53f-7be7048ea70c" executionId="fdefa76d-6758-4639-8bc5-799607f57d76" testListId="8c84fa94-04c1-424b-9868-57a2d4851a1d" />
    <TestEntry testId="4720472f-ae21-69c4-d1e7-b99163193790" executionId="c2c7466c-4d73-470d-a8b6-7568f0d3b829" testListId="8c84fa94-04c1-424b-9868-57a2d4851a1d" />
    <TestEntry testId="d391aba8-154a-72d0-6ce9-2f0b6f8d9964" executionId="09c8e708-369c-4a7a-9eae-883de03f65e3" testListId="8c84fa94-04c1-424b-9868-57a2d4851a1d" />
    <TestEntry testId="4f2b6624-71cd-f489-4f89-392b1db8917c" executionId="77c7d976-f4f4-470e-86ad-5eaa0d920a73" testListId="8c84fa94-04c1-424b-9868-57a2d4851a1d" />
    <TestEntry testId="1c645950-027f-f3f2-4659-304d92d8d9c0" executionId="30cca573-8d02-40c3-8792-da6fa901a3e4" testListId="8c84fa94-04c1-424b-9868-57a2d4851a1d" />
    <TestEntry testId="cf5951f2-6fe2-6557-8e6a-7e42460d1417" executionId="94239538-b77f-4d86-885d-96a9a780e8e5" testListId="8c84fa94-04c1-424b-9868-57a2d4851a1d" />
    <TestEntry testId="3a6a0527-f40f-dc5b-6803-127e64cac541" executionId="46af5e26-069c-46da-8444-f91c714a120b" testListId="8c84fa94-04c1-424b-9868-57a2d4851a1d" />
    <TestEntry testId="d383c7a9-7442-5ce6-f5b9-a31b2e826a75" executionId="11b04a35-0c71-4445-91f7-1f1cd074b5ee" testListId="8c84fa94-04c1-424b-9868-57a2d4851a1d" />
    <TestEntry testId="0aa38156-e2c0-c622-c99f-1780d6976136" executionId="5da49a7d-1144-419e-b900-bed4f1a264db" testListId="8c84fa94-04c1-424b-9868-57a2d4851a1d" />
    <TestEntry testId="bc0692f0-c183-4393-b210-4585f8fb44c4" executionId="78c98405-b59c-493c-8ebf-360afd6a8830" testListId="8c84fa94-04c1-424b-9868-57a2d4851a1d" />
    <TestEntry testId="467fcb14-6be6-8a96-669f-fd89e48d0cdb" executionId="a0f62711-80a3-4e21-a6d9-8aed99b40c7d" testListId="8c84fa94-04c1-424b-9868-57a2d4851a1d" />
    <TestEntry testId="445ebcac-6269-60ac-2726-4de866c9edae" executionId="6e4c03c6-8d33-47fa-8d58-13505f302b31" testListId="8c84fa94-04c1-424b-9868-57a2d4851a1d" />
    <TestEntry testId="c57d55bb-dc91-9b1f-56a6-fa120a641051" executionId="fca63ae2-1875-457d-9a63-bb406dda5866" testListId="8c84fa94-04c1-424b-9868-57a2d4851a1d" />
    <TestEntry testId="41d660dd-5ff1-63f5-bc70-10e58759e01d" executionId="0da544b0-abf4-4873-bdb1-83f628f93f1d" testListId="8c84fa94-04c1-424b-9868-57a2d4851a1d" />
    <TestEntry testId="fd8b0bdb-bd9f-a111-fae8-5fd9ff151992" executionId="f042e877-2d63-402c-b915-395765dbe0dd" testListId="8c84fa94-04c1-424b-9868-57a2d4851a1d" />
    <TestEntry testId="38c0fd91-5830-e3c1-4828-f43fe1fe7190" executionId="936e4969-0ae4-47fa-a581-3bf68f9b00cd" testListId="8c84fa94-04c1-424b-9868-57a2d4851a1d" />
  </TestEntries>
  <TestLists>
    <TestList name="Results Not in a List" id="8c84fa94-04c1-424b-9868-57a2d4851a1d" />
    <TestList name="All Loaded Results" id="19431567-8539-422a-85d7-44ee4e166bda" />
  </TestLists>
  <ResultSummary outcome="Failed">
    <Counters total="108" executed="108" passed="106" failed="2" error="0" timeout="0" aborted="0" inconclusive="0" passedButRunAborted="0" notRunnable="0" notExecuted="0" disconnected="0" warning="0" completed="0" inProgress="0" pending="0" />
    <Output>
      <StdOut>[xUnit.net 00:00:00.00] xUnit.net VSTest Adapter v2.8.2+699d445a1a (64-bit .NET 10.0.3)&#xD;
[xUnit.net 00:00:00.04]   Discovering: ReactiveUITK.SourceGenerator.Tests&#xD;
[xUnit.net 00:00:00.10]   Discovered:  ReactiveUITK.SourceGenerator.Tests&#xD;
[xUnit.net 00:00:00.10]   Starting:    ReactiveUITK.SourceGenerator.Tests&#xD;
[xUnit.net 00:00:00.28]       Assert.Equal() Failure: Strings differ&#xD;
[xUnit.net 00:00:00.28]                                          ↓ (pos 16577)&#xD;
[xUnit.net 00:00:00.28]       Expected: ···"uter&gt;\n        &lt;Route\n          path="/"\n "···&#xD;
[xUnit.net 00:00:00.28]       Actual:   ···"uter&gt;\n        &lt;Route path="/" exact eleme"···&#xD;
[xUnit.net 00:00:00.28]                                          ↑ (pos 16577)&#xD;
[xUnit.net 00:00:00.28]       Stack Trace:&#xD;
[xUnit.net 00:00:00.28]         C:\Yanivs\GameDev\UnityComponents\Assets\ReactiveUIToolKit\SourceGenerator~\Tests\FormatterSnapshotTests.cs(7719,0): at ReactiveUITK.SourceGenerator.Tests.FormatterSnapshotTests.RoslynIdempotency_SampleFile_IsUnchanged(String filePath, String relativePath)&#xD;
[xUnit.net 00:00:00.28]            at InvokeStub_FormatterSnapshotTests.RoslynIdempotency_SampleFile_IsUnchanged(Object, Span`1)&#xD;
[xUnit.net 00:00:00.28]            at System.Reflection.MethodBaseInvoker.InvokeWithFewArgs(Object obj, BindingFlags invokeAttr, Binder binder, Object[] parameters, CultureInfo culture)&#xD;
[xUnit.net 00:00:00.28]       Assert.Equal() Failure: Strings differ&#xD;
[xUnit.net 00:00:00.28]                                          ↓ (pos 16577)&#xD;
[xUnit.net 00:00:00.28]       Expected: ···"uter&gt;\n        &lt;Route\n          path="/"\n "···&#xD;
[xUnit.net 00:00:00.28]       Actual:   ···"uter&gt;\n        &lt;Route path="/" exact eleme"···&#xD;
[xUnit.net 00:00:00.28]                                          ↑ (pos 16577)&#xD;
[xUnit.net 00:00:00.28]       Stack Trace:&#xD;
[xUnit.net 00:00:00.28]         C:\Yanivs\GameDev\UnityComponents\Assets\ReactiveUIToolKit\SourceGenerator~\Tests\FormatterSnapshotTests.cs(97,0): at ReactiveUITK.SourceGenerator.Tests.FormatterSnapshotTests.Idempotency_SampleFile_IsUnchanged(String filePath, String relativePath)&#xD;
[xUnit.net 00:00:00.28]            at InvokeStub_FormatterSnapshotTests.Idempotency_SampleFile_IsUnchanged(Object, Span`1)&#xD;
[xUnit.net 00:00:00.28]            at System.Reflection.MethodBaseInvoker.InvokeWithFewArgs(Object obj, BindingFlags invokeAttr, Binder binder, Object[] parameters, CultureInfo culture)&#xD;
[xUnit.net 00:00:00.30]   Finished:    ReactiveUITK.SourceGenerator.Tests&#xD;
</StdOut>
    </Output>
    <RunInfos>
      <RunInfo computerName="DESKTOP-CFTHQRQ" outcome="Error" timestamp="2026-03-16T16:16:23.6596890+02:00">
        <Text>[xUnit.net 00:00:00.28]     ReactiveUITK.SourceGenerator.Tests.FormatterSnapshotTests.RoslynIdempotency_SampleFile_IsUnchanged(filePath: "C:\\Yanivs\\GameDev\\UnityComponents\\Assets\\Reac"···, relativePath: "Components\\UitkxCounterFunc\\UitkxCounterFunc.uit"···) [FAIL]</Text>
      </RunInfo>
      <RunInfo computerName="DESKTOP-CFTHQRQ" outcome="Error" timestamp="2026-03-16T16:16:23.6608728+02:00">
        <Text>[xUnit.net 00:00:00.28]     ReactiveUITK.SourceGenerator.Tests.FormatterSnapshotTests.Idempotency_SampleFile_IsUnchanged(filePath: "C:\\Yanivs\\GameDev\\UnityComponents\\Assets\\Reac"···, relativePath: "Components\\UitkxCounterFunc\\UitkxCounterFunc.uit"···) [FAIL]</Text>
      </RunInfo>
    </RunInfos>
  </ResultSummary>
</TestRun>