<?xml version="1.0" encoding="utf-8"?>
<TestRun id="d8c40056-900f-43ab-a537-ff31d73616f9" name="neta@DESKTOP-CFTHQRQ 2026-03-16 16:15:09" runUser="DESKTOP-CFTHQRQ\neta" xmlns="http://microsoft.com/schemas/VisualStudio/TeamTest/2010">
  <Times creation="2026-03-16T16:15:09.9615837+02:00" queuing="2026-03-16T16:15:09.9615838+02:00" start="2026-03-16T16:15:09.4199567+02:00" finish="2026-03-16T16:15:10.0063450+02:00" />
  <TestSettings name="default" id="f21f274c-10c9-4fa8-bc70-039cd89f4a1a">
    <Deployment runDeploymentRoot="neta_DESKTOP-CFTHQRQ_2026-03-16_16_15_09" />
  </TestSettings>
  <Results>
    <UnitTestResult executionId="d181ad5d-a7dd-498f-af32-38d1857d27cd" testId="3fa3d60f-12e1-7656-1a37-a9804bea4764" testName="ReactiveUITK.SourceGenerator.Tests.FormatterSnapshotTests.Idempotency_SampleFile_IsUnchanged(filePath: &quot;C:\\Yanivs\\GameDev\\UnityComponents\\Assets\\Reac&quot;···, relativePath: &quot;Components\\PropTypesDemoFunc\\PropTypesDemoFunc.u&quot;···)" computerName="DESKTOP-CFTHQRQ" duration="00:00:00.0001377" startTime="2026-03-16T16:15:09.9615586+02:00" endTime="2026-03-16T16:15:09.9615586+02:00" testType="13cdc9d9-ddb5-4fa4-a97d-d965ccfc6d4b" outcome="Passed" testListId="8c84fa94-04c1-424b-9868-57a2d4851a1d" relativeResultsDirectory="d181ad5d-a7dd-498f-af32-38d1857d27cd" />
    <UnitTestResult executionId="216ef7cc-d8cb-4eed-ad53-ae4069a8341f" testId="99b52f4c-57c0-f646-9f98-8fd1f4e91872" testName="ReactiveUITK.SourceGenerator.Tests.FormatterSnapshotTests.Idempotency_SampleFile_IsUnchanged(filePath: &quot;C:\\Yanivs\\GameDev\\UnityComponents\\Assets\\Reac&quot;···, relativePath: &quot;Components\\SimpleTextFieldFunc\\SimpleTextFieldFu&quot;···)" computerName="DESKTOP-CFTHQRQ" duration="00:00:00.0000705" startTime="2026-03-16T16:15:09.9653036+02:00" endTime="2026-03-16T16:15:09.9653036+02:00" testType="13cdc9d9-ddb5-4fa4-a97d-d965ccfc6d4b" outcome="Passed" testListId="8c84fa94-04c1-424b-9868-57a2d4851a1d" relativeResultsDirectory="216ef7cc-d8cb-4eed-ad53-ae4069a8341f" />
    <UnitTestResult executionId="86446868-6204-47af-832f-85d84cd3c1de" testId="4f682c18-8aaf-d96c-dbd0-c7fb09816ae1" testName="ReactiveUITK.SourceGenerator.Tests.FormatterSnapshotTests.RoslynIdempotency_SampleFile_IsUnchanged(filePath: &quot;C:\\Yanivs\\GameDev\\UnityComponents\\Assets\\Reac&quot;···, relativePath: &quot;Components\\SimpleCounterFunc\\SimpleCounterFunc.u&quot;···)" computerName="DESKTOP-CFTHQRQ" duration="00:00:00.0000788" startTime="2026-03-16T16:15:09.9473521+02:00" endTime="2026-03-16T16:15:09.9473522+02:00" testType="13cdc9d9-ddb5-4fa4-a97d-d965ccfc6d4b" outcome="Passed" testListId="8c84fa94-04c1-424b-9868-57a2d4851a1d" relativeResultsDirectory="86446868-6204-47af-832f-85d84cd3c1de" />
    <UnitTestResult executionId="39b6b2bf-d579-4a23-9568-0f76b8b84d99" testId="25305036-8fb9-c367-c02c-d845251f8db4" testName="ReactiveUITK.SourceGenerator.Tests.FormatterSnapshotTests.Idempotency_SampleFile_IsUnchanged(filePath: &quot;C:\\Yanivs\\GameDev\\UnityComponents\\Assets\\Reac&quot;···, relativePath: &quot;Components\\ExceptionFlowDemoFunc\\UnstableChild.u&quot;···)" computerName="DESKTOP-CFTHQRQ" duration="00:00:00.0000666" startTime="2026-03-16T16:15:09.9608433+02:00" endTime="2026-03-16T16:15:09.9608433+02:00" testType="13cdc9d9-ddb5-4fa4-a97d-d965ccfc6d4b" outcome="Passed" testListId="8c84fa94-04c1-424b-9868-57a2d4851a1d" relativeResultsDirectory="39b6b2bf-d579-4a23-9568-0f76b8b84d99" />
    <UnitTestResult executionId="d1cb7fb3-bc22-4c8a-a89e-be7efc6c1c2c" testId="6af1a65d-76cd-9b3a-658c-ce9144e87f7d" testName="ReactiveUITK.SourceGenerator.Tests.FormatterSnapshotTests.RoslynIdempotency_SampleFile_IsUnchanged(filePath: &quot;C:\\Yanivs\\GameDev\\UnityComponents\\Assets\\Reac&quot;···, relativePath: &quot;Components\\ToggleButtonGroupDemoFunc\\ToggleButto&quot;···)" computerName="DESKTOP-CFTHQRQ" duration="00:00:00.0001588" startTime="2026-03-16T16:15:09.9269706+02:00" endTime="2026-03-16T16:15:09.9269706+02:00" testType="13cdc9d9-ddb5-4fa4-a97d-d965ccfc6d4b" outcome="Passed" testListId="8c84fa94-04c1-424b-9868-57a2d4851a1d" relativeResultsDirectory="d1cb7fb3-bc22-4c8a-a89e-be7efc6c1c2c" />
    <UnitTestResult executionId="22760293-d014-4333-9725-5d248d74540c" testId="1148b964-f6da-ee8b-b416-cfb753bb7202" testName="ReactiveUITK.SourceGenerator.Tests.FormatterSnapshotTests.Idempotency_SampleFile_IsUnchanged(filePath: &quot;C:\\Yanivs\\GameDev\\UnityComponents\\Assets\\Reac&quot;···, relativePath: &quot;Components\\SimpleCounterFunc\\SimpleCounterFunc.u&quot;···)" computerName="DESKTOP-CFTHQRQ" duration="00:00:00.0002088" startTime="2026-03-16T16:15:09.9524852+02:00" endTime="2026-03-16T16:15:09.9524852+02:00" testType="13cdc9d9-ddb5-4fa4-a97d-d965ccfc6d4b" outcome="Passed" testListId="8c84fa94-04c1-424b-9868-57a2d4851a1d" relativeResultsDirectory="22760293-d014-4333-9725-5d248d74540c" />
    <UnitTestResult executionId="c5a056e5-f98e-4833-976d-9475e5ff84a0" testId="68b02e67-be76-c80a-a3fa-75f3ef460bbf" testName="ReactiveUITK.SourceGenerator.Tests.FormatterSnapshotTests.Idempotency_SampleFile_IsUnchanged(filePath: &quot;C:\\Yanivs\\GameDev\\UnityComponents\\Assets\\Reac&quot;···, relativePath: &quot;Components\\ContextBailoutDemoFunc\\MiddleLayer.ui&quot;···)" computerName="DESKTOP-CFTHQRQ" duration="00:00:00.0001002" startTime="2026-03-16T16:15:09.9606540+02:00" endTime="2026-03-16T16:15:09.9606541+02:00" testType="13cdc9d9-ddb5-4fa4-a97d-d965ccfc6d4b" outcome="Passed" testListId="8c84fa94-04c1-424b-9868-57a2d4851a1d" relativeResultsDirectory="c5a056e5-f98e-4833-976d-9475e5ff84a0" />
    <UnitTestResult executionId="1f0e00a8-24cb-48fb-9615-8feba067ee89" testId="1fdbb394-a4fc-0df7-2404-70135e3d695c" testName="ReactiveUITK.SourceGenerator.Tests.FormatterSnapshotTests.RoslynIdempotency_SampleFile_IsUnchanged(filePath: &quot;C:\\Yanivs\\GameDev\\UnityComponents\\Assets\\Reac&quot;···, relativePath: &quot;Components\\ExceptionFlowDemoFunc\\UnstableChild.u&quot;···)" computerName="DESKTOP-CFTHQRQ" duration="00:00:00.0000738" startTime="2026-03-16T16:15:09.9473605+02:00" endTime="2026-03-16T16:15:09.9473605+02:00" testType="13cdc9d9-ddb5-4fa4-a97d-d965ccfc6d4b" outcome="Passed" testListId="8c84fa94-04c1-424b-9868-57a2d4851a1d" relativeResultsDirectory="1f0e00a8-24cb-48fb-9615-8feba067ee89" />
    <UnitTestResult executionId="45f9c640-9e3e-4dc0-94c2-dcd3fc486667" testId="143ebe12-551d-644f-a7ef-b500aa05a166" testName="ReactiveUITK.SourceGenerator.Tests.FormatterSnapshotTests.Idempotency_SampleFile_IsUnchanged(filePath: &quot;C:\\Yanivs\\GameDev\\UnityComponents\\Assets\\Reac&quot;···, relativePath: &quot;Components\\ShowcaseDemoPage\\components\\Showcase&quot;···)" computerName="DESKTOP-CFTHQRQ" duration="00:00:00.0002372" startTime="2026-03-16T16:15:09.9537260+02:00" endTime="2026-03-16T16:15:09.9537260+02:00" testType="13cdc9d9-ddb5-4fa4-a97d-d965ccfc6d4b" outcome="Passed" testListId="8c84fa94-04c1-424b-9868-57a2d4851a1d" relativeResultsDirectory="45f9c640-9e3e-4dc0-94c2-dcd3fc486667" />
    <UnitTestResult executionId="9aaaf221-d5c9-431b-8655-1fc6e344e9a4" testId="c699f066-73a3-636f-6d65-66360fe97962" testName="ReactiveUITK.SourceGenerator.Tests.FormatterSnapshotTests.RoslynIdempotency_SampleFile_IsUnchanged(filePath: &quot;C:\\Yanivs\\GameDev\\UnityComponents\\Assets\\Reac&quot;···, relativePath: &quot;Components\\RefForwardingDemoFunc\\RefChild\\RefCh&quot;···)" computerName="DESKTOP-CFTHQRQ" duration="00:00:00.0001268" startTime="2026-03-16T16:15:09.9473244+02:00" endTime="2026-03-16T16:15:09.9473244+02:00" testType="13cdc9d9-ddb5-4fa4-a97d-d965ccfc6d4b" outcome="Passed" testListId="8c84fa94-04c1-424b-9868-57a2d4851a1d" relativeResultsDirectory="9aaaf221-d5c9-431b-8655-1fc6e344e9a4" />
    <UnitTestResult executionId="652f9e13-f0a0-4bbb-bb7c-a3af0e244dd6" testId="22e51792-6d51-e663-ff69-f58040df18f8" testName="ReactiveUITK.SourceGenerator.Tests.FormatterSnapshotTests.Idempotency_SampleFile_IsUnchanged(filePath: &quot;C:\\Yanivs\\GameDev\\UnityComponents\\Assets\\Reac&quot;···, relativePath: &quot;Components\\MainMenuRouterDemoFunc\\MainMenuNaviga&quot;···)" computerName="DESKTOP-CFTHQRQ" duration="00:00:00.0000989" startTime="2026-03-16T16:15:09.9607611+02:00" endTime="2026-03-16T16:15:09.9607612+02:00" testType="13cdc9d9-ddb5-4fa4-a97d-d965ccfc6d4b" outcome="Passed" testListId="8c84fa94-04c1-424b-9868-57a2d4851a1d" relativeResultsDirectory="652f9e13-f0a0-4bbb-bb7c-a3af0e244dd6" />
    <UnitTestResult executionId="d20c00ef-d3db-4861-8663-d904fc3cc3e0" testId="854597b0-3dae-8d50-bd2d-73ba7fd95d1b" testName="ReactiveUITK.SourceGenerator.Tests.FormatterSnapshotTests.RoslynIdempotency_SampleFile_IsUnchanged(filePath: &quot;C:\\Yanivs\\GameDev\\UnityComponents\\Assets\\Reac&quot;···, relativePath: &quot;Components\\PortalEventScopeDemoFunc\\PortalEventS&quot;···)" computerName="DESKTOP-CFTHQRQ" duration="00:00:00.0042639" startTime="2026-03-16T16:15:09.9187622+02:00" endTime="2026-03-16T16:15:09.9187623+02:00" testType="13cdc9d9-ddb5-4fa4-a97d-d965ccfc6d4b" outcome="Passed" testListId="8c84fa94-04c1-424b-9868-57a2d4851a1d" relativeResultsDirectory="d20c00ef-d3db-4861-8663-d904fc3cc3e0" />
    <UnitTestResult executionId="12be5848-b9d7-4e02-86af-a8de4431e2e7" testId="37bcedf8-75d1-be00-c7c2-46e91d962847" testName="ReactiveUITK.SourceGenerator.Tests.FormatterSnapshotTests.RoslynIdempotency_SampleFile_IsUnchanged(filePath: &quot;C:\\Yanivs\\GameDev\\UnityComponents\\Assets\\Reac&quot;···, relativePath: &quot;Components\\RouterDemoFunc\\RouterHistoryPanel.uit&quot;···)" computerName="DESKTOP-CFTHQRQ" duration="00:00:00.0001454" startTime="2026-03-16T16:15:09.9512709+02:00" endTime="2026-03-16T16:15:09.9512709+02:00" testType="13cdc9d9-ddb5-4fa4-a97d-d965ccfc6d4b" outcome="Passed" testListId="8c84fa94-04c1-424b-9868-57a2d4851a1d" relativeResultsDirectory="12be5848-b9d7-4e02-86af-a8de4431e2e7" />
    <UnitTestResult executionId="dd98b522-b092-491c-a6e8-73c67eae1e15" testId="fd8b0bdb-bd9f-a111-fae8-5fd9ff151992" testName="ReactiveUITK.SourceGenerator.Tests.FormatterSnapshotTests.RoslynIdempotency_SampleFile_IsUnchanged(filePath: &quot;C:\\Yanivs\\GameDev\\UnityComponents\\Assets\\Reac&quot;···, relativePath: &quot;Components\\RouterDemoFunc\\RouterDemoFunc.uitkx&quot;)" computerName="DESKTOP-CFTHQRQ" duration="00:00:00.0002330" startTime="2026-03-16T16:15:09.9519653+02:00" endTime="2026-03-16T16:15:09.9519654+02:00" testType="13cdc9d9-ddb5-4fa4-a97d-d965ccfc6d4b" outcome="Passed" testListId="8c84fa94-04c1-424b-9868-57a2d4851a1d" relativeResultsDirectory="dd98b522-b092-491c-a6e8-73c67eae1e15" />
    <UnitTestResult executionId="c2b0da3d-b299-4f28-bf92-b33552e646b1" testId="f159b20e-083c-820e-c751-580cccf679c9" testName="ReactiveUITK.SourceGenerator.Tests.FormatterSnapshotTests.RoslynIdempotency_SampleFile_IsUnchanged(filePath: &quot;C:\\Yanivs\\GameDev\\UnityComponents\\Assets\\Reac&quot;···, relativePath: &quot;Components\\SimpleUseEffectFunc\\SimpleUseEffectFu&quot;···)" computerName="DESKTOP-CFTHQRQ" duration="00:00:00.0000824" startTime="2026-03-16T16:15:09.9512262+02:00" endTime="2026-03-16T16:15:09.9512262+02:00" testType="13cdc9d9-ddb5-4fa4-a97d-d965ccfc6d4b" outcome="Passed" testListId="8c84fa94-04c1-424b-9868-57a2d4851a1d" relativeResultsDirectory="c2b0da3d-b299-4f28-bf92-b33552e646b1" />
    <UnitTestResult executionId="4cf2c420-7718-4286-8262-712a4049f43f" testId="65681499-665f-1af4-86f0-857b71ffa404" testName="ReactiveUITK.SourceGenerator.Tests.FormatterSnapshotTests.Idempotency_SampleFile_IsUnchanged(filePath: &quot;C:\\Yanivs\\GameDev\\UnityComponents\\Assets\\Reac&quot;···, relativePath: &quot;Components\\DeferredEffectDemoFunc\\DeferredEffect&quot;···)" computerName="DESKTOP-CFTHQRQ" duration="00:00:00.0002693" startTime="2026-03-16T16:15:09.9649717+02:00" endTime="2026-03-16T16:15:09.9649717+02:00" testType="13cdc9d9-ddb5-4fa4-a97d-d965ccfc6d4b" outcome="Passed" testListId="8c84fa94-04c1-424b-9868-57a2d4851a1d" relativeResultsDirectory="4cf2c420-7718-4286-8262-712a4049f43f" />
    <UnitTestResult executionId="f0801edf-f0c5-4777-96cf-d6dfe82fc756" testId="b38913ef-d938-2d7e-bb26-95f22462fe11" testName="ReactiveUITK.SourceGenerator.Tests.FormatterSnapshotTests.RoslynIdempotency_SampleFile_IsUnchanged(filePath: &quot;C:\\Yanivs\\GameDev\\UnityComponents\\Assets\\Reac&quot;···, relativePath: &quot;Components\\UitkxCounterFunc\\UitkxCounterFunc.uit&quot;···)" computerName="DESKTOP-CFTHQRQ" duration="00:00:00.0085700" startTime="2026-03-16T16:15:09.9507711+02:00" endTime="2026-03-16T16:15:09.9507712+02:00" testType="13cdc9d9-ddb5-4fa4-a97d-d965ccfc6d4b" outcome="Failed" testListId="8c84fa94-04c1-424b-9868-57a2d4851a1d" relativeResultsDirectory="f0801edf-f0c5-4777-96cf-d6dfe82fc756">
      <Output>
        <ErrorInfo>
          <Message>Assert.Equal() Failure: Strings differ&#xD;
                                  ↓ (pos 16342)&#xD;
Expected: ···"  &lt;visualElementSafe style={new Style { ("···&#xD;
Actual:   ···"  &lt;visualElementSafe\n        style={new S"···&#xD;
                                  ↑ (pos 16342)</Message>
          <StackTrace>   at ReactiveUITK.SourceGenerator.Tests.FormatterSnapshotTests.RoslynIdempotency_SampleFile_IsUnchanged(String filePath, String relativePath) in C:\Yanivs\GameDev\UnityComponents\Assets\ReactiveUIToolKit\SourceGenerator~\Tests\FormatterSnapshotTests.cs:line 7719&#xD;
   at InvokeStub_FormatterSnapshotTests.RoslynIdempotency_SampleFile_IsUnchanged(Object, Span`1)&#xD;
   at System.Reflection.MethodBaseInvoker.InvokeWithFewArgs(Object obj, BindingFlags invokeAttr, Binder binder, Object[] parameters, CultureInfo culture)</StackTrace>
        </ErrorInfo>
      </Output>
    </UnitTestResult>
    <UnitTestResult executionId="c2320662-c6bd-408f-aa1d-8eff2410bf29" testId="65f7d486-face-8b96-72b2-d87d8295c65f" testName="ReactiveUITK.SourceGenerator.Tests.FormatterSnapshotTests.RoslynIdempotency_SampleFile_IsUnchanged(filePath: &quot;C:\\Yanivs\\GameDev\\UnityComponents\\Assets\\Reac&quot;···, relativePath: &quot;Shared\\AnimationsDemoPage.uitkx&quot;)" computerName="DESKTOP-CFTHQRQ" duration="00:00:00.0052755" startTime="2026-03-16T16:15:09.9251034+02:00" endTime="2026-03-16T16:15:09.9251036+02:00" testType="13cdc9d9-ddb5-4fa4-a97d-d965ccfc6d4b" outcome="Passed" testListId="8c84fa94-04c1-424b-9868-57a2d4851a1d" relativeResultsDirectory="c2320662-c6bd-408f-aa1d-8eff2410bf29" />
    <UnitTestResult executionId="4298b6bf-a503-4492-ac39-01016552088c" testId="c80a9935-1824-d8be-bbdd-977281b780e6" testName="ReactiveUITK.SourceGenerator.Tests.FormatterSnapshotTests.Idempotency_SampleFile_IsUnchanged(filePath: &quot;C:\\Yanivs\\GameDev\\UnityComponents\\Assets\\Reac&quot;···, relativePath: &quot;Components\\HookStateQueueDemoFunc\\HookStateQueue&quot;···)" computerName="DESKTOP-CFTHQRQ" duration="00:00:00.0003036" startTime="2026-03-16T16:15:09.9628031+02:00" endTime="2026-03-16T16:15:09.9628032+02:00" testType="13cdc9d9-ddb5-4fa4-a97d-d965ccfc6d4b" outcome="Passed" testListId="8c84fa94-04c1-424b-9868-57a2d4851a1d" relativeResultsDirectory="4298b6bf-a503-4492-ac39-01016552088c" />
    <UnitTestResult executionId="9df7d61f-4057-42a3-a1eb-2de94fca39fc" testId="f9296ab5-f9be-fe2f-a9d2-d8fa86cc2db7" testName="ReactiveUITK.SourceGenerator.Tests.FormatterSnapshotTests.Idempotency_SampleFile_IsUnchanged(filePath: &quot;C:\\Yanivs\\GameDev\\UnityComponents\\Assets\\Reac&quot;···, relativePath: &quot;Components\\RouterDemoFunc\\RouterSettingsPanel.ui&quot;···)" computerName="DESKTOP-CFTHQRQ" duration="00:00:00.0001286" startTime="2026-03-16T16:15:09.9655121+02:00" endTime="2026-03-16T16:15:09.9655121+02:00" testType="13cdc9d9-ddb5-4fa4-a97d-d965ccfc6d4b" outcome="Passed" testListId="8c84fa94-04c1-424b-9868-57a2d4851a1d" relativeResultsDirectory="9df7d61f-4057-42a3-a1eb-2de94fca39fc" />
    <UnitTestResult executionId="62e97fac-5f5b-4755-95bf-5e792ba4b371" testId="f640b95c-c080-8ca8-5161-789a80ee044a" testName="ReactiveUITK.SourceGenerator.Tests.FormatterSnapshotTests.RoslynIdempotency_SampleFile_IsUnchanged(filePath: &quot;C:\\Yanivs\\GameDev\\UnityComponents\\Assets\\Reac&quot;···, relativePath: &quot;Components\\ProgressBarDemoFunc\\ProgressBarDemoFu&quot;···)" computerName="DESKTOP-CFTHQRQ" duration="00:00:00.0002380" startTime="2026-03-16T16:15:09.9515443+02:00" endTime="2026-03-16T16:15:09.9515443+02:00" testType="13cdc9d9-ddb5-4fa4-a97d-d965ccfc6d4b" outcome="Passed" testListId="8c84fa94-04c1-424b-9868-57a2d4851a1d" relativeResultsDirectory="62e97fac-5f5b-4755-95bf-5e792ba4b371" />
    <UnitTestResult executionId="bf1f4beb-64bd-4ba7-9e64-ea74fcf02247" testId="9b9cec69-37d2-51be-303a-89df610a9b0e" testName="ReactiveUITK.SourceGenerator.Tests.FormatterSnapshotTests.Idempotency_SampleFile_IsUnchanged(filePath: &quot;C:\\Yanivs\\GameDev\\UnityComponents\\Assets\\Reac&quot;···, relativePath: &quot;Components\\LatestFeaturesDemoFunc\\LatestFeatures&quot;···)" computerName="DESKTOP-CFTHQRQ" duration="00:00:00.0005964" startTime="2026-03-16T16:15:09.9534680+02:00" endTime="2026-03-16T16:15:09.9534680+02:00" testType="13cdc9d9-ddb5-4fa4-a97d-d965ccfc6d4b" outcome="Passed" testListId="8c84fa94-04c1-424b-9868-57a2d4851a1d" relativeResultsDirectory="bf1f4beb-64bd-4ba7-9e64-ea74fcf02247" />
    <UnitTestResult executionId="ce97d0e9-4468-45f1-8664-18ea3eeed6be" testId="4f2b6624-71cd-f489-4f89-392b1db8917c" testName="ReactiveUITK.SourceGenerator.Tests.FormatterSnapshotTests.Idempotency_SampleFile_IsUnchanged(filePath: &quot;C:\\Yanivs\\GameDev\\UnityComponents\\Assets\\Reac&quot;···, relativePath: &quot;Components\\ContextDemoFunc\\ContextConsumer.uitkx&quot;)" computerName="DESKTOP-CFTHQRQ" duration="00:00:00.0000932" startTime="2026-03-16T16:15:09.9660410+02:00" endTime="2026-03-16T16:15:09.9660410+02:00" testType="13cdc9d9-ddb5-4fa4-a97d-d965ccfc6d4b" outcome="Passed" testListId="8c84fa94-04c1-424b-9868-57a2d4851a1d" relativeResultsDirectory="ce97d0e9-4468-45f1-8664-18ea3eeed6be" />
    <UnitTestResult executionId="ed7c527a-ca1d-40bd-b69b-550b9a05e8e7" testId="84f36409-6db5-a04d-791e-404283910100" testName="ReactiveUITK.SourceGenerator.Tests.FormatterSnapshotTests.Idempotency_SampleFile_IsUnchanged(filePath: &quot;C:\\Yanivs\\GameDev\\UnityComponents\\Assets\\Reac&quot;···, relativePath: &quot;Shared\\AnimationsDemoPage.uitkx&quot;)" computerName="DESKTOP-CFTHQRQ" duration="00:00:00.0003654" startTime="2026-03-16T16:15:09.9565246+02:00" endTime="2026-03-16T16:15:09.9565247+02:00" testType="13cdc9d9-ddb5-4fa4-a97d-d965ccfc6d4b" outcome="Passed" testListId="8c84fa94-04c1-424b-9868-57a2d4851a1d" relativeResultsDirectory="ed7c527a-ca1d-40bd-b69b-550b9a05e8e7" />
    <UnitTestResult executionId="b4641c2d-8c27-4685-8b51-985cce15b53a" testId="26469cf1-c03d-cca1-d1ab-6436a08c28c6" testName="ReactiveUITK.SourceGenerator.Tests.FormatterSnapshotTests.Idempotency_SampleFile_IsUnchanged(filePath: &quot;C:\\Yanivs\\GameDev\\UnityComponents\\Assets\\Reac&quot;···, relativePath: &quot;Components\\SimpleUseEffectFunc\\SimpleUseEffectFu&quot;···)" computerName="DESKTOP-CFTHQRQ" duration="00:00:00.0000798" startTime="2026-03-16T16:15:09.9620872+02:00" endTime="2026-03-16T16:15:09.9620873+02:00" testType="13cdc9d9-ddb5-4fa4-a97d-d965ccfc6d4b" outcome="Passed" testListId="8c84fa94-04c1-424b-9868-57a2d4851a1d" relativeResultsDirectory="b4641c2d-8c27-4685-8b51-985cce15b53a" />
    <UnitTestResult executionId="eea9885c-50bc-4b59-aae7-b638b268db0f" testId="c6bd424f-87f3-c473-f36f-c853d89b72a1" testName="ReactiveUITK.SourceGenerator.Tests.FormatterSnapshotTests.RoslynIdempotency_SampleFile_IsUnchanged(filePath: &quot;C:\\Yanivs\\GameDev\\UnityComponents\\Assets\\Reac&quot;···, relativePath: &quot;Components\\EditorControlsDemoFunc\\EditorControls&quot;···)" computerName="DESKTOP-CFTHQRQ" duration="00:00:00.0002145" startTime="2026-03-16T16:15:09.9473119+02:00" endTime="2026-03-16T16:15:09.9473120+02:00" testType="13cdc9d9-ddb5-4fa4-a97d-d965ccfc6d4b" outcome="Passed" testListId="8c84fa94-04c1-424b-9868-57a2d4851a1d" relativeResultsDirectory="eea9885c-50bc-4b59-aae7-b638b268db0f" />
    <UnitTestResult executionId="70a8c22a-0d86-47c1-bfd3-dbd77d5b228d" testId="94359973-7cea-0224-2b1e-482afbb6873d" testName="ReactiveUITK.SourceGenerator.Tests.FormatterSnapshotTests.Idempotency_SampleFile_IsUnchanged(filePath: &quot;C:\\Yanivs\\GameDev\\UnityComponents\\Assets\\Reac&quot;···, relativePath: &quot;Components\\ShowcaseDemoPage\\components\\Showcase&quot;···)" computerName="DESKTOP-CFTHQRQ" duration="00:00:00.0003942" startTime="2026-03-16T16:15:09.9541459+02:00" endTime="2026-03-16T16:15:09.9541460+02:00" testType="13cdc9d9-ddb5-4fa4-a97d-d965ccfc6d4b" outcome="Passed" testListId="8c84fa94-04c1-424b-9868-57a2d4851a1d" relativeResultsDirectory="70a8c22a-0d86-47c1-bfd3-dbd77d5b228d" />
    <UnitTestResult executionId="c68162ca-8cdd-4fb3-ac0f-c62ff8fa22d8" testId="160a5e45-aa00-0f51-d54b-8f4c4a9eccca" testName="ReactiveUITK.SourceGenerator.Tests.FormatterSnapshotTests.RoslynIdempotency_SampleFile_IsUnchanged(filePath: &quot;C:\\Yanivs\\GameDev\\UnityComponents\\Assets\\Reac&quot;···, relativePath: &quot;Components\\MainMenuRouterDemoFunc\\MainMenuSideba&quot;···)" computerName="DESKTOP-CFTHQRQ" duration="00:00:00.0001533" startTime="2026-03-16T16:15:09.9509210+02:00" endTime="2026-03-16T16:15:09.9509210+02:00" testType="13cdc9d9-ddb5-4fa4-a97d-d965ccfc6d4b" outcome="Passed" testListId="8c84fa94-04c1-424b-9868-57a2d4851a1d" relativeResultsDirectory="c68162ca-8cdd-4fb3-ac0f-c62ff8fa22d8" />
    <UnitTestResult executionId="987690b2-cc05-4b13-9fae-4fe18f681a00" testId="8a46db98-945e-1d74-219a-a5ed405c9e7f" testName="ReactiveUITK.SourceGenerator.Tests.FormatterSnapshotTests.RoslynIdempotency_SampleFile_IsUnchanged(filePath: &quot;C:\\Yanivs\\GameDev\\UnityComponents\\Assets\\Reac&quot;···, relativePath: &quot;Components\\RouterDemoFunc\\RouterNavLink.uitkx&quot;)" computerName="DESKTOP-CFTHQRQ" duration="00:00:00.0010233" startTime="2026-03-16T16:15:09.9263905+02:00" endTime="2026-03-16T16:15:09.9263906+02:00" testType="13cdc9d9-ddb5-4fa4-a97d-d965ccfc6d4b" outcome="Passed" testListId="8c84fa94-04c1-424b-9868-57a2d4851a1d" relativeResultsDirectory="987690b2-cc05-4b13-9fae-4fe18f681a00" />
    <UnitTestResult executionId="ee96bce0-4227-458a-9ff5-e52b549a7b30" testId="445ebcac-6269-60ac-2726-4de866c9edae" testName="ReactiveUITK.SourceGenerator.Tests.FormatterSnapshotTests.Idempotency_SampleFile_IsUnchanged(filePath: &quot;C:\\Yanivs\\GameDev\\UnityComponents\\Assets\\Reac&quot;···, relativePath: &quot;Components\\MainMenuRouterDemoFunc\\MainMenuLayout&quot;···)" computerName="DESKTOP-CFTHQRQ" duration="00:00:00.0001613" startTime="2026-03-16T16:15:09.9593706+02:00" endTime="2026-03-16T16:15:09.9593707+02:00" testType="13cdc9d9-ddb5-4fa4-a97d-d965ccfc6d4b" outcome="Passed" testListId="8c84fa94-04c1-424b-9868-57a2d4851a1d" relativeResultsDirectory="ee96bce0-4227-458a-9ff5-e52b549a7b30" />
    <UnitTestResult executionId="5b0bbb43-a84a-4554-a7b2-4040305cac07" testId="de7c5ebb-ec46-a978-3126-2502ccce8a29" testName="ReactiveUITK.SourceGenerator.Tests.FormatterSnapshotTests.RoslynIdempotency_SampleFile_IsUnchanged(filePath: &quot;C:\\Yanivs\\GameDev\\UnityComponents\\Assets\\Reac&quot;···, relativePath: &quot;Components\\UitkxCounterFunc\\CounterFooter.uitkx&quot;)" computerName="DESKTOP-CFTHQRQ" duration="00:00:00.0000978" startTime="2026-03-16T16:15:09.9512180+02:00" endTime="2026-03-16T16:15:09.9512180+02:00" testType="13cdc9d9-ddb5-4fa4-a97d-d965ccfc6d4b" outcome="Passed" testListId="8c84fa94-04c1-424b-9868-57a2d4851a1d" relativeResultsDirectory="5b0bbb43-a84a-4554-a7b2-4040305cac07" />
    <UnitTestResult executionId="c20be44a-0b3c-4e12-9fe3-e6c0501bd43d" testId="d5017cfa-b505-3ed2-88e6-448ff7714c3d" testName="ReactiveUITK.SourceGenerator.Tests.FormatterSnapshotTests.Idempotency_SampleFile_IsUnchanged(filePath: &quot;C:\\Yanivs\\GameDev\\UnityComponents\\Assets\\Reac&quot;···, relativePath: &quot;Components\\MainMenuRouterDemoFunc\\MainMenuRouter&quot;···)" computerName="DESKTOP-CFTHQRQ" duration="00:00:00.0001035" startTime="2026-03-16T16:15:09.9651300+02:00" endTime="2026-03-16T16:15:09.9651301+02:00" testType="13cdc9d9-ddb5-4fa4-a97d-d965ccfc6d4b" outcome="Passed" testListId="8c84fa94-04c1-424b-9868-57a2d4851a1d" relativeResultsDirectory="c20be44a-0b3c-4e12-9fe3-e6c0501bd43d" />
    <UnitTestResult executionId="247554cb-638f-4a7e-a909-0ed5256dd3c7" testId="626b0ebf-2a73-fd69-5f2b-da16e5c8f8e6" testName="ReactiveUITK.SourceGenerator.Tests.FormatterSnapshotTests.RoslynIdempotency_SampleFile_IsUnchanged(filePath: &quot;C:\\Yanivs\\GameDev\\UnityComponents\\Assets\\Reac&quot;···, relativePath: &quot;Components\\PropTypesDemoFunc\\PropTypesDemoFunc.u&quot;···)" computerName="DESKTOP-CFTHQRQ" duration="00:00:00.0002311" startTime="2026-03-16T16:15:09.9508655+02:00" endTime="2026-03-16T16:15:09.9508656+02:00" testType="13cdc9d9-ddb5-4fa4-a97d-d965ccfc6d4b" outcome="Passed" testListId="8c84fa94-04c1-424b-9868-57a2d4851a1d" relativeResultsDirectory="247554cb-638f-4a7e-a909-0ed5256dd3c7" />
    <UnitTestResult executionId="63c974a8-7087-4e16-9360-a3169e7e9f1f" testId="67aec67a-db5b-753d-6244-704edd074246" testName="ReactiveUITK.SourceGenerator.Tests.FormatterSnapshotTests.Idempotency_SampleFile_IsUnchanged(filePath: &quot;C:\\Yanivs\\GameDev\\UnityComponents\\Assets\\Reac&quot;···, relativePath: &quot;Components\\RefForwardingDemoFunc\\RefChild\\RefCh&quot;···)" computerName="DESKTOP-CFTHQRQ" duration="00:00:00.0001122" startTime="2026-03-16T16:15:09.9617965+02:00" endTime="2026-03-16T16:15:09.9617965+02:00" testType="13cdc9d9-ddb5-4fa4-a97d-d965ccfc6d4b" outcome="Passed" testListId="8c84fa94-04c1-424b-9868-57a2d4851a1d" relativeResultsDirectory="63c974a8-7087-4e16-9360-a3169e7e9f1f" />
    <UnitTestResult executionId="dadf7d47-6acd-4593-9664-0edce20d93bb" testId="3318dd7d-9aaa-1dee-d404-612b8f90bbf3" testName="ReactiveUITK.SourceGenerator.Tests.FormatterSnapshotTests.RoslynIdempotency_SampleFile_IsUnchanged(filePath: &quot;C:\\Yanivs\\GameDev\\UnityComponents\\Assets\\Reac&quot;···, relativePath: &quot;Components\\RouterDemoFunc\\RouterQuickAccessPanel&quot;···)" computerName="DESKTOP-CFTHQRQ" duration="00:00:00.0001434" startTime="2026-03-16T16:15:09.9517844+02:00" endTime="2026-03-16T16:15:09.9517844+02:00" testType="13cdc9d9-ddb5-4fa4-a97d-d965ccfc6d4b" outcome="Passed" testListId="8c84fa94-04c1-424b-9868-57a2d4851a1d" relativeResultsDirectory="dadf7d47-6acd-4593-9664-0edce20d93bb" />
    <UnitTestResult executionId="40fdd22e-9aa4-4287-b96b-1bb245478b92" testId="db2ad885-e873-f6d8-ea20-9af80ff920be" testName="ReactiveUITK.SourceGenerator.Tests.FormatterSnapshotTests.Idempotency_SampleFile_IsUnchanged(filePath: &quot;C:\\Yanivs\\GameDev\\UnityComponents\\Assets\\Reac&quot;···, relativePath: &quot;Components\\EffectCleanupOrderDemoFunc\\EffectPane&quot;···)" computerName="DESKTOP-CFTHQRQ" duration="00:00:00.0001096" startTime="2026-03-16T16:15:09.9665432+02:00" endTime="2026-03-16T16:15:09.9665433+02:00" testType="13cdc9d9-ddb5-4fa4-a97d-d965ccfc6d4b" outcome="Passed" testListId="8c84fa94-04c1-424b-9868-57a2d4851a1d" relativeResultsDirectory="40fdd22e-9aa4-4287-b96b-1bb245478b92" />
    <UnitTestResult executionId="209eb1e3-9646-4422-baa8-4bf5d212c8ef" testId="d391aba8-154a-72d0-6ce9-2f0b6f8d9964" testName="ReactiveUITK.SourceGenerator.Tests.FormatterSnapshotTests.Idempotency_SampleFile_IsUnchanged(filePath: &quot;C:\\Yanivs\\GameDev\\UnityComponents\\Assets\\Reac&quot;···, relativePath: &quot;Components\\ShowcaseDemoPage\\components\\Showcase&quot;···)" computerName="DESKTOP-CFTHQRQ" duration="00:00:00.0002080" startTime="2026-03-16T16:15:09.9619126+02:00" endTime="2026-03-16T16:15:09.9619126+02:00" testType="13cdc9d9-ddb5-4fa4-a97d-d965ccfc6d4b" outcome="Passed" testListId="8c84fa94-04c1-424b-9868-57a2d4851a1d" relativeResultsDirectory="209eb1e3-9646-4422-baa8-4bf5d212c8ef" />
    <UnitTestResult executionId="d9245359-3464-4101-9a39-3e84d6845031" testId="d21e5e3a-a1c6-cd7a-4135-b5dc3c64c49c" testName="ReactiveUITK.SourceGenerator.Tests.FormatterSnapshotTests.RoslynIdempotency_SampleFile_IsUnchanged(filePath: &quot;C:\\Yanivs\\GameDev\\UnityComponents\\Assets\\Reac&quot;···, relativePath: &quot;Components\\HelloWorldFunc\\HelloWorldFunc.uitkx&quot;)" computerName="DESKTOP-CFTHQRQ" duration="00:00:00.0001076" startTime="2026-03-16T16:15:09.9512630+02:00" endTime="2026-03-16T16:15:09.9512630+02:00" testType="13cdc9d9-ddb5-4fa4-a97d-d965ccfc6d4b" outcome="Passed" testListId="8c84fa94-04c1-424b-9868-57a2d4851a1d" relativeResultsDirectory="d9245359-3464-4101-9a39-3e84d6845031" />
    <UnitTestResult executionId="b2262a8d-15fd-4bf6-bf80-427bc4cdf816" testId="7404b10e-d0fd-9a02-e0ea-951bbadacfa0" testName="ReactiveUITK.SourceGenerator.Tests.FormatterSnapshotTests.Idempotency_SampleFile_IsUnchanged(filePath: &quot;C:\\Yanivs\\GameDev\\UnityComponents\\Assets\\Reac&quot;···, relativePath: &quot;Components\\KeyedDiffLisDemoFunc\\KeyedDiffLisDemo&quot;···)" computerName="DESKTOP-CFTHQRQ" duration="00:00:00.0004765" startTime="2026-03-16T16:15:09.9573732+02:00" endTime="2026-03-16T16:15:09.9573733+02:00" testType="13cdc9d9-ddb5-4fa4-a97d-d965ccfc6d4b" outcome="Passed" testListId="8c84fa94-04c1-424b-9868-57a2d4851a1d" relativeResultsDirectory="b2262a8d-15fd-4bf6-bf80-427bc4cdf816" />
    <UnitTestResult executionId="3e105bf5-0b00-4261-9015-8044e9343623" testId="0d1815aa-15f0-5703-f3d5-aab4c78282c1" testName="ReactiveUITK.SourceGenerator.Tests.FormatterSnapshotTests.Idempotency_SampleFile_IsUnchanged(filePath: &quot;C:\\Yanivs\\GameDev\\UnityComponents\\Assets\\Reac&quot;···, relativePath: &quot;Components\\RefForwardingDemoFunc\\RefForwardingDe&quot;···)" computerName="DESKTOP-CFTHQRQ" duration="00:00:00.0002470" startTime="2026-03-16T16:15:09.9630676+02:00" endTime="2026-03-16T16:15:09.9630676+02:00" testType="13cdc9d9-ddb5-4fa4-a97d-d965ccfc6d4b" outcome="Passed" testListId="8c84fa94-04c1-424b-9868-57a2d4851a1d" relativeResultsDirectory="3e105bf5-0b00-4261-9015-8044e9343623" />
    <UnitTestResult executionId="d40eb3ba-de79-46d3-aa44-893bdd144881" testId="ad35ff6b-496b-e833-9f41-a0da96fc50a3" testName="ReactiveUITK.SourceGenerator.Tests.FormatterSnapshotTests.Idempotency_SampleFile_IsUnchanged(filePath: &quot;C:\\Yanivs\\GameDev\\UnityComponents\\Assets\\Reac&quot;···, relativePath: &quot;Components\\ExceptionFlowDemoFunc\\ExceptionFlowDe&quot;···)" computerName="DESKTOP-CFTHQRQ" duration="00:00:00.0003653" startTime="2026-03-16T16:15:09.9641831+02:00" endTime="2026-03-16T16:15:09.9641832+02:00" testType="13cdc9d9-ddb5-4fa4-a97d-d965ccfc6d4b" outcome="Passed" testListId="8c84fa94-04c1-424b-9868-57a2d4851a1d" relativeResultsDirectory="d40eb3ba-de79-46d3-aa44-893bdd144881" />
    <UnitTestResult executionId="3460079f-528d-4c02-afe4-f9303a86732c" testId="d383c7a9-7442-5ce6-f5b9-a31b2e826a75" testName="ReactiveUITK.SourceGenerator.Tests.FormatterSnapshotTests.Idempotency_SampleFile_IsUnchanged(filePath: &quot;C:\\Yanivs\\GameDev\\UnityComponents\\Assets\\Reac&quot;···, relativePath: &quot;Components\\RouterDemoFunc\\RouterNavLink.uitkx&quot;)" computerName="DESKTOP-CFTHQRQ" duration="00:00:00.0001263" startTime="2026-03-16T16:15:09.9645315+02:00" endTime="2026-03-16T16:15:09.9645315+02:00" testType="13cdc9d9-ddb5-4fa4-a97d-d965ccfc6d4b" outcome="Passed" testListId="8c84fa94-04c1-424b-9868-57a2d4851a1d" relativeResultsDirectory="3460079f-528d-4c02-afe4-f9303a86732c" />
    <UnitTestResult executionId="b53efb8c-e067-4cbe-a67d-b1ad0adc2cb0" testId="9a8cd3cd-6e1c-eadf-a10b-3bbbe8e76162" testName="ReactiveUITK.SourceGenerator.Tests.FormatterSnapshotTests.Idempotency_SampleFile_IsUnchanged(filePath: &quot;C:\\Yanivs\\GameDev\\UnityComponents\\Assets\\Reac&quot;···, relativePath: &quot;Components\\ShowcaseDemoPage\\components\\Showcase&quot;···)" computerName="DESKTOP-CFTHQRQ" duration="00:00:00.0002012" startTime="2026-03-16T16:15:09.9579198+02:00" endTime="2026-03-16T16:15:09.9579198+02:00" testType="13cdc9d9-ddb5-4fa4-a97d-d965ccfc6d4b" outcome="Passed" testListId="8c84fa94-04c1-424b-9868-57a2d4851a1d" relativeResultsDirectory="b53efb8c-e067-4cbe-a67d-b1ad0adc2cb0" />
    <UnitTestResult executionId="e1a0c51b-7c7d-4724-b4b5-0c715b714a07" testId="c6672f54-ba6a-34a7-56e3-1f0d07b8491e" testName="ReactiveUITK.SourceGenerator.Tests.FormatterSnapshotTests.RoslynIdempotency_SampleFile_IsUnchanged(filePath: &quot;C:\\Yanivs\\GameDev\\UnityComponents\\Assets\\Reac&quot;···, relativePath: &quot;Components\\MainMenuRouterDemoFunc\\MainMenuRouter&quot;···)" computerName="DESKTOP-CFTHQRQ" duration="00:00:00.0001133" startTime="2026-03-16T16:15:09.9473336+02:00" endTime="2026-03-16T16:15:09.9473336+02:00" testType="13cdc9d9-ddb5-4fa4-a97d-d965ccfc6d4b" outcome="Passed" testListId="8c84fa94-04c1-424b-9868-57a2d4851a1d" relativeResultsDirectory="e1a0c51b-7c7d-4724-b4b5-0c715b714a07" />
    <UnitTestResult executionId="6d9b3992-e729-48ff-bd6f-d33616f7f196" testId="c7a7f8b7-a4d0-8944-2187-bc396f6e9d0e" testName="ReactiveUITK.SourceGenerator.Tests.FormatterSnapshotTests.RoslynIdempotency_SampleFile_IsUnchanged(filePath: &quot;C:\\Yanivs\\GameDev\\UnityComponents\\Assets\\Reac&quot;···, relativePath: &quot;Components\\ExceptionFlowDemoFunc\\ExceptionFlowDe&quot;···)" computerName="DESKTOP-CFTHQRQ" duration="00:00:00.0004219" startTime="2026-03-16T16:15:09.9512791+02:00" endTime="2026-03-16T16:15:09.9512791+02:00" testType="13cdc9d9-ddb5-4fa4-a97d-d965ccfc6d4b" outcome="Passed" testListId="8c84fa94-04c1-424b-9868-57a2d4851a1d" relativeResultsDirectory="6d9b3992-e729-48ff-bd6f-d33616f7f196" />
    <UnitTestResult executionId="d5ad0553-73ab-4b02-91f6-80d1ebe23bef" testId="71d4595d-c98b-72c8-4a4f-60d8150d749f" testName="ReactiveUITK.SourceGenerator.Tests.FormatterSnapshotTests.Idempotency_SampleFile_IsUnchanged(filePath: &quot;C:\\Yanivs\\GameDev\\UnityComponents\\Assets\\Reac&quot;···, relativePath: &quot;Components\\SignalCounterDemoFunc\\SignalCounterDe&quot;···)" computerName="DESKTOP-CFTHQRQ" duration="00:00:00.0001276" startTime="2026-03-16T16:15:09.9609875+02:00" endTime="2026-03-16T16:15:09.9609876+02:00" testType="13cdc9d9-ddb5-4fa4-a97d-d965ccfc6d4b" outcome="Passed" testListId="8c84fa94-04c1-424b-9868-57a2d4851a1d" relativeResultsDirectory="d5ad0553-73ab-4b02-91f6-80d1ebe23bef" />
    <UnitTestResult executionId="7960d62d-707d-47a4-8020-c213678929be" testId="510facf2-166b-cc03-1f23-088dc04d5eea" testName="ReactiveUITK.SourceGenerator.Tests.FormatterSnapshotTests.Idempotency_SampleFile_IsUnchanged(filePath: &quot;C:\\Yanivs\\GameDev\\UnityComponents\\Assets\\Reac&quot;···, relativePath: &quot;Components\\EventBatchingDemoFunc\\EventBatchingDe&quot;···)" computerName="DESKTOP-CFTHQRQ" duration="00:00:00.0002432" startTime="2026-03-16T16:15:09.9623470+02:00" endTime="2026-03-16T16:15:09.9623470+02:00" testType="13cdc9d9-ddb5-4fa4-a97d-d965ccfc6d4b" outcome="Passed" testListId="8c84fa94-04c1-424b-9868-57a2d4851a1d" relativeResultsDirectory="7960d62d-707d-47a4-8020-c213678929be" />
    <UnitTestResult executionId="df2919a7-a220-4c71-a344-89a7c3b51ad6" testId="4720472f-ae21-69c4-d1e7-b99163193790" testName="ReactiveUITK.SourceGenerator.Tests.FormatterSnapshotTests.RoslynIdempotency_SampleFile_IsUnchanged(filePath: &quot;C:\\Yanivs\\GameDev\\UnityComponents\\Assets\\Reac&quot;···, relativePath: &quot;Components\\ShowcaseDemoPage\\components\\Showcase&quot;···)" computerName="DESKTOP-CFTHQRQ" duration="00:00:00.0002290" startTime="2026-03-16T16:15:09.9509289+02:00" endTime="2026-03-16T16:15:09.9509289+02:00" testType="13cdc9d9-ddb5-4fa4-a97d-d965ccfc6d4b" outcome="Passed" testListId="8c84fa94-04c1-424b-9868-57a2d4851a1d" relativeResultsDirectory="df2919a7-a220-4c71-a344-89a7c3b51ad6" />
    <UnitTestResult executionId="56723440-e938-486d-a9ec-7ac1018667fb" testId="fb9b2334-84d8-8bee-8013-081edb7bb235" testName="ReactiveUITK.SourceGenerator.Tests.FormatterSnapshotTests.RoslynIdempotency_SampleFile_IsUnchanged(filePath: &quot;C:\\Yanivs\\GameDev\\UnityComponents\\Assets\\Reac&quot;···, relativePath: &quot;Components\\EffectCleanupOrderDemoFunc\\EffectClea&quot;···)" computerName="DESKTOP-CFTHQRQ" duration="00:00:00.0002509" startTime="2026-03-16T16:15:09.9515771+02:00" endTime="2026-03-16T16:15:09.9515771+02:00" testType="13cdc9d9-ddb5-4fa4-a97d-d965ccfc6d4b" outcome="Passed" testListId="8c84fa94-04c1-424b-9868-57a2d4851a1d" relativeResultsDirectory="56723440-e938-486d-a9ec-7ac1018667fb" />
    <UnitTestResult executionId="8d141d15-0e8c-4280-8bee-7a6e8f6bb20d" testId="182db3d2-2f44-a724-e838-2ca7faa0a393" testName="ReactiveUITK.SourceGenerator.Tests.FormatterSnapshotTests.Idempotency_SampleFile_IsUnchanged(filePath: &quot;C:\\Yanivs\\GameDev\\UnityComponents\\Assets\\Reac&quot;···, relativePath: &quot;Components\\ShowcaseDemoPage\\components\\Showcase&quot;···)" computerName="DESKTOP-CFTHQRQ" duration="00:00:00.0008838" startTime="2026-03-16T16:15:09.9590151+02:00" endTime="2026-03-16T16:15:09.9590152+02:00" testType="13cdc9d9-ddb5-4fa4-a97d-d965ccfc6d4b" outcome="Passed" testListId="8c84fa94-04c1-424b-9868-57a2d4851a1d" relativeResultsDirectory="8d141d15-0e8c-4280-8bee-7a6e8f6bb20d" />
    <UnitTestResult executionId="c3deb25a-172e-4e83-8bae-b3a27a81539c" testId="077caaa5-d776-9282-1ac0-8059d030ef3c" testName="ReactiveUITK.SourceGenerator.Tests.FormatterSnapshotTests.RoslynIdempotency_SampleFile_IsUnchanged(filePath: &quot;C:\\Yanivs\\GameDev\\UnityComponents\\Assets\\Reac&quot;···, relativePath: &quot;Components\\ShowcaseDemoPage\\components\\Showcase&quot;···)" computerName="DESKTOP-CFTHQRQ" duration="00:00:00.0002062" startTime="2026-03-16T16:15:09.9515688+02:00" endTime="2026-03-16T16:15:09.9515688+02:00" testType="13cdc9d9-ddb5-4fa4-a97d-d965ccfc6d4b" outcome="Passed" testListId="8c84fa94-04c1-424b-9868-57a2d4851a1d" relativeResultsDirectory="c3deb25a-172e-4e83-8bae-b3a27a81539c" />
    <UnitTestResult executionId="950cbdd3-97fe-4109-96dc-9ac0edb8a125" testId="e600ae0d-3c7f-791d-69cc-39c7172e3a00" testName="ReactiveUITK.SourceGenerator.Tests.FormatterSnapshotTests.RoslynIdempotency_SampleFile_IsUnchanged(filePath: &quot;C:\\Yanivs\\GameDev\\UnityComponents\\Assets\\Reac&quot;···, relativePath: &quot;Components\\RouterDemoFunc\\RouterUserDetails.uitk&quot;···)" computerName="DESKTOP-CFTHQRQ" duration="00:00:00.0001336" startTime="2026-03-16T16:15:09.9473791+02:00" endTime="2026-03-16T16:15:09.9473791+02:00" testType="13cdc9d9-ddb5-4fa4-a97d-d965ccfc6d4b" outcome="Passed" testListId="8c84fa94-04c1-424b-9868-57a2d4851a1d" relativeResultsDirectory="950cbdd3-97fe-4109-96dc-9ac0edb8a125" />
    <UnitTestResult executionId="a9f64b8e-752a-422d-88e6-14030229adde" testId="9044740b-1abc-6029-721e-4babac658775" testName="ReactiveUITK.SourceGenerator.Tests.FormatterSnapshotTests.RoslynIdempotency_SampleFile_IsUnchanged(filePath: &quot;C:\\Yanivs\\GameDev\\UnityComponents\\Assets\\Reac&quot;···, relativePath: &quot;Components\\ShowcaseDemoPage\\components\\Showcase&quot;···)" computerName="DESKTOP-CFTHQRQ" duration="00:00:00.0009351" startTime="2026-03-16T16:15:09.9509043+02:00" endTime="2026-03-16T16:15:09.9509044+02:00" testType="13cdc9d9-ddb5-4fa4-a97d-d965ccfc6d4b" outcome="Passed" testListId="8c84fa94-04c1-424b-9868-57a2d4851a1d" relativeResultsDirectory="a9f64b8e-752a-422d-88e6-14030229adde" />
    <UnitTestResult executionId="65f8044b-9653-4b68-a204-11ff8ac1af0d" testId="28b4a12a-eab1-b5dc-62d1-8ef540758ee8" testName="ReactiveUITK.SourceGenerator.Tests.FormatterSnapshotTests.RoslynIdempotency_SampleFile_IsUnchanged(filePath: &quot;C:\\Yanivs\\GameDev\\UnityComponents\\Assets\\Reac&quot;···, relativePath: &quot;Components\\RefForwardingDemoFunc\\RefForwardingDe&quot;···)" computerName="DESKTOP-CFTHQRQ" duration="00:00:00.0002597" startTime="2026-03-16T16:15:09.9266422+02:00" endTime="2026-03-16T16:15:09.9266422+02:00" testType="13cdc9d9-ddb5-4fa4-a97d-d965ccfc6d4b" outcome="Passed" testListId="8c84fa94-04c1-424b-9868-57a2d4851a1d" relativeResultsDirectory="65f8044b-9653-4b68-a204-11ff8ac1af0d" />
    <UnitTestResult executionId="26b61921-2857-43a6-bf59-df652b85bc0b" testId="6f67c451-dd39-d6dc-2a94-cde78da9203f" testName="ReactiveUITK.SourceGenerator.Tests.FormatterSnapshotTests.RoslynIdempotency_SampleFile_IsUnchanged(filePath: &quot;C:\\Yanivs\\GameDev\\UnityComponents\\Assets\\Reac&quot;···, relativePath: &quot;Components\\SignalCounterDemoFunc\\SignalCounterDe&quot;···)" computerName="DESKTOP-CFTHQRQ" duration="00:00:00.0001681" startTime="2026-03-16T16:15:09.9512544+02:00" endTime="2026-03-16T16:15:09.9512544+02:00" testType="13cdc9d9-ddb5-4fa4-a97d-d965ccfc6d4b" outcome="Passed" testListId="8c84fa94-04c1-424b-9868-57a2d4851a1d" relativeResultsDirectory="26b61921-2857-43a6-bf59-df652b85bc0b" />
    <UnitTestResult executionId="f4f749b2-9c0e-43bd-9c80-63347221bb19" testId="38c0fd91-5830-e3c1-4828-f43fe1fe7190" testName="ReactiveUITK.SourceGenerator.Tests.FormatterSnapshotTests.Idempotency_SampleFile_IsUnchanged(filePath: &quot;C:\\Yanivs\\GameDev\\UnityComponents\\Assets\\Reac&quot;···, relativePath: &quot;Components\\FlushSyncDemoFunc\\FlushSyncDemoFunc.u&quot;···)" computerName="DESKTOP-CFTHQRQ" duration="00:00:00.0001086" startTime="2026-03-16T16:15:09.9652175+02:00" endTime="2026-03-16T16:15:09.9652175+02:00" testType="13cdc9d9-ddb5-4fa4-a97d-d965ccfc6d4b" outcome="Passed" testListId="8c84fa94-04c1-424b-9868-57a2d4851a1d" relativeResultsDirectory="f4f749b2-9c0e-43bd-9c80-63347221bb19" />
    <UnitTestResult executionId="ae82e335-1d17-4357-9978-07be7098507c" testId="f72174f2-582a-4630-fee6-44087ab7468e" testName="ReactiveUITK.SourceGenerator.Tests.FormatterSnapshotTests.RoslynIdempotency_SampleFile_IsUnchanged(filePath: &quot;C:\\Yanivs\\GameDev\\UnityComponents\\Assets\\Reac&quot;···, relativePath: &quot;Components\\KeyedDiffLisDemoFunc\\KeyedDiffLisDemo&quot;···)" computerName="DESKTOP-CFTHQRQ" duration="00:00:00.0009978" startTime="2026-03-16T16:15:09.9197751+02:00" endTime="2026-03-16T16:15:09.9197751+02:00" testType="13cdc9d9-ddb5-4fa4-a97d-d965ccfc6d4b" outcome="Passed" testListId="8c84fa94-04c1-424b-9868-57a2d4851a1d" relativeResultsDirectory="ae82e335-1d17-4357-9978-07be7098507c" />
    <UnitTestResult executionId="725cc47a-92c9-46b6-a81c-cf168a4a4feb" testId="0e8466c1-20db-e84c-35ed-e7ee45a7406c" testName="ReactiveUITK.SourceGenerator.Tests.FormatterSnapshotTests.RoslynIdempotency_SampleFile_IsUnchanged(filePath: &quot;C:\\Yanivs\\GameDev\\UnityComponents\\Assets\\Reac&quot;···, relativePath: &quot;Components\\ContextDemoFunc\\ContextDemoFunc.uitkx&quot;)" computerName="DESKTOP-CFTHQRQ" duration="00:00:00.0001316" startTime="2026-03-16T16:15:09.9515275+02:00" endTime="2026-03-16T16:15:09.9515276+02:00" testType="13cdc9d9-ddb5-4fa4-a97d-d965ccfc6d4b" outcome="Passed" testListId="8c84fa94-04c1-424b-9868-57a2d4851a1d" relativeResultsDirectory="725cc47a-92c9-46b6-a81c-cf168a4a4feb" />
    <UnitTestResult executionId="4c7fabfe-05e1-42aa-aa1a-6650759d40d4" testId="a034396b-6cbf-0730-bd63-31e0b1c55cbb" testName="ReactiveUITK.SourceGenerator.Tests.FormatterSnapshotTests.RoslynIdempotency_SampleFile_IsUnchanged(filePath: &quot;C:\\Yanivs\\GameDev\\UnityComponents\\Assets\\Reac&quot;···, relativePath: &quot;Components\\ContextBailoutDemoFunc\\MiddleLayer.ui&quot;···)" computerName="DESKTOP-CFTHQRQ" duration="00:00:00.0001187" startTime="2026-03-16T16:15:09.9517761+02:00" endTime="2026-03-16T16:15:09.9517761+02:00" testType="13cdc9d9-ddb5-4fa4-a97d-d965ccfc6d4b" outcome="Passed" testListId="8c84fa94-04c1-424b-9868-57a2d4851a1d" relativeResultsDirectory="4c7fabfe-05e1-42aa-aa1a-6650759d40d4" />
    <UnitTestResult executionId="c88f298c-a426-451c-97ab-38f48d7a38b4" testId="25656842-0409-3993-6bd7-ab327e107ca0" testName="ReactiveUITK.SourceGenerator.Tests.FormatterSnapshotTests.Idempotency_SampleFile_IsUnchanged(filePath: &quot;C:\\Yanivs\\GameDev\\UnityComponents\\Assets\\Reac&quot;···, relativePath: &quot;Components\\RouterDemoFunc\\RouterNavigatePanel.ui&quot;···)" computerName="DESKTOP-CFTHQRQ" duration="00:00:00.0001850" startTime="2026-03-16T16:15:09.9643875+02:00" endTime="2026-03-16T16:15:09.9643876+02:00" testType="13cdc9d9-ddb5-4fa4-a97d-d965ccfc6d4b" outcome="Passed" testListId="8c84fa94-04c1-424b-9868-57a2d4851a1d" relativeResultsDirectory="c88f298c-a426-451c-97ab-38f48d7a38b4" />
    <UnitTestResult executionId="f0293b93-41bd-411b-9d7a-5e97d17d86bb" testId="52ff0370-e42e-2353-6733-ba138f6b2ab4" testName="ReactiveUITK.SourceGenerator.Tests.FormatterSnapshotTests.Idempotency_SampleFile_IsUnchanged(filePath: &quot;C:\\Yanivs\\GameDev\\UnityComponents\\Assets\\Reac&quot;···, relativePath: &quot;Components\\ProgressBarDemoFunc\\ProgressBarDemoFu&quot;···)" computerName="DESKTOP-CFTHQRQ" duration="00:00:00.0003758" startTime="2026-03-16T16:15:09.9528508+02:00" endTime="2026-03-16T16:15:09.9528509+02:00" testType="13cdc9d9-ddb5-4fa4-a97d-d965ccfc6d4b" outcome="Passed" testListId="8c84fa94-04c1-424b-9868-57a2d4851a1d" relativeResultsDirectory="f0293b93-41bd-411b-9d7a-5e97d17d86bb" />
    <UnitTestResult executionId="54beb530-3381-4281-b011-ae4392b14e0a" testId="edc0868e-d6f1-b10b-9b08-9f811d090c61" testName="ReactiveUITK.SourceGenerator.Tests.FormatterSnapshotTests.Idempotency_SampleFile_IsUnchanged(filePath: &quot;C:\\Yanivs\\GameDev\\UnityComponents\\Assets\\Reac&quot;···, relativePath: &quot;Components\\EditorControlsDemoFunc\\EditorControls&quot;···)" computerName="DESKTOP-CFTHQRQ" duration="00:00:00.0001901" startTime="2026-03-16T16:15:09.9591899+02:00" endTime="2026-03-16T16:15:09.9591900+02:00" testType="13cdc9d9-ddb5-4fa4-a97d-d965ccfc6d4b" outcome="Passed" testListId="8c84fa94-04c1-424b-9868-57a2d4851a1d" relativeResultsDirectory="54beb530-3381-4281-b011-ae4392b14e0a" />
    <UnitTestResult executionId="30ef5c8b-cbae-4b4d-a632-bd841ca6dc02" testId="e069af6a-572a-6e0c-d78b-531a2e62379d" testName="ReactiveUITK.SourceGenerator.Tests.FormatterSnapshotTests.Idempotency_SampleFile_IsUnchanged(filePath: &quot;C:\\Yanivs\\GameDev\\UnityComponents\\Assets\\Reac&quot;···, relativePath: &quot;Components\\EffectCleanupOrderDemoFunc\\EffectClea&quot;···)" computerName="DESKTOP-CFTHQRQ" duration="00:00:00.0002554" startTime="2026-03-16T16:15:09.9603753+02:00" endTime="2026-03-16T16:15:09.9603753+02:00" testType="13cdc9d9-ddb5-4fa4-a97d-d965ccfc6d4b" outcome="Passed" testListId="8c84fa94-04c1-424b-9868-57a2d4851a1d" relativeResultsDirectory="30ef5c8b-cbae-4b4d-a632-bd841ca6dc02" />
    <UnitTestResult executionId="412c5b5f-774f-4336-82a2-d4c61a75fa3c" testId="a330b5d6-cf78-bc35-6c66-4e65d0a5189a" testName="ReactiveUITK.SourceGenerator.Tests.FormatterSnapshotTests.RoslynIdempotency_SampleFile_IsUnchanged(filePath: &quot;C:\\Yanivs\\GameDev\\UnityComponents\\Assets\\Reac&quot;···, relativePath: &quot;Components\\RenderDepthGuardDemoFunc\\RenderDepthG&quot;···)" computerName="DESKTOP-CFTHQRQ" duration="00:00:00.0002357" startTime="2026-03-16T16:15:09.9515190+02:00" endTime="2026-03-16T16:15:09.9515191+02:00" testType="13cdc9d9-ddb5-4fa4-a97d-d965ccfc6d4b" outcome="Passed" testListId="8c84fa94-04c1-424b-9868-57a2d4851a1d" relativeResultsDirectory="412c5b5f-774f-4336-82a2-d4c61a75fa3c" />
    <UnitTestResult executionId="bff8e46d-9aa5-4442-bb35-54d95228bc3e" testId="c5ff2795-adb2-197b-3399-4c702c99bf9d" testName="ReactiveUITK.SourceGenerator.Tests.FormatterSnapshotTests.RoslynIdempotency_SampleFile_IsUnchanged(filePath: &quot;C:\\Yanivs\\GameDev\\UnityComponents\\Assets\\Reac&quot;···, relativePath: &quot;Components\\MainMenuRouterDemoFunc\\MainMenuNaviga&quot;···)" computerName="DESKTOP-CFTHQRQ" duration="00:00:00.0001057" startTime="2026-03-16T16:15:09.9520946+02:00" endTime="2026-03-16T16:15:09.9520947+02:00" testType="13cdc9d9-ddb5-4fa4-a97d-d965ccfc6d4b" outcome="Passed" testListId="8c84fa94-04c1-424b-9868-57a2d4851a1d" relativeResultsDirectory="bff8e46d-9aa5-4442-bb35-54d95228bc3e" />
    <UnitTestResult executionId="6f17de58-8edd-4480-8f70-7e8505252a22" testId="c980164b-10e0-7e58-7773-f72f5f5a1df6" testName="ReactiveUITK.SourceGenerator.Tests.FormatterSnapshotTests.Idempotency_SampleFile_IsUnchanged(filePath: &quot;C:\\Yanivs\\GameDev\\UnityComponents\\Assets\\Reac&quot;···, relativePath: &quot;Components\\RouterDemoFunc\\RouterLocationBanner.u&quot;···)" computerName="DESKTOP-CFTHQRQ" duration="00:00:00.0001466" startTime="2026-03-16T16:15:09.9568761+02:00" endTime="2026-03-16T16:15:09.9568762+02:00" testType="13cdc9d9-ddb5-4fa4-a97d-d965ccfc6d4b" outcome="Passed" testListId="8c84fa94-04c1-424b-9868-57a2d4851a1d" relativeResultsDirectory="6f17de58-8edd-4480-8f70-7e8505252a22" />
    <UnitTestResult executionId="306a3b83-b3e3-4e3c-8366-43cb7db5d6b8" testId="1eaaaa6b-42f8-7c69-830a-9861ed8428df" testName="ReactiveUITK.SourceGenerator.Tests.FormatterSnapshotTests.RoslynIdempotency_SampleFile_IsUnchanged(filePath: &quot;C:\\Yanivs\\GameDev\\UnityComponents\\Assets\\Reac&quot;···, relativePath: &quot;Components\\RouterDemoFunc\\RouterLocationBanner.u&quot;···)" computerName="DESKTOP-CFTHQRQ" duration="00:00:00.0001495" startTime="2026-03-16T16:15:09.9511974+02:00" endTime="2026-03-16T16:15:09.9511974+02:00" testType="13cdc9d9-ddb5-4fa4-a97d-d965ccfc6d4b" outcome="Passed" testListId="8c84fa94-04c1-424b-9868-57a2d4851a1d" relativeResultsDirectory="306a3b83-b3e3-4e3c-8366-43cb7db5d6b8" />
    <UnitTestResult executionId="0cb8225d-97f2-4cce-8822-43326ea61861" testId="972f6e7c-a590-7410-8739-d1f8519985ab" testName="ReactiveUITK.SourceGenerator.Tests.FormatterSnapshotTests.Idempotency_SampleFile_IsUnchanged(filePath: &quot;C:\\Yanivs\\GameDev\\UnityComponents\\Assets\\Reac&quot;···, relativePath: &quot;Components\\RouterDemoFunc\\RouterHistoryPanel.uit&quot;···)" computerName="DESKTOP-CFTHQRQ" duration="00:00:00.0001228" startTime="2026-03-16T16:15:09.9658270+02:00" endTime="2026-03-16T16:15:09.9658271+02:00" testType="13cdc9d9-ddb5-4fa4-a97d-d965ccfc6d4b" outcome="Passed" testListId="8c84fa94-04c1-424b-9868-57a2d4851a1d" relativeResultsDirectory="0cb8225d-97f2-4cce-8822-43326ea61861" />
    <UnitTestResult executionId="c90a2ad6-e4db-44a2-9ef8-837e6ebad609" testId="e8cfcc73-7529-7ec6-b62f-2440237ed305" testName="ReactiveUITK.SourceGenerator.Tests.FormatterSnapshotTests.RoslynIdempotency_SampleFile_IsUnchanged(filePath: &quot;C:\\Yanivs\\GameDev\\UnityComponents\\Assets\\Reac&quot;···, relativePath: &quot;Components\\RouterDemoFunc\\RouterSettingsPanel.ui&quot;···)" computerName="DESKTOP-CFTHQRQ" duration="00:00:00.0001327" startTime="2026-03-16T16:15:09.9473689+02:00" endTime="2026-03-16T16:15:09.9473689+02:00" testType="13cdc9d9-ddb5-4fa4-a97d-d965ccfc6d4b" outcome="Passed" testListId="8c84fa94-04c1-424b-9868-57a2d4851a1d" relativeResultsDirectory="c90a2ad6-e4db-44a2-9ef8-837e6ebad609" />
    <UnitTestResult executionId="1338ff88-e823-4e3e-8aed-8e0199523a5a" testId="01cb5dae-1d7b-8c6e-4733-0722987cc46d" testName="ReactiveUITK.SourceGenerator.Tests.FormatterSnapshotTests.RoslynIdempotency_SampleFile_IsUnchanged(filePath: &quot;C:\\Yanivs\\GameDev\\UnityComponents\\Assets\\Reac&quot;···, relativePath: &quot;Components\\ContextDemoFunc\\ContextConsumer.uitkx&quot;)" computerName="DESKTOP-CFTHQRQ" duration="00:00:00.0001303" startTime="2026-03-16T16:15:09.9267935+02:00" endTime="2026-03-16T16:15:09.9267936+02:00" testType="13cdc9d9-ddb5-4fa4-a97d-d965ccfc6d4b" outcome="Passed" testListId="8c84fa94-04c1-424b-9868-57a2d4851a1d" relativeResultsDirectory="1338ff88-e823-4e3e-8aed-8e0199523a5a" />
    <UnitTestResult executionId="1848d5eb-994a-4be3-82c8-056bcf81f507" testId="555d93db-5fcb-d371-e845-66e6ec449ac3" testName="ReactiveUITK.SourceGenerator.Tests.FormatterSnapshotTests.RoslynIdempotency_SampleFile_IsUnchanged(filePath: &quot;C:\\Yanivs\\GameDev\\UnityComponents\\Assets\\Reac&quot;···, relativePath: &quot;Components\\SimpleTextFieldFunc\\SimpleTextFieldFu&quot;···)" computerName="DESKTOP-CFTHQRQ" duration="00:00:00.0002137" startTime="2026-03-16T16:15:09.9253044+02:00" endTime="2026-03-16T16:15:09.9253044+02:00" testType="13cdc9d9-ddb5-4fa4-a97d-d965ccfc6d4b" outcome="Passed" testListId="8c84fa94-04c1-424b-9868-57a2d4851a1d" relativeResultsDirectory="1848d5eb-994a-4be3-82c8-056bcf81f507" />
    <UnitTestResult executionId="d904ba99-724c-44c4-8e15-931f74b48d51" testId="d6a4f2d8-1e20-30eb-128e-4d7efd4166c5" testName="ReactiveUITK.SourceGenerator.Tests.FormatterSnapshotTests.RoslynIdempotency_SampleFile_IsUnchanged(filePath: &quot;C:\\Yanivs\\GameDev\\UnityComponents\\Assets\\Reac&quot;···, relativePath: &quot;Components\\ShowcaseDemoPage\\ShowcaseDemoPage.uit&quot;···)" computerName="DESKTOP-CFTHQRQ" duration="00:00:00.0004825" startTime="2026-03-16T16:15:09.9512427+02:00" endTime="2026-03-16T16:15:09.9512428+02:00" testType="13cdc9d9-ddb5-4fa4-a97d-d965ccfc6d4b" outcome="Passed" testListId="8c84fa94-04c1-424b-9868-57a2d4851a1d" relativeResultsDirectory="d904ba99-724c-44c4-8e15-931f74b48d51" />
    <UnitTestResult executionId="76bcc192-fd30-4f6f-a7b3-83dae2f4c60d" testId="66015fce-3dd4-69a2-d094-cdf30dd5f7b2" testName="ReactiveUITK.SourceGenerator.Tests.FormatterSnapshotTests.RoslynIdempotency_SampleFile_IsUnchanged(filePath: &quot;C:\\Yanivs\\GameDev\\UnityComponents\\Assets\\Reac&quot;···, relativePath: &quot;Components\\ShowcaseDemoPage\\components\\Showcase&quot;···)" computerName="DESKTOP-CFTHQRQ" duration="00:00:00.0002124" startTime="2026-03-16T16:15:09.9515092+02:00" endTime="2026-03-16T16:15:09.9515093+02:00" testType="13cdc9d9-ddb5-4fa4-a97d-d965ccfc6d4b" outcome="Passed" testListId="8c84fa94-04c1-424b-9868-57a2d4851a1d" relativeResultsDirectory="76bcc192-fd30-4f6f-a7b3-83dae2f4c60d" />
    <UnitTestResult executionId="854db326-7d28-4ebe-9bdd-e6c20e21511a" testId="467fcb14-6be6-8a96-669f-fd89e48d0cdb" testName="ReactiveUITK.SourceGenerator.Tests.FormatterSnapshotTests.RoslynIdempotency_SampleFile_IsUnchanged(filePath: &quot;C:\\Yanivs\\GameDev\\UnityComponents\\Assets\\Reac&quot;···, relativePath: &quot;Components\\FlushSyncDemoFunc\\FlushSyncDemoFunc.u&quot;···)" computerName="DESKTOP-CFTHQRQ" duration="00:00:00.0001149" startTime="2026-03-16T16:15:09.9515362+02:00" endTime="2026-03-16T16:15:09.9515362+02:00" testType="13cdc9d9-ddb5-4fa4-a97d-d965ccfc6d4b" outcome="Passed" testListId="8c84fa94-04c1-424b-9868-57a2d4851a1d" relativeResultsDirectory="854db326-7d28-4ebe-9bdd-e6c20e21511a" />
    <UnitTestResult executionId="68a8aad7-cf67-40c0-b8ca-bd0871ed655f" testId="0aa38156-e2c0-c622-c99f-1780d6976136" testName="ReactiveUITK.SourceGenerator.Tests.FormatterSnapshotTests.RoslynIdempotency_SampleFile_IsUnchanged(filePath: &quot;C:\\Yanivs\\GameDev\\UnityComponents\\Assets\\Reac&quot;···, relativePath: &quot;Components\\MainMenuRouterDemoFunc\\MainMenuLayout&quot;···)" computerName="DESKTOP-CFTHQRQ" duration="00:00:00.0001858" startTime="2026-03-16T16:15:09.9508775+02:00" endTime="2026-03-16T16:15:09.9508776+02:00" testType="13cdc9d9-ddb5-4fa4-a97d-d965ccfc6d4b" outcome="Passed" testListId="8c84fa94-04c1-424b-9868-57a2d4851a1d" relativeResultsDirectory="68a8aad7-cf67-40c0-b8ca-bd0871ed655f" />
    <UnitTestResult executionId="f48ba087-82f5-4845-99ab-fc5ed8f7fe48" testId="fe3de07f-3549-f27b-eca4-9f60873ae85f" testName="ReactiveUITK.SourceGenerator.Tests.FormatterSnapshotTests.RoslynIdempotency_SampleFile_IsUnchanged(filePath: &quot;C:\\Yanivs\\GameDev\\UnityComponents\\Assets\\Reac&quot;···, relativePath: &quot;Components\\HookStateQueueDemoFunc\\HookStateQueue&quot;···)" computerName="DESKTOP-CFTHQRQ" duration="00:00:00.0003079" startTime="2026-03-16T16:15:09.9518003+02:00" endTime="2026-03-16T16:15:09.9518003+02:00" testType="13cdc9d9-ddb5-4fa4-a97d-d965ccfc6d4b" outcome="Passed" testListId="8c84fa94-04c1-424b-9868-57a2d4851a1d" relativeResultsDirectory="f48ba087-82f5-4845-99ab-fc5ed8f7fe48" />
    <UnitTestResult executionId="7a56ae1e-05bd-418e-8238-7dae7be53359" testId="cf5951f2-6fe2-6557-8e6a-7e42460d1417" testName="ReactiveUITK.SourceGenerator.Tests.FormatterSnapshotTests.Idempotency_SampleFile_IsUnchanged(filePath: &quot;C:\\Yanivs\\GameDev\\UnityComponents\\Assets\\Reac&quot;···, relativePath: &quot;Components\\PortalEventScopeDemoFunc\\PortalEventS&quot;···)" computerName="DESKTOP-CFTHQRQ" duration="00:00:00.0002139" startTime="2026-03-16T16:15:09.9664168+02:00" endTime="2026-03-16T16:15:09.9664169+02:00" testType="13cdc9d9-ddb5-4fa4-a97d-d965ccfc6d4b" outcome="Passed" testListId="8c84fa94-04c1-424b-9868-57a2d4851a1d" relativeResultsDirectory="7a56ae1e-05bd-418e-8238-7dae7be53359" />
    <UnitTestResult executionId="9dac129f-5e6b-4da3-ae97-7bb6cea68aeb" testId="aa01e329-64aa-106f-a197-dfffc4b00652" testName="ReactiveUITK.SourceGenerator.Tests.FormatterSnapshotTests.Idempotency_SampleFile_IsUnchanged(filePath: &quot;C:\\Yanivs\\GameDev\\UnityComponents\\Assets\\Reac&quot;···, relativePath: &quot;Components\\RouterDemoFunc\\RouterDemoFunc.uitkx&quot;)" computerName="DESKTOP-CFTHQRQ" duration="00:00:00.0003047" startTime="2026-03-16T16:15:09.9576982+02:00" endTime="2026-03-16T16:15:09.9576983+02:00" testType="13cdc9d9-ddb5-4fa4-a97d-d965ccfc6d4b" outcome="Passed" testListId="8c84fa94-04c1-424b-9868-57a2d4851a1d" relativeResultsDirectory="9dac129f-5e6b-4da3-ae97-7bb6cea68aeb" />
    <UnitTestResult executionId="38a3c370-eb11-4b28-8da0-3965d8a4224e" testId="99b159f8-1d01-3cfe-6b77-80c782a4e587" testName="ReactiveUITK.SourceGenerator.Tests.FormatterSnapshotTests.RoslynIdempotency_SampleFile_IsUnchanged(filePath: &quot;C:\\Yanivs\\GameDev\\UnityComponents\\Assets\\Reac&quot;···, relativePath: &quot;Components\\ShowcaseDemoPage\\components\\Showcase&quot;···)" computerName="DESKTOP-CFTHQRQ" duration="00:00:00.0005368" startTime="2026-03-16T16:15:09.9509126+02:00" endTime="2026-03-16T16:15:09.9509126+02:00" testType="13cdc9d9-ddb5-4fa4-a97d-d965ccfc6d4b" outcome="Passed" testListId="8c84fa94-04c1-424b-9868-57a2d4851a1d" relativeResultsDirectory="38a3c370-eb11-4b28-8da0-3965d8a4224e" />
    <UnitTestResult executionId="11f0a3e0-6853-439f-a803-a22c927a5ae8" testId="3a6a0527-f40f-dc5b-6803-127e64cac541" testName="ReactiveUITK.SourceGenerator.Tests.FormatterSnapshotTests.RoslynIdempotency_SampleFile_IsUnchanged(filePath: &quot;C:\\Yanivs\\GameDev\\UnityComponents\\Assets\\Reac&quot;···, relativePath: &quot;Components\\PropTypesDemoFunc\\StatusBadge.uitkx&quot;)" computerName="DESKTOP-CFTHQRQ" duration="00:00:00.0001063" startTime="2026-03-16T16:15:09.9515527+02:00" endTime="2026-03-16T16:15:09.9515528+02:00" testType="13cdc9d9-ddb5-4fa4-a97d-d965ccfc6d4b" outcome="Passed" testListId="8c84fa94-04c1-424b-9868-57a2d4851a1d" relativeResultsDirectory="11f0a3e0-6853-439f-a803-a22c927a5ae8" />
    <UnitTestResult executionId="a7baeaf9-457e-4c05-a218-c7cde7f754d8" testId="e434fdde-c2e1-4390-b53f-7be7048ea70c" testName="ReactiveUITK.SourceGenerator.Tests.FormatterSnapshotTests.Idempotency_SampleFile_IsUnchanged(filePath: &quot;C:\\Yanivs\\GameDev\\UnityComponents\\Assets\\Reac&quot;···, relativePath: &quot;Components\\HelloWorldFunc\\HelloWorldFunc.uitkx&quot;)" computerName="DESKTOP-CFTHQRQ" duration="00:00:00.0000560" startTime="2026-03-16T16:15:09.9619884+02:00" endTime="2026-03-16T16:15:09.9619885+02:00" testType="13cdc9d9-ddb5-4fa4-a97d-d965ccfc6d4b" outcome="Passed" testListId="8c84fa94-04c1-424b-9868-57a2d4851a1d" relativeResultsDirectory="a7baeaf9-457e-4c05-a218-c7cde7f754d8" />
    <UnitTestResult executionId="7d7e8ac9-77b8-49e2-8928-b06a8e7b302e" testId="076d17a4-f427-6be9-aa46-c587cdab37af" testName="ReactiveUITK.SourceGenerator.Tests.FormatterSnapshotTests.Idempotency_SampleFile_IsUnchanged(filePath: &quot;C:\\Yanivs\\GameDev\\UnityComponents\\Assets\\Reac&quot;···, relativePath: &quot;Components\\RouterDemoFunc\\RouterUserDetails.uitk&quot;···)" computerName="DESKTOP-CFTHQRQ" duration="00:00:00.0001366" startTime="2026-03-16T16:15:09.9605284+02:00" endTime="2026-03-16T16:15:09.9605284+02:00" testType="13cdc9d9-ddb5-4fa4-a97d-d965ccfc6d4b" outcome="Passed" testListId="8c84fa94-04c1-424b-9868-57a2d4851a1d" relativeResultsDirectory="7d7e8ac9-77b8-49e2-8928-b06a8e7b302e" />
    <UnitTestResult executionId="12fa66e9-321e-4114-b973-ab286004f544" testId="5e8afc72-3631-d4ac-9e01-602f09e94106" testName="ReactiveUITK.SourceGenerator.Tests.FormatterSnapshotTests.RoslynIdempotency_SampleFile_IsUnchanged(filePath: &quot;C:\\Yanivs\\GameDev\\UnityComponents\\Assets\\Reac&quot;···, relativePath: &quot;Components\\RouterDemoFunc\\RouterNavigationGuardP&quot;···)" computerName="DESKTOP-CFTHQRQ" duration="00:00:00.0002730" startTime="2026-03-16T16:15:09.9473431+02:00" endTime="2026-03-16T16:15:09.9473431+02:00" testType="13cdc9d9-ddb5-4fa4-a97d-d965ccfc6d4b" outcome="Passed" testListId="8c84fa94-04c1-424b-9868-57a2d4851a1d" relativeResultsDirectory="12fa66e9-321e-4114-b973-ab286004f544" />
    <UnitTestResult executionId="30c5f5a3-5968-4d09-9788-97cfe3d07755" testId="41d660dd-5ff1-63f5-bc70-10e58759e01d" testName="ReactiveUITK.SourceGenerator.Tests.FormatterSnapshotTests.Idempotency_SampleFile_IsUnchanged(filePath: &quot;C:\\Yanivs\\GameDev\\UnityComponents\\Assets\\Reac&quot;···, relativePath: &quot;Components\\SyntheticEventDemoFunc\\SyntheticEvent&quot;···)" computerName="DESKTOP-CFTHQRQ" duration="00:00:00.0001987" startTime="2026-03-16T16:15:09.9632873+02:00" endTime="2026-03-16T16:15:09.9632873+02:00" testType="13cdc9d9-ddb5-4fa4-a97d-d965ccfc6d4b" outcome="Passed" testListId="8c84fa94-04c1-424b-9868-57a2d4851a1d" relativeResultsDirectory="30c5f5a3-5968-4d09-9788-97cfe3d07755" />
    <UnitTestResult executionId="b7fab8ef-6ba0-499f-93be-b833ea70c9f1" testId="e754534b-d2f9-4b9d-50b4-0a47f25accb2" testName="ReactiveUITK.SourceGenerator.Tests.FormatterSnapshotTests.Idempotency_SampleFile_IsUnchanged(filePath: &quot;C:\\Yanivs\\GameDev\\UnityComponents\\Assets\\Reac&quot;···, relativePath: &quot;Components\\UitkxCounterFunc\\UitkxCounterFunc.uit&quot;···)" computerName="DESKTOP-CFTHQRQ" duration="00:00:00.0018526" startTime="2026-03-16T16:15:09.9564058+02:00" endTime="2026-03-16T16:15:09.9564059+02:00" testType="13cdc9d9-ddb5-4fa4-a97d-d965ccfc6d4b" outcome="Failed" testListId="8c84fa94-04c1-424b-9868-57a2d4851a1d" relativeResultsDirectory="b7fab8ef-6ba0-499f-93be-b833ea70c9f1">
      <Output>
        <ErrorInfo>
          <Message>Assert.Equal() Failure: Strings differ&#xD;
                                  ↓ (pos 16342)&#xD;
Expected: ···"  &lt;visualElementSafe style={new Style { ("···&#xD;
Actual:   ···"  &lt;visualElementSafe\n        style={new S"···&#xD;
                                  ↑ (pos 16342)</Message>
          <StackTrace>   at ReactiveUITK.SourceGenerator.Tests.FormatterSnapshotTests.Idempotency_SampleFile_IsUnchanged(String filePath, String relativePath) in C:\Yanivs\GameDev\UnityComponents\Assets\ReactiveUIToolKit\SourceGenerator~\Tests\FormatterSnapshotTests.cs:line 97&#xD;
   at InvokeStub_FormatterSnapshotTests.Idempotency_SampleFile_IsUnchanged(Object, Span`1)&#xD;
   at System.Reflection.MethodBaseInvoker.InvokeWithFewArgs(Object obj, BindingFlags invokeAttr, Binder binder, Object[] parameters, CultureInfo culture)</StackTrace>
        </ErrorInfo>
      </Output>
    </UnitTestResult>
    <UnitTestResult executionId="113777e3-0b6b-4a33-969d-a7ca74983533" testId="8687ba4c-e7cc-df3e-0f90-3eccec5eac1c" testName="ReactiveUITK.SourceGenerator.Tests.FormatterSnapshotTests.Idempotency_SampleFile_IsUnchanged(filePath: &quot;C:\\Yanivs\\GameDev\\UnityComponents\\Assets\\Reac&quot;···, relativePath: &quot;Components\\RouterDemoFunc\\RouterNavigationGuardP&quot;···)" computerName="DESKTOP-CFTHQRQ" duration="00:00:00.0002648" startTime="2026-03-16T16:15:09.9612698+02:00" endTime="2026-03-16T16:15:09.9612698+02:00" testType="13cdc9d9-ddb5-4fa4-a97d-d965ccfc6d4b" outcome="Passed" testListId="8c84fa94-04c1-424b-9868-57a2d4851a1d" relativeResultsDirectory="113777e3-0b6b-4a33-969d-a7ca74983533" />
    <UnitTestResult executionId="94d2d669-db07-41e0-b570-770a7b3934ed" testId="af00d698-7dfc-ac53-cc27-2b38c42703a7" testName="ReactiveUITK.SourceGenerator.Tests.FormatterSnapshotTests.Idempotency_SampleFile_IsUnchanged(filePath: &quot;C:\\Yanivs\\GameDev\\UnityComponents\\Assets\\Reac&quot;···, relativePath: &quot;Components\\ContextDemoFunc\\ContextDemoFunc.uitkx&quot;)" computerName="DESKTOP-CFTHQRQ" duration="00:00:00.0001205" startTime="2026-03-16T16:15:09.9614062+02:00" endTime="2026-03-16T16:15:09.9614063+02:00" testType="13cdc9d9-ddb5-4fa4-a97d-d965ccfc6d4b" outcome="Passed" testListId="8c84fa94-04c1-424b-9868-57a2d4851a1d" relativeResultsDirectory="94d2d669-db07-41e0-b570-770a7b3934ed" />
    <UnitTestResult executionId="a2ecedb5-0f22-43c8-b525-d0524d4c4e18" testId="98815f87-03e0-817a-0441-853a94640589" testName="ReactiveUITK.SourceGenerator.Tests.FormatterSnapshotTests.Idempotency_SampleFile_IsUnchanged(filePath: &quot;C:\\Yanivs\\GameDev\\UnityComponents\\Assets\\Reac&quot;···, relativePath: &quot;Components\\ContextBailoutDemoFunc\\ContextBailout&quot;···)" computerName="DESKTOP-CFTHQRQ" duration="00:00:00.0001364" startTime="2026-03-16T16:15:09.9646855+02:00" endTime="2026-03-16T16:15:09.9646855+02:00" testType="13cdc9d9-ddb5-4fa4-a97d-d965ccfc6d4b" outcome="Passed" testListId="8c84fa94-04c1-424b-9868-57a2d4851a1d" relativeResultsDirectory="a2ecedb5-0f22-43c8-b525-d0524d4c4e18" />
    <UnitTestResult executionId="7ecdc87b-91e9-47c0-b55a-631977493e0c" testId="bc0692f0-c183-4393-b210-4585f8fb44c4" testName="ReactiveUITK.SourceGenerator.Tests.FormatterSnapshotTests.Idempotency_SampleFile_IsUnchanged(filePath: &quot;C:\\Yanivs\\GameDev\\UnityComponents\\Assets\\Reac&quot;···, relativePath: &quot;Components\\ShowcaseDemoPage\\ShowcaseDemoPage.uit&quot;···)" computerName="DESKTOP-CFTHQRQ" duration="00:00:00.0004946" startTime="2026-03-16T16:15:09.9638270+02:00" endTime="2026-03-16T16:15:09.9638273+02:00" testType="13cdc9d9-ddb5-4fa4-a97d-d965ccfc6d4b" outcome="Passed" testListId="8c84fa94-04c1-424b-9868-57a2d4851a1d" relativeResultsDirectory="7ecdc87b-91e9-47c0-b55a-631977493e0c" />
    <UnitTestResult executionId="68b79d26-0841-41b5-a4a8-b6327a4e7ca3" testId="aa3004af-f124-2397-f72b-ebb8d2aa9a8d" testName="ReactiveUITK.SourceGenerator.Tests.FormatterSnapshotTests.RoslynIdempotency_SampleFile_IsUnchanged(filePath: &quot;C:\\Yanivs\\GameDev\\UnityComponents\\Assets\\Reac&quot;···, relativePath: &quot;Components\\RouterDemoFunc\\RouterNavigatePanel.ui&quot;···)" computerName="DESKTOP-CFTHQRQ" duration="00:00:00.0001878" startTime="2026-03-16T16:15:09.9517923+02:00" endTime="2026-03-16T16:15:09.9517923+02:00" testType="13cdc9d9-ddb5-4fa4-a97d-d965ccfc6d4b" outcome="Passed" testListId="8c84fa94-04c1-424b-9868-57a2d4851a1d" relativeResultsDirectory="68b79d26-0841-41b5-a4a8-b6327a4e7ca3" />
    <UnitTestResult executionId="88a7694d-149a-4dec-aa37-c6b162c2f484" testId="56fc2819-68a5-5eec-1fdf-7cf1746d388e" testName="ReactiveUITK.SourceGenerator.Tests.FormatterSnapshotTests.Idempotency_SampleFile_IsUnchanged(filePath: &quot;C:\\Yanivs\\GameDev\\UnityComponents\\Assets\\Reac&quot;···, relativePath: &quot;Components\\TabTreeDemoFunc\\TabTreeDemoFunc.uitkx&quot;)" computerName="DESKTOP-CFTHQRQ" duration="00:00:00.0007657" startTime="2026-03-16T16:15:09.9673304+02:00" endTime="2026-03-16T16:15:09.9673305+02:00" testType="13cdc9d9-ddb5-4fa4-a97d-d965ccfc6d4b" outcome="Passed" testListId="8c84fa94-04c1-424b-9868-57a2d4851a1d" relativeResultsDirectory="88a7694d-149a-4dec-aa37-c6b162c2f484" />
    <UnitTestResult executionId="35c39bb1-f504-4e4c-a58e-b78d0b2798a7" testId="49330571-a072-be4e-8f0d-e224fe7348bd" testName="ReactiveUITK.SourceGenerator.Tests.FormatterSnapshotTests.RoslynIdempotency_SampleFile_IsUnchanged(filePath: &quot;C:\\Yanivs\\GameDev\\UnityComponents\\Assets\\Reac&quot;···, relativePath: &quot;Components\\DeferredEffectDemoFunc\\DeferredEffect&quot;···)" computerName="DESKTOP-CFTHQRQ" duration="00:00:00.1180649" startTime="2026-03-16T16:15:09.9149811+02:00" endTime="2026-03-16T16:15:09.9150021+02:00" testType="13cdc9d9-ddb5-4fa4-a97d-d965ccfc6d4b" outcome="Passed" testListId="8c84fa94-04c1-424b-9868-57a2d4851a1d" relativeResultsDirectory="35c39bb1-f504-4e4c-a58e-b78d0b2798a7" />
    <UnitTestResult executionId="e1e4a42f-8e40-4c2a-9d61-777d423e0bb6" testId="c57d55bb-dc91-9b1f-56a6-fa120a641051" testName="ReactiveUITK.SourceGenerator.Tests.FormatterSnapshotTests.RoslynIdempotency_SampleFile_IsUnchanged(filePath: &quot;C:\\Yanivs\\GameDev\\UnityComponents\\Assets\\Reac&quot;···, relativePath: &quot;Components\\ShowcaseDemoPage\\components\\Showcase&quot;···)" computerName="DESKTOP-CFTHQRQ" duration="00:00:00.0003237" startTime="2026-03-16T16:15:09.9515609+02:00" endTime="2026-03-16T16:15:09.9515609+02:00" testType="13cdc9d9-ddb5-4fa4-a97d-d965ccfc6d4b" outcome="Passed" testListId="8c84fa94-04c1-424b-9868-57a2d4851a1d" relativeResultsDirectory="e1e4a42f-8e40-4c2a-9d61-777d423e0bb6" />
    <UnitTestResult executionId="7fd3767b-f5e0-417f-8860-970ff360e128" testId="c8b106f0-32de-69b8-8d8e-8b5c1f9f88dd" testName="ReactiveUITK.SourceGenerator.Tests.FormatterSnapshotTests.Idempotency_SampleFile_IsUnchanged(filePath: &quot;C:\\Yanivs\\GameDev\\UnityComponents\\Assets\\Reac&quot;···, relativePath: &quot;Components\\UitkxCounterFunc\\CounterFooter.uitkx&quot;)" computerName="DESKTOP-CFTHQRQ" duration="00:00:00.0000878" startTime="2026-03-16T16:15:09.9659316+02:00" endTime="2026-03-16T16:15:09.9659316+02:00" testType="13cdc9d9-ddb5-4fa4-a97d-d965ccfc6d4b" outcome="Passed" testListId="8c84fa94-04c1-424b-9868-57a2d4851a1d" relativeResultsDirectory="7fd3767b-f5e0-417f-8860-970ff360e128" />
    <UnitTestResult executionId="261f06cb-5350-472f-aa7b-0d73707a4328" testId="82669be3-4b6c-8c23-a6d0-fb11820c9e57" testName="ReactiveUITK.SourceGenerator.Tests.FormatterSnapshotTests.RoslynIdempotency_SampleFile_IsUnchanged(filePath: &quot;C:\\Yanivs\\GameDev\\UnityComponents\\Assets\\Reac&quot;···, relativePath: &quot;Components\\EffectCleanupOrderDemoFunc\\EffectPane&quot;···)" computerName="DESKTOP-CFTHQRQ" duration="00:00:00.0001121" startTime="2026-03-16T16:15:09.9518167+02:00" endTime="2026-03-16T16:15:09.9518167+02:00" testType="13cdc9d9-ddb5-4fa4-a97d-d965ccfc6d4b" outcome="Passed" testListId="8c84fa94-04c1-424b-9868-57a2d4851a1d" relativeResultsDirectory="261f06cb-5350-472f-aa7b-0d73707a4328" />
    <UnitTestResult executionId="145b74e8-b61a-49dd-bdfd-f4e5ca21c6e1" testId="9e2bce01-5a31-8698-974e-3d6cad0860ac" testName="ReactiveUITK.SourceGenerator.Tests.FormatterSnapshotTests.RoslynIdempotency_SampleFile_IsUnchanged(filePath: &quot;C:\\Yanivs\\GameDev\\UnityComponents\\Assets\\Reac&quot;···, relativePath: &quot;Components\\ContextBailoutDemoFunc\\ContextBailout&quot;···)" computerName="DESKTOP-CFTHQRQ" duration="00:00:00.0001493" startTime="2026-03-16T16:15:09.9508952+02:00" endTime="2026-03-16T16:15:09.9508952+02:00" testType="13cdc9d9-ddb5-4fa4-a97d-d965ccfc6d4b" outcome="Passed" testListId="8c84fa94-04c1-424b-9868-57a2d4851a1d" relativeResultsDirectory="145b74e8-b61a-49dd-bdfd-f4e5ca21c6e1" />
    <UnitTestResult executionId="6286324d-deb6-4dbc-901d-e3b805c4ea5e" testId="d2bdc824-921f-23c1-018d-93684086e723" testName="ReactiveUITK.SourceGenerator.Tests.FormatterSnapshotTests.RoslynIdempotency_SampleFile_IsUnchanged(filePath: &quot;C:\\Yanivs\\GameDev\\UnityComponents\\Assets\\Reac&quot;···, relativePath: &quot;Components\\EventBatchingDemoFunc\\EventBatchingDe&quot;···)" computerName="DESKTOP-CFTHQRQ" duration="00:00:00.0002422" startTime="2026-03-16T16:15:09.9512087+02:00" endTime="2026-03-16T16:15:09.9512087+02:00" testType="13cdc9d9-ddb5-4fa4-a97d-d965ccfc6d4b" outcome="Passed" testListId="8c84fa94-04c1-424b-9868-57a2d4851a1d" relativeResultsDirectory="6286324d-deb6-4dbc-901d-e3b805c4ea5e" />
    <UnitTestResult executionId="c1acb0f9-a3c7-4185-a83a-b60d439cb6c8" testId="af3f37b2-30c0-3548-fa49-fb186baf988f" testName="ReactiveUITK.SourceGenerator.Tests.FormatterSnapshotTests.Idempotency_SampleFile_IsUnchanged(filePath: &quot;C:\\Yanivs\\GameDev\\UnityComponents\\Assets\\Reac&quot;···, relativePath: &quot;Components\\PropTypesDemoFunc\\StatusBadge.uitkx&quot;)" computerName="DESKTOP-CFTHQRQ" duration="00:00:00.0001032" startTime="2026-03-16T16:15:09.9624817+02:00" endTime="2026-03-16T16:15:09.9624818+02:00" testType="13cdc9d9-ddb5-4fa4-a97d-d965ccfc6d4b" outcome="Passed" testListId="8c84fa94-04c1-424b-9868-57a2d4851a1d" relativeResultsDirectory="c1acb0f9-a3c7-4185-a83a-b60d439cb6c8" />
    <UnitTestResult executionId="76c944b2-0721-494d-8086-17fe5a3dd78c" testId="af42b4e0-c10b-9567-59ff-10e13e9d5dba" testName="ReactiveUITK.SourceGenerator.Tests.FormatterSnapshotTests.Idempotency_SampleFile_IsUnchanged(filePath: &quot;C:\\Yanivs\\GameDev\\UnityComponents\\Assets\\Reac&quot;···, relativePath: &quot;Components\\MainMenuRouterDemoFunc\\MainMenuSideba&quot;···)" computerName="DESKTOP-CFTHQRQ" duration="00:00:00.0001692" startTime="2026-03-16T16:15:09.9567102+02:00" endTime="2026-03-16T16:15:09.9567103+02:00" testType="13cdc9d9-ddb5-4fa4-a97d-d965ccfc6d4b" outcome="Passed" testListId="8c84fa94-04c1-424b-9868-57a2d4851a1d" relativeResultsDirectory="76c944b2-0721-494d-8086-17fe5a3dd78c" />
    <UnitTestResult executionId="f0029217-0edf-488e-b64a-45856c8dcca6" testId="5c14f5c4-68f2-b5e7-fce7-74dce38ff23f" testName="ReactiveUITK.SourceGenerator.Tests.FormatterSnapshotTests.Idempotency_SampleFile_IsUnchanged(filePath: &quot;C:\\Yanivs\\GameDev\\UnityComponents\\Assets\\Reac&quot;···, relativePath: &quot;Components\\RenderDepthGuardDemoFunc\\RenderDepthG&quot;···)" computerName="DESKTOP-CFTHQRQ" duration="00:00:00.0002201" startTime="2026-03-16T16:15:09.9656848+02:00" endTime="2026-03-16T16:15:09.9656849+02:00" testType="13cdc9d9-ddb5-4fa4-a97d-d965ccfc6d4b" outcome="Passed" testListId="8c84fa94-04c1-424b-9868-57a2d4851a1d" relativeResultsDirectory="f0029217-0edf-488e-b64a-45856c8dcca6" />
    <UnitTestResult executionId="e7c7c8fc-06cc-46bf-a5ad-0e7f6dff45c9" testId="faa325d6-1ce8-a667-e331-1ebbb5eeecca" testName="ReactiveUITK.SourceGenerator.Tests.FormatterSnapshotTests.Idempotency_SampleFile_IsUnchanged(filePath: &quot;C:\\Yanivs\\GameDev\\UnityComponents\\Assets\\Reac&quot;···, relativePath: &quot;Components\\ToggleButtonGroupDemoFunc\\ToggleButto&quot;···)" computerName="DESKTOP-CFTHQRQ" duration="00:00:00.0001276" startTime="2026-03-16T16:15:09.9661855+02:00" endTime="2026-03-16T16:15:09.9661856+02:00" testType="13cdc9d9-ddb5-4fa4-a97d-d965ccfc6d4b" outcome="Passed" testListId="8c84fa94-04c1-424b-9868-57a2d4851a1d" relativeResultsDirectory="e7c7c8fc-06cc-46bf-a5ad-0e7f6dff45c9" />
    <UnitTestResult executionId="30c0161b-c673-4458-b883-59ee7462ace1" testId="5aa107c8-c3e8-d062-5ef8-3f85387b88b3" testName="ReactiveUITK.SourceGenerator.Tests.FormatterSnapshotTests.Idempotency_SampleFile_IsUnchanged(filePath: &quot;C:\\Yanivs\\GameDev\\UnityComponents\\Assets\\Reac&quot;···, relativePath: &quot;Components\\RouterDemoFunc\\RouterQuickAccessPanel&quot;···)" computerName="DESKTOP-CFTHQRQ" duration="00:00:00.0001371" startTime="2026-03-16T16:15:09.9580760+02:00" endTime="2026-03-16T16:15:09.9580761+02:00" testType="13cdc9d9-ddb5-4fa4-a97d-d965ccfc6d4b" outcome="Passed" testListId="8c84fa94-04c1-424b-9868-57a2d4851a1d" relativeResultsDirectory="30c0161b-c673-4458-b883-59ee7462ace1" />
    <UnitTestResult executionId="51f0dff6-ca03-415e-af82-9d3be09d7349" testId="96b6266e-f9f0-6e1f-e67a-f5c7673bca25" testName="ReactiveUITK.SourceGenerator.Tests.FormatterSnapshotTests.RoslynIdempotency_SampleFile_IsUnchanged(filePath: &quot;C:\\Yanivs\\GameDev\\UnityComponents\\Assets\\Reac&quot;···, relativePath: &quot;Components\\TabTreeDemoFunc\\TabTreeDemoFunc.uitkx&quot;)" computerName="DESKTOP-CFTHQRQ" duration="00:00:00.0007492" startTime="2026-03-16T16:15:09.9472189+02:00" endTime="2026-03-16T16:15:09.9472190+02:00" testType="13cdc9d9-ddb5-4fa4-a97d-d965ccfc6d4b" outcome="Passed" testListId="8c84fa94-04c1-424b-9868-57a2d4851a1d" relativeResultsDirectory="51f0dff6-ca03-415e-af82-9d3be09d7349" />
    <UnitTestResult executionId="14b515ae-d195-4599-add0-85395be332c5" testId="e700b243-aad9-ccf6-32b1-7f7a115c7156" testName="ReactiveUITK.SourceGenerator.Tests.FormatterSnapshotTests.RoslynIdempotency_SampleFile_IsUnchanged(filePath: &quot;C:\\Yanivs\\GameDev\\UnityComponents\\Assets\\Reac&quot;···, relativePath: &quot;Components\\SyntheticEventDemoFunc\\SyntheticEvent&quot;···)" computerName="DESKTOP-CFTHQRQ" duration="00:00:00.0001982" startTime="2026-03-16T16:15:09.9518087+02:00" endTime="2026-03-16T16:15:09.9518087+02:00" testType="13cdc9d9-ddb5-4fa4-a97d-d965ccfc6d4b" outcome="Passed" testListId="8c84fa94-04c1-424b-9868-57a2d4851a1d" relativeResultsDirectory="14b515ae-d195-4599-add0-85395be332c5" />
    <UnitTestResult executionId="07358f7c-7f55-45ba-a68b-26d451bb6c20" testId="10989861-2fc2-9b7e-ad3e-b43fbbf9ce33" testName="ReactiveUITK.SourceGenerator.Tests.FormatterSnapshotTests.Idempotency_SampleFile_IsUnchanged(filePath: &quot;C:\\Yanivs\\GameDev\\UnityComponents\\Assets\\Reac&quot;···, relativePath: &quot;Components\\ContextBailoutDemoFunc\\ThemeConsumer.&quot;···)" computerName="DESKTOP-CFTHQRQ" duration="00:00:00.0001583" startTime="2026-03-16T16:15:09.9595468+02:00" endTime="2026-03-16T16:15:09.9595468+02:00" testType="13cdc9d9-ddb5-4fa4-a97d-d965ccfc6d4b" outcome="Passed" testListId="8c84fa94-04c1-424b-9868-57a2d4851a1d" relativeResultsDirectory="07358f7c-7f55-45ba-a68b-26d451bb6c20" />
    <UnitTestResult executionId="b0886880-0d21-4f77-a81e-0e7b0678fd3a" testId="19d14d64-6974-3cf7-5cd1-9f601474226b" testName="ReactiveUITK.SourceGenerator.Tests.FormatterSnapshotTests.Idempotency_SampleFile_IsUnchanged(filePath: &quot;C:\\Yanivs\\GameDev\\UnityComponents\\Assets\\Reac&quot;···, relativePath: &quot;Components\\ShowcaseDemoPage\\components\\Showcase&quot;···)" computerName="DESKTOP-CFTHQRQ" duration="00:00:00.0005314" startTime="2026-03-16T16:15:09.9601031+02:00" endTime="2026-03-16T16:15:09.9601032+02:00" testType="13cdc9d9-ddb5-4fa4-a97d-d965ccfc6d4b" outcome="Passed" testListId="8c84fa94-04c1-424b-9868-57a2d4851a1d" relativeResultsDirectory="b0886880-0d21-4f77-a81e-0e7b0678fd3a" />
    <UnitTestResult executionId="6c89a513-5ec8-4a0f-95a0-dc4a3712d1cf" testId="2b66cf21-c1ba-f20b-e852-f5de37e8700f" testName="ReactiveUITK.SourceGenerator.Tests.FormatterSnapshotTests.RoslynIdempotency_SampleFile_IsUnchanged(filePath: &quot;C:\\Yanivs\\GameDev\\UnityComponents\\Assets\\Reac&quot;···, relativePath: &quot;Components\\LatestFeaturesDemoFunc\\LatestFeatures&quot;···)" computerName="DESKTOP-CFTHQRQ" duration="00:00:00.0005807" startTime="2026-03-16T16:15:09.9517662+02:00" endTime="2026-03-16T16:15:09.9517663+02:00" testType="13cdc9d9-ddb5-4fa4-a97d-d965ccfc6d4b" outcome="Passed" testListId="8c84fa94-04c1-424b-9868-57a2d4851a1d" relativeResultsDirectory="6c89a513-5ec8-4a0f-95a0-dc4a3712d1cf" />
    <UnitTestResult executionId="9b5d14fd-53ba-4285-a5e3-0bf6778f9c09" testId="1c645950-027f-f3f2-4659-304d92d8d9c0" testName="ReactiveUITK.SourceGenerator.Tests.FormatterSnapshotTests.RoslynIdempotency_SampleFile_IsUnchanged(filePath: &quot;C:\\Yanivs\\GameDev\\UnityComponents\\Assets\\Reac&quot;···, relativePath: &quot;Components\\ContextBailoutDemoFunc\\ThemeConsumer.&quot;···)" computerName="DESKTOP-CFTHQRQ" duration="00:00:00.0001721" startTime="2026-03-16T16:15:09.9508869+02:00" endTime="2026-03-16T16:15:09.9508869+02:00" testType="13cdc9d9-ddb5-4fa4-a97d-d965ccfc6d4b" outcome="Passed" testListId="8c84fa94-04c1-424b-9868-57a2d4851a1d" relativeResultsDirectory="9b5d14fd-53ba-4285-a5e3-0bf6778f9c09" />
  </Results>
  <TestDefinitions>
    <UnitTest name="ReactiveUITK.SourceGenerator.Tests.FormatterSnapshotTests.Idempotency_SampleFile_IsUnchanged(filePath: &quot;C:\\Yanivs\\GameDev\\UnityComponents\\Assets\\Reac&quot;···, relativePath: &quot;Components\\SimpleCounterFunc\\SimpleCounterFunc.u&quot;···)" storage="c:\yanivs\gamedev\unitycomponents\assets\reactiveuitoolkit\sourcegenerator~\tests\bin\debug\net10.0\reactiveuitk.sourcegenerator.tests.dll" id="1148b964-f6da-ee8b-b416-cfb753bb7202">
      <Execution id="22760293-d014-4333-9725-5d248d74540c" />
[...]
    <TestEntry testId="37bcedf8-75d1-be00-c7c2-46e91d962847" executionId="12be5848-b9d7-4e02-86af-a8de4431e2e7" testListId="8c84fa94-04c1-424b-9868-57a2d4851a1d" />
    <TestEntry testId="fd8b0bdb-bd9f-a111-fae8-5fd9ff151992" executionId="dd98b522-b092-491c-a6e8-73c67eae1e15" testListId="8c84fa94-04c1-424b-9868-57a2d4851a1d" />
    <TestEntry testId="f159b20e-083c-820e-c751-580cccf679c9" executionId="c2b0da3d-b299-4f28-bf92-b33552e646b1" testListId="8c84fa94-04c1-424b-9868-57a2d4851a1d" />
    <TestEntry testId="65681499-665f-1af4-86f0-857b71ffa404" executionId="4cf2c420-7718-4286-8262-712a4049f43f" testListId="8c84fa94-04c1-424b-9868-57a2d4851a1d" />
    <TestEntry testId="b38913ef-d938-2d7e-bb26-95f22462fe11" executionId="f0801edf-f0c5-4777-96cf-d6dfe82fc756" testListId="8c84fa94-04c1-424b-9868-57a2d4851a1d" />
    <TestEntry testId="65f7d486-face-8b96-72b2-d87d8295c65f" executionId="c2320662-c6bd-408f-aa1d-8eff2410bf29" testListId="8c84fa94-04c1-424b-9868-57a2d4851a1d" />
    <TestEntry testId="c80a9935-1824-d8be-bbdd-977281b780e6" executionId="4298b6bf-a503-4492-ac39-01016552088c" testListId="8c84fa94-04c1-424b-9868-57a2d4851a1d" />
    <TestEntry testId="f9296ab5-f9be-fe2f-a9d2-d8fa86cc2db7" executionId="9df7d61f-4057-42a3-a1eb-2de94fca39fc" testListId="8c84fa94-04c1-424b-9868-57a2d4851a1d" />
    <TestEntry testId="f640b95c-c080-8ca8-5161-789a80ee044a" executionId="62e97fac-5f5b-4755-95bf-5e792ba4b371" testListId="8c84fa94-04c1-424b-9868-57a2d4851a1d" />
    <TestEntry testId="9b9cec69-37d2-51be-303a-89df610a9b0e" executionId="bf1f4beb-64bd-4ba7-9e64-ea74fcf02247" testListId="8c84fa94-04c1-424b-9868-57a2d4851a1d" />
    <TestEntry testId="4f2b6624-71cd-f489-4f89-392b1db8917c" executionId="ce97d0e9-4468-45f1-8664-18ea3eeed6be" testListId="8c84fa94-04c1-424b-9868-57a2d4851a1d" />
    <TestEntry testId="84f36409-6db5-a04d-791e-404283910100" executionId="ed7c527a-ca1d-40bd-b69b-550b9a05e8e7" testListId="8c84fa94-04c1-424b-9868-57a2d4851a1d" />
    <TestEntry testId="26469cf1-c03d-cca1-d1ab-6436a08c28c6" executionId="b4641c2d-8c27-4685-8b51-985cce15b53a" testListId="8c84fa94-04c1-424b-9868-57a2d4851a1d" />
    <TestEntry testId="c6bd424f-87f3-c473-f36f-c853d89b72a1" executionId="eea9885c-50bc-4b59-aae7-b638b268db0f" testListId="8c84fa94-04c1-424b-9868-57a2d4851a1d" />
    <TestEntry testId="94359973-7cea-0224-2b1e-482afbb6873d" executionId="70a8c22a-0d86-47c1-bfd3-dbd77d5b228d" testListId="8c84fa94-04c1-424b-9868-57a2d4851a1d" />
    <TestEntry testId="160a5e45-aa00-0f51-d54b-8f4c4a9eccca" executionId="c68162ca-8cdd-4fb3-ac0f-c62ff8fa22d8" testListId="8c84fa94-04c1-424b-9868-57a2d4851a1d" />
    <TestEntry testId="8a46db98-945e-1d74-219a-a5ed405c9e7f" executionId="987690b2-cc05-4b13-9fae-4fe18f681a00" testListId="8c84fa94-04c1-424b-9868-57a2d4851a1d" />
    <TestEntry testId="445ebcac-6269-60ac-2726-4de866c9edae" executionId="ee96bce0-4227-458a-9ff5-e52b549a7b30" testListId="8c84fa94-04c1-424b-9868-57a2d4851a1d" />
    <TestEntry testId="de7c5ebb-ec46-a978-3126-2502ccce8a29" executionId="5b0bbb43-a84a-4554-a7b2-4040305cac07" testListId="8c84fa94-04c1-424b-9868-57a2d4851a1d" />
    <TestEntry testId="d5017cfa-b505-3ed2-88e6-448ff7714c3d" executionId="c20be44a-0b3c-4e12-9fe3-e6c0501bd43d" testListId="8c84fa94-04c1-424b-9868-57a2d4851a1d" />
    <TestEntry testId="626b0ebf-2a73-fd69-5f2b-da16e5c8f8e6" executionId="247554cb-638f-4a7e-a909-0ed5256dd3c7" testListId="8c84fa94-04c1-424b-9868-57a2d4851a1d" />
    <TestEntry testId="67aec67a-db5b-753d-6244-704edd074246" executionId="63c974a8-7087-4e16-9360-a3169e7e9f1f" testListId="8c84fa94-04c1-424b-9868-57a2d4851a1d" />
    <TestEntry testId="3318dd7d-9aaa-1dee-d404-612b8f90bbf3" executionId="dadf7d47-6acd-4593-9664-0edce20d93bb" testListId="8c84fa94-04c1-424b-9868-57a2d4851a1d" />
    <TestEntry testId="db2ad885-e873-f6d8-ea20-9af80ff920be" executionId="40fdd22e-9aa4-4287-b96b-1bb245478b92" testListId="8c84fa94-04c1-424b-9868-57a2d4851a1d" />
    <TestEntry testId="d391aba8-154a-72d0-6ce9-2f0b6f8d9964" executionId="209eb1e3-9646-4422-baa8-4bf5d212c8ef" testListId="8c84fa94-04c1-424b-9868-57a2d4851a1d" />
    <TestEntry testId="d21e5e3a-a1c6-cd7a-4135-b5dc3c64c49c" executionId="d9245359-3464-4101-9a39-3e84d6845031" testListId="8c84fa94-04c1-424b-9868-57a2d4851a1d" />
    <TestEntry testId="7404b10e-d0fd-9a02-e0ea-951bbadacfa0" executionId="b2262a8d-15fd-4bf6-bf80-427bc4cdf816" testListId="8c84fa94-04c1-424b-9868-57a2d4851a1d" />
    <TestEntry testId="0d1815aa-15f0-5703-f3d5-aab4c78282c1" executionId="3e105bf5-0b00-4261-9015-8044e9343623" testListId="8c84fa94-04c1-424b-9868-57a2d4851a1d" />
    <TestEntry testId="ad35ff6b-496b-e833-9f41-a0da96fc50a3" executionId="d40eb3ba-de79-46d3-aa44-893bdd144881" testListId="8c84fa94-04c1-424b-9868-57a2d4851a1d" />
    <TestEntry testId="d383c7a9-7442-5ce6-f5b9-a31b2e826a75" executionId="3460079f-528d-4c02-afe4-f9303a86732c" testListId="8c84fa94-04c1-424b-9868-57a2d4851a1d" />
    <TestEntry testId="9a8cd3cd-6e1c-eadf-a10b-3bbbe8e76162" executionId="b53efb8c-e067-4cbe-a67d-b1ad0adc2cb0" testListId="8c84fa94-04c1-424b-9868-57a2d4851a1d" />
    <TestEntry testId="c6672f54-ba6a-34a7-56e3-1f0d07b8491e" executionId="e1a0c51b-7c7d-4724-b4b5-0c715b714a07" testListId="8c84fa94-04c1-424b-9868-57a2d4851a1d" />
    <TestEntry testId="c7a7f8b7-a4d0-8944-2187-bc396f6e9d0e" executionId="6d9b3992-e729-48ff-bd6f-d33616f7f196" testListId="8c84fa94-04c1-424b-9868-57a2d4851a1d" />
    <TestEntry testId="71d4595d-c98b-72c8-4a4f-60d8150d749f" executionId="d5ad0553-73ab-4b02-91f6-80d1ebe23bef" testListId="8c84fa94-04c1-424b-9868-57a2d4851a1d" />
    <TestEntry testId="510facf2-166b-cc03-1f23-088dc04d5eea" executionId="7960d62d-707d-47a4-8020-c213678929be" testListId="8c84fa94-04c1-424b-9868-57a2d4851a1d" />
    <TestEntry testId="4720472f-ae21-69c4-d1e7-b99163193790" executionId="df2919a7-a220-4c71-a344-89a7c3b51ad6" testListId="8c84fa94-04c1-424b-9868-57a2d4851a1d" />
    <TestEntry testId="fb9b2334-84d8-8bee-8013-081edb7bb235" executionId="56723440-e938-486d-a9ec-7ac1018667fb" testListId="8c84fa94-04c1-424b-9868-57a2d4851a1d" />
    <TestEntry testId="182db3d2-2f44-a724-e838-2ca7faa0a393" executionId="8d141d15-0e8c-4280-8bee-7a6e8f6bb20d" testListId="8c84fa94-04c1-424b-9868-57a2d4851a1d" />
    <TestEntry testId="077caaa5-d776-9282-1ac0-8059d030ef3c" executionId="c3deb25a-172e-4e83-8bae-b3a27a81539c" testListId="8c84fa94-04c1-424b-9868-57a2d4851a1d" />
    <TestEntry testId="e600ae0d-3c7f-791d-69cc-39c7172e3a00" executionId="950cbdd3-97fe-4109-96dc-9ac0edb8a125" testListId="8c84fa94-04c1-424b-9868-57a2d4851a1d" />
    <TestEntry testId="9044740b-1abc-6029-721e-4babac658775" executionId="a9f64b8e-752a-422d-88e6-14030229adde" testListId="8c84fa94-04c1-424b-9868-57a2d4851a1d" />
    <TestEntry testId="28b4a12a-eab1-b5dc-62d1-8ef540758ee8" executionId="65f8044b-9653-4b68-a204-11ff8ac1af0d" testListId="8c84fa94-04c1-424b-9868-57a2d4851a1d" />
    <TestEntry testId="6f67c451-dd39-d6dc-2a94-cde78da9203f" executionId="26b61921-2857-43a6-bf59-df652b85bc0b" testListId="8c84fa94-04c1-424b-9868-57a2d4851a1d" />
    <TestEntry testId="38c0fd91-5830-e3c1-4828-f43fe1fe7190" executionId="f4f749b2-9c0e-43bd-9c80-63347221bb19" testListId="8c84fa94-04c1-424b-9868-57a2d4851a1d" />
    <TestEntry testId="f72174f2-582a-4630-fee6-44087ab7468e" executionId="ae82e335-1d17-4357-9978-07be7098507c" testListId="8c84fa94-04c1-424b-9868-57a2d4851a1d" />
    <TestEntry testId="0e8466c1-20db-e84c-35ed-e7ee45a7406c" executionId="725cc47a-92c9-46b6-a81c-cf168a4a4feb" testListId="8c84fa94-04c1-424b-9868-57a2d4851a1d" />
    <TestEntry testId="a034396b-6cbf-0730-bd63-31e0b1c55cbb" executionId="4c7fabfe-05e1-42aa-aa1a-6650759d40d4" testListId="8c84fa94-04c1-424b-9868-57a2d4851a1d" />
    <TestEntry testId="25656842-0409-3993-6bd7-ab327e107ca0" executionId="c88f298c-a426-451c-97ab-38f48d7a38b4" testListId="8c84fa94-04c1-424b-9868-57a2d4851a1d" />
    <TestEntry testId="52ff0370-e42e-2353-6733-ba138f6b2ab4" executionId="f0293b93-41bd-411b-9d7a-5e97d17d86bb" testListId="8c84fa94-04c1-424b-9868-57a2d4851a1d" />
    <TestEntry testId="edc0868e-d6f1-b10b-9b08-9f811d090c61" executionId="54beb530-3381-4281-b011-ae4392b14e0a" testListId="8c84fa94-04c1-424b-9868-57a2d4851a1d" />
    <TestEntry testId="e069af6a-572a-6e0c-d78b-531a2e62379d" executionId="30ef5c8b-cbae-4b4d-a632-bd841ca6dc02" testListId="8c84fa94-04c1-424b-9868-57a2d4851a1d" />
    <TestEntry testId="a330b5d6-cf78-bc35-6c66-4e65d0a5189a" executionId="412c5b5f-774f-4336-82a2-d4c61a75fa3c" testListId="8c84fa94-04c1-424b-9868-57a2d4851a1d" />
    <TestEntry testId="c5ff2795-adb2-197b-3399-4c702c99bf9d" executionId="bff8e46d-9aa5-4442-bb35-54d95228bc3e" testListId="8c84fa94-04c1-424b-9868-57a2d4851a1d" />
    <TestEntry testId="c980164b-10e0-7e58-7773-f72f5f5a1df6" executionId="6f17de58-8edd-4480-8f70-7e8505252a22" testListId="8c84fa94-04c1-424b-9868-57a2d4851a1d" />
    <TestEntry testId="1eaaaa6b-42f8-7c69-830a-9861ed8428df" executionId="306a3b83-b3e3-4e3c-8366-43cb7db5d6b8" testListId="8c84fa94-04c1-424b-9868-57a2d4851a1d" />
    <TestEntry testId="972f6e7c-a590-7410-8739-d1f8519985ab" executionId="0cb8225d-97f2-4cce-8822-43326ea61861" testListId="8c84fa94-04c1-424b-9868-57a2d4851a1d" />
    <TestEntry testId="e8cfcc73-7529-7ec6-b62f-2440237ed305" executionId="c90a2ad6-e4db-44a2-9ef8-837e6ebad609" testListId="8c84fa94-04c1-424b-9868-57a2d4851a1d" />
    <TestEntry testId="01cb5dae-1d7b-8c6e-4733-0722987cc46d" executionId="1338ff88-e823-4e3e-8aed-8e0199523a5a" testListId="8c84fa94-04c1-424b-9868-57a2d4851a1d" />
    <TestEntry testId="555d93db-5fcb-d371-e845-66e6ec449ac3" executionId="1848d5eb-994a-4be3-82c8-056bcf81f507" testListId="8c84fa94-04c1-424b-9868-57a2d4851a1d" />
    <TestEntry testId="d6a4f2d8-1e20-30eb-128e-4d7efd4166c5" executionId="d904ba99-724c-44c4-8e15-931f74b48d51" testListId="8c84fa94-04c1-424b-9868-57a2d4851a1d" />
    <TestEntry testId="66015fce-3dd4-69a2-d094-cdf30dd5f7b2" executionId="76bcc192-fd30-4f6f-a7b3-83dae2f4c60d" testListId="8c84fa94-04c1-424b-9868-57a2d4851a1d" />
    <TestEntry testId="467fcb14-6be6-8a96-669f-fd89e48d0cdb" executionId="854db326-7d28-4ebe-9bdd-e6c20e21511a" testListId="8c84fa94-04c1-424b-9868-57a2d4851a1d" />
    <TestEntry testId="0aa38156-e2c0-c622-c99f-1780d6976136" executionId="68a8aad7-cf67-40c0-b8ca-bd0871ed655f" testListId="8c84fa94-04c1-424b-9868-57a2d4851a1d" />
    <TestEntry testId="fe3de07f-3549-f27b-eca4-9f60873ae85f" executionId="f48ba087-82f5-4845-99ab-fc5ed8f7fe48" testListId="8c84fa94-04c1-424b-9868-57a2d4851a1d" />
    <TestEntry testId="cf5951f2-6fe2-6557-8e6a-7e42460d1417" executionId="7a56ae1e-05bd-418e-8238-7dae7be53359" testListId="8c84fa94-04c1-424b-9868-57a2d4851a1d" />
    <TestEntry testId="aa01e329-64aa-106f-a197-dfffc4b00652" executionId="9dac129f-5e6b-4da3-ae97-7bb6cea68aeb" testListId="8c84fa94-04c1-424b-9868-57a2d4851a1d" />
    <TestEntry testId="99b159f8-1d01-3cfe-6b77-80c782a4e587" executionId="38a3c370-eb11-4b28-8da0-3965d8a4224e" testListId="8c84fa94-04c1-424b-9868-57a2d4851a1d" />
    <TestEntry testId="3a6a0527-f40f-dc5b-6803-127e64cac541" executionId="11f0a3e0-6853-439f-a803-a22c927a5ae8" testListId="8c84fa94-04c1-424b-9868-57a2d4851a1d" />
    <TestEntry testId="e434fdde-c2e1-4390-b53f-7be7048ea70c" executionId="a7baeaf9-457e-4c05-a218-c7cde7f754d8" testListId="8c84fa94-04c1-424b-9868-57a2d4851a1d" />
    <TestEntry testId="076d17a4-f427-6be9-aa46-c587cdab37af" executionId="7d7e8ac9-77b8-49e2-8928-b06a8e7b302e" testListId="8c84fa94-04c1-424b-9868-57a2d4851a1d" />
    <TestEntry testId="5e8afc72-3631-d4ac-9e01-602f09e94106" executionId="12fa66e9-321e-4114-b973-ab286004f544" testListId="8c84fa94-04c1-424b-9868-57a2d4851a1d" />
    <TestEntry testId="41d660dd-5ff1-63f5-bc70-10e58759e01d" executionId="30c5f5a3-5968-4d09-9788-97cfe3d07755" testListId="8c84fa94-04c1-424b-9868-57a2d4851a1d" />
    <TestEntry testId="e754534b-d2f9-4b9d-50b4-0a47f25accb2" executionId="b7fab8ef-6ba0-499f-93be-b833ea70c9f1" testListId="8c84fa94-04c1-424b-9868-57a2d4851a1d" />
    <TestEntry testId="8687ba4c-e7cc-df3e-0f90-3eccec5eac1c" executionId="113777e3-0b6b-4a33-969d-a7ca74983533" testListId="8c84fa94-04c1-424b-9868-57a2d4851a1d" />
    <TestEntry testId="af00d698-7dfc-ac53-cc27-2b38c42703a7" executionId="94d2d669-db07-41e0-b570-770a7b3934ed" testListId="8c84fa94-04c1-424b-9868-57a2d4851a1d" />
    <TestEntry testId="98815f87-03e0-817a-0441-853a94640589" executionId="a2ecedb5-0f22-43c8-b525-d0524d4c4e18" testListId="8c84fa94-04c1-424b-9868-57a2d4851a1d" />
    <TestEntry testId="bc0692f0-c183-4393-b210-4585f8fb44c4" executionId="7ecdc87b-91e9-47c0-b55a-631977493e0c" testListId="8c84fa94-04c1-424b-9868-57a2d4851a1d" />
    <TestEntry testId="aa3004af-f124-2397-f72b-ebb8d2aa9a8d" executionId="68b79d26-0841-41b5-a4a8-b6327a4e7ca3" testListId="8c84fa94-04c1-424b-9868-57a2d4851a1d" />
    <TestEntry testId="56fc2819-68a5-5eec-1fdf-7cf1746d388e" executionId="88a7694d-149a-4dec-aa37-c6b162c2f484" testListId="8c84fa94-04c1-424b-9868-57a2d4851a1d" />
    <TestEntry testId="49330571-a072-be4e-8f0d-e224fe7348bd" executionId="35c39bb1-f504-4e4c-a58e-b78d0b2798a7" testListId="8c84fa94-04c1-424b-9868-57a2d4851a1d" />
    <TestEntry testId="c57d55bb-dc91-9b1f-56a6-fa120a641051" executionId="e1e4a42f-8e40-4c2a-9d61-777d423e0bb6" testListId="8c84fa94-04c1-424b-9868-57a2d4851a1d" />
    <TestEntry testId="c8b106f0-32de-69b8-8d8e-8b5c1f9f88dd" executionId="7fd3767b-f5e0-417f-8860-970ff360e128" testListId="8c84fa94-04c1-424b-9868-57a2d4851a1d" />
    <TestEntry testId="82669be3-4b6c-8c23-a6d0-fb11820c9e57" executionId="261f06cb-5350-472f-aa7b-0d73707a4328" testListId="8c84fa94-04c1-424b-9868-57a2d4851a1d" />
    <TestEntry testId="9e2bce01-5a31-8698-974e-3d6cad0860ac" executionId="145b74e8-b61a-49dd-bdfd-f4e5ca21c6e1" testListId="8c84fa94-04c1-424b-9868-57a2d4851a1d" />
    <TestEntry testId="d2bdc824-921f-23c1-018d-93684086e723" executionId="6286324d-deb6-4dbc-901d-e3b805c4ea5e" testListId="8c84fa94-04c1-424b-9868-57a2d4851a1d" />
    <TestEntry testId="af3f37b2-30c0-3548-fa49-fb186baf988f" executionId="c1acb0f9-a3c7-4185-a83a-b60d439cb6c8" testListId="8c84fa94-04c1-424b-9868-57a2d4851a1d" />
    <TestEntry testId="af42b4e0-c10b-9567-59ff-10e13e9d5dba" executionId="76c944b2-0721-494d-8086-17fe5a3dd78c" testListId="8c84fa94-04c1-424b-9868-57a2d4851a1d" />
    <TestEntry testId="5c14f5c4-68f2-b5e7-fce7-74dce38ff23f" executionId="f0029217-0edf-488e-b64a-45856c8dcca6" testListId="8c84fa94-04c1-424b-9868-57a2d4851a1d" />
    <TestEntry testId="faa325d6-1ce8-a667-e331-1ebbb5eeecca" executionId="e7c7c8fc-06cc-46bf-a5ad-0e7f6dff45c9" testListId="8c84fa94-04c1-424b-9868-57a2d4851a1d" />
    <TestEntry testId="5aa107c8-c3e8-d062-5ef8-3f85387b88b3" executionId="30c0161b-c673-4458-b883-59ee7462ace1" testListId="8c84fa94-04c1-424b-9868-57a2d4851a1d" />
    <TestEntry testId="96b6266e-f9f0-6e1f-e67a-f5c7673bca25" executionId="51f0dff6-ca03-415e-af82-9d3be09d7349" testListId="8c84fa94-04c1-424b-9868-57a2d4851a1d" />
    <TestEntry testId="e700b243-aad9-ccf6-32b1-7f7a115c7156" executionId="14b515ae-d195-4599-add0-85395be332c5" testListId="8c84fa94-04c1-424b-9868-57a2d4851a1d" />
    <TestEntry testId="10989861-2fc2-9b7e-ad3e-b43fbbf9ce33" executionId="07358f7c-7f55-45ba-a68b-26d451bb6c20" testListId="8c84fa94-04c1-424b-9868-57a2d4851a1d" />
    <TestEntry testId="19d14d64-6974-3cf7-5cd1-9f601474226b" executionId="b0886880-0d21-4f77-a81e-0e7b0678fd3a" testListId="8c84fa94-04c1-424b-9868-57a2d4851a1d" />
    <TestEntry testId="2b66cf21-c1ba-f20b-e852-f5de37e8700f" executionId="6c89a513-5ec8-4a0f-95a0-dc4a3712d1cf" testListId="8c84fa94-04c1-424b-9868-57a2d4851a1d" />
    <TestEntry testId="1c645950-027f-f3f2-4659-304d92d8d9c0" executionId="9b5d14fd-53ba-4285-a5e3-0bf6778f9c09" testListId="8c84fa94-04c1-424b-9868-57a2d4851a1d" />
  </TestEntries>
  <TestLists>
    <TestList name="Results Not in a List" id="8c84fa94-04c1-424b-9868-57a2d4851a1d" />
    <TestList name="All Loaded Results" id="19431567-8539-422a-85d7-44ee4e166bda" />
  </TestLists>
  <ResultSummary outcome="Failed">
    <Counters total="108" executed="108" passed="106" failed="2" error="0" timeout="0" aborted="0" inconclusive="0" passedButRunAborted="0" notRunnable="0" notExecuted="0" disconnected="0" warning="0" completed="0" inProgress="0" pending="0" />
    <Output>
      <StdOut>[xUnit.net 00:00:00.00] xUnit.net VSTest Adapter v2.8.2+699d445a1a (64-bit .NET 10.0.3)&#xD;
[xUnit.net 00:00:00.04]   Discovering: ReactiveUITK.SourceGenerator.Tests&#xD;
[xUnit.net 00:00:00.10]   Discovered:  ReactiveUITK.SourceGenerator.Tests&#xD;
[xUnit.net 00:00:00.10]   Starting:    ReactiveUITK.SourceGenerator.Tests&#xD;
[xUnit.net 00:00:00.28]       Assert.Equal() Failure: Strings differ&#xD;
[xUnit.net 00:00:00.28]                                         ↓ (pos 16342)&#xD;
[xUnit.net 00:00:00.28]       Expected: ···"  &lt;visualElementSafe style={new Style { ("···&#xD;
[xUnit.net 00:00:00.28]       Actual:   ···"  &lt;visualElementSafe\n        style={new S"···&#xD;
[xUnit.net 00:00:00.28]                                         ↑ (pos 16342)&#xD;
[xUnit.net 00:00:00.28]       Stack Trace:&#xD;
[xUnit.net 00:00:00.28]         C:\Yanivs\GameDev\UnityComponents\Assets\ReactiveUIToolKit\SourceGenerator~\Tests\FormatterSnapshotTests.cs(7719,0): at ReactiveUITK.SourceGenerator.Tests.FormatterSnapshotTests.RoslynIdempotency_SampleFile_IsUnchanged(String filePath, String relativePath)&#xD;
[xUnit.net 00:00:00.28]            at InvokeStub_FormatterSnapshotTests.RoslynIdempotency_SampleFile_IsUnchanged(Object, Span`1)&#xD;
[xUnit.net 00:00:00.28]            at System.Reflection.MethodBaseInvoker.InvokeWithFewArgs(Object obj, BindingFlags invokeAttr, Binder binder, Object[] parameters, CultureInfo culture)&#xD;
[xUnit.net 00:00:00.29]       Assert.Equal() Failure: Strings differ&#xD;
[xUnit.net 00:00:00.29]                                         ↓ (pos 16342)&#xD;
[xUnit.net 00:00:00.29]       Expected: ···"  &lt;visualElementSafe style={new Style { ("···&#xD;
[xUnit.net 00:00:00.29]       Actual:   ···"  &lt;visualElementSafe\n        style={new S"···&#xD;
[xUnit.net 00:00:00.29]                                         ↑ (pos 16342)&#xD;
[xUnit.net 00:00:00.29]       Stack Trace:&#xD;
[xUnit.net 00:00:00.29]         C:\Yanivs\GameDev\UnityComponents\Assets\ReactiveUIToolKit\SourceGenerator~\Tests\FormatterSnapshotTests.cs(97,0): at ReactiveUITK.SourceGenerator.Tests.FormatterSnapshotTests.Idempotency_SampleFile_IsUnchanged(String filePath, String relativePath)&#xD;
[xUnit.net 00:00:00.29]            at InvokeStub_FormatterSnapshotTests.Idempotency_SampleFile_IsUnchanged(Object, Span`1)&#xD;
[xUnit.net 00:00:00.29]            at System.Reflection.MethodBaseInvoker.InvokeWithFewArgs(Object obj, BindingFlags invokeAttr, Binder binder, Object[] parameters, CultureInfo culture)&#xD;
[xUnit.net 00:00:00.30]   Finished:    ReactiveUITK.SourceGenerator.Tests&#xD;
</StdOut>
    </Output>
    <RunInfos>
      <RunInfo computerName="DESKTOP-CFTHQRQ" outcome="Error" timestamp="2026-03-16T16:15:09.9652161+02:00">
        <Text>[xUnit.net 00:00:00.28]     ReactiveUITK.SourceGenerator.Tests.FormatterSnapshotTests.RoslynIdempotency_SampleFile_IsUnchanged(filePath: "C:\\Yanivs\\GameDev\\UnityComponents\\Assets\\Reac"···, relativePath: "Components\\UitkxCounterFunc\\UitkxCounterFunc.uit"···) [FAIL]</Text>
      </RunInfo>
      <RunInfo computerName="DESKTOP-CFTHQRQ" outcome="Error" timestamp="2026-03-16T16:15:09.9665607+02:00">
        <Text>[xUnit.net 00:00:00.29]     ReactiveUITK.SourceGenerator.Tests.FormatterSnapshotTests.Idempotency_SampleFile_IsUnchanged(filePath: "C:\\Yanivs\\GameDev\\UnityComponents\\Assets\\Reac"···, relativePath: "Components\\UitkxCounterFunc\\UitkxCounterFunc.uit"···) [FAIL]</Text>
      </RunInfo>
    </RunInfos>
  </ResultSummary>
</TestRun>