<?xml version="1.0" encoding="utf-8"?>
<TestRun id="1d3dfdc5-42ef-4376-93ce-e8b30c0f65e2" name="neta@DESKTOP-CFTHQRQ 2026-03-12 01:10:09" runUser="DESKTOP-CFTHQRQ\neta" xmlns="http://microsoft.com/schemas/VisualStudio/TeamTest/2010">
  <Times creation="2026-03-12T01:10:09.8411168+02:00" queuing="2026-03-12T01:10:09.8411169+02:00" start="2026-03-12T01:10:09.4479489+02:00" finish="2026-03-12T01:10:10.4587469+02:00" />
  <TestSettings name="default" id="b4c3b02d-3080-431a-a1f5-88b9cd7207ef">
    <Deployment runDeploymentRoot="neta_DESKTOP-CFTHQRQ_2026-03-12_01_10_09" />
  </TestSettings>
  <Results>
    <UnitTestResult executionId="1edcdf4a-29fc-49b3-b176-cb4634bf76c7" testId="e434fdde-c2e1-4390-b53f-7be7048ea70c" testName="ReactiveUITK.SourceGenerator.Tests.FormatterSnapshotTests.Idempotency_SampleFile_IsUnchanged(filePath: &quot;C:\\Yanivs\\GameDev\\UnityComponents\\Assets\\Reac&quot;···, relativePath: &quot;Components\\HelloWorldFunc\\HelloWorldFunc.uitkx&quot;)" computerName="DESKTOP-CFTHQRQ" duration="00:00:00.0000615" startTime="2026-03-12T01:10:09.8308330+02:00" endTime="2026-03-12T01:10:09.8308330+02:00" testType="13cdc9d9-ddb5-4fa4-a97d-d965ccfc6d4b" outcome="Passed" testListId="8c84fa94-04c1-424b-9868-57a2d4851a1d" relativeResultsDirectory="1edcdf4a-29fc-49b3-b176-cb4634bf76c7" />
    <UnitTestResult executionId="aa2e1162-228b-477a-9056-0a017b9606ef" testId="2e905c58-6f19-45a2-6a6b-5deb37cd1bda" testName="ReactiveUITK.SourceGenerator.Tests.EmitterTests.GeneratedClass_HasUitkxElementAttribute" computerName="DESKTOP-CFTHQRQ" duration="00:00:00.2685550" startTime="2026-03-12T01:10:10.0531805+02:00" endTime="2026-03-12T01:10:10.0531808+02:00" testType="13cdc9d9-ddb5-4fa4-a97d-d965ccfc6d4b" outcome="Passed" testListId="8c84fa94-04c1-424b-9868-57a2d4851a1d" relativeResultsDirectory="aa2e1162-228b-477a-9056-0a017b9606ef" />
    <UnitTestResult executionId="e1d1e227-b465-4f28-a2ab-972ebad5d23e" testId="3ebc14fe-409b-9c9d-a320-f21696bf9f0d" testName="ReactiveUITK.SourceGenerator.Tests.ParserTests.Markup_InlineExpression_ProducesExpressionNode" computerName="DESKTOP-CFTHQRQ" duration="00:00:00.0002656" startTime="2026-03-12T01:10:09.8306235+02:00" endTime="2026-03-12T01:10:09.8306236+02:00" testType="13cdc9d9-ddb5-4fa4-a97d-d965ccfc6d4b" outcome="Passed" testListId="8c84fa94-04c1-424b-9868-57a2d4851a1d" relativeResultsDirectory="e1d1e227-b465-4f28-a2ab-972ebad5d23e" />
    <UnitTestResult executionId="238bcfd7-cbf8-4215-aacd-c29781cc4400" testId="4a5974ac-eb87-ecb5-083a-390f1909fdb2" testName="ReactiveUITK.SourceGenerator.Tests.ParserTests.Markup_SourceLineIsOneBasedAndApproximate" computerName="DESKTOP-CFTHQRQ" duration="00:00:00.0001552" startTime="2026-03-12T01:10:09.8288842+02:00" endTime="2026-03-12T01:10:09.8288842+02:00" testType="13cdc9d9-ddb5-4fa4-a97d-d965ccfc6d4b" outcome="Passed" testListId="8c84fa94-04c1-424b-9868-57a2d4851a1d" relativeResultsDirectory="238bcfd7-cbf8-4215-aacd-c29781cc4400" />
    <UnitTestResult executionId="bc5387b8-604f-490b-a3f6-9ad43e8504e3" testId="f12fc5d8-00ff-55ea-aa68-f6b6dedf26ad" testName="ReactiveUITK.SourceGenerator.Tests.EmitterTests.SwitchDirective_GeneratesSwitchExpression" computerName="DESKTOP-CFTHQRQ" duration="00:00:00.0067152" startTime="2026-03-12T01:10:10.2214013+02:00" endTime="2026-03-12T01:10:10.2214015+02:00" testType="13cdc9d9-ddb5-4fa4-a97d-d965ccfc6d4b" outcome="Passed" testListId="8c84fa94-04c1-424b-9868-57a2d4851a1d" relativeResultsDirectory="bc5387b8-604f-490b-a3f6-9ad43e8504e3" />
    <UnitTestResult executionId="1ade6b92-6719-42a1-9895-0712a849ea27" testId="cb4d5c53-ed03-6992-6703-b618d809e0ac" testName="ReactiveUITK.SourceGenerator.Tests.FormatterSnapshotTests.Edge_EmptyComponent_FormatsCleanly" computerName="DESKTOP-CFTHQRQ" duration="00:00:00.0000654" startTime="2026-03-12T01:10:09.8382082+02:00" endTime="2026-03-12T01:10:09.8382082+02:00" testType="13cdc9d9-ddb5-4fa4-a97d-d965ccfc6d4b" outcome="Passed" testListId="8c84fa94-04c1-424b-9868-57a2d4851a1d" relativeResultsDirectory="1ade6b92-6719-42a1-9895-0712a849ea27" />
    <UnitTestResult executionId="49912d1d-13e7-4313-96bf-4cb53b77781e" testId="65681499-665f-1af4-86f0-857b71ffa404" testName="ReactiveUITK.SourceGenerator.Tests.FormatterSnapshotTests.Idempotency_SampleFile_IsUnchanged(filePath: &quot;C:\\Yanivs\\GameDev\\UnityComponents\\Assets\\Reac&quot;···, relativePath: &quot;Components\\DeferredEffectDemoFunc\\DeferredEffect&quot;···)" computerName="DESKTOP-CFTHQRQ" duration="00:00:00.0016865" startTime="2026-03-12T01:10:09.8362488+02:00" endTime="2026-03-12T01:10:09.8362490+02:00" testType="13cdc9d9-ddb5-4fa4-a97d-d965ccfc6d4b" outcome="Failed" testListId="8c84fa94-04c1-424b-9868-57a2d4851a1d" relativeResultsDirectory="49912d1d-13e7-4313-96bf-4cb53b77781e">
      <Output>
        <ErrorInfo>
          <Message>Assert.Equal() Failure: Strings differ&#xD;
                                   ↓ (pos 119)&#xD;
Expected: ···"dEffectDemoFunc {\n    var (commitCount, s"···&#xD;
Actual:   ···"dEffectDemoFunc {\n  var (commitCount, set"···&#xD;
                                   ↑ (pos 119)</Message>
          <StackTrace>   at ReactiveUITK.SourceGenerator.Tests.FormatterSnapshotTests.Idempotency_SampleFile_IsUnchanged(String filePath, String relativePath) in C:\Yanivs\GameDev\UnityComponents\Assets\ReactiveUIToolKit\SourceGenerator~\Tests\FormatterSnapshotTests.cs:line 102&#xD;
   at InvokeStub_FormatterSnapshotTests.Idempotency_SampleFile_IsUnchanged(Object, Span`1)&#xD;
   at System.Reflection.MethodBaseInvoker.InvokeWithFewArgs(Object obj, BindingFlags invokeAttr, Binder binder, Object[] parameters, CultureInfo culture)</StackTrace>
        </ErrorInfo>
      </Output>
    </UnitTestResult>
    <UnitTestResult executionId="66a65b7a-bcb7-48d0-b3e0-d977769c6c99" testId="41d660dd-5ff1-63f5-bc70-10e58759e01d" testName="ReactiveUITK.SourceGenerator.Tests.FormatterSnapshotTests.Idempotency_SampleFile_IsUnchanged(filePath: &quot;C:\\Yanivs\\GameDev\\UnityComponents\\Assets\\Reac&quot;···, relativePath: &quot;Components\\SyntheticEventDemoFunc\\SyntheticEvent&quot;···)" computerName="DESKTOP-CFTHQRQ" duration="00:00:00.0001804" startTime="2026-03-12T01:10:09.8311416+02:00" endTime="2026-03-12T01:10:09.8311417+02:00" testType="13cdc9d9-ddb5-4fa4-a97d-d965ccfc6d4b" outcome="Passed" testListId="8c84fa94-04c1-424b-9868-57a2d4851a1d" relativeResultsDirectory="66a65b7a-bcb7-48d0-b3e0-d977769c6c99" />
    <UnitTestResult executionId="4d900b50-0ec6-48de-8a68-3a14eb35ba65" testId="0b3e04f1-fdde-0c6d-3ef4-c31709835567" testName="ReactiveUITK.SourceGenerator.Tests.ParserTests.Markup_IfElse_ProducesTwoBranches" computerName="DESKTOP-CFTHQRQ" duration="00:00:00.0024076" startTime="2026-03-12T01:10:09.8283926+02:00" endTime="2026-03-12T01:10:09.8283926+02:00" testType="13cdc9d9-ddb5-4fa4-a97d-d965ccfc6d4b" outcome="Passed" testListId="8c84fa94-04c1-424b-9868-57a2d4851a1d" relativeResultsDirectory="4d900b50-0ec6-48de-8a68-3a14eb35ba65" />
    <UnitTestResult executionId="3bd42410-a426-4cbc-a5d1-bb6bc8db9300" testId="f04bbbf8-203c-2d00-ba32-e150bd5ebf09" testName="ReactiveUITK.SourceGenerator.Tests.DiagnosticTests.UITKX0012_DirectiveOrder" computerName="DESKTOP-CFTHQRQ" duration="00:00:00.0090795" startTime="2026-03-12T01:10:10.0623291+02:00" endTime="2026-03-12T01:10:10.0623292+02:00" testType="13cdc9d9-ddb5-4fa4-a97d-d965ccfc6d4b" outcome="Passed" testListId="8c84fa94-04c1-424b-9868-57a2d4851a1d" relativeResultsDirectory="3bd42410-a426-4cbc-a5d1-bb6bc8db9300" />
    <UnitTestResult executionId="1d389cac-73c4-40a2-b544-d58053160069" testId="c425738a-9c42-f22c-18a3-f4faaecb6987" testName="ReactiveUITK.SourceGenerator.Tests.FormatterTests.Format_FunctionStyle_WithNoSetup_FormatsReturnMarkup" computerName="DESKTOP-CFTHQRQ" duration="00:00:00.0004686" startTime="2026-03-12T01:10:09.8269326+02:00" endTime="2026-03-12T01:10:09.8269326+02:00" testType="13cdc9d9-ddb5-4fa4-a97d-d965ccfc6d4b" outcome="Passed" testListId="8c84fa94-04c1-424b-9868-57a2d4851a1d" relativeResultsDirectory="1d389cac-73c4-40a2-b544-d58053160069" />
    <UnitTestResult executionId="c5f31a19-5d3d-4593-963c-b5aea57a546d" testId="53c0ebf1-ab5c-2e3a-aa3a-0f155321fcf0" testName="ReactiveUITK.SourceGenerator.Tests.ParserTests.Markup_MultipleAttributes_AllParsed" computerName="DESKTOP-CFTHQRQ" duration="00:00:00.0002076" startTime="2026-03-12T01:10:09.8299274+02:00" endTime="2026-03-12T01:10:09.8299275+02:00" testType="13cdc9d9-ddb5-4fa4-a97d-d965ccfc6d4b" outcome="Passed" testListId="8c84fa94-04c1-424b-9868-57a2d4851a1d" relativeResultsDirectory="c5f31a19-5d3d-4593-963c-b5aea57a546d" />
    <UnitTestResult executionId="d00e1c30-5492-44cb-ab98-248fab6c6f99" testId="1201befa-c337-1863-f981-6d457ab3bd12" testName="ReactiveUITK.SourceGenerator.Tests.EmitterTests.UserComponent_NoRefParam_RefAttrEmitsDiagnosticUITKX0020" computerName="DESKTOP-CFTHQRQ" duration="00:00:00.0066910" startTime="2026-03-12T01:10:10.3566582+02:00" endTime="2026-03-12T01:10:10.3566582+02:00" testType="13cdc9d9-ddb5-4fa4-a97d-d965ccfc6d4b" outcome="Passed" testListId="8c84fa94-04c1-424b-9868-57a2d4851a1d" relativeResultsDirectory="d00e1c30-5492-44cb-ab98-248fab6c6f99" />
    <UnitTestResult executionId="fca7df7a-7d1a-42de-8fea-14d26019323e" testId="5aa107c8-c3e8-d062-5ef8-3f85387b88b3" testName="ReactiveUITK.SourceGenerator.Tests.FormatterSnapshotTests.Idempotency_SampleFile_IsUnchanged(filePath: &quot;C:\\Yanivs\\GameDev\\UnityComponents\\Assets\\Reac&quot;···, relativePath: &quot;Components\\RouterDemoFunc\\RouterQuickAccessPanel&quot;···)" computerName="DESKTOP-CFTHQRQ" duration="00:00:00.0001961" startTime="2026-03-12T01:10:09.8296815+02:00" endTime="2026-03-12T01:10:09.8296815+02:00" testType="13cdc9d9-ddb5-4fa4-a97d-d965ccfc6d4b" outcome="Passed" testListId="8c84fa94-04c1-424b-9868-57a2d4851a1d" relativeResultsDirectory="fca7df7a-7d1a-42de-8fea-14d26019323e" />
    <UnitTestResult executionId="a38b7889-98f0-4bf9-bcd0-449ec9775ff9" testId="408957eb-a845-ddda-f013-8aece84bc1ca" testName="ReactiveUITK.SourceGenerator.Tests.FormatterSnapshotTests.Edge_ParseError_ReturnsSourceUnchanged" computerName="DESKTOP-CFTHQRQ" duration="00:00:00.0001840" startTime="2026-03-12T01:10:09.8390862+02:00" endTime="2026-03-12T01:10:09.8390863+02:00" testType="13cdc9d9-ddb5-4fa4-a97d-d965ccfc6d4b" outcome="Passed" testListId="8c84fa94-04c1-424b-9868-57a2d4851a1d" relativeResultsDirectory="a38b7889-98f0-4bf9-bcd0-449ec9775ff9" />
    <UnitTestResult executionId="033f1af8-8670-4a62-bdbd-a8371607691a" testId="d391aba8-154a-72d0-6ce9-2f0b6f8d9964" testName="ReactiveUITK.SourceGenerator.Tests.FormatterSnapshotTests.Idempotency_SampleFile_IsUnchanged(filePath: &quot;C:\\Yanivs\\GameDev\\UnityComponents\\Assets\\Reac&quot;···, relativePath: &quot;Components\\ShowcaseDemoPage\\components\\Showcase&quot;···)" computerName="DESKTOP-CFTHQRQ" duration="00:00:00.0001873" startTime="2026-03-12T01:10:09.8306101+02:00" endTime="2026-03-12T01:10:09.8306102+02:00" testType="13cdc9d9-ddb5-4fa4-a97d-d965ccfc6d4b" outcome="Passed" testListId="8c84fa94-04c1-424b-9868-57a2d4851a1d" relativeResultsDirectory="033f1af8-8670-4a62-bdbd-a8371607691a" />
    <UnitTestResult executionId="734b9b0f-a4db-42ea-9a3e-c227e11c9c19" testId="139c2172-9407-ab59-329d-cec9453ba6e7" testName="ReactiveUITK.SourceGenerator.Tests.ParserTests.Directives_FunctionStyle_InlineNamespaceDirective_UsedOverDefault" computerName="DESKTOP-CFTHQRQ" duration="00:00:00.0001189" startTime="2026-03-12T01:10:09.8291614+02:00" endTime="2026-03-12T01:10:09.8291615+02:00" testType="13cdc9d9-ddb5-4fa4-a97d-d965ccfc6d4b" outcome="Passed" testListId="8c84fa94-04c1-424b-9868-57a2d4851a1d" relativeResultsDirectory="734b9b0f-a4db-42ea-9a3e-c227e11c9c19" />
    <UnitTestResult executionId="8324eb75-463b-4906-a124-c6936c7487f8" testId="bd4f8d92-40c3-f6f5-f22b-ee2625028555" testName="ReactiveUITK.SourceGenerator.Tests.FormatterSnapshotTests.StyleBlock_EntryIndent_Preserved" computerName="DESKTOP-CFTHQRQ" duration="00:00:00.0000726" startTime="2026-03-12T01:10:09.8393733+02:00" endTime="2026-03-12T01:10:09.8393734+02:00" testType="13cdc9d9-ddb5-4fa4-a97d-d965ccfc6d4b" outcome="Passed" testListId="8c84fa94-04c1-424b-9868-57a2d4851a1d" relativeResultsDirectory="8324eb75-463b-4906-a124-c6936c7487f8" />
    <UnitTestResult executionId="8bd64d80-3d51-454c-8564-8fb727909b82" testId="5265be96-7cba-7476-1ac5-f9c8fb384236" testName="ReactiveUITK.SourceGenerator.Tests.FormatterSnapshotTests.FunctionStyle_UseMemo_MultiLineBody_Preserved" computerName="DESKTOP-CFTHQRQ" duration="00:00:00.0000618" startTime="2026-03-12T01:10:09.8384447+02:00" endTime="2026-03-12T01:10:09.8384447+02:00" testType="13cdc9d9-ddb5-4fa4-a97d-d965ccfc6d4b" outcome="Passed" testListId="8c84fa94-04c1-424b-9868-57a2d4851a1d" relativeResultsDirectory="8bd64d80-3d51-454c-8564-8fb727909b82" />
    <UnitTestResult executionId="cda5a909-3ed8-4c2d-9429-e970bbe27e99" testId="62c57cd2-bb8f-6e4c-2175-105a211631ea" testName="ReactiveUITK.SourceGenerator.Tests.FormatterSnapshotTests.FMT1_SetupVars_NoIndent_GetsIndented" computerName="DESKTOP-CFTHQRQ" duration="00:00:00.0000587" startTime="2026-03-12T01:10:09.8379862+02:00" endTime="2026-03-12T01:10:09.8379863+02:00" testType="13cdc9d9-ddb5-4fa4-a97d-d965ccfc6d4b" outcome="Passed" testListId="8c84fa94-04c1-424b-9868-57a2d4851a1d" relativeResultsDirectory="cda5a909-3ed8-4c2d-9429-e970bbe27e99" />
    <UnitTestResult executionId="fceb7768-8a58-47dd-bdc7-14f9fa9eb819" testId="7ce3348d-d77b-72f0-42c5-232e576edaa5" testName="ReactiveUITK.SourceGenerator.Tests.FormatterSnapshotTests.JSX_Comment_EmitsWithSpacesAroundContent" computerName="DESKTOP-CFTHQRQ" duration="00:00:00.0001885" startTime="2026-03-12T01:10:09.8371758+02:00" endTime="2026-03-12T01:10:09.8371758+02:00" testType="13cdc9d9-ddb5-4fa4-a97d-d965ccfc6d4b" outcome="Passed" testListId="8c84fa94-04c1-424b-9868-57a2d4851a1d" relativeResultsDirectory="fceb7768-8a58-47dd-bdc7-14f9fa9eb819" />
    <UnitTestResult executionId="09ed55a0-7fd6-4485-972c-68cd28185b90" testId="4369e6b2-ff01-6e76-022a-0a6575d7251d" testName="ReactiveUITK.SourceGenerator.Tests.FormatterSnapshotTests.ControlFlow_ElseIf_EmittedOnSameLine" computerName="DESKTOP-CFTHQRQ" duration="00:00:00.0003003" startTime="2026-03-12T01:10:09.8371340+02:00" endTime="2026-03-12T01:10:09.8371340+02:00" testType="13cdc9d9-ddb5-4fa4-a97d-d965ccfc6d4b" outcome="Passed" testListId="8c84fa94-04c1-424b-9868-57a2d4851a1d" relativeResultsDirectory="09ed55a0-7fd6-4485-972c-68cd28185b90" />
    <UnitTestResult executionId="70c25367-1675-4f24-a470-15191129f048" testId="f94cfd35-3500-722a-e3f0-3a33e781f5d8" testName="ReactiveUITK.SourceGenerator.Tests.FormatterSnapshotTests.Attrs_BooleanShorthand_NoValue" computerName="DESKTOP-CFTHQRQ" duration="00:00:00.0000529" startTime="2026-03-12T01:10:09.8378250+02:00" endTime="2026-03-12T01:10:09.8378251+02:00" testType="13cdc9d9-ddb5-4fa4-a97d-d965ccfc6d4b" outcome="Passed" testListId="8c84fa94-04c1-424b-9868-57a2d4851a1d" relativeResultsDirectory="70c25367-1675-4f24-a470-15191129f048" />
    <UnitTestResult executionId="57a55458-5011-4f85-889f-34cffa68c3f6" testId="9a8cd3cd-6e1c-eadf-a10b-3bbbe8e76162" testName="ReactiveUITK.SourceGenerator.Tests.FormatterSnapshotTests.Idempotency_SampleFile_IsUnchanged(filePath: &quot;C:\\Yanivs\\GameDev\\UnityComponents\\Assets\\Reac&quot;···, relativePath: &quot;Components\\ShowcaseDemoPage\\components\\Showcase&quot;···)" computerName="DESKTOP-CFTHQRQ" duration="00:00:00.0002636" startTime="2026-03-12T01:10:09.8296632+02:00" endTime="2026-03-12T01:10:09.8296632+02:00" testType="13cdc9d9-ddb5-4fa4-a97d-d965ccfc6d4b" outcome="Passed" testListId="8c84fa94-04c1-424b-9868-57a2d4851a1d" relativeResultsDirectory="57a55458-5011-4f85-889f-34cffa68c3f6" />
    <UnitTestResult executionId="a1153095-a36f-49a7-9eea-2d6071f37a7d" testId="26469cf1-c03d-cca1-d1ab-6436a08c28c6" testName="ReactiveUITK.SourceGenerator.Tests.FormatterSnapshotTests.Idempotency_SampleFile_IsUnchanged(filePath: &quot;C:\\Yanivs\\GameDev\\UnityComponents\\Assets\\Reac&quot;···, relativePath: &quot;Components\\SimpleUseEffectFunc\\SimpleUseEffectFu&quot;···)" computerName="DESKTOP-CFTHQRQ" duration="00:00:00.0000727" startTime="2026-03-12T01:10:09.8308445+02:00" endTime="2026-03-12T01:10:09.8308446+02:00" testType="13cdc9d9-ddb5-4fa4-a97d-d965ccfc6d4b" outcome="Passed" testListId="8c84fa94-04c1-424b-9868-57a2d4851a1d" relativeResultsDirectory="a1153095-a36f-49a7-9eea-2d6071f37a7d" />
    <UnitTestResult executionId="56b72b10-5db1-4a1f-b3dd-4366ea73c5df" testId="19b6002a-2a5f-0626-3a4f-8ae32ad96fbb" testName="ReactiveUITK.SourceGenerator.Tests.FormatterSnapshotTests.ControlFlow_Switch_IndentedCorrectly" computerName="DESKTOP-CFTHQRQ" duration="00:00:00.0002648" startTime="2026-03-12T01:10:09.8397466+02:00" endTime="2026-03-12T01:10:09.8397467+02:00" testType="13cdc9d9-ddb5-4fa4-a97d-d965ccfc6d4b" outcome="Passed" testListId="8c84fa94-04c1-424b-9868-57a2d4851a1d" relativeResultsDirectory="56b72b10-5db1-4a1f-b3dd-4366ea73c5df" />
    <UnitTestResult executionId="173de11c-47e6-4984-a9ba-91a2b062195e" testId="cf5951f2-6fe2-6557-8e6a-7e42460d1417" testName="ReactiveUITK.SourceGenerator.Tests.FormatterSnapshotTests.Idempotency_SampleFile_IsUnchanged(filePath: &quot;C:\\Yanivs\\GameDev\\UnityComponents\\Assets\\Reac&quot;···, relativePath: &quot;Components\\PortalEventScopeDemoFunc\\PortalEventS&quot;···)" computerName="DESKTOP-CFTHQRQ" duration="00:00:00.0001722" startTime="2026-03-12T01:10:09.8368122+02:00" endTime="2026-03-12T01:10:09.8368123+02:00" testType="13cdc9d9-ddb5-4fa4-a97d-d965ccfc6d4b" outcome="Passed" testListId="8c84fa94-04c1-424b-9868-57a2d4851a1d" relativeResultsDirectory="173de11c-47e6-4984-a9ba-91a2b062195e" />
    <UnitTestResult executionId="ed309951-6bda-440b-812e-bf8895966671" testId="af42b4e0-c10b-9567-59ff-10e13e9d5dba" testName="ReactiveUITK.SourceGenerator.Tests.FormatterSnapshotTests.Idempotency_SampleFile_IsUnchanged(filePath: &quot;C:\\Yanivs\\GameDev\\UnityComponents\\Assets\\Reac&quot;···, relativePath: &quot;Components\\MainMenuRouterDemoFunc\\MainMenuSideba&quot;···)" computerName="DESKTOP-CFTHQRQ" duration="00:00:00.0001725" startTime="2026-03-12T01:10:09.8294087+02:00" endTime="2026-03-12T01:10:09.8294087+02:00" testType="13cdc9d9-ddb5-4fa4-a97d-d965ccfc6d4b" outcome="Passed" testListId="8c84fa94-04c1-424b-9868-57a2d4851a1d" relativeResultsDirectory="ed309951-6bda-440b-812e-bf8895966671" />
    <UnitTestResult executionId="5b1f7bc3-3f6f-49ad-baca-f37e24f1b3d0" testId="eaee49be-fc2c-01f7-2126-c1ee7867882e" testName="ReactiveUITK.SourceGenerator.Tests.FormatterSnapshotTests.BlankLines_BeforeReturn_InSetupCode_Preserved" computerName="DESKTOP-CFTHQRQ" duration="00:00:00.0000773" startTime="2026-03-12T01:10:09.8372198+02:00" endTime="2026-03-12T01:10:09.8372199+02:00" testType="13cdc9d9-ddb5-4fa4-a97d-d965ccfc6d4b" outcome="Passed" testListId="8c84fa94-04c1-424b-9868-57a2d4851a1d" relativeResultsDirectory="5b1f7bc3-3f6f-49ad-baca-f37e24f1b3d0" />
    <UnitTestResult executionId="945e195a-a854-4a3d-825a-0741c1707e2f" testId="f035ba9f-ce63-81ac-e719-eee2388dabb0" testName="ReactiveUITK.SourceGenerator.Tests.ParserTests.Directives_ReadsUsings" computerName="DESKTOP-CFTHQRQ" duration="00:00:00.0012767" startTime="2026-03-12T01:10:09.8294249+02:00" endTime="2026-03-12T01:10:09.8294249+02:00" testType="13cdc9d9-ddb5-4fa4-a97d-d965ccfc6d4b" outcome="Passed" testListId="8c84fa94-04c1-424b-9868-57a2d4851a1d" relativeResultsDirectory="945e195a-a854-4a3d-825a-0741c1707e2f" />
    <UnitTestResult executionId="7205c5e1-290a-4924-993b-cf304970db8e" testId="0aefc614-3823-fe3b-43b2-b485e48f430a" testName="ReactiveUITK.SourceGenerator.Tests.DiagnosticTests.UITKX0016_HookInAttribute" computerName="DESKTOP-CFTHQRQ" duration="00:00:00.0076571" startTime="2026-03-12T01:10:10.0776416+02:00" endTime="2026-03-12T01:10:10.0776417+02:00" testType="13cdc9d9-ddb5-4fa4-a97d-d965ccfc6d4b" outcome="Passed" testListId="8c84fa94-04c1-424b-9868-57a2d4851a1d" relativeResultsDirectory="7205c5e1-290a-4924-993b-cf304970db8e" />
    <UnitTestResult executionId="6c9a67e9-0748-4c7e-99f2-631ee6f4d802" testId="ae993db3-5878-81df-ecd5-00eeb18720c7" testName="ReactiveUITK.SourceGenerator.Tests.ParserTests.Markup_StringAttribute_ProducesStringLiteralValue" computerName="DESKTOP-CFTHQRQ" duration="00:00:00.0002212" startTime="2026-03-12T01:10:09.8291350+02:00" endTime="2026-03-12T01:10:09.8291351+02:00" testType="13cdc9d9-ddb5-4fa4-a97d-d965ccfc6d4b" outcome="Passed" testListId="8c84fa94-04c1-424b-9868-57a2d4851a1d" relativeResultsDirectory="6c9a67e9-0748-4c7e-99f2-631ee6f4d802" />
    <UnitTestResult executionId="65f0fd01-f8fa-4fcf-a936-7cb9249f5786" testId="56f92182-36f5-c95d-0a0c-d9d6a20a7e83" testName="ReactiveUITK.SourceGenerator.Tests.ParserTests.Directives_FunctionStyle_InfersNamespace_FromCompanionPartialClass" computerName="DESKTOP-CFTHQRQ" duration="00:00:00.0025207" startTime="2026-03-12T01:10:09.8291212+02:00" endTime="2026-03-12T01:10:09.8291212+02:00" testType="13cdc9d9-ddb5-4fa4-a97d-d965ccfc6d4b" outcome="Passed" testListId="8c84fa94-04c1-424b-9868-57a2d4851a1d" relativeResultsDirectory="65f0fd01-f8fa-4fcf-a936-7cb9249f5786" />
    <UnitTestResult executionId="c82bf9ce-9760-4e34-849d-b42c5681cc7a" testId="0abcdf19-1a25-48dd-3a2a-cafb559dca4a" testName="ReactiveUITK.SourceGenerator.Tests.FormatterSnapshotTests.FunctionStyle_CanonicalStructure_OpenBraceOnSameLine" computerName="DESKTOP-CFTHQRQ" duration="00:00:00.0000580" startTime="2026-03-12T01:10:09.8391113+02:00" endTime="2026-03-12T01:10:09.8391113+02:00" testType="13cdc9d9-ddb5-4fa4-a97d-d965ccfc6d4b" outcome="Passed" testListId="8c84fa94-04c1-424b-9868-57a2d4851a1d" relativeResultsDirectory="c82bf9ce-9760-4e34-849d-b42c5681cc7a" />
    <UnitTestResult executionId="b68a5a2e-e672-412a-b920-b1412e83404e" testId="a2f76b0a-f72b-15da-22c1-99252d4c6ec8" testName="ReactiveUITK.SourceGenerator.Tests.EmitterTests.ElseBranch_GeneratesNullFallback" computerName="DESKTOP-CFTHQRQ" duration="00:00:00.0064300" startTime="2026-03-12T01:10:10.2770369+02:00" endTime="2026-03-12T01:10:10.2770370+02:00" testType="13cdc9d9-ddb5-4fa4-a97d-d965ccfc6d4b" outcome="Passed" testListId="8c84fa94-04c1-424b-9868-57a2d4851a1d" relativeResultsDirectory="b68a5a2e-e672-412a-b920-b1412e83404e" />
    <UnitTestResult executionId="5e8dbfda-341b-4eae-9dbc-1d1212ff035b" testId="ad950132-09b6-1a93-0ba9-51914dae8a09" testName="ReactiveUITK.SourceGenerator.Tests.FormatterSnapshotTests.JSX_EmptyElement_SelfCloses" computerName="DESKTOP-CFTHQRQ" duration="00:00:00.0000513" startTime="2026-03-12T01:10:09.8424070+02:00" endTime="2026-03-12T01:10:09.8424070+02:00" testType="13cdc9d9-ddb5-4fa4-a97d-d965ccfc6d4b" outcome="Passed" testListId="8c84fa94-04c1-424b-9868-57a2d4851a1d" relativeResultsDirectory="5e8dbfda-341b-4eae-9dbc-1d1212ff035b" />
    <UnitTestResult executionId="739dc091-54a4-460c-add7-d8e85a34bc7b" testId="19d14d64-6974-3cf7-5cd1-9f601474226b" testName="ReactiveUITK.SourceGenerator.Tests.FormatterSnapshotTests.Idempotency_SampleFile_IsUnchanged(filePath: &quot;C:\\Yanivs\\GameDev\\UnityComponents\\Assets\\Reac&quot;···, relativePath: &quot;Components\\ShowcaseDemoPage\\components\\Showcase&quot;···)" computerName="DESKTOP-CFTHQRQ" duration="00:00:00.0004195" startTime="2026-03-12T01:10:09.8302255+02:00" endTime="2026-03-12T01:10:09.8302256+02:00" testType="13cdc9d9-ddb5-4fa4-a97d-d965ccfc6d4b" outcome="Passed" testListId="8c84fa94-04c1-424b-9868-57a2d4851a1d" relativeResultsDirectory="739dc091-54a4-460c-add7-d8e85a34bc7b" />
    <UnitTestResult executionId="d49c84cd-a6f4-4378-a1b5-c19799a3046b" testId="bb24b8e4-1dac-53a0-e88b-354e6806e2e7" testName="ReactiveUITK.SourceGenerator.Tests.FormatterSnapshotTests.Attrs_CSharpExpression_CurlyBraces" computerName="DESKTOP-CFTHQRQ" duration="00:00:00.0000733" startTime="2026-03-12T01:10:09.8282986+02:00" endTime="2026-03-12T01:10:09.8282986+02:00" testType="13cdc9d9-ddb5-4fa4-a97d-d965ccfc6d4b" outcome="Passed" testListId="8c84fa94-04c1-424b-9868-57a2d4851a1d" relativeResultsDirectory="d49c84cd-a6f4-4378-a1b5-c19799a3046b" />
    <UnitTestResult executionId="78db8960-39bb-497c-9921-e87955d351d9" testId="de9e9763-e67d-e002-7371-c8c867cf1b44" testName="ReactiveUITK.SourceGenerator.Tests.ParserTests.Directives_FunctionStyle_MissingReturn_EmitsUITKX2101" computerName="DESKTOP-CFTHQRQ" duration="00:00:00.0003095" startTime="2026-03-12T01:10:09.8309068+02:00" endTime="2026-03-12T01:10:09.8309068+02:00" testType="13cdc9d9-ddb5-4fa4-a97d-d965ccfc6d4b" outcome="Passed" testListId="8c84fa94-04c1-424b-9868-57a2d4851a1d" relativeResultsDirectory="78db8960-39bb-497c-9921-e87955d351d9" />
    <UnitTestResult executionId="8218bbc3-500c-4e1c-a886-8ac6c9b5b29d" testId="f5534120-85dd-864d-fa83-12c06f79d6fa" testName="ReactiveUITK.SourceGenerator.Tests.ParserTests.Directives_FunctionStyle_WithTrailingDirective_EmitsUITKX2104" computerName="DESKTOP-CFTHQRQ" duration="00:00:00.0004629" startTime="2026-03-12T01:10:09.8308707+02:00" endTime="2026-03-12T01:10:09.8308708+02:00" testType="13cdc9d9-ddb5-4fa4-a97d-d965ccfc6d4b" outcome="Passed" testListId="8c84fa94-04c1-424b-9868-57a2d4851a1d" relativeResultsDirectory="8218bbc3-500c-4e1c-a886-8ac6c9b5b29d" />
    <UnitTestResult executionId="1e8b894c-5143-453e-ad79-a619c542d68e" testId="65b917fa-3236-11c3-d70b-5917f479d7dd" testName="ReactiveUITK.SourceGenerator.Tests.ParserTests.Markup_ExpressionAttribute_ProducesCSharpExpressionValue" computerName="DESKTOP-CFTHQRQ" duration="00:00:00.0004162" startTime="2026-03-12T01:10:09.8268396+02:00" endTime="2026-03-12T01:10:09.8268397+02:00" testType="13cdc9d9-ddb5-4fa4-a97d-d965ccfc6d4b" outcome="Passed" testListId="8c84fa94-04c1-424b-9868-57a2d4851a1d" relativeResultsDirectory="1e8b894c-5143-453e-ad79-a619c542d68e" />
    <UnitTestResult executionId="7c0e7e06-ae79-41f7-87ad-61546026fb1e" testId="c8807bea-9280-63a5-6473-9fead531b73b" testName="ReactiveUITK.SourceGenerator.Tests.ParserTests.Directives_FunctionStyle_InlineNamespaceDirective_TakesPriorityOverCompanion" computerName="DESKTOP-CFTHQRQ" duration="00:00:00.0009585" startTime="2026-03-12T01:10:09.8305882+02:00" endTime="2026-03-12T01:10:09.8305883+02:00" testType="13cdc9d9-ddb5-4fa4-a97d-d965ccfc6d4b" outcome="Passed" testListId="8c84fa94-04c1-424b-9868-57a2d4851a1d" relativeResultsDirectory="7c0e7e06-ae79-41f7-87ad-61546026fb1e" />
    <UnitTestResult executionId="9ca4798f-7d35-4411-a40e-0b096717c3eb" testId="92fd1e66-b774-99f4-d04b-e965ab5ec8ec" testName="ReactiveUITK.SourceGenerator.Tests.DiagnosticTests.UITKX0018_UseEffectMissingDeps" computerName="DESKTOP-CFTHQRQ" duration="00:00:00.0073122" startTime="2026-03-12T01:10:10.0992341+02:00" endTime="2026-03-12T01:10:10.0992344+02:00" testType="13cdc9d9-ddb5-4fa4-a97d-d965ccfc6d4b" outcome="Passed" testListId="8c84fa94-04c1-424b-9868-57a2d4851a1d" relativeResultsDirectory="9ca4798f-7d35-4411-a40e-0b096717c3eb" />
    <UnitTestResult executionId="65493739-1381-4d9c-8b10-5e0a69e71a89" testId="10989861-2fc2-9b7e-ad3e-b43fbbf9ce33" testName="ReactiveUITK.SourceGenerator.Tests.FormatterSnapshotTests.Idempotency_SampleFile_IsUnchanged(filePath: &quot;C:\\Yanivs\\GameDev\\UnityComponents\\Assets\\Reac&quot;···, relativePath: &quot;Components\\ContextBailoutDemoFunc\\ThemeConsumer.&quot;···)" computerName="DESKTOP-CFTHQRQ" duration="00:00:00.0001599" startTime="2026-03-12T01:10:09.8302138+02:00" endTime="2026-03-12T01:10:09.8302139+02:00" testType="13cdc9d9-ddb5-4fa4-a97d-d965ccfc6d4b" outcome="Passed" testListId="8c84fa94-04c1-424b-9868-57a2d4851a1d" relativeResultsDirectory="65493739-1381-4d9c-8b10-5e0a69e71a89" />
    <UnitTestResult executionId="e0ecab03-c814-4e57-ba20-9f06388c1871" testId="7a1373f6-fc41-c585-4d1a-34e84024cfa6" testName="ReactiveUITK.SourceGenerator.Tests.FormatterTests.Format_FunctionStyle_PreservesFunctionDeclarationForm" computerName="DESKTOP-CFTHQRQ" duration="00:00:00.0183631" startTime="2026-03-12T01:10:09.8268826+02:00" endTime="2026-03-12T01:10:09.8268827+02:00" testType="13cdc9d9-ddb5-4fa4-a97d-d965ccfc6d4b" outcome="Passed" testListId="8c84fa94-04c1-424b-9868-57a2d4851a1d" relativeResultsDirectory="e0ecab03-c814-4e57-ba20-9f06388c1871" />
    <UnitTestResult executionId="b533ef57-ba1a-4345-98c2-dabb685f608a" testId="e648ceeb-5104-4798-e64f-07f999c6b19a" testName="ReactiveUITK.SourceGenerator.Tests.DiagnosticTests.UITKX0009_ForeachMissingKey" computerName="DESKTOP-CFTHQRQ" duration="00:00:00.0074793" startTime="2026-03-12T01:10:10.1134138+02:00" endTime="2026-03-12T01:10:10.1134141+02:00" testType="13cdc9d9-ddb5-4fa4-a97d-d965ccfc6d4b" outcome="Passed" testListId="8c84fa94-04c1-424b-9868-57a2d4851a1d" relativeResultsDirectory="b533ef57-ba1a-4345-98c2-dabb685f608a" />
    <UnitTestResult executionId="798e6daf-f62c-4a06-81f8-de949594fc0e" testId="45870097-0dac-b4c8-ee91-2140ec134aa2" testName="ReactiveUITK.SourceGenerator.Tests.FormatterSnapshotTests.ClassStyle_BlankLineBetweenDirectivesAndMarkup" computerName="DESKTOP-CFTHQRQ" duration="00:00:00.0000543" startTime="2026-03-12T01:10:09.8401801+02:00" endTime="2026-03-12T01:10:09.8401801+02:00" testType="13cdc9d9-ddb5-4fa4-a97d-d965ccfc6d4b" outcome="Passed" testListId="8c84fa94-04c1-424b-9868-57a2d4851a1d" relativeResultsDirectory="798e6daf-f62c-4a06-81f8-de949594fc0e" />
    <UnitTestResult executionId="d7e39781-937a-46c4-b1ea-55f99b6f8a85" testId="4f2b6624-71cd-f489-4f89-392b1db8917c" testName="ReactiveUITK.SourceGenerator.Tests.FormatterSnapshotTests.Idempotency_SampleFile_IsUnchanged(filePath: &quot;C:\\Yanivs\\GameDev\\UnityComponents\\Assets\\Reac&quot;···, relativePath: &quot;Components\\ContextDemoFunc\\ContextConsumer.uitkx&quot;)" computerName="DESKTOP-CFTHQRQ" duration="00:00:00.0001031" startTime="2026-03-12T01:10:09.8367880+02:00" endTime="2026-03-12T01:10:09.8367880+02:00" testType="13cdc9d9-ddb5-4fa4-a97d-d965ccfc6d4b" outcome="Passed" testListId="8c84fa94-04c1-424b-9868-57a2d4851a1d" relativeResultsDirectory="d7e39781-937a-46c4-b1ea-55f99b6f8a85" />
    <UnitTestResult executionId="c7200f3d-bf26-4827-8cbc-178633ee3c76" testId="9caaed6b-301d-e29c-599e-8982c7a6d9d2" testName="ReactiveUITK.SourceGenerator.Tests.DiagnosticTests.CleanFile_ProducesNoDiagnostics" computerName="DESKTOP-CFTHQRQ" duration="00:00:00.0069108" startTime="2026-03-12T01:10:10.1543678+02:00" endTime="2026-03-12T01:10:10.1543680+02:00" testType="13cdc9d9-ddb5-4fa4-a97d-d965ccfc6d4b" outcome="Passed" testListId="8c84fa94-04c1-424b-9868-57a2d4851a1d" relativeResultsDirectory="c7200f3d-bf26-4827-8cbc-178633ee3c76" />
    <UnitTestResult executionId="50c9e977-24a7-4ca0-8e24-b536583f5ecf" testId="75b97bb8-0e2b-52a1-47e8-84a90e807d32" testName="ReactiveUITK.SourceGenerator.Tests.ParserTests.Directives_ReadsPropsType" computerName="DESKTOP-CFTHQRQ" duration="00:00:00.0000614" startTime="2026-03-12T01:10:09.8309255+02:00" endTime="2026-03-12T01:10:09.8309255+02:00" testType="13cdc9d9-ddb5-4fa4-a97d-d965ccfc6d4b" outcome="Passed" testListId="8c84fa94-04c1-424b-9868-57a2d4851a1d" relativeResultsDirectory="50c9e977-24a7-4ca0-8e24-b536583f5ecf" />
    <UnitTestResult executionId="2a1042f4-8531-4317-8ce4-a79de9f297f2" testId="41541f7d-ae9f-85d0-d22f-53894b38b1b8" testName="ReactiveUITK.SourceGenerator.Tests.LoweringTests.CanonicalLowering_FunctionStyle_SetupMarkupAssignment_ProducesReturnMarkupNodes" computerName="DESKTOP-CFTHQRQ" duration="00:00:00.0014109" startTime="2026-03-12T01:10:09.8288516+02:00" endTime="2026-03-12T01:10:09.8288516+02:00" testType="13cdc9d9-ddb5-4fa4-a97d-d965ccfc6d4b" outcome="Passed" testListId="8c84fa94-04c1-424b-9868-57a2d4851a1d" relativeResultsDirectory="2a1042f4-8531-4317-8ce4-a79de9f297f2" />
    <UnitTestResult executionId="473ad61b-c20e-41b5-95fc-3845f6929e8f" testId="38c0fd91-5830-e3c1-4828-f43fe1fe7190" testName="ReactiveUITK.SourceGenerator.Tests.FormatterSnapshotTests.Idempotency_SampleFile_IsUnchanged(filePath: &quot;C:\\Yanivs\\GameDev\\UnityComponents\\Assets\\Reac&quot;···, relativePath: &quot;Components\\FlushSyncDemoFunc\\FlushSyncDemoFunc.u&quot;···)" computerName="DESKTOP-CFTHQRQ" duration="00:00:00.0001399" startTime="2026-03-12T01:10:09.8363887+02:00" endTime="2026-03-12T01:10:09.8363887+02:00" testType="13cdc9d9-ddb5-4fa4-a97d-d965ccfc6d4b" outcome="Passed" testListId="8c84fa94-04c1-424b-9868-57a2d4851a1d" relativeResultsDirectory="473ad61b-c20e-41b5-95fc-3845f6929e8f" />
    <UnitTestResult executionId="0b60c8b5-9ab2-421d-ba76-e46e9bb9a127" testId="a54b47d7-5670-ddb7-c6fc-c5815d4038ee" testName="ReactiveUITK.SourceGenerator.Tests.FormatterSnapshotTests.Signature_NoParams_EmptyParens_Or_NoParens" computerName="DESKTOP-CFTHQRQ" duration="00:00:00.0000557" startTime="2026-03-12T01:10:09.8374406+02:00" endTime="2026-03-12T01:10:09.8374406+02:00" testType="13cdc9d9-ddb5-4fa4-a97d-d965ccfc6d4b" outcome="Passed" testListId="8c84fa94-04c1-424b-9868-57a2d4851a1d" relativeResultsDirectory="0b60c8b5-9ab2-421d-ba76-e46e9bb9a127" />
    <UnitTestResult executionId="c31757c8-5ae5-4e97-b273-b14d7de1d8e7" testId="d2c1425f-b817-02b8-522a-a8af93fdd390" testName="ReactiveUITK.SourceGenerator.Tests.ParserTests.Markup_SelfClosingElement_ProducesElementNode" computerName="DESKTOP-CFTHQRQ" duration="00:00:00.0006482" startTime="2026-03-12T01:10:09.8289014+02:00" endTime="2026-03-12T01:10:09.8289014+02:00" testType="13cdc9d9-ddb5-4fa4-a97d-d965ccfc6d4b" outcome="Passed" testListId="8c84fa94-04c1-424b-9868-57a2d4851a1d" relativeResultsDirectory="c31757c8-5ae5-4e97-b273-b14d7de1d8e7" />
    <UnitTestResult executionId="a69bf5aa-155b-4e51-b3f0-a5882f5723ed" testId="076d17a4-f427-6be9-aa46-c587cdab37af" testName="ReactiveUITK.SourceGenerator.Tests.FormatterSnapshotTests.Idempotency_SampleFile_IsUnchanged(filePath: &quot;C:\\Yanivs\\GameDev\\UnityComponents\\Assets\\Reac&quot;···, relativePath: &quot;Components\\RouterDemoFunc\\RouterUserDetails.uitk&quot;···)" computerName="DESKTOP-CFTHQRQ" duration="00:00:00.0001194" startTime="2026-03-12T01:10:09.8302466+02:00" endTime="2026-03-12T01:10:09.8302466+02:00" testType="13cdc9d9-ddb5-4fa4-a97d-d965ccfc6d4b" outcome="Passed" testListId="8c84fa94-04c1-424b-9868-57a2d4851a1d" relativeResultsDirectory="a69bf5aa-155b-4e51-b3f0-a5882f5723ed" />
    <UnitTestResult executionId="fe61b311-233f-4652-8d4c-4f65fb2948c4" testId="d4374e75-e973-2ad0-b0c7-338f5afb1bff" testName="ReactiveUITK.SourceGenerator.Tests.EmitterTests.StringAttribute_AppearsInVCall" computerName="DESKTOP-CFTHQRQ" duration="00:00:00.0074154" startTime="2026-03-12T01:10:10.2077699+02:00" endTime="2026-03-12T01:10:10.2077703+02:00" testType="13cdc9d9-ddb5-4fa4-a97d-d965ccfc6d4b" outcome="Passed" testListId="8c84fa94-04c1-424b-9868-57a2d4851a1d" relativeResultsDirectory="fe61b311-233f-4652-8d4c-4f65fb2948c4" />
    <UnitTestResult executionId="4c8cb79a-5bd7-4308-ae85-fbab9926ca49" testId="e82b48a7-38dc-aa4f-1940-8b45641e0e0b" testName="ReactiveUITK.SourceGenerator.Tests.ParserTests.Markup_CodeBlock_LineCommentedMarkup_IsIgnored" computerName="DESKTOP-CFTHQRQ" duration="00:00:00.0001216" startTime="2026-03-12T01:10:09.8299988+02:00" endTime="2026-03-12T01:10:09.8299988+02:00" testType="13cdc9d9-ddb5-4fa4-a97d-d965ccfc6d4b" outcome="Passed" testListId="8c84fa94-04c1-424b-9868-57a2d4851a1d" relativeResultsDirectory="4c8cb79a-5bd7-4308-ae85-fbab9926ca49" />
    <UnitTestResult executionId="cfb83dbd-7d1f-4332-a6a6-dfa9b0e87d97" testId="a1f2b259-f182-6c8b-7cf7-2d97ab412843" testName="ReactiveUITK.SourceGenerator.Tests.FormatterSnapshotTests.Edge_CrLfNormalisedToLf" computerName="DESKTOP-CFTHQRQ" duration="00:00:00.0000489" startTime="2026-03-12T01:10:09.8403478+02:00" endTime="2026-03-12T01:10:09.8403478+02:00" testType="13cdc9d9-ddb5-4fa4-a97d-d965ccfc6d4b" outcome="Passed" testListId="8c84fa94-04c1-424b-9868-57a2d4851a1d" relativeResultsDirectory="cfb83dbd-7d1f-4332-a6a6-dfa9b0e87d97" />
    <UnitTestResult executionId="57834be3-945c-47f2-b2e2-78db0fbefae3" testId="bc0692f0-c183-4393-b210-4585f8fb44c4" testName="ReactiveUITK.SourceGenerator.Tests.FormatterSnapshotTests.Idempotency_SampleFile_IsUnchanged(filePath: &quot;C:\\Yanivs\\GameDev\\UnityComponents\\Assets\\Reac&quot;···, relativePath: &quot;Components\\ShowcaseDemoPage\\ShowcaseDemoPage.uit&quot;···)" computerName="DESKTOP-CFTHQRQ" duration="00:00:00.0004210" startTime="2026-03-12T01:10:09.8311540+02:00" endTime="2026-03-12T01:10:09.8311541+02:00" testType="13cdc9d9-ddb5-4fa4-a97d-d965ccfc6d4b" outcome="Passed" testListId="8c84fa94-04c1-424b-9868-57a2d4851a1d" relativeResultsDirectory="57834be3-945c-47f2-b2e2-78db0fbefae3" />
    <UnitTestResult executionId="286c7ca1-fa3d-4fa2-b022-ac58b7ce55ae" testId="0d1815aa-15f0-5703-f3d5-aab4c78282c1" testName="ReactiveUITK.SourceGenerator.Tests.FormatterSnapshotTests.Idempotency_SampleFile_IsUnchanged(filePath: &quot;C:\\Yanivs\\GameDev\\UnityComponents\\Assets\\Reac&quot;···, relativePath: &quot;Components\\RefForwardingDemoFunc\\RefForwardingDe&quot;···)" computerName="DESKTOP-CFTHQRQ" duration="00:00:00.0001948" startTime="2026-03-12T01:10:09.8309388+02:00" endTime="2026-03-12T01:10:09.8309389+02:00" testType="13cdc9d9-ddb5-4fa4-a97d-d965ccfc6d4b" outcome="Passed" testListId="8c84fa94-04c1-424b-9868-57a2d4851a1d" relativeResultsDirectory="286c7ca1-fa3d-4fa2-b022-ac58b7ce55ae" />
    <UnitTestResult executionId="dce0e638-6484-4815-af04-b55e7dfaa1c6" testId="ffeca9cb-1d3a-e944-5723-9a6baa0f5af7" testName="ReactiveUITK.SourceGenerator.Tests.EmitterTests.HookAlias_NestedGenericTypeArg_IsExpanded" computerName="DESKTOP-CFTHQRQ" duration="00:00:00.0081009" startTime="2026-03-12T01:10:10.3172193+02:00" endTime="2026-03-12T01:10:10.3172193+02:00" testType="13cdc9d9-ddb5-4fa4-a97d-d965ccfc6d4b" outcome="Passed" testListId="8c84fa94-04c1-424b-9868-57a2d4851a1d" relativeResultsDirectory="dce0e638-6484-4815-af04-b55e7dfaa1c6" />
    <UnitTestResult executionId="9e8065b1-d3bb-4427-8ce7-3c0517de701e" testId="c2196cd9-bcb9-08f8-0411-6cf4c5a0e41d" testName="ReactiveUITK.SourceGenerator.Tests.FormatterTests.Format_DoesNotAppendSemicolon_ToControlFlowHeader" computerName="DESKTOP-CFTHQRQ" duration="00:00:00.0013243" startTime="2026-03-12T01:10:09.8283837+02:00" endTime="2026-03-12T01:10:09.8283838+02:00" testType="13cdc9d9-ddb5-4fa4-a97d-d965ccfc6d4b" outcome="Passed" testListId="8c84fa94-04c1-424b-9868-57a2d4851a1d" relativeResultsDirectory="9e8065b1-d3bb-4427-8ce7-3c0517de701e" />
    <UnitTestResult executionId="81f95296-1b0b-4901-b79e-bdacdd646d1d" testId="ad35ff6b-496b-e833-9f41-a0da96fc50a3" testName="ReactiveUITK.SourceGenerator.Tests.FormatterSnapshotTests.Idempotency_SampleFile_IsUnchanged(filePath: &quot;C:\\Yanivs\\GameDev\\UnityComponents\\Assets\\Reac&quot;···, relativePath: &quot;Components\\ExceptionFlowDemoFunc\\ExceptionFlowDe&quot;···)" computerName="DESKTOP-CFTHQRQ" duration="00:00:00.0003129" startTime="2026-03-12T01:10:09.8311626+02:00" endTime="2026-03-12T01:10:09.8311626+02:00" testType="13cdc9d9-ddb5-4fa4-a97d-d965ccfc6d4b" outcome="Passed" testListId="8c84fa94-04c1-424b-9868-57a2d4851a1d" relativeResultsDirectory="81f95296-1b0b-4901-b79e-bdacdd646d1d" />
    <UnitTestResult executionId="baa0e430-d66c-4c6e-a6ed-930cadf4ffe0" testId="66607293-582e-a14a-0a66-5240fd9bd4e6" testName="ReactiveUITK.SourceGenerator.Tests.ParserTests.Directives_WrongOrder_EmitsUITKX0012" computerName="DESKTOP-CFTHQRQ" duration="00:00:00.0001325" startTime="2026-03-12T01:10:09.8289198+02:00" endTime="2026-03-12T01:10:09.8289198+02:00" testType="13cdc9d9-ddb5-4fa4-a97d-d965ccfc6d4b" outcome="Passed" testListId="8c84fa94-04c1-424b-9868-57a2d4851a1d" relativeResultsDirectory="baa0e430-d66c-4c6e-a6ed-930cadf4ffe0" />
    <UnitTestResult executionId="86d1d1d6-b20b-472b-a5c3-61255b6dc9b1" testId="98d3f5b1-c89a-7050-2de6-0b1b4d2150ad" testName="ReactiveUITK.SourceGenerator.Tests.FormatterSnapshotTests.FunctionStyle_ReturnKeyword_AtTwoSpaceIndent" computerName="DESKTOP-CFTHQRQ" duration="00:00:00.0000764" startTime="2026-03-12T01:10:09.8387505+02:00" endTime="2026-03-12T01:10:09.8387506+02:00" testType="13cdc9d9-ddb5-4fa4-a97d-d965ccfc6d4b" outcome="Passed" testListId="8c84fa94-04c1-424b-9868-57a2d4851a1d" relativeResultsDirectory="86d1d1d6-b20b-472b-a5c3-61255b6dc9b1" />
    <UnitTestResult executionId="7aa09aa1-d0d6-4852-a36c-31a10b3d7b77" testId="995e0bb6-62d4-e122-cf45-fb36bcc527d4" testName="ReactiveUITK.SourceGenerator.Tests.EmitterTests.KeyAttribute_PassedAsSecondArgument" computerName="DESKTOP-CFTHQRQ" duration="00:00:00.0068106" startTime="2026-03-12T01:10:10.3635274+02:00" endTime="2026-03-12T01:10:10.3635275+02:00" testType="13cdc9d9-ddb5-4fa4-a97d-d965ccfc6d4b" outcome="Passed" testListId="8c84fa94-04c1-424b-9868-57a2d4851a1d" relativeResultsDirectory="7aa09aa1-d0d6-4852-a36c-31a10b3d7b77" />
    <UnitTestResult executionId="915c96d3-1191-4ba1-ad3e-bcea52262f4d" testId="d5017cfa-b505-3ed2-88e6-448ff7714c3d" testName="ReactiveUITK.SourceGenerator.Tests.FormatterSnapshotTests.Idempotency_SampleFile_IsUnchanged(filePath: &quot;C:\\Yanivs\\GameDev\\UnityComponents\\Assets\\Reac&quot;···, relativePath: &quot;Components\\MainMenuRouterDemoFunc\\MainMenuRouter&quot;···)" computerName="DESKTOP-CFTHQRQ" duration="00:00:00.0002094" startTime="2026-03-12T01:10:09.8363759+02:00" endTime="2026-03-12T01:10:09.8363760+02:00" testType="13cdc9d9-ddb5-4fa4-a97d-d965ccfc6d4b" outcome="Passed" testListId="8c84fa94-04c1-424b-9868-57a2d4851a1d" relativeResultsDirectory="915c96d3-1191-4ba1-ad3e-bcea52262f4d" />
    <UnitTestResult executionId="ebeebc3d-f347-47ff-b4f5-d809cae95f7a" testId="1b53333d-6969-849a-be2b-5c58a5a91f4e" testName="ReactiveUITK.SourceGenerator.Tests.FormatterSnapshotTests.ControlFlow_Continue_EmittedWithSemicolon" computerName="DESKTOP-CFTHQRQ" duration="00:00:00.0000640" startTime="2026-03-12T01:10:09.8377480+02:00" endTime="2026-03-12T01:10:09.8377481+02:00" testType="13cdc9d9-ddb5-4fa4-a97d-d965ccfc6d4b" outcome="Passed" testListId="8c84fa94-04c1-424b-9868-57a2d4851a1d" relativeResultsDirectory="ebeebc3d-f347-47ff-b4f5-d809cae95f7a" />
    <UnitTestResult executionId="9aae11d5-1d19-4f5e-9b1f-2526a6d8249d" testId="15f23ca4-9182-9757-7434-d9152ad88737" testName="ReactiveUITK.SourceGenerator.Tests.FormatterSnapshotTests.CodeBlock_EmittedWithCorrectBraces" computerName="DESKTOP-CFTHQRQ" duration="00:00:00.0000858" startTime="2026-03-12T01:10:09.8371596+02:00" endTime="2026-03-12T01:10:09.8371596+02:00" testType="13cdc9d9-ddb5-4fa4-a97d-d965ccfc6d4b" outcome="Passed" testListId="8c84fa94-04c1-424b-9868-57a2d4851a1d" relativeResultsDirectory="9aae11d5-1d19-4f5e-9b1f-2526a6d8249d" />
    <UnitTestResult executionId="cc1aa166-8736-4675-be05-db0d38fde988" testId="9b9cec69-37d2-51be-303a-89df610a9b0e" testName="ReactiveUITK.SourceGenerator.Tests.FormatterSnapshotTests.Idempotency_SampleFile_IsUnchanged(filePath: &quot;C:\\Yanivs\\GameDev\\UnityComponents\\Assets\\Reac&quot;···, relativePath: &quot;Components\\LatestFeaturesDemoFunc\\LatestFeatures&quot;···)" computerName="DESKTOP-CFTHQRQ" duration="00:00:00.0020040" startTime="2026-03-12T01:10:09.8288948+02:00" endTime="2026-03-12T01:10:09.8288948+02:00" testType="13cdc9d9-ddb5-4fa4-a97d-d965ccfc6d4b" outcome="Passed" testListId="8c84fa94-04c1-424b-9868-57a2d4851a1d" relativeResultsDirectory="cc1aa166-8736-4675-be05-db0d38fde988" />
    <UnitTestResult executionId="38e8be2e-d973-460e-91eb-bb1dbdd0d91c" testId="3e97e265-be3c-b63e-f319-7b01e69a35e9" testName="ReactiveUITK.SourceGenerator.Tests.EmitterTests.Namespace_EmittedInGeneratedSource" computerName="DESKTOP-CFTHQRQ" duration="00:00:00.0065196" startTime="2026-03-12T01:10:10.3845231+02:00" endTime="2026-03-12T01:10:10.3845233+02:00" testType="13cdc9d9-ddb5-4fa4-a97d-d965ccfc6d4b" outcome="Passed" testListId="8c84fa94-04c1-424b-9868-57a2d4851a1d" relativeResultsDirectory="38e8be2e-d973-460e-91eb-bb1dbdd0d91c" />
    <UnitTestResult executionId="e5b9451f-594b-4c03-99a0-21946df69af3" testId="edc0868e-d6f1-b10b-9b08-9f811d090c61" testName="ReactiveUITK.SourceGenerator.Tests.FormatterSnapshotTests.Idempotency_SampleFile_IsUnchanged(filePath: &quot;C:\\Yanivs\\GameDev\\UnityComponents\\Assets\\Reac&quot;···, relativePath: &quot;Components\\EditorControlsDemoFunc\\EditorControls&quot;···)" computerName="DESKTOP-CFTHQRQ" duration="00:00:00.0002251" startTime="2026-03-12T01:10:09.8299557+02:00" endTime="2026-03-12T01:10:09.8299558+02:00" testType="13cdc9d9-ddb5-4fa4-a97d-d965ccfc6d4b" outcome="Passed" testListId="8c84fa94-04c1-424b-9868-57a2d4851a1d" relativeResultsDirectory="e5b9451f-594b-4c03-99a0-21946df69af3" />
    <UnitTestResult executionId="c647b1a0-4d3b-4460-aa5a-611dadb36805" testId="15932bc3-8095-3f79-9767-e93441a91fbe" testName="ReactiveUITK.SourceGenerator.Tests.EmitterTests.ErrorBoundary_GeneratesVErrorBoundaryCall" computerName="DESKTOP-CFTHQRQ" duration="00:00:00.0062073" startTime="2026-03-12T01:10:10.3428370+02:00" endTime="2026-03-12T01:10:10.3428371+02:00" testType="13cdc9d9-ddb5-4fa4-a97d-d965ccfc6d4b" outcome="Passed" testListId="8c84fa94-04c1-424b-9868-57a2d4851a1d" relativeResultsDirectory="c647b1a0-4d3b-4460-aa5a-611dadb36805" />
    <UnitTestResult executionId="567e7108-d206-4e1e-8bed-2e3839f00036" testId="52fd62c3-3d30-518b-9ebf-f21f71a4c157" testName="ReactiveUITK.SourceGenerator.Tests.ParserTests.Markup_NestedElement_ProducesChildren" computerName="DESKTOP-CFTHQRQ" duration="00:00:00.0000981" startTime="2026-03-12T01:10:09.8296529+02:00" endTime="2026-03-12T01:10:09.8296529+02:00" testType="13cdc9d9-ddb5-4fa4-a97d-d965ccfc6d4b" outcome="Passed" testListId="8c84fa94-04c1-424b-9868-57a2d4851a1d" relativeResultsDirectory="567e7108-d206-4e1e-8bed-2e3839f00036" />
    <UnitTestResult executionId="b2720a4d-3afe-4a57-b979-0e6ac58c449a" testId="510facf2-166b-cc03-1f23-088dc04d5eea" testName="ReactiveUITK.SourceGenerator.Tests.FormatterSnapshotTests.Idempotency_SampleFile_IsUnchanged(filePath: &quot;C:\\Yanivs\\GameDev\\UnityComponents\\Assets\\Reac&quot;···, relativePath: &quot;Components\\EventBatchingDemoFunc\\EventBatchingDe&quot;···)" computerName="DESKTOP-CFTHQRQ" duration="00:00:00.0002023" startTime="2026-03-12T01:10:09.8308540+02:00" endTime="2026-03-12T01:10:09.8308540+02:00" testType="13cdc9d9-ddb5-4fa4-a97d-d965ccfc6d4b" outcome="Passed" testListId="8c84fa94-04c1-424b-9868-57a2d4851a1d" relativeResultsDirectory="b2720a4d-3afe-4a57-b979-0e6ac58c449a" />
    <UnitTestResult executionId="414385bc-f980-4604-804d-a64bae9eed3a" testId="0e49f502-c59f-9b57-5bc7-4820dce9d5a2" testName="ReactiveUITK.SourceGenerator.Tests.FormatterSnapshotTests.ControlFlow_Break_EmittedWithSemicolon" computerName="DESKTOP-CFTHQRQ" duration="00:00:00.0000576" startTime="2026-03-12T01:10:09.8394542+02:00" endTime="2026-03-12T01:10:09.8394542+02:00" testType="13cdc9d9-ddb5-4fa4-a97d-d965ccfc6d4b" outcome="Passed" testListId="8c84fa94-04c1-424b-9868-57a2d4851a1d" relativeResultsDirectory="414385bc-f980-4604-804d-a64bae9eed3a" />
    <UnitTestResult executionId="94f20a49-ab37-4c14-8dee-4bb8064de512" testId="71d4595d-c98b-72c8-4a4f-60d8150d749f" testName="ReactiveUITK.SourceGenerator.Tests.FormatterSnapshotTests.Idempotency_SampleFile_IsUnchanged(filePath: &quot;C:\\Yanivs\\GameDev\\UnityComponents\\Assets\\Reac&quot;···, relativePath: &quot;Components\\SignalCounterDemoFunc\\SignalCounterDe&quot;···)" computerName="DESKTOP-CFTHQRQ" duration="00:00:00.0001307" startTime="2026-03-12T01:10:09.8305297+02:00" endTime="2026-03-12T01:10:09.8305297+02:00" testType="13cdc9d9-ddb5-4fa4-a97d-d965ccfc6d4b" outcome="Passed" testListId="8c84fa94-04c1-424b-9868-57a2d4851a1d" relativeResultsDirectory="94f20a49-ab37-4c14-8dee-4bb8064de512" />
    <UnitTestResult executionId="5f9dfb3c-b999-49f6-a4f3-bd720d0fe94f" testId="5412b1f1-0577-a39a-9d09-350bb9368881" testName="ReactiveUITK.SourceGenerator.Tests.FormatterSnapshotTests.ControlFlow_ForeachNested_IndentedCorrectly" computerName="DESKTOP-CFTHQRQ" duration="00:00:00.0000875" startTime="2026-03-12T01:10:09.8371908+02:00" endTime="2026-03-12T01:10:09.8371908+02:00" testType="13cdc9d9-ddb5-4fa4-a97d-d965ccfc6d4b" outcome="Passed" testListId="8c84fa94-04c1-424b-9868-57a2d4851a1d" relativeResultsDirectory="5f9dfb3c-b999-49f6-a4f3-bd720d0fe94f" />
    <UnitTestResult executionId="09285077-24c7-45b3-9ae3-3d53ff9629ea" testId="07d7e760-2fed-1e75-7d29-069d5f8e182a" testName="ReactiveUITK.SourceGenerator.Tests.ParserTests.Markup_ForeachDirective_ProducesForeachNode" computerName="DESKTOP-CFTHQRQ" duration="00:00:00.0002051" startTime="2026-03-12T01:10:09.8296923+02:00" endTime="2026-03-12T01:10:09.8296923+02:00" testType="13cdc9d9-ddb5-4fa4-a97d-d965ccfc6d4b" outcome="Passed" testListId="8c84fa94-04c1-424b-9868-57a2d4851a1d" relativeResultsDirectory="09285077-24c7-45b3-9ae3-3d53ff9629ea" />
    <UnitTestResult executionId="a0cd0290-f865-4658-ac2b-155c03ac52f5" testId="0a0d48dd-0878-1b52-3355-8cab7562f7c3" testName="ReactiveUITK.SourceGenerator.Tests.FormatterSnapshotTests.ControlFlow_IfElse_EmittedOnSameLine" computerName="DESKTOP-CFTHQRQ" duration="00:00:00.0000660" startTime="2026-03-12T01:10:09.8383606+02:00" endTime="2026-03-12T01:10:09.8383606+02:00" testType="13cdc9d9-ddb5-4fa4-a97d-d965ccfc6d4b" outcome="Passed" testListId="8c84fa94-04c1-424b-9868-57a2d4851a1d" relativeResultsDirectory="a0cd0290-f865-4658-ac2b-155c03ac52f5" />
    <UnitTestResult executionId="a2635156-d827-480b-93f7-5d76f234152d" testId="28b88bb6-92c0-c7d6-b4f6-b201ea25ee26" testName="ReactiveUITK.SourceGenerator.Tests.EmitterTests.PeerComponent_WithProps_EmitsTypedVFuncAndPassesAttributes" computerName="DESKTOP-CFTHQRQ" duration="00:00:00.0071061" startTime="2026-03-12T01:10:10.3498955+02:00" endTime="2026-03-12T01:10:10.3498957+02:00" testType="13cdc9d9-ddb5-4fa4-a97d-d965ccfc6d4b" outcome="Passed" testListId="8c84fa94-04c1-424b-9868-57a2d4851a1d" relativeResultsDirectory="a2635156-d827-480b-93f7-5d76f234152d" />
    <UnitTestResult executionId="cfa77ded-7059-42bd-aa43-bbb6f453b9f3" testId="d4341449-9336-28ed-6d87-008c6879d315" testName="ReactiveUITK.SourceGenerator.Tests.EmitterTests.ForeachDirective_GeneratesSelectCall" computerName="DESKTOP-CFTHQRQ" duration="00:00:00.0062127" startTime="2026-03-12T01:10:10.2961960+02:00" endTime="2026-03-12T01:10:10.2961960+02:00" testType="13cdc9d9-ddb5-4fa4-a97d-d965ccfc6d4b" outcome="Passed" testListId="8c84fa94-04c1-424b-9868-57a2d4851a1d" relativeResultsDirectory="cfa77ded-7059-42bd-aa43-bbb6f453b9f3" />
    <UnitTestResult executionId="0078b4a4-590b-45e8-9e67-03d6a5f9680e" testId="636e1bd2-c208-6689-4aaa-0b357098017f" testName="ReactiveUITK.SourceGenerator.Tests.ParserTests.Markup_SwitchDirective_ProducesSwitchNode" computerName="DESKTOP-CFTHQRQ" duration="00:00:00.0010078" startTime="2026-03-12T01:10:09.8302568+02:00" endTime="2026-03-12T01:10:09.8302568+02:00" testType="13cdc9d9-ddb5-4fa4-a97d-d965ccfc6d4b" outcome="Passed" testListId="8c84fa94-04c1-424b-9868-57a2d4851a1d" relativeResultsDirectory="0078b4a4-590b-45e8-9e67-03d6a5f9680e" />
    <UnitTestResult executionId="e7475a3e-95ad-44be-981f-e456fa0083e3" testId="61a1d929-ef8e-fc20-05b2-960fec978ec2" testName="ReactiveUITK.SourceGenerator.Tests.ParserTests.Directives_FunctionStyle_MalformedReturn_EmitsUITKX2102" computerName="DESKTOP-CFTHQRQ" duration="00:00:00.0003095" startTime="2026-03-12T01:10:09.8296429+02:00" endTime="2026-03-12T01:10:09.8296430+02:00" testType="13cdc9d9-ddb5-4fa4-a97d-d965ccfc6d4b" outcome="Passed" testListId="8c84fa94-04c1-424b-9868-57a2d4851a1d" relativeResultsDirectory="e7475a3e-95ad-44be-981f-e456fa0083e3" />
    <UnitTestResult executionId="fea10dc1-89f0-48ed-bfb2-3147a5995da5" testId="792ff437-6194-3b4d-d91c-06a772eecefb" testName="ReactiveUITK.SourceGenerator.Tests.FormatterSnapshotTests.FunctionStyle_JsxVarInSetup_EmittedCorrectly" computerName="DESKTOP-CFTHQRQ" duration="00:00:00.0000894" startTime="2026-03-12T01:10:09.8374228+02:00" endTime="2026-03-12T01:10:09.8374228+02:00" testType="13cdc9d9-ddb5-4fa4-a97d-d965ccfc6d4b" outcome="Passed" testListId="8c84fa94-04c1-424b-9868-57a2d4851a1d" relativeResultsDirectory="fea10dc1-89f0-48ed-bfb2-3147a5995da5" />
    <UnitTestResult executionId="3401aadc-1c83-4921-b561-bfb8b7b108c0" testId="e59befbd-be82-62ba-20e6-06a7317f5e6b" testName="ReactiveUITK.SourceGenerator.Tests.FormatterSnapshotTests.JSX_ExpressionBlock_FormattedCorrectly" computerName="DESKTOP-CFTHQRQ" duration="00:00:00.0000674" startTime="2026-03-12T01:10:09.8420768+02:00" endTime="2026-03-12T01:10:09.8420768+02:00" testType="13cdc9d9-ddb5-4fa4-a97d-d965ccfc6d4b" outcome="Passed" testListId="8c84fa94-04c1-424b-9868-57a2d4851a1d" relativeResultsDirectory="3401aadc-1c83-4921-b561-bfb8b7b108c0" />
    <UnitTestResult executionId="c1a11a95-cfa5-4373-8606-99d6a97fde35" testId="88cf73ee-20b5-ce6c-9603-913771261634" testName="ReactiveUITK.SourceGenerator.Tests.DiagnosticTests.UITKX0013_HookInConditional" computerName="DESKTOP-CFTHQRQ" duration="00:00:00.0068809" startTime="2026-03-12T01:10:10.0845366+02:00" endTime="2026-03-12T01:10:10.0845367+02:00" testType="13cdc9d9-ddb5-4fa4-a97d-d965ccfc6d4b" outcome="Passed" testListId="8c84fa94-04c1-424b-9868-57a2d4851a1d" relativeResultsDirectory="c1a11a95-cfa5-4373-8606-99d6a97fde35" />
    <UnitTestResult executionId="60de0541-b68a-4198-9a21-a10ee95b4a73" testId="74a3b4b7-4c7d-cf81-b6ca-bb14f02cf2d4" testName="ReactiveUITK.SourceGenerator.Tests.FormatterSnapshotTests.DoubleFormat_ClassStyle_Stable" computerName="DESKTOP-CFTHQRQ" duration="00:00:00.0000616" startTime="2026-03-12T01:10:09.8372074+02:00" endTime="2026-03-12T01:10:09.8372074+02:00" testType="13cdc9d9-ddb5-4fa4-a97d-d965ccfc6d4b" outcome="Passed" testListId="8c84fa94-04c1-424b-9868-57a2d4851a1d" relativeResultsDirectory="60de0541-b68a-4198-9a21-a10ee95b4a73" />
    <UnitTestResult executionId="29313e13-e4e6-4fc0-961b-de22a310732a" testId="9f779dbd-e487-91e6-371f-f5b06a0cbb93" testName="ReactiveUITK.SourceGenerator.Tests.FormatterSnapshotTests.Edge_SingleLineSource_ExpandsToCanonical" computerName="DESKTOP-CFTHQRQ" duration="00:00:00.0000882" startTime="2026-03-12T01:10:09.8371235+02:00" endTime="2026-03-12T01:10:09.8371235+02:00" testType="13cdc9d9-ddb5-4fa4-a97d-d965ccfc6d4b" outcome="Passed" testListId="8c84fa94-04c1-424b-9868-57a2d4851a1d" relativeResultsDirectory="29313e13-e4e6-4fc0-961b-de22a310732a" />
    <UnitTestResult executionId="0910f1ed-f3f1-420e-9337-bf91f989399e" testId="5c14f5c4-68f2-b5e7-fce7-74dce38ff23f" testName="ReactiveUITK.SourceGenerator.Tests.FormatterSnapshotTests.Idempotency_SampleFile_IsUnchanged(filePath: &quot;C:\\Yanivs\\GameDev\\UnityComponents\\Assets\\Reac&quot;···, relativePath: &quot;Components\\RenderDepthGuardDemoFunc\\RenderDepthG&quot;···)" computerName="DESKTOP-CFTHQRQ" duration="00:00:00.0002278" startTime="2026-03-12T01:10:09.8367639+02:00" endTime="2026-03-12T01:10:09.8367639+02:00" testType="13cdc9d9-ddb5-4fa4-a97d-d965ccfc6d4b" outcome="Passed" testListId="8c84fa94-04c1-424b-9868-57a2d4851a1d" relativeResultsDirectory="0910f1ed-f3f1-420e-9337-bf91f989399e" />
    <UnitTestResult executionId="8544c915-a8c6-491c-b6c3-67e3edc8c961" testId="25656842-0409-3993-6bd7-ab327e107ca0" testName="ReactiveUITK.SourceGenerator.Tests.FormatterSnapshotTests.Idempotency_SampleFile_IsUnchanged(filePath: &quot;C:\\Yanivs\\GameDev\\UnityComponents\\Assets\\Reac&quot;···, relativePath: &quot;Components\\RouterDemoFunc\\RouterNavigatePanel.ui&quot;···)" computerName="DESKTOP-CFTHQRQ" duration="00:00:00.0001632" startTime="2026-03-12T01:10:09.8311709+02:00" endTime="2026-03-12T01:10:09.8311710+02:00" testType="13cdc9d9-ddb5-4fa4-a97d-d965ccfc6d4b" outcome="Passed" testListId="8c84fa94-04c1-424b-9868-57a2d4851a1d" relativeResultsDirectory="8544c915-a8c6-491c-b6c3-67e3edc8c961" />
    <UnitTestResult executionId="00436549-566c-4610-9199-e726e80afed3" testId="5203d7ad-1177-6328-b6ab-1b443ac64119" testName="ReactiveUITK.SourceGenerator.Tests.FormatterSnapshotTests.JSX_NestedElements_IndentedCorrectly" computerName="DESKTOP-CFTHQRQ" duration="00:00:00.0000723" startTime="2026-03-12T01:10:09.8374895+02:00" endTime="2026-03-12T01:10:09.8374896+02:00" testType="13cdc9d9-ddb5-4fa4-a97d-d965ccfc6d4b" outcome="Passed" testListId="8c84fa94-04c1-424b-9868-57a2d4851a1d" relativeResultsDirectory="00436549-566c-4610-9199-e726e80afed3" />
    <UnitTestResult executionId="369a1ff6-610b-48f8-88dd-23410f36bea9" testId="7e8cab60-75b3-9e6f-ab4a-744f64fdc723" testName="ReactiveUITK.SourceGenerator.Tests.FormatterSnapshotTests.StyleBlock_OverIndentedEntries_NormalisedByReAnchor" computerName="DESKTOP-CFTHQRQ" duration="00:00:00.0000695" startTime="2026-03-12T01:10:09.8382713+02:00" endTime="2026-03-12T01:10:09.8382714+02:00" testType="13cdc9d9-ddb5-4fa4-a97d-d965ccfc6d4b" outcome="Passed" testListId="8c84fa94-04c1-424b-9868-57a2d4851a1d" relativeResultsDirectory="369a1ff6-610b-48f8-88dd-23410f36bea9" />
    <UnitTestResult executionId="2e2520f3-d6eb-478b-8d85-77bfa92fb793" testId="662831ab-19f7-cbf7-2d6b-e21f47dea51e" testName="ReactiveUITK.SourceGenerator.Tests.ParserTests.Markup_ForDirective_ParsesBreakAndContinueNodes" computerName="DESKTOP-CFTHQRQ" duration="00:00:00.0006125" startTime="2026-03-12T01:10:09.8299671+02:00" endTime="2026-03-12T01:10:09.8299672+02:00" testType="13cdc9d9-ddb5-4fa4-a97d-d965ccfc6d4b" outcome="Passed" testListId="8c84fa94-04c1-424b-9868-57a2d4851a1d" relativeResultsDirectory="2e2520f3-d6eb-478b-8d85-77bfa92fb793" />
    <UnitTestResult executionId="12b2b70e-2de1-4896-bb65-4405a420a34f" testId="c92cd89b-c0e7-89db-0bb0-7dad94bbfc3d" testName="ReactiveUITK.SourceGenerator.Tests.ParserTests.Markup_BooleanShorthandAttribute_ProducesBooleanShorthandValue" computerName="DESKTOP-CFTHQRQ" duration="00:00:00.0008986" startTime="2026-03-12T01:10:09.8018070+02:00" endTime="2026-03-12T01:10:09.8018071+02:00" testType="13cdc9d9-ddb5-4fa4-a97d-d965ccfc6d4b" outcome="Passed" testListId="8c84fa94-04c1-424b-9868-57a2d4851a1d" relativeResultsDirectory="12b2b70e-2de1-4896-bb65-4405a420a34f" />
    <UnitTestResult executionId="3ab0a178-07ef-4370-8e40-bddd06ef0cf0" testId="5397ba8e-d33f-428a-c2f8-46911c4ebf5b" testName="ReactiveUITK.SourceGenerator.Tests.ParserTests.Directives_FunctionStyle_ReturnNonMarkup_EmitsUITKX2102" computerName="DESKTOP-CFTHQRQ" duration="00:00:00.0004873" startTime="2026-03-12T01:10:09.8021122+02:00" endTime="2026-03-12T01:10:09.8021123+02:00" testType="13cdc9d9-ddb5-4fa4-a97d-d965ccfc6d4b" outcome="Passed" testListId="8c84fa94-04c1-424b-9868-57a2d4851a1d" relativeResultsDirectory="3ab0a178-07ef-4370-8e40-bddd06ef0cf0" />
    <UnitTestResult executionId="5b9daeb8-d56e-4d1e-9482-22c87be002b7" testId="49531de9-31b6-8a3f-537d-7ac96e57b8fc" testName="ReactiveUITK.SourceGenerator.Tests.FormatterSnapshotTests.Signature_FunctionParams_InSignatureLine" computerName="DESKTOP-CFTHQRQ" duration="00:00:00.0012271" startTime="2026-03-12T01:10:09.8282787+02:00" endTime="2026-03-12T01:10:09.8282788+02:00" testType="13cdc9d9-ddb5-4fa4-a97d-d965ccfc6d4b" outcome="Passed" testListId="8c84fa94-04c1-424b-9868-57a2d4851a1d" relativeResultsDirectory="5b9daeb8-d56e-4d1e-9482-22c87be002b7" />
    <UnitTestResult executionId="67e376d9-2e3b-4ded-80b5-83440512bc6e" testId="7b26819e-bfe2-ded0-1994-8874f5579e58" testName="ReactiveUITK.SourceGenerator.Tests.FormatterSnapshotTests.FunctionStyle_TwoJsxVars_BlankLineBetweenPreserved" computerName="DESKTOP-CFTHQRQ" duration="00:00:00.0000694" startTime="2026-03-12T01:10:09.8424273+02:00" endTime="2026-03-12T01:10:09.8424273+02:00" testType="13cdc9d9-ddb5-4fa4-a97d-d965ccfc6d4b" outcome="Passed" testListId="8c84fa94-04c1-424b-9868-57a2d4851a1d" relativeResultsDirectory="67e376d9-2e3b-4ded-80b5-83440512bc6e" />
    <UnitTestResult executionId="a22f69c0-89dc-4da4-97b5-2c95cf12793d" testId="69e93a92-78f3-3104-874c-b1a61879a5a5" testName="ReactiveUITK.SourceGenerator.Tests.FormatterSnapshotTests.Edge_ComponentWithNoSetup_NoExtraBlank" computerName="DESKTOP-CFTHQRQ" duration="00:00:00.0001031" startTime="2026-03-12T01:10:09.8371081+02:00" endTime="2026-03-12T01:10:09.8371081+02:00" testType="13cdc9d9-ddb5-4fa4-a97d-d965ccfc6d4b" outcome="Passed" testListId="8c84fa94-04c1-424b-9868-57a2d4851a1d" relativeResultsDirectory="a22f69c0-89dc-4da4-97b5-2c95cf12793d" />
    <UnitTestResult executionId="42793d10-7e98-41fc-871d-a5e41b96eb2b" testId="52ff0370-e42e-2353-6733-ba138f6b2ab4" testName="ReactiveUITK.SourceGenerator.Tests.FormatterSnapshotTests.Idempotency_SampleFile_IsUnchanged(filePath: &quot;C:\\Yanivs\\GameDev\\UnityComponents\\Assets\\Reac&quot;···, relativePath: &quot;Components\\ProgressBarDemoFunc\\ProgressBarDemoFu&quot;···)" computerName="DESKTOP-CFTHQRQ" duration="00:00:00.0006423" startTime="2026-03-12T01:10:09.8284044+02:00" endTime="2026-03-12T01:10:09.8284044+02:00" testType="13cdc9d9-ddb5-4fa4-a97d-d965ccfc6d4b" outcome="Passed" testListId="8c84fa94-04c1-424b-9868-57a2d4851a1d" relativeResultsDirectory="42793d10-7e98-41fc-871d-a5e41b96eb2b" />
    <UnitTestResult executionId="4d1986bf-eac5-4774-9466-c5219a3abfb6" testId="3a56080a-20bd-450b-5a5f-f1581ceda48c" testName="ReactiveUITK.SourceGenerator.Tests.ParserTests.Directives_MissingComponent_EmitsUITKX0005" computerName="DESKTOP-CFTHQRQ" duration="00:00:00.0001414" startTime="2026-03-12T01:10:09.8299038+02:00" endTime="2026-03-12T01:10:09.8299038+02:00" testType="13cdc9d9-ddb5-4fa4-a97d-d965ccfc6d4b" outcome="Passed" testListId="8c84fa94-04c1-424b-9868-57a2d4851a1d" relativeResultsDirectory="4d1986bf-eac5-4774-9466-c5219a3abfb6" />
    <UnitTestResult executionId="d11a691f-72e6-44e0-9d95-a17bb426a438" testId="8a8f3ee1-035d-e7e2-4b32-c856b323dad3" testName="ReactiveUITK.SourceGenerator.Tests.FormatterSnapshotTests.Edge_TrailingNewline_ExactlyOne" computerName="DESKTOP-CFTHQRQ" duration="00:00:00.0001445" startTime="2026-03-12T01:10:09.8376958+02:00" endTime="2026-03-12T01:10:09.8376959+02:00" testType="13cdc9d9-ddb5-4fa4-a97d-d965ccfc6d4b" outcome="Passed" testListId="8c84fa94-04c1-424b-9868-57a2d4851a1d" relativeResultsDirectory="d11a691f-72e6-44e0-9d95-a17bb426a438" />
    <UnitTestResult executionId="f6a3ee93-5a87-4928-81e1-f18ee6b5597d" testId="f38fdc12-b951-ab42-c10e-5c80c2e9b9fe" testName="ReactiveUITK.SourceGenerator.Tests.FormatterSnapshotTests.FMT1_SetupVars_AllOverIndented_NormalisedTo2Space" computerName="DESKTOP-CFTHQRQ" duration="00:00:00.0000600" startTime="2026-03-12T01:10:09.8386075+02:00" endTime="2026-03-12T01:10:09.8386076+02:00" testType="13cdc9d9-ddb5-4fa4-a97d-d965ccfc6d4b" outcome="Passed" testListId="8c84fa94-04c1-424b-9868-57a2d4851a1d" relativeResultsDirectory="f6a3ee93-5a87-4928-81e1-f18ee6b5597d" />
    <UnitTestResult executionId="2be0d07c-c051-4f35-b601-be59ee20419c" testId="d383c7a9-7442-5ce6-f5b9-a31b2e826a75" testName="ReactiveUITK.SourceGenerator.Tests.FormatterSnapshotTests.Idempotency_SampleFile_IsUnchanged(filePath: &quot;C:\\Yanivs\\GameDev\\UnityComponents\\Assets\\Reac&quot;···, relativePath: &quot;Components\\RouterDemoFunc\\RouterNavLink.uitkx&quot;)" computerName="DESKTOP-CFTHQRQ" duration="00:00:00.0001142" startTime="2026-03-12T01:10:09.8311787+02:00" endTime="2026-03-12T01:10:09.8311788+02:00" testType="13cdc9d9-ddb5-4fa4-a97d-d965ccfc6d4b" outcome="Passed" testListId="8c84fa94-04c1-424b-9868-57a2d4851a1d" relativeResultsDirectory="2be0d07c-c051-4f35-b601-be59ee20419c" />
    <UnitTestResult executionId="e0cbe98f-7c91-4904-80f9-9d5c95e5a549" testId="da316572-f54d-dc98-19e9-c3e4f4a3dfc9" testName="ReactiveUITK.SourceGenerator.Tests.FormatterSnapshotTests.Signature_ClassStyle_DirectivesPreserved" computerName="DESKTOP-CFTHQRQ" duration="00:00:00.0000560" startTime="2026-03-12T01:10:09.8399124+02:00" endTime="2026-03-12T01:10:09.8399124+02:00" testType="13cdc9d9-ddb5-4fa4-a97d-d965ccfc6d4b" outcome="Passed" testListId="8c84fa94-04c1-424b-9868-57a2d4851a1d" relativeResultsDirectory="e0cbe98f-7c91-4904-80f9-9d5c95e5a549" />
    <UnitTestResult executionId="7427da15-2095-4b6d-adcb-26094916c379" testId="dd365649-57d2-8762-7146-4d8383f1da49" testName="ReactiveUITK.SourceGenerator.Tests.DiagnosticTests.UITKX0010_DuplicateSiblingKey" computerName="DESKTOP-CFTHQRQ" duration="00:00:00.0067622" startTime="2026-03-12T01:10:10.1474177+02:00" endTime="2026-03-12T01:10:10.1474179+02:00" testType="13cdc9d9-ddb5-4fa4-a97d-d965ccfc6d4b" outcome="Passed" testListId="8c84fa94-04c1-424b-9868-57a2d4851a1d" relativeResultsDirectory="7427da15-2095-4b6d-adcb-26094916c379" />
    <UnitTestResult executionId="95edafc1-45a3-496d-b51c-4f39449bafe5" testId="351aea70-ecac-3258-daf2-5562b4daa821" testName="ReactiveUITK.SourceGenerator.Tests.FormatterSnapshotTests.FunctionStyle_CanonicalStructure_ClosingBraceOnOwnLine" computerName="DESKTOP-CFTHQRQ" duration="00:00:00.0183575" startTime="2026-03-12T01:10:09.8268754+02:00" endTime="2026-03-12T01:10:09.8268754+02:00" testType="13cdc9d9-ddb5-4fa4-a97d-d965ccfc6d4b" outcome="Passed" testListId="8c84fa94-04c1-424b-9868-57a2d4851a1d" relativeResultsDirectory="95edafc1-45a3-496d-b51c-4f39449bafe5" />
    <UnitTestResult executionId="593e6ece-9130-4533-9908-2e39e0720847" testId="94359973-7cea-0224-2b1e-482afbb6873d" testName="ReactiveUITK.SourceGenerator.Tests.FormatterSnapshotTests.Idempotency_SampleFile_IsUnchanged(filePath: &quot;C:\\Yanivs\\GameDev\\UnityComponents\\Assets\\Reac&quot;···, relativePath: &quot;Components\\ShowcaseDemoPage\\components\\Showcase&quot;···)" computerName="DESKTOP-CFTHQRQ" duration="00:00:00.0004522" startTime="2026-03-12T01:10:09.8292015+02:00" endTime="2026-03-12T01:10:09.8292015+02:00" testType="13cdc9d9-ddb5-4fa4-a97d-d965ccfc6d4b" outcome="Passed" testListId="8c84fa94-04c1-424b-9868-57a2d4851a1d" relativeResultsDirectory="593e6ece-9130-4533-9908-2e39e0720847" />
    <UnitTestResult executionId="7b69afd5-74e7-4877-abca-5b14043994f3" testId="a6bf77c8-ea54-553a-485e-b0c9aae6296b" testName="ReactiveUITK.SourceGenerator.Tests.EmitterTests.UserComponent_SingleRefParam_RefAttrRoutedToMutableRefProp" computerName="DESKTOP-CFTHQRQ" duration="00:00:00.0158384" startTime="2026-03-12T01:10:10.0690657+02:00" endTime="2026-03-12T01:10:10.0690658+02:00" testType="13cdc9d9-ddb5-4fa4-a97d-d965ccfc6d4b" outcome="Passed" testListId="8c84fa94-04c1-424b-9868-57a2d4851a1d" relativeResultsDirectory="7b69afd5-74e7-4877-abca-5b14043994f3" />
    <UnitTestResult executionId="75bb97d0-8c58-4570-bccd-ed960ee0a9be" testId="faa325d6-1ce8-a667-e331-1ebbb5eeecca" testName="ReactiveUITK.SourceGenerator.Tests.FormatterSnapshotTests.Idempotency_SampleFile_IsUnchanged(filePath: &quot;C:\\Yanivs\\GameDev\\UnityComponents\\Assets\\Reac&quot;···, relativePath: &quot;Components\\ToggleButtonGroupDemoFunc\\ToggleButto&quot;···)" computerName="DESKTOP-CFTHQRQ" duration="00:00:00.0001384" startTime="2026-03-12T01:10:09.8368002+02:00" endTime="2026-03-12T01:10:09.8368003+02:00" testType="13cdc9d9-ddb5-4fa4-a97d-d965ccfc6d4b" outcome="Passed" testListId="8c84fa94-04c1-424b-9868-57a2d4851a1d" relativeResultsDirectory="75bb97d0-8c58-4570-bccd-ed960ee0a9be" />
    <UnitTestResult executionId="38f4d4cc-eb3d-40e5-be62-561c376e57ab" testId="1d7daaa9-2da9-c379-238c-1c28590ca106" testName="ReactiveUITK.SourceGenerator.Tests.EmitterTests.WhileDirective_WithLoopFlow_EmitsContinueStatement" computerName="DESKTOP-CFTHQRQ" duration="00:00:00.0070514" startTime="2026-03-12T01:10:10.3779847+02:00" endTime="2026-03-12T01:10:10.3779849+02:00" testType="13cdc9d9-ddb5-4fa4-a97d-d965ccfc6d4b" outcome="Passed" testListId="8c84fa94-04c1-424b-9868-57a2d4851a1d" relativeResultsDirectory="38f4d4cc-eb3d-40e5-be62-561c376e57ab" />
    <UnitTestResult executionId="f4001e67-0fb6-41eb-a5e4-2501fb0e08e0" testId="5d0e9379-af5f-f4f7-3e63-7eb7cd9bd28d" testName="ReactiveUITK.SourceGenerator.Tests.EmitterTests.ReturnMarkupInCodeBlock_ExpressionAttribute_IsVerbatim" computerName="DESKTOP-CFTHQRQ" duration="00:00:00.0063657" startTime="2026-03-12T01:10:10.3300558+02:00" endTime="2026-03-12T01:10:10.3300559+02:00" testType="13cdc9d9-ddb5-4fa4-a97d-d965ccfc6d4b" outcome="Passed" testListId="8c84fa94-04c1-424b-9868-57a2d4851a1d" relativeResultsDirectory="f4001e67-0fb6-41eb-a5e4-2501fb0e08e0" />
    <UnitTestResult executionId="911ea65b-e4f2-4de3-b8b3-b0bca30d79e8" testId="16cb9c37-8ee6-4e0b-e02a-0f9ff3e5ce57" testName="ReactiveUITK.SourceGenerator.Tests.LoweringTests.CanonicalLowering_FunctionStyle_HoistsSetupCodeAsFirstCodeBlock" computerName="DESKTOP-CFTHQRQ" duration="00:00:00.0179594" startTime="2026-03-12T01:10:09.8266990+02:00" endTime="2026-03-12T01:10:09.8266990+02:00" testType="13cdc9d9-ddb5-4fa4-a97d-d965ccfc6d4b" outcome="Passed" testListId="8c84fa94-04c1-424b-9868-57a2d4851a1d" relativeResultsDirectory="911ea65b-e4f2-4de3-b8b3-b0bca30d79e8" />
    <UnitTestResult executionId="399ced41-e20c-4ece-b790-b3a3f461a75c" testId="7404b10e-d0fd-9a02-e0ea-951bbadacfa0" testName="ReactiveUITK.SourceGenerator.Tests.FormatterSnapshotTests.Idempotency_SampleFile_IsUnchanged(filePath: &quot;C:\\Yanivs\\GameDev\\UnityComponents\\Assets\\Reac&quot;···, relativePath: &quot;Components\\KeyedDiffLisDemoFunc\\KeyedDiffLisDemo&quot;···)" computerName="DESKTOP-CFTHQRQ" duration="00:00:00.0010568" startTime="2026-03-12T01:10:09.8294453+02:00" endTime="2026-03-12T01:10:09.8294453+02:00" testType="13cdc9d9-ddb5-4fa4-a97d-d965ccfc6d4b" outcome="Passed" testListId="8c84fa94-04c1-424b-9868-57a2d4851a1d" relativeResultsDirectory="399ced41-e20c-4ece-b790-b3a3f461a75c" />
    <UnitTestResult executionId="3c34425a-c773-43a5-a21e-7e88f4302591" testId="ee5afc54-c8b0-5c24-ac0f-fecf7b22ede7" testName="ReactiveUITK.SourceGenerator.Tests.EmitterTests.FunctionStyleComponent_LeadingUsings_EmittedInGeneratedSource" computerName="DESKTOP-CFTHQRQ" duration="00:00:00.0071101" startTime="2026-03-12T01:10:10.4093285+02:00" endTime="2026-03-12T01:10:10.4093287+02:00" testType="13cdc9d9-ddb5-4fa4-a97d-d965ccfc6d4b" outcome="Passed" testListId="8c84fa94-04c1-424b-9868-57a2d4851a1d" relativeResultsDirectory="3c34425a-c773-43a5-a21e-7e88f4302591" />
    <UnitTestResult executionId="33cc5186-acba-4508-8f86-15260ab2cb5f" testId="8da7c7e6-30eb-d0e8-b934-a12f8df1b70c" testName="ReactiveUITK.SourceGenerator.Tests.EmitterTests.FuncComponent_WithNestedPropsClass_EmitsTypedVFuncAndPassesAttributes" computerName="DESKTOP-CFTHQRQ" duration="00:00:00.1224415" startTime="2026-03-12T01:10:10.2003408+02:00" endTime="2026-03-12T01:10:10.2003411+02:00" testType="13cdc9d9-ddb5-4fa4-a97d-d965ccfc6d4b" outcome="Passed" testListId="8c84fa94-04c1-424b-9868-57a2d4851a1d" relativeResultsDirectory="33cc5186-acba-4508-8f86-15260ab2cb5f" />
    <UnitTestResult executionId="d4b2760c-5e17-45f0-962a-2f6210436f89" testId="8687ba4c-e7cc-df3e-0f90-3eccec5eac1c" testName="ReactiveUITK.SourceGenerator.Tests.FormatterSnapshotTests.Idempotency_SampleFile_IsUnchanged(filePath: &quot;C:\\Yanivs\\GameDev\\UnityComponents\\Assets\\Reac&quot;···, relativePath: &quot;Components\\RouterDemoFunc\\RouterNavigationGuardP&quot;···)" computerName="DESKTOP-CFTHQRQ" duration="00:00:00.0002439" startTime="2026-03-12T01:10:09.8305444+02:00" endTime="2026-03-12T01:10:09.8305444+02:00" testType="13cdc9d9-ddb5-4fa4-a97d-d965ccfc6d4b" outcome="Passed" testListId="8c84fa94-04c1-424b-9868-57a2d4851a1d" relativeResultsDirectory="d4b2760c-5e17-45f0-962a-2f6210436f89" />
    <UnitTestResult executionId="f8d18bb7-d52a-4784-b849-cd9f811760bb" testId="aa01e329-64aa-106f-a197-dfffc4b00652" testName="ReactiveUITK.SourceGenerator.Tests.FormatterSnapshotTests.Idempotency_SampleFile_IsUnchanged(filePath: &quot;C:\\Yanivs\\GameDev\\UnityComponents\\Assets\\Reac&quot;···, relativePath: &quot;Components\\RouterDemoFunc\\RouterDemoFunc.uitkx&quot;)" computerName="DESKTOP-CFTHQRQ" duration="00:00:00.0003273" startTime="2026-03-12T01:10:09.8296342+02:00" endTime="2026-03-12T01:10:09.8296343+02:00" testType="13cdc9d9-ddb5-4fa4-a97d-d965ccfc6d4b" outcome="Passed" testListId="8c84fa94-04c1-424b-9868-57a2d4851a1d" relativeResultsDirectory="f8d18bb7-d52a-4784-b849-cd9f811760bb" />
    <UnitTestResult executionId="ad2f4720-df69-483b-a2e1-1d1b3ad063b4" testId="065b5828-0091-df56-0975-f5244061a961" testName="ReactiveUITK.SourceGenerator.Tests.DiagnosticTests.UITKX0010_NotFiredForUniqueKeys" computerName="DESKTOP-CFTHQRQ" duration="00:00:00.0065273" startTime="2026-03-12T01:10:10.1058420+02:00" endTime="2026-03-12T01:10:10.1058422+02:00" testType="13cdc9d9-ddb5-4fa4-a97d-d965ccfc6d4b" outcome="Passed" testListId="8c84fa94-04c1-424b-9868-57a2d4851a1d" relativeResultsDirectory="ad2f4720-df69-483b-a2e1-1d1b3ad063b4" />
    <UnitTestResult executionId="6be376c7-0b0b-48bc-bb61-ddafdaeb54e9" testId="c980164b-10e0-7e58-7773-f72f5f5a1df6" testName="ReactiveUITK.SourceGenerator.Tests.FormatterSnapshotTests.Idempotency_SampleFile_IsUnchanged(filePath: &quot;C:\\Yanivs\\GameDev\\UnityComponents\\Assets\\Reac&quot;···, relativePath: &quot;Components\\RouterDemoFunc\\RouterLocationBanner.u&quot;···)" computerName="DESKTOP-CFTHQRQ" duration="00:00:00.0001619" startTime="2026-03-12T01:10:09.8294171+02:00" endTime="2026-03-12T01:10:09.8294171+02:00" testType="13cdc9d9-ddb5-4fa4-a97d-d965ccfc6d4b" outcome="Passed" testListId="8c84fa94-04c1-424b-9868-57a2d4851a1d" relativeResultsDirectory="6be376c7-0b0b-48bc-bb61-ddafdaeb54e9" />
    <UnitTestResult executionId="2ea153af-1e11-4c3e-9cae-bb4bc9fbc56f" testId="96e82d55-8ec1-45ee-7441-6cecfe7f0969" testName="ReactiveUITK.SourceGenerator.Tests.DiagnosticTests.UITKX0005_MissingComponent" computerName="DESKTOP-CFTHQRQ" duration="00:00:00.0072090" startTime="2026-03-12T01:10:10.1272004+02:00" endTime="2026-03-12T01:10:10.1272006+02:00" testType="13cdc9d9-ddb5-4fa4-a97d-d965ccfc6d4b" outcome="Passed" testListId="8c84fa94-04c1-424b-9868-57a2d4851a1d" relativeResultsDirectory="2ea153af-1e11-4c3e-9cae-bb4bc9fbc56f" />
    <UnitTestResult executionId="daa0e0e5-f453-4933-9abe-4cac7f731983" testId="cd5ad2f2-2398-0d45-4fb4-336d35fc4245" testName="ReactiveUITK.SourceGenerator.Tests.DiagnosticTests.UITKX0019_NotFiredForStableKey" computerName="DESKTOP-CFTHQRQ" duration="00:00:00.0066159" startTime="2026-03-12T01:10:10.1339292+02:00" endTime="2026-03-12T01:10:10.1339294+02:00" testType="13cdc9d9-ddb5-4fa4-a97d-d965ccfc6d4b" outcome="Passed" testListId="8c84fa94-04c1-424b-9868-57a2d4851a1d" relativeResultsDirectory="daa0e0e5-f453-4933-9abe-4cac7f731983" />
    <UnitTestResult executionId="b7e73ba4-f55e-41b5-93f5-1c5de806c219" testId="1e20f24a-9a23-d0b6-d9ed-1025f722c53c" testName="ReactiveUITK.SourceGenerator.Tests.EmitterTests.JsxCommentInsideElement_DoesNotEmitExtraComma" computerName="DESKTOP-CFTHQRQ" duration="00:00:00.0071675" startTime="2026-03-12T01:10:10.4021737+02:00" endTime="2026-03-12T01:10:10.4021739+02:00" testType="13cdc9d9-ddb5-4fa4-a97d-d965ccfc6d4b" outcome="Passed" testListId="8c84fa94-04c1-424b-9868-57a2d4851a1d" relativeResultsDirectory="b7e73ba4-f55e-41b5-93f5-1c5de806c219" />
    <UnitTestResult executionId="e8a02d9b-cd06-4063-8d8c-2d91e7ed2e7c" testId="bda040b5-72ef-2039-6974-e2df4cf59570" testName="ReactiveUITK.SourceGenerator.Tests.FormatterSnapshotTests.JSX_Tag_LongAttrs_WrapsToOnePerLine" computerName="DESKTOP-CFTHQRQ" duration="00:00:00.0000753" startTime="2026-03-12T01:10:09.8382270+02:00" endTime="2026-03-12T01:10:09.8382271+02:00" testType="13cdc9d9-ddb5-4fa4-a97d-d965ccfc6d4b" outcome="Passed" testListId="8c84fa94-04c1-424b-9868-57a2d4851a1d" relativeResultsDirectory="e8a02d9b-cd06-4063-8d8c-2d91e7ed2e7c" />
    <UnitTestResult executionId="f5071253-3e8b-4a9a-ba20-595515b0ed6b" testId="578314ed-f9da-3903-f785-a7470210e246" testName="ReactiveUITK.SourceGenerator.Tests.DiagnosticTests.UITKX0014_HookInLoop" computerName="DESKTOP-CFTHQRQ" duration="00:00:00.0074657" startTime="2026-03-12T01:10:10.0698759+02:00" endTime="2026-03-12T01:10:10.0698760+02:00" testType="13cdc9d9-ddb5-4fa4-a97d-d965ccfc6d4b" outcome="Passed" testListId="8c84fa94-04c1-424b-9868-57a2d4851a1d" relativeResultsDirectory="f5071253-3e8b-4a9a-ba20-595515b0ed6b" />
    <UnitTestResult executionId="784966e9-b56a-4bb0-91c4-eb1813932201" testId="d08f4802-ee49-9ee7-28dc-2e590741494e" testName="ReactiveUITK.SourceGenerator.Tests.EmitterTests.JsxCommentAsRootNode_DoesNotBreakSingleRoot" computerName="DESKTOP-CFTHQRQ" duration="00:00:00.0065122" startTime="2026-03-12T01:10:10.2348410+02:00" endTime="2026-03-12T01:10:10.2348411+02:00" testType="13cdc9d9-ddb5-4fa4-a97d-d965ccfc6d4b" outcome="Passed" testListId="8c84fa94-04c1-424b-9868-57a2d4851a1d" relativeResultsDirectory="784966e9-b56a-4bb0-91c4-eb1813932201" />
    <UnitTestResult executionId="d38e6657-56dd-49de-b8e8-874cefa0b3b0" testId="c48ec12a-5294-b84a-2ef5-67f3b3cd948e" testName="ReactiveUITK.SourceGenerator.Tests.ParserTests.Directives_FunctionStyle_NonPascalName_EmitsUITKX2100" computerName="DESKTOP-CFTHQRQ" duration="00:00:00.0003435" startTime="2026-03-12T01:10:09.8294537+02:00" endTime="2026-03-12T01:10:09.8294537+02:00" testType="13cdc9d9-ddb5-4fa4-a97d-d965ccfc6d4b" outcome="Passed" testListId="8c84fa94-04c1-424b-9868-57a2d4851a1d" relativeResultsDirectory="d38e6657-56dd-49de-b8e8-874cefa0b3b0" />
    <UnitTestResult executionId="85427b95-760b-4485-8a67-da94de6b4ace" testId="98815f87-03e0-817a-0441-853a94640589" testName="ReactiveUITK.SourceGenerator.Tests.FormatterSnapshotTests.Idempotency_SampleFile_IsUnchanged(filePath: &quot;C:\\Yanivs\\GameDev\\UnityComponents\\Assets\\Reac&quot;···, relativePath: &quot;Components\\ContextBailoutDemoFunc\\ContextBailout&quot;···)" computerName="DESKTOP-CFTHQRQ" duration="00:00:00.0001275" startTime="2026-03-12T01:10:09.8311871+02:00" endTime="2026-03-12T01:10:09.8311872+02:00" testType="13cdc9d9-ddb5-4fa4-a97d-d965ccfc6d4b" outcome="Passed" testListId="8c84fa94-04c1-424b-9868-57a2d4851a1d" relativeResultsDirectory="85427b95-760b-4485-8a67-da94de6b4ace" />
    <UnitTestResult executionId="527dc393-dd36-46b8-bcce-10087c6f9e6a" testId="61a1e540-d47e-10eb-ea6d-62bdb8cae813" testName="ReactiveUITK.SourceGenerator.Tests.ParserTests.Markup_BreakOutsideLoop_EmitsUnexpectedToken" computerName="DESKTOP-CFTHQRQ" duration="00:00:00.0129026" startTime="2026-03-12T01:10:09.7995745+02:00" endTime="2026-03-12T01:10:09.7995915+02:00" testType="13cdc9d9-ddb5-4fa4-a97d-d965ccfc6d4b" outcome="Passed" testListId="8c84fa94-04c1-424b-9868-57a2d4851a1d" relativeResultsDirectory="527dc393-dd36-46b8-bcce-10087c6f9e6a" />
    <UnitTestResult executionId="7f91add4-b8c8-480b-b180-87e7536b2d3e" testId="18ab00d0-bae6-fdc7-103d-1fcd8e83fb1d" testName="ReactiveUITK.SourceGenerator.Tests.FormatterSnapshotTests.FMT1_MethodBody_RelativeIndentPreserved" computerName="DESKTOP-CFTHQRQ" duration="00:00:00.0000556" startTime="2026-03-12T01:10:09.8385308+02:00" endTime="2026-03-12T01:10:09.8385309+02:00" testType="13cdc9d9-ddb5-4fa4-a97d-d965ccfc6d4b" outcome="Passed" testListId="8c84fa94-04c1-424b-9868-57a2d4851a1d" relativeResultsDirectory="7f91add4-b8c8-480b-b180-87e7536b2d3e" />
    <UnitTestResult executionId="77ee9f42-ba41-4b12-8dec-adbc162d1ddc" testId="263f7df4-37fa-6e28-16b6-76170089b01a" testName="ReactiveUITK.SourceGenerator.Tests.ParserTests.Directives_FunctionStyle_InlineNamespaceDirective_AfterUsings" computerName="DESKTOP-CFTHQRQ" duration="00:00:00.0001724" startTime="2026-03-12T01:10:09.8299168+02:00" endTime="2026-03-12T01:10:09.8299168+02:00" testType="13cdc9d9-ddb5-4fa4-a97d-d965ccfc6d4b" outcome="Passed" testListId="8c84fa94-04c1-424b-9868-57a2d4851a1d" relativeResultsDirectory="77ee9f42-ba41-4b12-8dec-adbc162d1ddc" />
    <UnitTestResult executionId="ee633062-89ba-45ab-bb94-d269ae04b8dd" testId="af3f37b2-30c0-3548-fa49-fb186baf988f" testName="ReactiveUITK.SourceGenerator.Tests.FormatterSnapshotTests.Idempotency_SampleFile_IsUnchanged(filePath: &quot;C:\\Yanivs\\GameDev\\UnityComponents\\Assets\\Reac&quot;···, relativePath: &quot;Components\\PropTypesDemoFunc\\StatusBadge.uitkx&quot;)" computerName="DESKTOP-CFTHQRQ" duration="00:00:00.0000986" startTime="2026-03-12T01:10:09.8308628+02:00" endTime="2026-03-12T01:10:09.8308629+02:00" testType="13cdc9d9-ddb5-4fa4-a97d-d965ccfc6d4b" outcome="Passed" testListId="8c84fa94-04c1-424b-9868-57a2d4851a1d" relativeResultsDirectory="ee633062-89ba-45ab-bb94-d269ae04b8dd" />
[...]
    <TestEntry testId="5397ba8e-d33f-428a-c2f8-46911c4ebf5b" executionId="3ab0a178-07ef-4370-8e40-bddd06ef0cf0" testListId="8c84fa94-04c1-424b-9868-57a2d4851a1d" />
    <TestEntry testId="49531de9-31b6-8a3f-537d-7ac96e57b8fc" executionId="5b9daeb8-d56e-4d1e-9482-22c87be002b7" testListId="8c84fa94-04c1-424b-9868-57a2d4851a1d" />
    <TestEntry testId="7b26819e-bfe2-ded0-1994-8874f5579e58" executionId="67e376d9-2e3b-4ded-80b5-83440512bc6e" testListId="8c84fa94-04c1-424b-9868-57a2d4851a1d" />
    <TestEntry testId="69e93a92-78f3-3104-874c-b1a61879a5a5" executionId="a22f69c0-89dc-4da4-97b5-2c95cf12793d" testListId="8c84fa94-04c1-424b-9868-57a2d4851a1d" />
    <TestEntry testId="52ff0370-e42e-2353-6733-ba138f6b2ab4" executionId="42793d10-7e98-41fc-871d-a5e41b96eb2b" testListId="8c84fa94-04c1-424b-9868-57a2d4851a1d" />
    <TestEntry testId="3a56080a-20bd-450b-5a5f-f1581ceda48c" executionId="4d1986bf-eac5-4774-9466-c5219a3abfb6" testListId="8c84fa94-04c1-424b-9868-57a2d4851a1d" />
    <TestEntry testId="8a8f3ee1-035d-e7e2-4b32-c856b323dad3" executionId="d11a691f-72e6-44e0-9d95-a17bb426a438" testListId="8c84fa94-04c1-424b-9868-57a2d4851a1d" />
    <TestEntry testId="f38fdc12-b951-ab42-c10e-5c80c2e9b9fe" executionId="f6a3ee93-5a87-4928-81e1-f18ee6b5597d" testListId="8c84fa94-04c1-424b-9868-57a2d4851a1d" />
    <TestEntry testId="d383c7a9-7442-5ce6-f5b9-a31b2e826a75" executionId="2be0d07c-c051-4f35-b601-be59ee20419c" testListId="8c84fa94-04c1-424b-9868-57a2d4851a1d" />
    <TestEntry testId="da316572-f54d-dc98-19e9-c3e4f4a3dfc9" executionId="e0cbe98f-7c91-4904-80f9-9d5c95e5a549" testListId="8c84fa94-04c1-424b-9868-57a2d4851a1d" />
    <TestEntry testId="dd365649-57d2-8762-7146-4d8383f1da49" executionId="7427da15-2095-4b6d-adcb-26094916c379" testListId="8c84fa94-04c1-424b-9868-57a2d4851a1d" />
    <TestEntry testId="351aea70-ecac-3258-daf2-5562b4daa821" executionId="95edafc1-45a3-496d-b51c-4f39449bafe5" testListId="8c84fa94-04c1-424b-9868-57a2d4851a1d" />
    <TestEntry testId="94359973-7cea-0224-2b1e-482afbb6873d" executionId="593e6ece-9130-4533-9908-2e39e0720847" testListId="8c84fa94-04c1-424b-9868-57a2d4851a1d" />
    <TestEntry testId="a6bf77c8-ea54-553a-485e-b0c9aae6296b" executionId="7b69afd5-74e7-4877-abca-5b14043994f3" testListId="8c84fa94-04c1-424b-9868-57a2d4851a1d" />
    <TestEntry testId="faa325d6-1ce8-a667-e331-1ebbb5eeecca" executionId="75bb97d0-8c58-4570-bccd-ed960ee0a9be" testListId="8c84fa94-04c1-424b-9868-57a2d4851a1d" />
    <TestEntry testId="1d7daaa9-2da9-c379-238c-1c28590ca106" executionId="38f4d4cc-eb3d-40e5-be62-561c376e57ab" testListId="8c84fa94-04c1-424b-9868-57a2d4851a1d" />
    <TestEntry testId="5d0e9379-af5f-f4f7-3e63-7eb7cd9bd28d" executionId="f4001e67-0fb6-41eb-a5e4-2501fb0e08e0" testListId="8c84fa94-04c1-424b-9868-57a2d4851a1d" />
    <TestEntry testId="16cb9c37-8ee6-4e0b-e02a-0f9ff3e5ce57" executionId="911ea65b-e4f2-4de3-b8b3-b0bca30d79e8" testListId="8c84fa94-04c1-424b-9868-57a2d4851a1d" />
    <TestEntry testId="7404b10e-d0fd-9a02-e0ea-951bbadacfa0" executionId="399ced41-e20c-4ece-b790-b3a3f461a75c" testListId="8c84fa94-04c1-424b-9868-57a2d4851a1d" />
    <TestEntry testId="ee5afc54-c8b0-5c24-ac0f-fecf7b22ede7" executionId="3c34425a-c773-43a5-a21e-7e88f4302591" testListId="8c84fa94-04c1-424b-9868-57a2d4851a1d" />
    <TestEntry testId="8da7c7e6-30eb-d0e8-b934-a12f8df1b70c" executionId="33cc5186-acba-4508-8f86-15260ab2cb5f" testListId="8c84fa94-04c1-424b-9868-57a2d4851a1d" />
    <TestEntry testId="8687ba4c-e7cc-df3e-0f90-3eccec5eac1c" executionId="d4b2760c-5e17-45f0-962a-2f6210436f89" testListId="8c84fa94-04c1-424b-9868-57a2d4851a1d" />
    <TestEntry testId="aa01e329-64aa-106f-a197-dfffc4b00652" executionId="f8d18bb7-d52a-4784-b849-cd9f811760bb" testListId="8c84fa94-04c1-424b-9868-57a2d4851a1d" />
    <TestEntry testId="065b5828-0091-df56-0975-f5244061a961" executionId="ad2f4720-df69-483b-a2e1-1d1b3ad063b4" testListId="8c84fa94-04c1-424b-9868-57a2d4851a1d" />
    <TestEntry testId="c980164b-10e0-7e58-7773-f72f5f5a1df6" executionId="6be376c7-0b0b-48bc-bb61-ddafdaeb54e9" testListId="8c84fa94-04c1-424b-9868-57a2d4851a1d" />
    <TestEntry testId="96e82d55-8ec1-45ee-7441-6cecfe7f0969" executionId="2ea153af-1e11-4c3e-9cae-bb4bc9fbc56f" testListId="8c84fa94-04c1-424b-9868-57a2d4851a1d" />
    <TestEntry testId="cd5ad2f2-2398-0d45-4fb4-336d35fc4245" executionId="daa0e0e5-f453-4933-9abe-4cac7f731983" testListId="8c84fa94-04c1-424b-9868-57a2d4851a1d" />
    <TestEntry testId="1e20f24a-9a23-d0b6-d9ed-1025f722c53c" executionId="b7e73ba4-f55e-41b5-93f5-1c5de806c219" testListId="8c84fa94-04c1-424b-9868-57a2d4851a1d" />
    <TestEntry testId="bda040b5-72ef-2039-6974-e2df4cf59570" executionId="e8a02d9b-cd06-4063-8d8c-2d91e7ed2e7c" testListId="8c84fa94-04c1-424b-9868-57a2d4851a1d" />
    <TestEntry testId="578314ed-f9da-3903-f785-a7470210e246" executionId="f5071253-3e8b-4a9a-ba20-595515b0ed6b" testListId="8c84fa94-04c1-424b-9868-57a2d4851a1d" />
    <TestEntry testId="d08f4802-ee49-9ee7-28dc-2e590741494e" executionId="784966e9-b56a-4bb0-91c4-eb1813932201" testListId="8c84fa94-04c1-424b-9868-57a2d4851a1d" />
    <TestEntry testId="c48ec12a-5294-b84a-2ef5-67f3b3cd948e" executionId="d38e6657-56dd-49de-b8e8-874cefa0b3b0" testListId="8c84fa94-04c1-424b-9868-57a2d4851a1d" />
    <TestEntry testId="98815f87-03e0-817a-0441-853a94640589" executionId="85427b95-760b-4485-8a67-da94de6b4ace" testListId="8c84fa94-04c1-424b-9868-57a2d4851a1d" />
    <TestEntry testId="61a1e540-d47e-10eb-ea6d-62bdb8cae813" executionId="527dc393-dd36-46b8-bcce-10087c6f9e6a" testListId="8c84fa94-04c1-424b-9868-57a2d4851a1d" />
    <TestEntry testId="18ab00d0-bae6-fdc7-103d-1fcd8e83fb1d" executionId="7f91add4-b8c8-480b-b180-87e7536b2d3e" testListId="8c84fa94-04c1-424b-9868-57a2d4851a1d" />
    <TestEntry testId="263f7df4-37fa-6e28-16b6-76170089b01a" executionId="77ee9f42-ba41-4b12-8dec-adbc162d1ddc" testListId="8c84fa94-04c1-424b-9868-57a2d4851a1d" />
    <TestEntry testId="af3f37b2-30c0-3548-fa49-fb186baf988f" executionId="ee633062-89ba-45ab-bb94-d269ae04b8dd" testListId="8c84fa94-04c1-424b-9868-57a2d4851a1d" />
    <TestEntry testId="972f6e7c-a590-7410-8739-d1f8519985ab" executionId="47d7f03a-587e-49a1-a3e9-3c9e0301453f" testListId="8c84fa94-04c1-424b-9868-57a2d4851a1d" />
    <TestEntry testId="182db3d2-2f44-a724-e838-2ca7faa0a393" executionId="37fa0650-a8ee-43d6-b99b-defd1cb650df" testListId="8c84fa94-04c1-424b-9868-57a2d4851a1d" />
    <TestEntry testId="6680f96c-9f88-bc97-b529-c6d1bec6a0b5" executionId="48e8916d-7068-463f-ad91-f23a67be067f" testListId="8c84fa94-04c1-424b-9868-57a2d4851a1d" />
    <TestEntry testId="c33c1034-4d17-6e26-f5de-4156da8c2419" executionId="ae50e892-87d5-4f6a-b3d7-44809236f6c2" testListId="8c84fa94-04c1-424b-9868-57a2d4851a1d" />
    <TestEntry testId="924fabef-d730-d185-e90b-a91b03461d0c" executionId="86ad5c5d-38eb-4316-bc82-1773961cf2dc" testListId="8c84fa94-04c1-424b-9868-57a2d4851a1d" />
    <TestEntry testId="b168f2ef-abbb-b2cd-0d53-ae20bf4788c4" executionId="1cfc46da-0930-4ab2-a217-e406431b7975" testListId="8c84fa94-04c1-424b-9868-57a2d4851a1d" />
    <TestEntry testId="25305036-8fb9-c367-c02c-d845251f8db4" executionId="7f7b3661-c9c7-401e-a01f-359cf64fa793" testListId="8c84fa94-04c1-424b-9868-57a2d4851a1d" />
    <TestEntry testId="d10394c2-e419-6dc6-3ee1-6d3de0301e90" executionId="b2b36c51-f764-4565-be58-5f16347f9f03" testListId="8c84fa94-04c1-424b-9868-57a2d4851a1d" />
    <TestEntry testId="acc550ee-9225-8a4f-cb03-bae978beae17" executionId="e2f21fc2-eec5-4781-942b-7c44452a9511" testListId="8c84fa94-04c1-424b-9868-57a2d4851a1d" />
    <TestEntry testId="e069af6a-572a-6e0c-d78b-531a2e62379d" executionId="718d24f2-f90c-478e-ad43-fec289275fb3" testListId="8c84fa94-04c1-424b-9868-57a2d4851a1d" />
    <TestEntry testId="1b55ecab-d1ba-33ce-7f8b-e7208b26627c" executionId="91a8d111-2181-493e-adde-cb530e3816ae" testListId="8c84fa94-04c1-424b-9868-57a2d4851a1d" />
    <TestEntry testId="30fb2780-9e96-9194-b9ed-fbe19c2a25e3" executionId="b174dcbf-7765-4c94-bf80-60a762fc2f6d" testListId="8c84fa94-04c1-424b-9868-57a2d4851a1d" />
    <TestEntry testId="d422eb78-3eec-f2c4-ced9-5d86013096e3" executionId="d6410c2e-e043-4217-96bc-f111b67e32eb" testListId="8c84fa94-04c1-424b-9868-57a2d4851a1d" />
    <TestEntry testId="db2ad885-e873-f6d8-ea20-9af80ff920be" executionId="d69f634b-d429-41aa-8d63-9f5ae341e767" testListId="8c84fa94-04c1-424b-9868-57a2d4851a1d" />
    <TestEntry testId="deb1d87d-524e-ff5c-03e6-34484816fa58" executionId="93cebad3-4e83-467a-be7d-fcd84249387f" testListId="8c84fa94-04c1-424b-9868-57a2d4851a1d" />
    <TestEntry testId="1148b964-f6da-ee8b-b416-cfb753bb7202" executionId="8538a08e-c902-437e-85bc-9b880c755a69" testListId="8c84fa94-04c1-424b-9868-57a2d4851a1d" />
    <TestEntry testId="5950f4b8-6f0d-a69b-4ec0-73c3001aa22c" executionId="df5b3d98-c3da-476f-9c4f-195c6def7df7" testListId="8c84fa94-04c1-424b-9868-57a2d4851a1d" />
    <TestEntry testId="2296e689-dbf2-6997-3198-c3b5b62c1b7d" executionId="871b2a8a-3bbc-4059-8e43-2eef4b07abc5" testListId="8c84fa94-04c1-424b-9868-57a2d4851a1d" />
    <TestEntry testId="080ea286-6248-0893-9eb6-a56dfef7b24a" executionId="3ff765d5-4076-4e12-8f3f-d07a04a78136" testListId="8c84fa94-04c1-424b-9868-57a2d4851a1d" />
    <TestEntry testId="dc9bb674-9609-0d36-011a-e77bfc82d694" executionId="d1a2b8b5-bf0e-4862-993a-2461a3f65b5d" testListId="8c84fa94-04c1-424b-9868-57a2d4851a1d" />
    <TestEntry testId="0adba43a-277a-0c95-8cd7-d4925340c399" executionId="891100c2-4e96-421b-91f9-16042a8e6773" testListId="8c84fa94-04c1-424b-9868-57a2d4851a1d" />
    <TestEntry testId="44cdca6e-6959-ab81-a77c-01faeed1ed3e" executionId="8584255e-c152-4a75-aa01-ed6cea41ed8f" testListId="8c84fa94-04c1-424b-9868-57a2d4851a1d" />
    <TestEntry testId="0a8bb8da-1de2-7d3a-a7c3-5453103d7db0" executionId="dcf7f4dd-9f3e-420d-b62c-2c9d5d592f42" testListId="8c84fa94-04c1-424b-9868-57a2d4851a1d" />
    <TestEntry testId="e9b0f2fa-8b01-ca2c-5d74-3cb61f3470f0" executionId="1988c084-16cf-4f59-b6ce-7c086aadfee5" testListId="8c84fa94-04c1-424b-9868-57a2d4851a1d" />
    <TestEntry testId="eed4d55b-5164-8657-c483-9e9fb631ef07" executionId="95f1e7d7-5eab-48a6-ba89-0fb5413578ea" testListId="8c84fa94-04c1-424b-9868-57a2d4851a1d" />
    <TestEntry testId="d9b627d6-5fc1-8a5e-152a-a62623cf8d7a" executionId="2fb7b3b8-3e47-4440-8a14-f28f0ca42c32" testListId="8c84fa94-04c1-424b-9868-57a2d4851a1d" />
    <TestEntry testId="8d5db09b-0892-558d-f667-2e119a815f2a" executionId="413a020d-7ff3-4df8-8328-1c3b6a6c71d5" testListId="8c84fa94-04c1-424b-9868-57a2d4851a1d" />
    <TestEntry testId="6fd8b963-d027-fafd-fd70-9b66d16b1d72" executionId="0b4308cf-ba8c-4519-ae84-d41b8b7473b4" testListId="8c84fa94-04c1-424b-9868-57a2d4851a1d" />
    <TestEntry testId="c80a9935-1824-d8be-bbdd-977281b780e6" executionId="4c838932-3b7d-4510-b1ef-eafeda97cad8" testListId="8c84fa94-04c1-424b-9868-57a2d4851a1d" />
    <TestEntry testId="9a148fb9-fa15-d76b-27ad-41cde8e8bec1" executionId="d63ed585-995f-444e-9288-6864ef5ef629" testListId="8c84fa94-04c1-424b-9868-57a2d4851a1d" />
    <TestEntry testId="67aec67a-db5b-753d-6244-704edd074246" executionId="8b88c884-2238-4101-bab6-6aa152a3a1b9" testListId="8c84fa94-04c1-424b-9868-57a2d4851a1d" />
    <TestEntry testId="3fa3d60f-12e1-7656-1a37-a9804bea4764" executionId="e3fb20ae-91c0-45f2-b0e1-392336ac42e0" testListId="8c84fa94-04c1-424b-9868-57a2d4851a1d" />
    <TestEntry testId="7eca4097-0065-7aee-0413-12266d4d76a4" executionId="eb81e0b1-9154-4870-bab5-ab6d235a89cb" testListId="8c84fa94-04c1-424b-9868-57a2d4851a1d" />
    <TestEntry testId="c02c068e-aeae-a96b-358f-a036483cca28" executionId="9df92424-bd03-45ab-8596-43560627bb1c" testListId="8c84fa94-04c1-424b-9868-57a2d4851a1d" />
    <TestEntry testId="977031f0-4f30-8920-a6af-9529eb75db38" executionId="04c03fc1-839f-48f3-9cbb-4854ead0fc87" testListId="8c84fa94-04c1-424b-9868-57a2d4851a1d" />
    <TestEntry testId="85b8aa5c-f532-d7bf-fbde-60b971370c3c" executionId="9ca2bff4-e3cd-4439-8869-ec0a8441fd41" testListId="8c84fa94-04c1-424b-9868-57a2d4851a1d" />
    <TestEntry testId="143ebe12-551d-644f-a7ef-b500aa05a166" executionId="3b31c5f7-5a99-481b-8739-8721927c6e80" testListId="8c84fa94-04c1-424b-9868-57a2d4851a1d" />
    <TestEntry testId="cd92917b-0978-4279-7a62-627de9e535b7" executionId="7a2418d5-b362-414f-a8c7-f36ba3d89cb2" testListId="8c84fa94-04c1-424b-9868-57a2d4851a1d" />
    <TestEntry testId="7e649e6b-f936-e06c-9f3c-de715cfebbdc" executionId="d62140d2-8805-4f20-b929-b71387f7a131" testListId="8c84fa94-04c1-424b-9868-57a2d4851a1d" />
    <TestEntry testId="56fc2819-68a5-5eec-1fdf-7cf1746d388e" executionId="3d9539e0-870d-45a0-b32b-af2b1844c95b" testListId="8c84fa94-04c1-424b-9868-57a2d4851a1d" />
    <TestEntry testId="fa3f581a-6640-3396-9f5c-ec9b1f6c251b" executionId="b7b0aea5-7c6b-4226-bb7f-eace9d62efe8" testListId="8c84fa94-04c1-424b-9868-57a2d4851a1d" />
    <TestEntry testId="177dadbe-971c-991e-f0e2-1b60aec3ce78" executionId="bf6776f3-d2db-4dd9-b5fa-7d8646f42275" testListId="8c84fa94-04c1-424b-9868-57a2d4851a1d" />
    <TestEntry testId="ec076a45-9eef-98ff-2d0e-0dd0968a2f7a" executionId="bfacabbd-ab8f-4583-993e-20e7c54549f3" testListId="8c84fa94-04c1-424b-9868-57a2d4851a1d" />
    <TestEntry testId="af00d698-7dfc-ac53-cc27-2b38c42703a7" executionId="c3afa782-55db-4bf0-b8f1-2e01ac4dea4e" testListId="8c84fa94-04c1-424b-9868-57a2d4851a1d" />
    <TestEntry testId="9952a471-c38d-3479-6299-ee356c9874d0" executionId="29de8e2c-5a79-4535-bb4e-2d7bea431587" testListId="8c84fa94-04c1-424b-9868-57a2d4851a1d" />
    <TestEntry testId="4c49bf19-587a-e8fb-4b1f-3cf92e923fa2" executionId="0665f675-985b-4a47-a401-5741f09bbc19" testListId="8c84fa94-04c1-424b-9868-57a2d4851a1d" />
    <TestEntry testId="68b02e67-be76-c80a-a3fa-75f3ef460bbf" executionId="43bd18bf-d585-4819-97de-05abc330497c" testListId="8c84fa94-04c1-424b-9868-57a2d4851a1d" />
    <TestEntry testId="f9296ab5-f9be-fe2f-a9d2-d8fa86cc2db7" executionId="95b1d117-027f-492f-b9cb-7c901148be96" testListId="8c84fa94-04c1-424b-9868-57a2d4851a1d" />
    <TestEntry testId="f9f67fb3-54f9-f381-f954-25d4945f712b" executionId="59c0ee11-7a04-48f5-993b-ad292a07f8d0" testListId="8c84fa94-04c1-424b-9868-57a2d4851a1d" />
    <TestEntry testId="3e0f0fcf-3447-1fb2-f764-c14a8adf0ee5" executionId="10e2280d-320e-4d10-8a35-80d0161a5573" testListId="8c84fa94-04c1-424b-9868-57a2d4851a1d" />
    <TestEntry testId="698863a7-2bf6-db1d-ce6e-dcc042eb1a71" executionId="e0c5cbfc-1360-4dcf-a761-29dd1ca8d4f7" testListId="8c84fa94-04c1-424b-9868-57a2d4851a1d" />
    <TestEntry testId="75dee691-01a1-7612-9cd9-3af2847e0f04" executionId="84fd41b3-376e-413f-827a-53e6a8e345f5" testListId="8c84fa94-04c1-424b-9868-57a2d4851a1d" />
    <TestEntry testId="84f36409-6db5-a04d-791e-404283910100" executionId="80b752d4-1ebe-48d2-b75c-86c82c625951" testListId="8c84fa94-04c1-424b-9868-57a2d4851a1d" />
    <TestEntry testId="915e4c67-9e87-3f4f-b630-68e43b378729" executionId="ff233545-fe88-441a-88f8-fa3b3857abeb" testListId="8c84fa94-04c1-424b-9868-57a2d4851a1d" />
    <TestEntry testId="da53268b-2658-f64d-9547-fb374cb3b191" executionId="0d662268-951f-4484-bdf1-502d3330d51f" testListId="8c84fa94-04c1-424b-9868-57a2d4851a1d" />
    <TestEntry testId="d11163c3-e2b7-6ca8-aea1-1ee41784c4ff" executionId="258284c0-6bc6-4bfe-bead-b73b29be18d8" testListId="8c84fa94-04c1-424b-9868-57a2d4851a1d" />
    <TestEntry testId="1a05a060-550f-7cf3-3f20-966a9dec51a4" executionId="b7d1d2bf-e652-4d81-a8eb-7c91b5ca7844" testListId="8c84fa94-04c1-424b-9868-57a2d4851a1d" />
    <TestEntry testId="445ebcac-6269-60ac-2726-4de866c9edae" executionId="d05de9d2-ce58-4f36-9c9a-44d7d848af82" testListId="8c84fa94-04c1-424b-9868-57a2d4851a1d" />
    <TestEntry testId="379775fa-51b5-8ef2-8527-d3db11e8877d" executionId="82b99f65-f2af-4aec-a0aa-10642addbc7a" testListId="8c84fa94-04c1-424b-9868-57a2d4851a1d" />
    <TestEntry testId="b0bc82d5-d85a-2ca3-b33f-81882378541d" executionId="4913aca6-28a2-47ce-905c-799f3e5a2ec9" testListId="8c84fa94-04c1-424b-9868-57a2d4851a1d" />
    <TestEntry testId="b7661ff0-d3a0-4e12-30dd-420295d9a462" executionId="79d2e26d-d5ee-4911-a598-6b0db61de52c" testListId="8c84fa94-04c1-424b-9868-57a2d4851a1d" />
    <TestEntry testId="312d1c4a-cafc-5ca2-cbaf-baed1eefb821" executionId="09fc4a10-49d4-47fc-b9dc-96bb81d7fa93" testListId="8c84fa94-04c1-424b-9868-57a2d4851a1d" />
    <TestEntry testId="99b52f4c-57c0-f646-9f98-8fd1f4e91872" executionId="d3142945-8ca9-468e-aeec-c9f9e26bd193" testListId="8c84fa94-04c1-424b-9868-57a2d4851a1d" />
    <TestEntry testId="588de38a-bcfb-46f6-24ea-34c645f4b000" executionId="c596f5aa-fad2-4309-8dec-0aa393803040" testListId="8c84fa94-04c1-424b-9868-57a2d4851a1d" />
    <TestEntry testId="22e51792-6d51-e663-ff69-f58040df18f8" executionId="14a2e191-3a8e-4e93-977c-efa0cde39efb" testListId="8c84fa94-04c1-424b-9868-57a2d4851a1d" />
    <TestEntry testId="db241442-52af-406c-5586-06cb2fd718a0" executionId="28875c51-95d1-4685-b8d1-50d49ee7b08c" testListId="8c84fa94-04c1-424b-9868-57a2d4851a1d" />
    <TestEntry testId="4b6ba120-1b86-3793-4e63-5c28c1fbd19d" executionId="472ebc90-94b7-469a-8a2c-77630d9eb385" testListId="8c84fa94-04c1-424b-9868-57a2d4851a1d" />
    <TestEntry testId="009a98a5-858a-3d99-3e5e-47a8cd3bd507" executionId="af49e246-fdb7-48de-80ec-edc55b9f5792" testListId="8c84fa94-04c1-424b-9868-57a2d4851a1d" />
  </TestEntries>
  <TestLists>
    <TestList name="Results Not in a List" id="8c84fa94-04c1-424b-9868-57a2d4851a1d" />
    <TestList name="All Loaded Results" id="19431567-8539-422a-85d7-44ee4e166bda" />
  </TestLists>
  <ResultSummary outcome="Failed">
    <Counters total="200" executed="200" passed="199" failed="1" error="0" timeout="0" aborted="0" inconclusive="0" passedButRunAborted="0" notRunnable="0" notExecuted="0" disconnected="0" warning="0" completed="0" inProgress="0" pending="0" />
    <Output>
      <StdOut>[xUnit.net 00:00:00.00] xUnit.net VSTest Adapter v2.8.2+699d445a1a (64-bit .NET 10.0.3)&#xD;
[xUnit.net 00:00:00.04]   Discovering: ReactiveUITK.SourceGenerator.Tests&#xD;
[xUnit.net 00:00:00.07]   Discovered:  ReactiveUITK.SourceGenerator.Tests&#xD;
[xUnit.net 00:00:00.07]   Starting:    ReactiveUITK.SourceGenerator.Tests&#xD;
[xUnit.net 00:00:00.15]       Assert.Equal() Failure: Strings differ&#xD;
[xUnit.net 00:00:00.15]                                          ↓ (pos 119)&#xD;
[xUnit.net 00:00:00.15]       Expected: ···"dEffectDemoFunc {\n    var (commitCount, s"···&#xD;
[xUnit.net 00:00:00.15]       Actual:   ···"dEffectDemoFunc {\n  var (commitCount, set"···&#xD;
[xUnit.net 00:00:00.15]                                          ↑ (pos 119)&#xD;
[xUnit.net 00:00:00.15]       Stack Trace:&#xD;
[xUnit.net 00:00:00.15]         C:\Yanivs\GameDev\UnityComponents\Assets\ReactiveUIToolKit\SourceGenerator~\Tests\FormatterSnapshotTests.cs(102,0): at ReactiveUITK.SourceGenerator.Tests.FormatterSnapshotTests.Idempotency_SampleFile_IsUnchanged(String filePath, String relativePath)&#xD;
[xUnit.net 00:00:00.15]            at InvokeStub_FormatterSnapshotTests.Idempotency_SampleFile_IsUnchanged(Object, Span`1)&#xD;
[xUnit.net 00:00:00.15]            at System.Reflection.MethodBaseInvoker.InvokeWithFewArgs(Object obj, BindingFlags invokeAttr, Binder binder, Object[] parameters, CultureInfo culture)&#xD;
[xUnit.net 00:00:00.73]   Finished:    ReactiveUITK.SourceGenerator.Tests&#xD;
</StdOut>
    </Output>
    <RunInfos>
      <RunInfo computerName="DESKTOP-CFTHQRQ" outcome="Error" timestamp="2026-03-12T01:10:09.8464750+02:00">
        <Text>[xUnit.net 00:00:00.15]     ReactiveUITK.SourceGenerator.Tests.FormatterSnapshotTests.Idempotency_SampleFile_IsUnchanged(filePath: "C:\\Yanivs\\GameDev\\UnityComponents\\Assets\\Reac"···, relativePath: "Components\\DeferredEffectDemoFunc\\DeferredEffect"···) [FAIL]</Text>
      </RunInfo>
    </RunInfos>
  </ResultSummary>
</TestRun>